[2.281s] Invoking command in '/home/akariros/Akari_ros2_humble/m5_server': PYTHONPATH=/home/akariros/Akari_ros2_humble/build/m5_server/prefix_override:/home/akariros/Akari_ros2_humble/install/m5_server/lib/python3.10/site-packages:${PYTHONPATH} /usr/bin/python3 setup.py egg_info --egg-base ../build/m5_server build --build-base /home/akariros/Akari_ros2_humble/build/m5_server/build install --record /home/akariros/Akari_ros2_humble/build/m5_server/install.log --single-version-externally-managed
[2.912s] running egg_info
[2.913s] creating ../build/m5_server/m5_server.egg-info
[2.914s] writing ../build/m5_server/m5_server.egg-info/PKG-INFO
[2.914s] writing dependency_links to ../build/m5_server/m5_server.egg-info/dependency_links.txt
[2.915s] writing entry points to ../build/m5_server/m5_server.egg-info/entry_points.txt
[2.915s] writing requirements to ../build/m5_server/m5_server.egg-info/requires.txt
[2.915s] writing top-level names to ../build/m5_server/m5_server.egg-info/top_level.txt
[2.916s] writing manifest file '../build/m5_server/m5_server.egg-info/SOURCES.txt'
[2.921s] reading manifest file '../build/m5_server/m5_server.egg-info/SOURCES.txt'
[2.922s] writing manifest file '../build/m5_server/m5_server.egg-info/SOURCES.txt'
[2.923s] running build
[2.923s] running build_py
[2.923s] creating /home/akariros/Akari_ros2_humble/build/m5_server/build
[2.924s] creating /home/akariros/Akari_ros2_humble/build/m5_server/build/lib
[2.924s] creating /home/akariros/Akari_ros2_humble/build/m5_server/build/lib/m5_server
[2.924s] copying m5_server/__init__.py -> /home/akariros/Akari_ros2_humble/build/m5_server/build/lib/m5_server
[2.924s] copying m5_server/m5_server.py -> /home/akariros/Akari_ros2_humble/build/m5_server/build/lib/m5_server
[2.925s] running install
[2.925s] /usr/lib/python3/dist-packages/setuptools/command/install.py:34: SetuptoolsDeprecationWarning: setup.py install is deprecated. Use build and pip and other standards-based tools.
[2.926s]   warnings.warn(
[2.926s] running install_lib
[2.932s] creating /home/akariros/Akari_ros2_humble/install/m5_server/lib/python3.10/site-packages/m5_server
[2.932s] copying /home/akariros/Akari_ros2_humble/build/m5_server/build/lib/m5_server/__init__.py -> /home/akariros/Akari_ros2_humble/install/m5_server/lib/python3.10/site-packages/m5_server
[2.933s] copying /home/akariros/Akari_ros2_humble/build/m5_server/build/lib/m5_server/m5_server.py -> /home/akariros/Akari_ros2_humble/install/m5_server/lib/python3.10/site-packages/m5_server
[2.933s] byte-compiling /home/akariros/Akari_ros2_humble/install/m5_server/lib/python3.10/site-packages/m5_server/__init__.py to __init__.cpython-310.pyc
[2.937s] byte-compiling /home/akariros/Akari_ros2_humble/install/m5_server/lib/python3.10/site-packages/m5_server/m5_server.py to m5_server.cpython-310.pyc
[2.938s] running install_data
[2.940s] creating /home/akariros/Akari_ros2_humble/install/m5_server/share/ament_index
[2.940s] creating /home/akariros/Akari_ros2_humble/install/m5_server/share/ament_index/resource_index
[2.949s] creating /home/akariros/Akari_ros2_humble/install/m5_server/share/ament_index/resource_index/packages
[2.949s] copying resource/m5_server -> /home/akariros/Akari_ros2_humble/install/m5_server/share/ament_index/resource_index/packages
[2.949s] copying package.xml -> /home/akariros/Akari_ros2_humble/install/m5_server/share/m5_server
[2.950s] creating /home/akariros/Akari_ros2_humble/install/m5_server/share/m5_server/launch
[2.950s] running install_egg_info
[2.950s] Copying ../build/m5_server/m5_server.egg-info to /home/akariros/Akari_ros2_humble/install/m5_server/lib/python3.10/site-packages/m5_server-0.0.0-py3.10.egg-info
[2.950s] running install_scripts
[2.992s] Installing m5_server script to /home/akariros/Akari_ros2_humble/install/m5_server/lib/m5_server
[2.992s] writing list of installed files to '/home/akariros/Akari_ros2_humble/build/m5_server/install.log'
[3.063s] Invoked command in '/home/akariros/Akari_ros2_humble/m5_server' returned '0': PYTHONPATH=/home/akariros/Akari_ros2_humble/build/m5_server/prefix_override:/home/akariros/Akari_ros2_humble/install/m5_server/lib/python3.10/site-packages:${PYTHONPATH} /usr/bin/python3 setup.py egg_info --egg-base ../build/m5_server build --build-base /home/akariros/Akari_ros2_humble/build/m5_server/build install --record /home/akariros/Akari_ros2_humble/build/m5_server/install.log --single-version-externally-managed
