[3.157s] Invoking command in '/home/akariros/Akari_ros2_humble/akari_client_example': PYTHONPATH=/home/akariros/Akari_ros2_humble/build/akari_client_example/prefix_override:/home/akariros/Akari_ros2_humble/install/akari_client_example/lib/python3.10/site-packages:${PYTHONPATH} /usr/bin/python3 setup.py egg_info --egg-base ../build/akari_client_example build --build-base /home/akariros/Akari_ros2_humble/build/akari_client_example/build install --record /home/akariros/Akari_ros2_humble/build/akari_client_example/install.log --single-version-externally-managed
[3.877s] running egg_info
[3.879s] writing ../build/akari_client_example/akari_client_example.egg-info/PKG-INFO
[3.880s] writing dependency_links to ../build/akari_client_example/akari_client_example.egg-info/dependency_links.txt
[3.881s] writing entry points to ../build/akari_client_example/akari_client_example.egg-info/entry_points.txt
[3.881s] writing requirements to ../build/akari_client_example/akari_client_example.egg-info/requires.txt
[3.881s] writing top-level names to ../build/akari_client_example/akari_client_example.egg-info/top_level.txt
[3.886s] reading manifest file '../build/akari_client_example/akari_client_example.egg-info/SOURCES.txt'
[3.890s] writing manifest file '../build/akari_client_example/akari_client_example.egg-info/SOURCES.txt'
[3.890s] running build
[3.890s] running build_py
[3.891s] copying akari_client_example/display_color.py -> /home/akariros/Akari_ros2_humble/build/akari_client_example/build/lib/akari_client_example
[3.894s] running install
[3.894s] /usr/lib/python3/dist-packages/setuptools/command/install.py:34: SetuptoolsDeprecationWarning: setup.py install is deprecated. Use build and pip and other standards-based tools.
[3.894s]   warnings.warn(
[3.895s] running install_lib
[3.898s] copying /home/akariros/Akari_ros2_humble/build/akari_client_example/build/lib/akari_client_example/display_color.py -> /home/akariros/Akari_ros2_humble/install/akari_client_example/lib/python3.10/site-packages/akari_client_example
[3.903s] byte-compiling /home/akariros/Akari_ros2_humble/install/akari_client_example/lib/python3.10/site-packages/akari_client_example/display_color.py to display_color.cpython-310.pyc
[3.904s] running install_data
[3.906s] running install_egg_info
[3.911s] removing '/home/akariros/Akari_ros2_humble/install/akari_client_example/lib/python3.10/site-packages/akari_client_example-0.0.0-py3.10.egg-info' (and everything under it)
[3.912s] Copying ../build/akari_client_example/akari_client_example.egg-info to /home/akariros/Akari_ros2_humble/install/akari_client_example/lib/python3.10/site-packages/akari_client_example-0.0.0-py3.10.egg-info
[3.914s] running install_scripts
[3.988s] Installing display_color script to /home/akariros/Akari_ros2_humble/install/akari_client_example/lib/akari_client_example
[3.989s] Installing display_image script to /home/akariros/Akari_ros2_humble/install/akari_client_example/lib/akari_client_example
[3.989s] Installing display_reset script to /home/akariros/Akari_ros2_humble/install/akari_client_example/lib/akari_client_example
[3.990s] Installing display_text script to /home/akariros/Akari_ros2_humble/install/akari_client_example/lib/akari_client_example
[3.990s] Installing m5publisher script to /home/akariros/Akari_ros2_humble/install/akari_client_example/lib/akari_client_example
[3.990s] Installing move_joints_action_client script to /home/akariros/Akari_ros2_humble/install/akari_client_example/lib/akari_client_example
[3.990s] Installing reset_allout script to /home/akariros/Akari_ros2_humble/install/akari_client_example/lib/akari_client_example
[3.991s] Installing servo_acc_set_client script to /home/akariros/Akari_ros2_humble/install/akari_client_example/lib/akari_client_example
[3.991s] Installing servo_enable_set_client script to /home/akariros/Akari_ros2_humble/install/akari_client_example/lib/akari_client_example
[3.991s] Installing servo_vel_set_client script to /home/akariros/Akari_ros2_humble/install/akari_client_example/lib/akari_client_example
[3.991s] Installing set_allout script to /home/akariros/Akari_ros2_humble/install/akari_client_example/lib/akari_client_example
[3.992s] Installing set_dout script to /home/akariros/Akari_ros2_humble/install/akari_client_example/lib/akari_client_example
[3.992s] Installing set_pwmout script to /home/akariros/Akari_ros2_humble/install/akari_client_example/lib/akari_client_example
[3.996s] writing list of installed files to '/home/akariros/Akari_ros2_humble/build/akari_client_example/install.log'
[4.078s] Invoked command in '/home/akariros/Akari_ros2_humble/akari_client_example' returned '0': PYTHONPATH=/home/akariros/Akari_ros2_humble/build/akari_client_example/prefix_override:/home/akariros/Akari_ros2_humble/install/akari_client_example/lib/python3.10/site-packages:${PYTHONPATH} /usr/bin/python3 setup.py egg_info --egg-base ../build/akari_client_example build --build-base /home/akariros/Akari_ros2_humble/build/akari_client_example/build install --record /home/akariros/Akari_ros2_humble/build/akari_client_example/install.log --single-version-externally-managed
