[0.078s] Invoking command in '/home/akariros/Akari_ros2_humble/build/akari_msgs': CMAKE_PREFIX_PATH=/opt/ros/humble /usr/bin/cmake /home/akariros/Akari_ros2_humble/akari_msgs -DCMAKE_INSTALL_PREFIX=/home/akariros/Akari_ros2_humble/install/akari_msgs
[0.955s] -- The C compiler identification is GNU 11.3.0
[0.956s] -- The CXX compiler identification is GNU 11.3.0
[0.956s] -- Detecting C compiler ABI info
[0.957s] -- Detecting C compiler ABI info - done
[0.957s] -- Check for working C compiler: /usr/bin/cc - skipped
[0.957s] -- Detecting C compile features
[0.957s] -- Detecting C compile features - done
[0.957s] -- Detecting CXX compiler ABI info
[0.957s] -- Detecting CXX compiler ABI info - done
[0.958s] -- Check for working CXX compiler: /usr/bin/c++ - skipped
[0.958s] -- Detecting CXX compile features
[0.958s] -- Detecting CXX compile features - done
[0.958s] -- Found ament_cmake: 1.3.4 (/opt/ros/humble/share/ament_cmake/cmake)
[1.140s] -- Found Python3: /usr/bin/python3.10 (found version "3.10.6") found components: Interpreter 
[1.313s] -- Found geometry_msgs: 4.2.3 (/opt/ros/humble/share/geometry_msgs/cmake)
[1.415s] -- Found rosidl_generator_c: 3.1.4 (/opt/ros/humble/share/rosidl_generator_c/cmake)
[1.428s] -- Found rosidl_adapter: 3.1.4 (/opt/ros/humble/share/rosidl_adapter/cmake)
[1.458s] -- Found rosidl_generator_cpp: 3.1.4 (/opt/ros/humble/share/rosidl_generator_cpp/cmake)
[1.505s] -- Using all available rosidl_typesupport_c: rosidl_typesupport_fastrtps_c;rosidl_typesupport_introspection_c
[1.567s] -- Using all available rosidl_typesupport_cpp: rosidl_typesupport_fastrtps_cpp;rosidl_typesupport_introspection_cpp
[1.996s] -- Found rclpy: 3.3.8 (/opt/ros/humble/share/rclpy/cmake)
[2.000s] -- Found rosidl_default_generators: 1.2.0 (/opt/ros/humble/share/rosidl_default_generators/cmake)
[3.225s] -- Found ament_cmake_ros: 0.10.0 (/opt/ros/humble/share/ament_cmake_ros/cmake)
[3.993s] -- Using all available rosidl_typesupport_c: rosidl_typesupport_fastrtps_c;rosidl_typesupport_introspection_c
[4.309s] -- Using all available rosidl_typesupport_cpp: rosidl_typesupport_fastrtps_cpp;rosidl_typesupport_introspection_cpp
[4.364s] -- Found PythonInterp: /usr/bin/python3 (found suitable version "3.10.6", minimum required is "3.6") 
[4.369s] -- Found python_cmake_module: 0.10.0 (/opt/ros/humble/share/python_cmake_module/cmake)
[4.408s] -- Found PythonLibs: /usr/lib/x86_64-linux-gnu/libpython3.10.so (found suitable version "3.10.6", minimum required is "3.5") 
[4.408s] -- Using PYTHON_EXECUTABLE: /usr/bin/python3
[4.408s] -- Using PYTHON_INCLUDE_DIRS: /usr/include/python3.10
[4.408s] -- Using PYTHON_LIBRARIES: /usr/lib/x86_64-linux-gnu/libpython3.10.so
[4.437s] -- Found PythonExtra: .so  
[4.573s] -- Found ament_lint_auto: 0.12.6 (/opt/ros/humble/share/ament_lint_auto/cmake)
[4.673s] -- Added test 'lint_cmake' to check CMake code style
[4.675s] -- Added test 'xmllint' to check XML markup files
[4.680s] -- Configuring done
[4.753s] -- Generating done
[4.756s] -- Build files have been written to: /home/akariros/Akari_ros2_humble/build/akari_msgs
[4.771s] Invoked command in '/home/akariros/Akari_ros2_humble/build/akari_msgs' returned '0': CMAKE_PREFIX_PATH=/opt/ros/humble /usr/bin/cmake /home/akariros/Akari_ros2_humble/akari_msgs -DCMAKE_INSTALL_PREFIX=/home/akariros/Akari_ros2_humble/install/akari_msgs
[4.774s] Invoking command in '/home/akariros/Akari_ros2_humble/build/akari_msgs': CMAKE_PREFIX_PATH=/opt/ros/humble /usr/bin/cmake --build /home/akariros/Akari_ros2_humble/build/akari_msgs -- -j4 -l4
[4.833s] [  1%] [34m[1mGenerating C code for ROS interfaces[0m
[4.852s] [  2%] [34m[1mGenerating C++ code for ROS interfaces[0m
[4.865s] [  2%] Built target ament_cmake_python_copy_akari_msgs
[5.365s] running egg_info
[5.366s] creating akari_msgs.egg-info
[5.367s] writing akari_msgs.egg-info/PKG-INFO
[5.367s] writing dependency_links to akari_msgs.egg-info/dependency_links.txt
[5.367s] writing top-level names to akari_msgs.egg-info/top_level.txt
[5.368s] writing manifest file 'akari_msgs.egg-info/SOURCES.txt'
[5.371s] reading manifest file 'akari_msgs.egg-info/SOURCES.txt'
[5.372s] writing manifest file 'akari_msgs.egg-info/SOURCES.txt'
[5.412s] [  2%] Built target ament_cmake_python_build_akari_msgs_egg
[7.215s] [  2%] Built target akari_msgs__cpp
[7.235s] [  3%] [34m[1mGenerating C++ type support for eProsima Fast-RTPS[0m
[7.235s] [  4%] [34m[1mGenerating C++ type support dispatch for ROS interfaces[0m
[7.236s] [  5%] [34m[1mGenerating C++ introspection for ROS interfaces[0m
[7.893s] [  6%] [32mBuilding C object CMakeFiles/akari_msgs__rosidl_generator_c.dir/rosidl_generator_c/akari_msgs/srv/detail/set_allout__functions.c.o[0m
[8.081s] [  7%] [32mBuilding C object CMakeFiles/akari_msgs__rosidl_generator_c.dir/rosidl_generator_c/akari_msgs/srv/detail/set_display_color__functions.c.o[0m
[8.214s] [  8%] [32mBuilding C object CMakeFiles/akari_msgs__rosidl_generator_c.dir/rosidl_generator_c/akari_msgs/srv/detail/set_display_image__functions.c.o[0m
[8.363s] [  9%] [32mBuilding C object CMakeFiles/akari_msgs__rosidl_generator_c.dir/rosidl_generator_c/akari_msgs/srv/detail/set_display_text__functions.c.o[0m
[8.505s] [ 10%] [32mBuilding C object CMakeFiles/akari_msgs__rosidl_generator_c.dir/rosidl_generator_c/akari_msgs/srv/detail/set_dout__functions.c.o[0m
[8.637s] [ 11%] [32mBuilding C object CMakeFiles/akari_msgs__rosidl_generator_c.dir/rosidl_generator_c/akari_msgs/srv/detail/set_pwmout__functions.c.o[0m
[8.771s] [ 12%] [32mBuilding C object CMakeFiles/akari_msgs__rosidl_generator_c.dir/rosidl_generator_c/akari_msgs/srv/detail/trigger__functions.c.o[0m
[8.901s] [ 13%] [32mBuilding C object CMakeFiles/akari_msgs__rosidl_generator_c.dir/rosidl_generator_c/akari_msgs/msg/detail/m5__functions.c.o[0m
[9.061s] [ 14%] [32mBuilding C object CMakeFiles/akari_msgs__rosidl_generator_c.dir/rosidl_generator_c/akari_msgs/action/detail/move_joint__functions.c.o[0m
[9.068s] [ 15%] [32mBuilding CXX object CMakeFiles/akari_msgs__rosidl_typesupport_cpp.dir/rosidl_typesupport_cpp/akari_msgs/srv/set_allout__type_support.cpp.o[0m
[9.350s] [ 16%] [32m[1mLinking C shared library libakari_msgs__rosidl_generator_c.so[0m
[9.438s] [ 16%] Built target akari_msgs__rosidl_generator_c
[9.454s] [ 17%] [32mBuilding CXX object CMakeFiles/akari_msgs__rosidl_typesupport_cpp.dir/rosidl_typesupport_cpp/akari_msgs/srv/set_display_color__type_support.cpp.o[0m
[9.596s] [ 18%] [32mBuilding CXX object CMakeFiles/akari_msgs__rosidl_typesupport_introspection_cpp.dir/rosidl_typesupport_introspection_cpp/akari_msgs/srv/detail/set_allout__type_support.cpp.o[0m
[9.862s] [ 20%] [32mBuilding CXX object CMakeFiles/akari_msgs__rosidl_typesupport_introspection_cpp.dir/rosidl_typesupport_introspection_cpp/akari_msgs/srv/detail/set_display_color__type_support.cpp.o[0m
[10.089s] [ 21%] [32mBuilding CXX object CMakeFiles/akari_msgs__rosidl_typesupport_cpp.dir/rosidl_typesupport_cpp/akari_msgs/srv/set_display_image__type_support.cpp.o[0m
[10.171s] [ 22%] [32mBuilding CXX object CMakeFiles/akari_msgs__rosidl_typesupport_fastrtps_cpp.dir/rosidl_typesupport_fastrtps_cpp/akari_msgs/srv/detail/dds_fastrtps/set_allout__type_support.cpp.o[0m
[10.509s] [ 23%] [32mBuilding CXX object CMakeFiles/akari_msgs__rosidl_typesupport_introspection_cpp.dir/rosidl_typesupport_introspection_cpp/akari_msgs/srv/detail/set_display_image__type_support.cpp.o[0m
[10.713s] [ 24%] [32mBuilding CXX object CMakeFiles/akari_msgs__rosidl_typesupport_cpp.dir/rosidl_typesupport_cpp/akari_msgs/srv/set_display_text__type_support.cpp.o[0m
[10.863s] [ 25%] [32mBuilding CXX object CMakeFiles/akari_msgs__rosidl_typesupport_introspection_cpp.dir/rosidl_typesupport_introspection_cpp/akari_msgs/srv/detail/set_display_text__type_support.cpp.o[0m
[11.191s] [ 26%] [32mBuilding CXX object CMakeFiles/akari_msgs__rosidl_typesupport_fastrtps_cpp.dir/rosidl_typesupport_fastrtps_cpp/akari_msgs/srv/detail/dds_fastrtps/set_display_color__type_support.cpp.o[0m
[11.337s] [ 27%] [32mBuilding CXX object CMakeFiles/akari_msgs__rosidl_typesupport_cpp.dir/rosidl_typesupport_cpp/akari_msgs/srv/set_dout__type_support.cpp.o[0m
[11.457s] [ 28%] [32mBuilding CXX object CMakeFiles/akari_msgs__rosidl_typesupport_introspection_cpp.dir/rosidl_typesupport_introspection_cpp/akari_msgs/srv/detail/set_dout__type_support.cpp.o[0m
[11.762s] [ 29%] [32mBuilding CXX object CMakeFiles/akari_msgs__rosidl_typesupport_introspection_cpp.dir/rosidl_typesupport_introspection_cpp/akari_msgs/srv/detail/set_pwmout__type_support.cpp.o[0m
[11.985s] [ 30%] [32mBuilding CXX object CMakeFiles/akari_msgs__rosidl_typesupport_cpp.dir/rosidl_typesupport_cpp/akari_msgs/srv/set_pwmout__type_support.cpp.o[0m
[12.257s] [ 31%] [32mBuilding CXX object CMakeFiles/akari_msgs__rosidl_typesupport_fastrtps_cpp.dir/rosidl_typesupport_fastrtps_cpp/akari_msgs/srv/detail/dds_fastrtps/set_display_image__type_support.cpp.o[0m
[12.353s] [ 32%] [32mBuilding CXX object CMakeFiles/akari_msgs__rosidl_typesupport_introspection_cpp.dir/rosidl_typesupport_introspection_cpp/akari_msgs/srv/detail/trigger__type_support.cpp.o[0m
[12.642s] [ 33%] [32mBuilding CXX object CMakeFiles/akari_msgs__rosidl_typesupport_cpp.dir/rosidl_typesupport_cpp/akari_msgs/srv/trigger__type_support.cpp.o[0m
[12.649s] [ 34%] [32mBuilding CXX object CMakeFiles/akari_msgs__rosidl_typesupport_introspection_cpp.dir/rosidl_typesupport_introspection_cpp/akari_msgs/msg/detail/m5__type_support.cpp.o[0m
[13.199s] [ 35%] [32mBuilding CXX object CMakeFiles/akari_msgs__rosidl_typesupport_fastrtps_cpp.dir/rosidl_typesupport_fastrtps_cpp/akari_msgs/srv/detail/dds_fastrtps/set_display_text__type_support.cpp.o[0m
[13.268s] [ 36%] [32mBuilding CXX object CMakeFiles/akari_msgs__rosidl_typesupport_introspection_cpp.dir/rosidl_typesupport_introspection_cpp/akari_msgs/action/detail/move_joint__type_support.cpp.o[0m
[13.278s] [ 37%] [32mBuilding CXX object CMakeFiles/akari_msgs__rosidl_typesupport_cpp.dir/rosidl_typesupport_cpp/akari_msgs/msg/m5__type_support.cpp.o[0m
[13.580s] [ 38%] [32mBuilding CXX object CMakeFiles/akari_msgs__rosidl_typesupport_cpp.dir/rosidl_typesupport_cpp/akari_msgs/action/move_joint__type_support.cpp.o[0m
[13.905s] [ 40%] [32mBuilding CXX object CMakeFiles/akari_msgs__rosidl_typesupport_fastrtps_cpp.dir/rosidl_typesupport_fastrtps_cpp/akari_msgs/srv/detail/dds_fastrtps/set_dout__type_support.cpp.o[0m
[14.156s] [ 41%] [32mBuilding CXX object CMakeFiles/akari_msgs__rosidl_typesupport_fastrtps_cpp.dir/rosidl_typesupport_fastrtps_cpp/akari_msgs/srv/detail/dds_fastrtps/set_pwmout__type_support.cpp.o[0m
[14.668s] [ 42%] [32m[1mLinking CXX shared library libakari_msgs__rosidl_typesupport_cpp.so[0m
[14.698s] [ 43%] [32m[1mLinking CXX shared library libakari_msgs__rosidl_typesupport_introspection_cpp.so[0m
[14.769s] [ 43%] Built target akari_msgs__rosidl_typesupport_cpp
[14.791s] [ 44%] [34m[1mGenerating C type support for eProsima Fast-RTPS[0m
[14.860s] [ 45%] [32mBuilding CXX object CMakeFiles/akari_msgs__rosidl_typesupport_fastrtps_cpp.dir/rosidl_typesupport_fastrtps_cpp/akari_msgs/srv/detail/dds_fastrtps/trigger__type_support.cpp.o[0m
[14.888s] [ 45%] Built target akari_msgs__rosidl_typesupport_introspection_cpp
[14.908s] [ 46%] [34m[1mGenerating C introspection for ROS interfaces[0m
[15.105s] [ 47%] [32mBuilding CXX object CMakeFiles/akari_msgs__rosidl_typesupport_fastrtps_cpp.dir/rosidl_typesupport_fastrtps_cpp/akari_msgs/msg/detail/dds_fastrtps/m5__type_support.cpp.o[0m
[15.790s] [ 48%] [32mBuilding CXX object CMakeFiles/akari_msgs__rosidl_typesupport_fastrtps_cpp.dir/rosidl_typesupport_fastrtps_cpp/akari_msgs/action/detail/dds_fastrtps/move_joint__type_support.cpp.o[0m
[16.018s] [ 49%] [34m[1mGenerating C type support dispatch for ROS interfaces[0m
[17.036s] [ 50%] [32m[1mLinking CXX shared library libakari_msgs__rosidl_typesupport_fastrtps_cpp.so[0m
[17.226s] [ 50%] Built target akari_msgs__rosidl_typesupport_fastrtps_cpp
[17.366s] [ 51%] [32mBuilding C object CMakeFiles/akari_msgs__rosidl_typesupport_introspection_c.dir/rosidl_typesupport_introspection_c/akari_msgs/srv/detail/set_allout__type_support.c.o[0m
[17.464s] [ 53%] [32mBuilding C object CMakeFiles/akari_msgs__rosidl_typesupport_introspection_c.dir/rosidl_typesupport_introspection_c/akari_msgs/srv/detail/set_display_image__type_support.c.o[0m
[17.464s] [ 53%] [32mBuilding C object CMakeFiles/akari_msgs__rosidl_typesupport_introspection_c.dir/rosidl_typesupport_introspection_c/akari_msgs/srv/detail/set_display_color__type_support.c.o[0m
[17.494s] [ 54%] [32mBuilding CXX object CMakeFiles/akari_msgs__rosidl_typesupport_fastrtps_c.dir/rosidl_typesupport_fastrtps_c/akari_msgs/srv/detail/set_allout__type_support_c.cpp.o[0m
[17.563s] [ 56%] [32mBuilding C object CMakeFiles/akari_msgs__rosidl_typesupport_introspection_c.dir/rosidl_typesupport_introspection_c/akari_msgs/srv/detail/set_display_text__type_support.c.o[0m
[17.563s] [ 56%] [32mBuilding C object CMakeFiles/akari_msgs__rosidl_typesupport_introspection_c.dir/rosidl_typesupport_introspection_c/akari_msgs/srv/detail/set_dout__type_support.c.o[0m
[17.666s] [ 58%] [32mBuilding CXX object CMakeFiles/akari_msgs__rosidl_typesupport_fastrtps_c.dir/rosidl_typesupport_fastrtps_c/akari_msgs/srv/detail/set_display_color__type_support_c.cpp.o[0m
[17.666s] [ 58%] [32mBuilding C object CMakeFiles/akari_msgs__rosidl_typesupport_introspection_c.dir/rosidl_typesupport_introspection_c/akari_msgs/srv/detail/set_pwmout__type_support.c.o[0m
[17.769s] [ 60%] [32mBuilding C object CMakeFiles/akari_msgs__rosidl_typesupport_introspection_c.dir/rosidl_typesupport_introspection_c/akari_msgs/srv/detail/trigger__type_support.c.o[0m
[17.854s] [ 61%] [32mBuilding CXX object CMakeFiles/akari_msgs__rosidl_typesupport_c.dir/rosidl_typesupport_c/akari_msgs/srv/set_allout__type_support.cpp.o[0m
[17.870s] [ 62%] [32mBuilding C object CMakeFiles/akari_msgs__rosidl_typesupport_introspection_c.dir/rosidl_typesupport_introspection_c/akari_msgs/msg/detail/m5__type_support.c.o[0m
[17.923s] [ 63%] [32mBuilding CXX object CMakeFiles/akari_msgs__rosidl_typesupport_c.dir/rosidl_typesupport_c/akari_msgs/srv/set_display_color__type_support.cpp.o[0m
[17.958s] [ 64%] [32mBuilding C object CMakeFiles/akari_msgs__rosidl_typesupport_introspection_c.dir/rosidl_typesupport_introspection_c/akari_msgs/action/detail/move_joint__type_support.c.o[0m
[17.990s] [ 65%] [32mBuilding CXX object CMakeFiles/akari_msgs__rosidl_typesupport_c.dir/rosidl_typesupport_c/akari_msgs/srv/set_display_image__type_support.cpp.o[0m
[18.059s] [ 66%] [32mBuilding CXX object CMakeFiles/akari_msgs__rosidl_typesupport_c.dir/rosidl_typesupport_c/akari_msgs/srv/set_display_text__type_support.cpp.o[0m
[18.075s] [ 67%] [32m[1mLinking C shared library libakari_msgs__rosidl_typesupport_introspection_c.so[0m
[18.131s] [ 68%] [32mBuilding CXX object CMakeFiles/akari_msgs__rosidl_typesupport_c.dir/rosidl_typesupport_c/akari_msgs/srv/set_dout__type_support.cpp.o[0m
[18.155s] [ 68%] Built target akari_msgs__rosidl_typesupport_introspection_c
[18.172s] [ 69%] [32mBuilding CXX object CMakeFiles/akari_msgs__rosidl_typesupport_fastrtps_c.dir/rosidl_typesupport_fastrtps_c/akari_msgs/srv/detail/set_display_image__type_support_c.cpp.o[0m
[18.202s] [ 70%] [32mBuilding CXX object CMakeFiles/akari_msgs__rosidl_typesupport_c.dir/rosidl_typesupport_c/akari_msgs/srv/set_pwmout__type_support.cpp.o[0m
[18.296s] [ 71%] [32mBuilding CXX object CMakeFiles/akari_msgs__rosidl_typesupport_c.dir/rosidl_typesupport_c/akari_msgs/srv/trigger__type_support.cpp.o[0m
[18.335s] [ 72%] [32mBuilding CXX object CMakeFiles/akari_msgs__rosidl_typesupport_fastrtps_c.dir/rosidl_typesupport_fastrtps_c/akari_msgs/srv/detail/set_display_text__type_support_c.cpp.o[0m
[18.371s] [ 73%] [32mBuilding CXX object CMakeFiles/akari_msgs__rosidl_typesupport_c.dir/rosidl_typesupport_c/akari_msgs/msg/m5__type_support.cpp.o[0m
[18.470s] [ 74%] [32mBuilding CXX object CMakeFiles/akari_msgs__rosidl_typesupport_c.dir/rosidl_typesupport_c/akari_msgs/action/move_joint__type_support.cpp.o[0m
[18.537s] [ 75%] [32mBuilding CXX object CMakeFiles/akari_msgs__rosidl_typesupport_fastrtps_c.dir/rosidl_typesupport_fastrtps_c/akari_msgs/srv/detail/set_dout__type_support_c.cpp.o[0m
[18.593s] [ 76%] [32m[1mLinking CXX shared library libakari_msgs__rosidl_typesupport_c.so[0m
[18.702s] [ 76%] Built target akari_msgs__rosidl_typesupport_c
[18.721s] [ 77%] [32mBuilding CXX object CMakeFiles/akari_msgs__rosidl_typesupport_fastrtps_c.dir/rosidl_typesupport_fastrtps_c/akari_msgs/srv/detail/set_pwmout__type_support_c.cpp.o[0m
[18.986s] [ 78%] [32mBuilding CXX object CMakeFiles/akari_msgs__rosidl_typesupport_fastrtps_c.dir/rosidl_typesupport_fastrtps_c/akari_msgs/srv/detail/trigger__type_support_c.cpp.o[0m
[19.161s] [ 80%] [32mBuilding CXX object CMakeFiles/akari_msgs__rosidl_typesupport_fastrtps_c.dir/rosidl_typesupport_fastrtps_c/akari_msgs/msg/detail/m5__type_support_c.cpp.o[0m
[19.370s] [ 81%] [32mBuilding CXX object CMakeFiles/akari_msgs__rosidl_typesupport_fastrtps_c.dir/rosidl_typesupport_fastrtps_c/akari_msgs/action/detail/move_joint__type_support_c.cpp.o[0m
[19.994s] [ 82%] [32m[1mLinking CXX shared library libakari_msgs__rosidl_typesupport_fastrtps_c.so[0m
[20.118s] [ 82%] Built target akari_msgs__rosidl_typesupport_fastrtps_c
[20.145s] [ 82%] Built target akari_msgs
[20.172s] [ 83%] [34m[1mGenerating Python code for ROS interfaces[0m
[23.114s] [ 83%] Built target akari_msgs__py
[23.146s] [ 84%] [32mBuilding C object CMakeFiles/akari_msgs__rosidl_generator_py.dir/rosidl_generator_py/akari_msgs/srv/_set_allout_s.c.o[0m
[23.146s] [ 86%] [32mBuilding C object CMakeFiles/akari_msgs__rosidl_generator_py.dir/rosidl_generator_py/akari_msgs/srv/_set_display_image_s.c.o[0m
[23.146s] [ 87%] [32mBuilding C object CMakeFiles/akari_msgs__rosidl_generator_py.dir/rosidl_generator_py/akari_msgs/srv/_set_display_color_s.c.o[0m
[23.147s] [ 86%] [32mBuilding C object CMakeFiles/akari_msgs__rosidl_generator_py.dir/rosidl_generator_py/akari_msgs/srv/_set_display_text_s.c.o[0m
[23.474s] [ 88%] [32mBuilding C object CMakeFiles/akari_msgs__rosidl_generator_py.dir/rosidl_generator_py/akari_msgs/srv/_set_dout_s.c.o[0m
[23.486s] [ 89%] [32mBuilding C object CMakeFiles/akari_msgs__rosidl_generator_py.dir/rosidl_generator_py/akari_msgs/srv/_set_pwmout_s.c.o[0m
[23.487s] [ 90%] [32mBuilding C object CMakeFiles/akari_msgs__rosidl_generator_py.dir/rosidl_generator_py/akari_msgs/srv/_trigger_s.c.o[0m
[23.496s] [ 91%] [32mBuilding C object CMakeFiles/akari_msgs__rosidl_generator_py.dir/rosidl_generator_py/akari_msgs/msg/_m5_s.c.o[0m
[23.745s] [ 92%] [32mBuilding C object CMakeFiles/akari_msgs__rosidl_generator_py.dir/rosidl_generator_py/akari_msgs/action/_move_joint_s.c.o[0m
[23.950s] [ 93%] [32m[1mLinking C shared library rosidl_generator_py/akari_msgs/libakari_msgs__rosidl_generator_py.so[0m
[24.015s] [ 93%] Built target akari_msgs__rosidl_generator_py
[24.046s] [ 94%] [32mBuilding C object CMakeFiles/akari_msgs__rosidl_typesupport_introspection_c__pyext.dir/rosidl_generator_py/akari_msgs/_akari_msgs_s.ep.rosidl_typesupport_introspection_c.c.o[0m
[24.048s] [ 95%] [32mBuilding C object CMakeFiles/akari_msgs__rosidl_typesupport_c__pyext.dir/rosidl_generator_py/akari_msgs/_akari_msgs_s.ep.rosidl_typesupport_c.c.o[0m
[24.051s] [ 96%] [32mBuilding C object CMakeFiles/akari_msgs__rosidl_typesupport_fastrtps_c__pyext.dir/rosidl_generator_py/akari_msgs/_akari_msgs_s.ep.rosidl_typesupport_fastrtps_c.c.o[0m
[24.310s] [ 97%] [32m[1mLinking C shared library rosidl_generator_py/akari_msgs/akari_msgs_s__rosidl_typesupport_c.cpython-310-x86_64-linux-gnu.so[0m
[24.378s] [ 97%] Built target akari_msgs__rosidl_typesupport_c__pyext
[24.449s] [ 98%] [32m[1mLinking C shared library rosidl_generator_py/akari_msgs/akari_msgs_s__rosidl_typesupport_introspection_c.cpython-310-x86_64-linux-gnu.so[0m
[24.453s] [100%] [32m[1mLinking C shared library rosidl_generator_py/akari_msgs/akari_msgs_s__rosidl_typesupport_fastrtps_c.cpython-310-x86_64-linux-gnu.so[0m
[24.515s] [100%] Built target akari_msgs__rosidl_typesupport_introspection_c__pyext
[24.517s] [100%] Built target akari_msgs__rosidl_typesupport_fastrtps_c__pyext
[24.544s] Invoked command in '/home/akariros/Akari_ros2_humble/build/akari_msgs' returned '0': CMAKE_PREFIX_PATH=/opt/ros/humble /usr/bin/cmake --build /home/akariros/Akari_ros2_humble/build/akari_msgs -- -j4 -l4
[24.819s] Invoking command in '/home/akariros/Akari_ros2_humble/build/akari_msgs': CMAKE_PREFIX_PATH=/opt/ros/humble /usr/bin/cmake --install /home/akariros/Akari_ros2_humble/build/akari_msgs
[24.830s] -- Install configuration: ""
[24.830s] -- Installing: /home/akariros/Akari_ros2_humble/install/akari_msgs/share/ament_index/resource_index/rosidl_interfaces/akari_msgs
[24.830s] -- Installing: /home/akariros/Akari_ros2_humble/install/akari_msgs/include/akari_msgs/akari_msgs
[24.831s] -- Installing: /home/akariros/Akari_ros2_humble/install/akari_msgs/include/akari_msgs/akari_msgs/srv
[24.831s] -- Installing: /home/akariros/Akari_ros2_humble/install/akari_msgs/include/akari_msgs/akari_msgs/srv/set_pwmout.h
[24.831s] -- Installing: /home/akariros/Akari_ros2_humble/install/akari_msgs/include/akari_msgs/akari_msgs/srv/detail
[24.831s] -- Installing: /home/akariros/Akari_ros2_humble/install/akari_msgs/include/akari_msgs/akari_msgs/srv/detail/trigger__type_support.h
[24.832s] -- Installing: /home/akariros/Akari_ros2_humble/install/akari_msgs/include/akari_msgs/akari_msgs/srv/detail/set_display_color__functions.c
[24.832s] -- Installing: /home/akariros/Akari_ros2_humble/install/akari_msgs/include/akari_msgs/akari_msgs/srv/detail/set_display_text__struct.h
[24.832s] -- Installing: /home/akariros/Akari_ros2_humble/install/akari_msgs/include/akari_msgs/akari_msgs/srv/detail/trigger__functions.c
[24.833s] -- Installing: /home/akariros/Akari_ros2_humble/install/akari_msgs/include/akari_msgs/akari_msgs/srv/detail/set_pwmout__struct.h
[24.833s] -- Installing: /home/akariros/Akari_ros2_humble/install/akari_msgs/include/akari_msgs/akari_msgs/srv/detail/set_pwmout__type_support.h
[24.833s] -- Installing: /home/akariros/Akari_ros2_humble/install/akari_msgs/include/akari_msgs/akari_msgs/srv/detail/set_dout__functions.c
[24.833s] -- Installing: /home/akariros/Akari_ros2_humble/install/akari_msgs/include/akari_msgs/akari_msgs/srv/detail/set_allout__type_support.h
[24.834s] -- Installing: /home/akariros/Akari_ros2_humble/install/akari_msgs/include/akari_msgs/akari_msgs/srv/detail/set_dout__functions.h
[24.834s] -- Installing: /home/akariros/Akari_ros2_humble/install/akari_msgs/include/akari_msgs/akari_msgs/srv/detail/set_display_color__functions.h
[24.834s] -- Installing: /home/akariros/Akari_ros2_humble/install/akari_msgs/include/akari_msgs/akari_msgs/srv/detail/trigger__struct.h
[24.834s] -- Installing: /home/akariros/Akari_ros2_humble/install/akari_msgs/include/akari_msgs/akari_msgs/srv/detail/set_display_text__functions.h
[24.835s] -- Installing: /home/akariros/Akari_ros2_humble/install/akari_msgs/include/akari_msgs/akari_msgs/srv/detail/set_pwmout__functions.h
[24.835s] -- Installing: /home/akariros/Akari_ros2_humble/install/akari_msgs/include/akari_msgs/akari_msgs/srv/detail/set_display_image__functions.h
[24.835s] -- Installing: /home/akariros/Akari_ros2_humble/install/akari_msgs/include/akari_msgs/akari_msgs/srv/detail/set_display_color__type_support.h
[24.835s] -- Installing: /home/akariros/Akari_ros2_humble/install/akari_msgs/include/akari_msgs/akari_msgs/srv/detail/set_display_text__functions.c
[24.836s] -- Installing: /home/akariros/Akari_ros2_humble/install/akari_msgs/include/akari_msgs/akari_msgs/srv/detail/set_dout__struct.h
[24.836s] -- Installing: /home/akariros/Akari_ros2_humble/install/akari_msgs/include/akari_msgs/akari_msgs/srv/detail/set_display_image__type_support.h
[24.836s] -- Installing: /home/akariros/Akari_ros2_humble/install/akari_msgs/include/akari_msgs/akari_msgs/srv/detail/set_allout__struct.h
[24.836s] -- Installing: /home/akariros/Akari_ros2_humble/install/akari_msgs/include/akari_msgs/akari_msgs/srv/detail/set_dout__type_support.h
[24.837s] -- Installing: /home/akariros/Akari_ros2_humble/install/akari_msgs/include/akari_msgs/akari_msgs/srv/detail/set_allout__functions.h
[24.837s] -- Installing: /home/akariros/Akari_ros2_humble/install/akari_msgs/include/akari_msgs/akari_msgs/srv/detail/set_pwmout__functions.c
[24.837s] -- Installing: /home/akariros/Akari_ros2_humble/install/akari_msgs/include/akari_msgs/akari_msgs/srv/detail/set_display_image__struct.h
[24.837s] -- Installing: /home/akariros/Akari_ros2_humble/install/akari_msgs/include/akari_msgs/akari_msgs/srv/detail/set_display_text__type_support.h
[24.837s] -- Installing: /home/akariros/Akari_ros2_humble/install/akari_msgs/include/akari_msgs/akari_msgs/srv/detail/set_allout__functions.c
[24.838s] -- Installing: /home/akariros/Akari_ros2_humble/install/akari_msgs/include/akari_msgs/akari_msgs/srv/detail/set_display_color__struct.h
[24.838s] -- Installing: /home/akariros/Akari_ros2_humble/install/akari_msgs/include/akari_msgs/akari_msgs/srv/detail/set_display_image__functions.c
[24.838s] -- Installing: /home/akariros/Akari_ros2_humble/install/akari_msgs/include/akari_msgs/akari_msgs/srv/detail/trigger__functions.h
[24.839s] -- Installing: /home/akariros/Akari_ros2_humble/install/akari_msgs/include/akari_msgs/akari_msgs/srv/trigger.h
[24.839s] -- Installing: /home/akariros/Akari_ros2_humble/install/akari_msgs/include/akari_msgs/akari_msgs/srv/set_display_text.h
[24.839s] -- Installing: /home/akariros/Akari_ros2_humble/install/akari_msgs/include/akari_msgs/akari_msgs/srv/set_display_image.h
[24.839s] -- Installing: /home/akariros/Akari_ros2_humble/install/akari_msgs/include/akari_msgs/akari_msgs/srv/set_dout.h
[24.840s] -- Installing: /home/akariros/Akari_ros2_humble/install/akari_msgs/include/akari_msgs/akari_msgs/srv/set_display_color.h
[24.840s] -- Installing: /home/akariros/Akari_ros2_humble/install/akari_msgs/include/akari_msgs/akari_msgs/srv/set_allout.h
[24.840s] -- Installing: /home/akariros/Akari_ros2_humble/install/akari_msgs/include/akari_msgs/akari_msgs/msg
[24.840s] -- Installing: /home/akariros/Akari_ros2_humble/install/akari_msgs/include/akari_msgs/akari_msgs/msg/rosidl_generator_c__visibility_control.h
[24.841s] -- Installing: /home/akariros/Akari_ros2_humble/install/akari_msgs/include/akari_msgs/akari_msgs/msg/detail
[24.841s] -- Installing: /home/akariros/Akari_ros2_humble/install/akari_msgs/include/akari_msgs/akari_msgs/msg/detail/m5__functions.c
[24.841s] -- Installing: /home/akariros/Akari_ros2_humble/install/akari_msgs/include/akari_msgs/akari_msgs/msg/detail/m5__struct.h
[24.841s] -- Installing: /home/akariros/Akari_ros2_humble/install/akari_msgs/include/akari_msgs/akari_msgs/msg/detail/m5__type_support.h
[24.842s] -- Installing: /home/akariros/Akari_ros2_humble/install/akari_msgs/include/akari_msgs/akari_msgs/msg/detail/m5__functions.h
[24.842s] -- Installing: /home/akariros/Akari_ros2_humble/install/akari_msgs/include/akari_msgs/akari_msgs/msg/m5.h
[24.842s] -- Installing: /home/akariros/Akari_ros2_humble/install/akari_msgs/include/akari_msgs/akari_msgs/action
[24.842s] -- Installing: /home/akariros/Akari_ros2_humble/install/akari_msgs/include/akari_msgs/akari_msgs/action/move_joint.h
[24.843s] -- Installing: /home/akariros/Akari_ros2_humble/install/akari_msgs/include/akari_msgs/akari_msgs/action/detail
[24.843s] -- Installing: /home/akariros/Akari_ros2_humble/install/akari_msgs/include/akari_msgs/akari_msgs/action/detail/move_joint__functions.c
[24.843s] -- Installing: /home/akariros/Akari_ros2_humble/install/akari_msgs/include/akari_msgs/akari_msgs/action/detail/move_joint__functions.h
[24.843s] -- Installing: /home/akariros/Akari_ros2_humble/install/akari_msgs/include/akari_msgs/akari_msgs/action/detail/move_joint__struct.h
[24.844s] -- Installing: /home/akariros/Akari_ros2_humble/install/akari_msgs/include/akari_msgs/akari_msgs/action/detail/move_joint__type_support.h
[24.844s] -- Installing: /home/akariros/Akari_ros2_humble/install/akari_msgs/share/akari_msgs/environment/library_path.sh
[24.844s] -- Installing: /home/akariros/Akari_ros2_humble/install/akari_msgs/share/akari_msgs/environment/library_path.dsv
[24.844s] -- Installing: /home/akariros/Akari_ros2_humble/install/akari_msgs/lib/libakari_msgs__rosidl_generator_c.so
[24.845s] -- Set runtime path of "/home/akariros/Akari_ros2_humble/install/akari_msgs/lib/libakari_msgs__rosidl_generator_c.so" to ""
[24.846s] -- Up-to-date: /home/akariros/Akari_ros2_humble/install/akari_msgs/include/akari_msgs/akari_msgs
[24.846s] -- Up-to-date: /home/akariros/Akari_ros2_humble/install/akari_msgs/include/akari_msgs/akari_msgs/srv
[24.846s] -- Up-to-date: /home/akariros/Akari_ros2_humble/install/akari_msgs/include/akari_msgs/akari_msgs/srv/detail
[24.846s] -- Installing: /home/akariros/Akari_ros2_humble/install/akari_msgs/include/akari_msgs/akari_msgs/srv/detail/set_display_color__rosidl_typesupport_fastrtps_c.h
[24.847s] -- Installing: /home/akariros/Akari_ros2_humble/install/akari_msgs/include/akari_msgs/akari_msgs/srv/detail/set_allout__rosidl_typesupport_fastrtps_c.h
[24.847s] -- Installing: /home/akariros/Akari_ros2_humble/install/akari_msgs/include/akari_msgs/akari_msgs/srv/detail/set_display_image__rosidl_typesupport_fastrtps_c.h
[24.847s] -- Installing: /home/akariros/Akari_ros2_humble/install/akari_msgs/include/akari_msgs/akari_msgs/srv/detail/set_pwmout__rosidl_typesupport_fastrtps_c.h
[24.847s] -- Installing: /home/akariros/Akari_ros2_humble/install/akari_msgs/include/akari_msgs/akari_msgs/srv/detail/trigger__rosidl_typesupport_fastrtps_c.h
[24.848s] -- Installing: /home/akariros/Akari_ros2_humble/install/akari_msgs/include/akari_msgs/akari_msgs/srv/detail/set_dout__rosidl_typesupport_fastrtps_c.h
[24.848s] -- Installing: /home/akariros/Akari_ros2_humble/install/akari_msgs/include/akari_msgs/akari_msgs/srv/detail/set_display_text__rosidl_typesupport_fastrtps_c.h
[24.848s] -- Up-to-date: /home/akariros/Akari_ros2_humble/install/akari_msgs/include/akari_msgs/akari_msgs/msg
[24.848s] -- Up-to-date: /home/akariros/Akari_ros2_humble/install/akari_msgs/include/akari_msgs/akari_msgs/msg/detail
[24.848s] -- Installing: /home/akariros/Akari_ros2_humble/install/akari_msgs/include/akari_msgs/akari_msgs/msg/detail/m5__rosidl_typesupport_fastrtps_c.h
[24.849s] -- Installing: /home/akariros/Akari_ros2_humble/install/akari_msgs/include/akari_msgs/akari_msgs/msg/rosidl_typesupport_fastrtps_c__visibility_control.h
[24.849s] -- Up-to-date: /home/akariros/Akari_ros2_humble/install/akari_msgs/include/akari_msgs/akari_msgs/action
[24.849s] -- Up-to-date: /home/akariros/Akari_ros2_humble/install/akari_msgs/include/akari_msgs/akari_msgs/action/detail
[24.849s] -- Installing: /home/akariros/Akari_ros2_humble/install/akari_msgs/include/akari_msgs/akari_msgs/action/detail/move_joint__rosidl_typesupport_fastrtps_c.h
[24.850s] -- Installing: /home/akariros/Akari_ros2_humble/install/akari_msgs/lib/libakari_msgs__rosidl_typesupport_fastrtps_c.so
[24.850s] -- Set runtime path of "/home/akariros/Akari_ros2_humble/install/akari_msgs/lib/libakari_msgs__rosidl_typesupport_fastrtps_c.so" to ""
[24.850s] -- Up-to-date: /home/akariros/Akari_ros2_humble/install/akari_msgs/include/akari_msgs/akari_msgs
[24.850s] -- Up-to-date: /home/akariros/Akari_ros2_humble/install/akari_msgs/include/akari_msgs/akari_msgs/srv
[24.851s] -- Installing: /home/akariros/Akari_ros2_humble/install/akari_msgs/include/akari_msgs/akari_msgs/srv/set_display_text.hpp
[24.851s] -- Installing: /home/akariros/Akari_ros2_humble/install/akari_msgs/include/akari_msgs/akari_msgs/srv/set_display_image.hpp
[24.851s] -- Installing: /home/akariros/Akari_ros2_humble/install/akari_msgs/include/akari_msgs/akari_msgs/srv/set_allout.hpp
[24.851s] -- Up-to-date: /home/akariros/Akari_ros2_humble/install/akari_msgs/include/akari_msgs/akari_msgs/srv/detail
[24.852s] -- Installing: /home/akariros/Akari_ros2_humble/install/akari_msgs/include/akari_msgs/akari_msgs/srv/detail/trigger__struct.hpp
[24.852s] -- Installing: /home/akariros/Akari_ros2_humble/install/akari_msgs/include/akari_msgs/akari_msgs/srv/detail/set_display_text__traits.hpp
[24.852s] -- Installing: /home/akariros/Akari_ros2_humble/install/akari_msgs/include/akari_msgs/akari_msgs/srv/detail/set_display_text__builder.hpp
[24.852s] -- Installing: /home/akariros/Akari_ros2_humble/install/akari_msgs/include/akari_msgs/akari_msgs/srv/detail/trigger__builder.hpp
[24.853s] -- Installing: /home/akariros/Akari_ros2_humble/install/akari_msgs/include/akari_msgs/akari_msgs/srv/detail/set_allout__struct.hpp
[24.853s] -- Installing: /home/akariros/Akari_ros2_humble/install/akari_msgs/include/akari_msgs/akari_msgs/srv/detail/set_display_color__struct.hpp
[24.853s] -- Installing: /home/akariros/Akari_ros2_humble/install/akari_msgs/include/akari_msgs/akari_msgs/srv/detail/set_display_text__struct.hpp
[24.853s] -- Installing: /home/akariros/Akari_ros2_humble/install/akari_msgs/include/akari_msgs/akari_msgs/srv/detail/set_dout__struct.hpp
[24.853s] -- Installing: /home/akariros/Akari_ros2_humble/install/akari_msgs/include/akari_msgs/akari_msgs/srv/detail/trigger__traits.hpp
[24.854s] -- Installing: /home/akariros/Akari_ros2_humble/install/akari_msgs/include/akari_msgs/akari_msgs/srv/detail/set_pwmout__struct.hpp
[24.854s] -- Installing: /home/akariros/Akari_ros2_humble/install/akari_msgs/include/akari_msgs/akari_msgs/srv/detail/set_allout__builder.hpp
[24.854s] -- Installing: /home/akariros/Akari_ros2_humble/install/akari_msgs/include/akari_msgs/akari_msgs/srv/detail/set_display_color__builder.hpp
[24.855s] -- Installing: /home/akariros/Akari_ros2_humble/install/akari_msgs/include/akari_msgs/akari_msgs/srv/detail/set_display_image__traits.hpp
[24.855s] -- Installing: /home/akariros/Akari_ros2_humble/install/akari_msgs/include/akari_msgs/akari_msgs/srv/detail/set_dout__builder.hpp
[24.855s] -- Installing: /home/akariros/Akari_ros2_humble/install/akari_msgs/include/akari_msgs/akari_msgs/srv/detail/set_display_color__traits.hpp
[24.855s] -- Installing: /home/akariros/Akari_ros2_humble/install/akari_msgs/include/akari_msgs/akari_msgs/srv/detail/set_display_image__struct.hpp
[24.856s] -- Installing: /home/akariros/Akari_ros2_humble/install/akari_msgs/include/akari_msgs/akari_msgs/srv/detail/set_pwmout__builder.hpp
[24.856s] -- Installing: /home/akariros/Akari_ros2_humble/install/akari_msgs/include/akari_msgs/akari_msgs/srv/detail/set_dout__traits.hpp
[24.856s] -- Installing: /home/akariros/Akari_ros2_humble/install/akari_msgs/include/akari_msgs/akari_msgs/srv/detail/set_allout__traits.hpp
[24.856s] -- Installing: /home/akariros/Akari_ros2_humble/install/akari_msgs/include/akari_msgs/akari_msgs/srv/detail/set_display_image__builder.hpp
[24.856s] -- Installing: /home/akariros/Akari_ros2_humble/install/akari_msgs/include/akari_msgs/akari_msgs/srv/detail/set_pwmout__traits.hpp
[24.857s] -- Installing: /home/akariros/Akari_ros2_humble/install/akari_msgs/include/akari_msgs/akari_msgs/srv/set_display_color.hpp
[24.857s] -- Installing: /home/akariros/Akari_ros2_humble/install/akari_msgs/include/akari_msgs/akari_msgs/srv/set_dout.hpp
[24.857s] -- Installing: /home/akariros/Akari_ros2_humble/install/akari_msgs/include/akari_msgs/akari_msgs/srv/trigger.hpp
[24.857s] -- Installing: /home/akariros/Akari_ros2_humble/install/akari_msgs/include/akari_msgs/akari_msgs/srv/set_pwmout.hpp
[24.858s] -- Up-to-date: /home/akariros/Akari_ros2_humble/install/akari_msgs/include/akari_msgs/akari_msgs/msg
[24.858s] -- Up-to-date: /home/akariros/Akari_ros2_humble/install/akari_msgs/include/akari_msgs/akari_msgs/msg/detail
[24.858s] -- Installing: /home/akariros/Akari_ros2_humble/install/akari_msgs/include/akari_msgs/akari_msgs/msg/detail/m5__traits.hpp
[24.859s] -- Installing: /home/akariros/Akari_ros2_humble/install/akari_msgs/include/akari_msgs/akari_msgs/msg/detail/m5__struct.hpp
[24.859s] -- Installing: /home/akariros/Akari_ros2_humble/install/akari_msgs/include/akari_msgs/akari_msgs/msg/detail/m5__builder.hpp
[24.859s] -- Installing: /home/akariros/Akari_ros2_humble/install/akari_msgs/include/akari_msgs/akari_msgs/msg/m5.hpp
[24.859s] -- Up-to-date: /home/akariros/Akari_ros2_humble/install/akari_msgs/include/akari_msgs/akari_msgs/action
[24.860s] -- Up-to-date: /home/akariros/Akari_ros2_humble/install/akari_msgs/include/akari_msgs/akari_msgs/action/detail
[24.860s] -- Installing: /home/akariros/Akari_ros2_humble/install/akari_msgs/include/akari_msgs/akari_msgs/action/detail/move_joint__traits.hpp
[24.860s] -- Installing: /home/akariros/Akari_ros2_humble/install/akari_msgs/include/akari_msgs/akari_msgs/action/detail/move_joint__builder.hpp
[24.860s] -- Installing: /home/akariros/Akari_ros2_humble/install/akari_msgs/include/akari_msgs/akari_msgs/action/detail/move_joint__struct.hpp
[24.861s] -- Installing: /home/akariros/Akari_ros2_humble/install/akari_msgs/include/akari_msgs/akari_msgs/action/move_joint.hpp
[24.861s] -- Up-to-date: /home/akariros/Akari_ros2_humble/install/akari_msgs/include/akari_msgs/akari_msgs
[24.861s] -- Up-to-date: /home/akariros/Akari_ros2_humble/install/akari_msgs/include/akari_msgs/akari_msgs/srv
[24.861s] -- Up-to-date: /home/akariros/Akari_ros2_humble/install/akari_msgs/include/akari_msgs/akari_msgs/srv/detail
[24.861s] -- Installing: /home/akariros/Akari_ros2_humble/install/akari_msgs/include/akari_msgs/akari_msgs/srv/detail/dds_fastrtps
[24.862s] -- Installing: /home/akariros/Akari_ros2_humble/install/akari_msgs/include/akari_msgs/akari_msgs/srv/detail/set_pwmout__rosidl_typesupport_fastrtps_cpp.hpp
[24.862s] -- Installing: /home/akariros/Akari_ros2_humble/install/akari_msgs/include/akari_msgs/akari_msgs/srv/detail/set_display_text__rosidl_typesupport_fastrtps_cpp.hpp
[24.862s] -- Installing: /home/akariros/Akari_ros2_humble/install/akari_msgs/include/akari_msgs/akari_msgs/srv/detail/trigger__rosidl_typesupport_fastrtps_cpp.hpp
[24.863s] -- Installing: /home/akariros/Akari_ros2_humble/install/akari_msgs/include/akari_msgs/akari_msgs/srv/detail/set_dout__rosidl_typesupport_fastrtps_cpp.hpp
[24.863s] -- Installing: /home/akariros/Akari_ros2_humble/install/akari_msgs/include/akari_msgs/akari_msgs/srv/detail/set_display_image__rosidl_typesupport_fastrtps_cpp.hpp
[24.863s] -- Installing: /home/akariros/Akari_ros2_humble/install/akari_msgs/include/akari_msgs/akari_msgs/srv/detail/set_allout__rosidl_typesupport_fastrtps_cpp.hpp
[24.863s] -- Installing: /home/akariros/Akari_ros2_humble/install/akari_msgs/include/akari_msgs/akari_msgs/srv/detail/set_display_color__rosidl_typesupport_fastrtps_cpp.hpp
[24.863s] -- Up-to-date: /home/akariros/Akari_ros2_humble/install/akari_msgs/include/akari_msgs/akari_msgs/msg
[24.864s] -- Installing: /home/akariros/Akari_ros2_humble/install/akari_msgs/include/akari_msgs/akari_msgs/msg/rosidl_typesupport_fastrtps_cpp__visibility_control.h
[24.864s] -- Up-to-date: /home/akariros/Akari_ros2_humble/install/akari_msgs/include/akari_msgs/akari_msgs/msg/detail
[24.864s] -- Installing: /home/akariros/Akari_ros2_humble/install/akari_msgs/include/akari_msgs/akari_msgs/msg/detail/dds_fastrtps
[24.864s] -- Installing: /home/akariros/Akari_ros2_humble/install/akari_msgs/include/akari_msgs/akari_msgs/msg/detail/m5__rosidl_typesupport_fastrtps_cpp.hpp
[24.865s] -- Up-to-date: /home/akariros/Akari_ros2_humble/install/akari_msgs/include/akari_msgs/akari_msgs/action
[24.865s] -- Up-to-date: /home/akariros/Akari_ros2_humble/install/akari_msgs/include/akari_msgs/akari_msgs/action/detail
[24.865s] -- Installing: /home/akariros/Akari_ros2_humble/install/akari_msgs/include/akari_msgs/akari_msgs/action/detail/dds_fastrtps
[24.865s] -- Installing: /home/akariros/Akari_ros2_humble/install/akari_msgs/include/akari_msgs/akari_msgs/action/detail/move_joint__rosidl_typesupport_fastrtps_cpp.hpp
[24.865s] -- Installing: /home/akariros/Akari_ros2_humble/install/akari_msgs/lib/libakari_msgs__rosidl_typesupport_fastrtps_cpp.so
[24.866s] -- Set runtime path of "/home/akariros/Akari_ros2_humble/install/akari_msgs/lib/libakari_msgs__rosidl_typesupport_fastrtps_cpp.so" to ""
[24.866s] -- Up-to-date: /home/akariros/Akari_ros2_humble/install/akari_msgs/include/akari_msgs/akari_msgs
[24.866s] -- Up-to-date: /home/akariros/Akari_ros2_humble/install/akari_msgs/include/akari_msgs/akari_msgs/srv
[24.867s] -- Up-to-date: /home/akariros/Akari_ros2_humble/install/akari_msgs/include/akari_msgs/akari_msgs/srv/detail
[24.867s] -- Installing: /home/akariros/Akari_ros2_humble/install/akari_msgs/include/akari_msgs/akari_msgs/srv/detail/set_allout__rosidl_typesupport_introspection_c.h
[24.867s] -- Installing: /home/akariros/Akari_ros2_humble/install/akari_msgs/include/akari_msgs/akari_msgs/srv/detail/set_display_image__type_support.c
[24.867s] -- Installing: /home/akariros/Akari_ros2_humble/install/akari_msgs/include/akari_msgs/akari_msgs/srv/detail/trigger__type_support.c
[24.868s] -- Installing: /home/akariros/Akari_ros2_humble/install/akari_msgs/include/akari_msgs/akari_msgs/srv/detail/set_pwmout__type_support.c
[24.868s] -- Installing: /home/akariros/Akari_ros2_humble/install/akari_msgs/include/akari_msgs/akari_msgs/srv/detail/set_pwmout__rosidl_typesupport_introspection_c.h
[24.868s] -- Installing: /home/akariros/Akari_ros2_humble/install/akari_msgs/include/akari_msgs/akari_msgs/srv/detail/set_display_text__rosidl_typesupport_introspection_c.h
[24.868s] -- Installing: /home/akariros/Akari_ros2_humble/install/akari_msgs/include/akari_msgs/akari_msgs/srv/detail/set_display_color__rosidl_typesupport_introspection_c.h
[24.869s] -- Installing: /home/akariros/Akari_ros2_humble/install/akari_msgs/include/akari_msgs/akari_msgs/srv/detail/set_display_text__type_support.c
[24.869s] -- Installing: /home/akariros/Akari_ros2_humble/install/akari_msgs/include/akari_msgs/akari_msgs/srv/detail/set_dout__type_support.c
[24.869s] -- Installing: /home/akariros/Akari_ros2_humble/install/akari_msgs/include/akari_msgs/akari_msgs/srv/detail/trigger__rosidl_typesupport_introspection_c.h
[24.869s] -- Installing: /home/akariros/Akari_ros2_humble/install/akari_msgs/include/akari_msgs/akari_msgs/srv/detail/set_dout__rosidl_typesupport_introspection_c.h
[24.870s] -- Installing: /home/akariros/Akari_ros2_humble/install/akari_msgs/include/akari_msgs/akari_msgs/srv/detail/set_display_color__type_support.c
[24.870s] -- Installing: /home/akariros/Akari_ros2_humble/install/akari_msgs/include/akari_msgs/akari_msgs/srv/detail/set_allout__type_support.c
[24.870s] -- Installing: /home/akariros/Akari_ros2_humble/install/akari_msgs/include/akari_msgs/akari_msgs/srv/detail/set_display_image__rosidl_typesupport_introspection_c.h
[24.870s] -- Up-to-date: /home/akariros/Akari_ros2_humble/install/akari_msgs/include/akari_msgs/akari_msgs/msg
[24.870s] -- Installing: /home/akariros/Akari_ros2_humble/install/akari_msgs/include/akari_msgs/akari_msgs/msg/rosidl_typesupport_introspection_c__visibility_control.h
[24.871s] -- Up-to-date: /home/akariros/Akari_ros2_humble/install/akari_msgs/include/akari_msgs/akari_msgs/msg/detail
[24.871s] -- Installing: /home/akariros/Akari_ros2_humble/install/akari_msgs/include/akari_msgs/akari_msgs/msg/detail/m5__type_support.c
[24.871s] -- Installing: /home/akariros/Akari_ros2_humble/install/akari_msgs/include/akari_msgs/akari_msgs/msg/detail/m5__rosidl_typesupport_introspection_c.h
[24.871s] -- Up-to-date: /home/akariros/Akari_ros2_humble/install/akari_msgs/include/akari_msgs/akari_msgs/action
[24.871s] -- Up-to-date: /home/akariros/Akari_ros2_humble/install/akari_msgs/include/akari_msgs/akari_msgs/action/detail
[24.871s] -- Installing: /home/akariros/Akari_ros2_humble/install/akari_msgs/include/akari_msgs/akari_msgs/action/detail/move_joint__rosidl_typesupport_introspection_c.h
[24.872s] -- Installing: /home/akariros/Akari_ros2_humble/install/akari_msgs/include/akari_msgs/akari_msgs/action/detail/move_joint__type_support.c
[24.872s] -- Installing: /home/akariros/Akari_ros2_humble/install/akari_msgs/lib/libakari_msgs__rosidl_typesupport_introspection_c.so
[24.872s] -- Set runtime path of "/home/akariros/Akari_ros2_humble/install/akari_msgs/lib/libakari_msgs__rosidl_typesupport_introspection_c.so" to ""
[24.872s] -- Installing: /home/akariros/Akari_ros2_humble/install/akari_msgs/lib/libakari_msgs__rosidl_typesupport_c.so
[24.872s] -- Set runtime path of "/home/akariros/Akari_ros2_humble/install/akari_msgs/lib/libakari_msgs__rosidl_typesupport_c.so" to ""
[24.873s] -- Up-to-date: /home/akariros/Akari_ros2_humble/install/akari_msgs/include/akari_msgs/akari_msgs
[24.873s] -- Up-to-date: /home/akariros/Akari_ros2_humble/install/akari_msgs/include/akari_msgs/akari_msgs/srv
[24.873s] -- Up-to-date: /home/akariros/Akari_ros2_humble/install/akari_msgs/include/akari_msgs/akari_msgs/srv/detail
[24.873s] -- Installing: /home/akariros/Akari_ros2_humble/install/akari_msgs/include/akari_msgs/akari_msgs/srv/detail/set_display_color__type_support.cpp
[24.873s] -- Installing: /home/akariros/Akari_ros2_humble/install/akari_msgs/include/akari_msgs/akari_msgs/srv/detail/set_dout__type_support.cpp
[24.873s] -- Installing: /home/akariros/Akari_ros2_humble/install/akari_msgs/include/akari_msgs/akari_msgs/srv/detail/set_allout__type_support.cpp
[24.874s] -- Installing: /home/akariros/Akari_ros2_humble/install/akari_msgs/include/akari_msgs/akari_msgs/srv/detail/set_dout__rosidl_typesupport_introspection_cpp.hpp
[24.874s] -- Installing: /home/akariros/Akari_ros2_humble/install/akari_msgs/include/akari_msgs/akari_msgs/srv/detail/set_pwmout__rosidl_typesupport_introspection_cpp.hpp
[24.874s] -- Installing: /home/akariros/Akari_ros2_humble/install/akari_msgs/include/akari_msgs/akari_msgs/srv/detail/set_display_image__rosidl_typesupport_introspection_cpp.hpp
[24.874s] -- Installing: /home/akariros/Akari_ros2_humble/install/akari_msgs/include/akari_msgs/akari_msgs/srv/detail/set_display_text__type_support.cpp
[24.874s] -- Installing: /home/akariros/Akari_ros2_humble/install/akari_msgs/include/akari_msgs/akari_msgs/srv/detail/set_display_image__type_support.cpp
[24.875s] -- Installing: /home/akariros/Akari_ros2_humble/install/akari_msgs/include/akari_msgs/akari_msgs/srv/detail/set_allout__rosidl_typesupport_introspection_cpp.hpp
[24.875s] -- Installing: /home/akariros/Akari_ros2_humble/install/akari_msgs/include/akari_msgs/akari_msgs/srv/detail/set_display_text__rosidl_typesupport_introspection_cpp.hpp
[24.875s] -- Installing: /home/akariros/Akari_ros2_humble/install/akari_msgs/include/akari_msgs/akari_msgs/srv/detail/set_pwmout__type_support.cpp
[24.875s] -- Installing: /home/akariros/Akari_ros2_humble/install/akari_msgs/include/akari_msgs/akari_msgs/srv/detail/set_display_color__rosidl_typesupport_introspection_cpp.hpp
[24.875s] -- Installing: /home/akariros/Akari_ros2_humble/install/akari_msgs/include/akari_msgs/akari_msgs/srv/detail/trigger__type_support.cpp
[24.876s] -- Installing: /home/akariros/Akari_ros2_humble/install/akari_msgs/include/akari_msgs/akari_msgs/srv/detail/trigger__rosidl_typesupport_introspection_cpp.hpp
[24.876s] -- Up-to-date: /home/akariros/Akari_ros2_humble/install/akari_msgs/include/akari_msgs/akari_msgs/msg
[24.876s] -- Up-to-date: /home/akariros/Akari_ros2_humble/install/akari_msgs/include/akari_msgs/akari_msgs/msg/detail
[24.876s] -- Installing: /home/akariros/Akari_ros2_humble/install/akari_msgs/include/akari_msgs/akari_msgs/msg/detail/m5__type_support.cpp
[24.876s] -- Installing: /home/akariros/Akari_ros2_humble/install/akari_msgs/include/akari_msgs/akari_msgs/msg/detail/m5__rosidl_typesupport_introspection_cpp.hpp
[24.876s] -- Up-to-date: /home/akariros/Akari_ros2_humble/install/akari_msgs/include/akari_msgs/akari_msgs/action
[24.877s] -- Up-to-date: /home/akariros/Akari_ros2_humble/install/akari_msgs/include/akari_msgs/akari_msgs/action/detail
[24.877s] -- Installing: /home/akariros/Akari_ros2_humble/install/akari_msgs/include/akari_msgs/akari_msgs/action/detail/move_joint__type_support.cpp
[24.877s] -- Installing: /home/akariros/Akari_ros2_humble/install/akari_msgs/include/akari_msgs/akari_msgs/action/detail/move_joint__rosidl_typesupport_introspection_cpp.hpp
[24.877s] -- Installing: /home/akariros/Akari_ros2_humble/install/akari_msgs/lib/libakari_msgs__rosidl_typesupport_introspection_cpp.so
[24.877s] -- Set runtime path of "/home/akariros/Akari_ros2_humble/install/akari_msgs/lib/libakari_msgs__rosidl_typesupport_introspection_cpp.so" to ""
[24.877s] -- Installing: /home/akariros/Akari_ros2_humble/install/akari_msgs/lib/libakari_msgs__rosidl_typesupport_cpp.so
[24.878s] -- Set runtime path of "/home/akariros/Akari_ros2_humble/install/akari_msgs/lib/libakari_msgs__rosidl_typesupport_cpp.so" to ""
[24.878s] -- Installing: /home/akariros/Akari_ros2_humble/install/akari_msgs/share/akari_msgs/environment/pythonpath.sh
[24.878s] -- Installing: /home/akariros/Akari_ros2_humble/install/akari_msgs/share/akari_msgs/environment/pythonpath.dsv
[24.878s] -- Installing: /home/akariros/Akari_ros2_humble/install/akari_msgs/local/lib/python3.10/dist-packages/akari_msgs-0.0.0-py3.10.egg-info
[24.878s] -- Installing: /home/akariros/Akari_ros2_humble/install/akari_msgs/local/lib/python3.10/dist-packages/akari_msgs-0.0.0-py3.10.egg-info/SOURCES.txt
[24.879s] -- Installing: /home/akariros/Akari_ros2_humble/install/akari_msgs/local/lib/python3.10/dist-packages/akari_msgs-0.0.0-py3.10.egg-info/top_level.txt
[24.879s] -- Installing: /home/akariros/Akari_ros2_humble/install/akari_msgs/local/lib/python3.10/dist-packages/akari_msgs-0.0.0-py3.10.egg-info/dependency_links.txt
[24.879s] -- Installing: /home/akariros/Akari_ros2_humble/install/akari_msgs/local/lib/python3.10/dist-packages/akari_msgs-0.0.0-py3.10.egg-info/PKG-INFO
[24.879s] -- Installing: /home/akariros/Akari_ros2_humble/install/akari_msgs/local/lib/python3.10/dist-packages/akari_msgs
[24.879s] -- Installing: /home/akariros/Akari_ros2_humble/install/akari_msgs/local/lib/python3.10/dist-packages/akari_msgs/_akari_msgs_s.ep.rosidl_typesupport_fastrtps_c.c
[24.880s] -- Installing: /home/akariros/Akari_ros2_humble/install/akari_msgs/local/lib/python3.10/dist-packages/akari_msgs/srv
[24.880s] -- Installing: /home/akariros/Akari_ros2_humble/install/akari_msgs/local/lib/python3.10/dist-packages/akari_msgs/srv/_set_display_image_s.c
[24.880s] -- Installing: /home/akariros/Akari_ros2_humble/install/akari_msgs/local/lib/python3.10/dist-packages/akari_msgs/srv/__init__.py
[24.880s] -- Installing: /home/akariros/Akari_ros2_humble/install/akari_msgs/local/lib/python3.10/dist-packages/akari_msgs/srv/_set_display_text.py
[24.880s] -- Installing: /home/akariros/Akari_ros2_humble/install/akari_msgs/local/lib/python3.10/dist-packages/akari_msgs/srv/_set_pwmout_s.c
[24.881s] -- Installing: /home/akariros/Akari_ros2_humble/install/akari_msgs/local/lib/python3.10/dist-packages/akari_msgs/srv/_set_allout_s.c
[24.881s] -- Installing: /home/akariros/Akari_ros2_humble/install/akari_msgs/local/lib/python3.10/dist-packages/akari_msgs/srv/_set_display_image.py
[24.881s] -- Installing: /home/akariros/Akari_ros2_humble/install/akari_msgs/local/lib/python3.10/dist-packages/akari_msgs/srv/_trigger.py
[24.881s] -- Installing: /home/akariros/Akari_ros2_humble/install/akari_msgs/local/lib/python3.10/dist-packages/akari_msgs/srv/_set_display_color.py
[24.881s] -- Installing: /home/akariros/Akari_ros2_humble/install/akari_msgs/local/lib/python3.10/dist-packages/akari_msgs/srv/_set_display_text_s.c
[24.881s] -- Installing: /home/akariros/Akari_ros2_humble/install/akari_msgs/local/lib/python3.10/dist-packages/akari_msgs/srv/_set_allout.py
[24.882s] -- Installing: /home/akariros/Akari_ros2_humble/install/akari_msgs/local/lib/python3.10/dist-packages/akari_msgs/srv/_set_dout_s.c
[24.882s] -- Installing: /home/akariros/Akari_ros2_humble/install/akari_msgs/local/lib/python3.10/dist-packages/akari_msgs/srv/_trigger_s.c
[24.882s] -- Installing: /home/akariros/Akari_ros2_humble/install/akari_msgs/local/lib/python3.10/dist-packages/akari_msgs/srv/_set_display_color_s.c
[24.882s] -- Installing: /home/akariros/Akari_ros2_humble/install/akari_msgs/local/lib/python3.10/dist-packages/akari_msgs/srv/_set_pwmout.py
[24.882s] -- Installing: /home/akariros/Akari_ros2_humble/install/akari_msgs/local/lib/python3.10/dist-packages/akari_msgs/srv/_set_dout.py
[24.883s] -- Installing: /home/akariros/Akari_ros2_humble/install/akari_msgs/local/lib/python3.10/dist-packages/akari_msgs/akari_msgs_s__rosidl_typesupport_c.cpython-310-x86_64-linux-gnu.so
[24.883s] -- Installing: /home/akariros/Akari_ros2_humble/install/akari_msgs/local/lib/python3.10/dist-packages/akari_msgs/__init__.py
[24.883s] -- Installing: /home/akariros/Akari_ros2_humble/install/akari_msgs/local/lib/python3.10/dist-packages/akari_msgs/libakari_msgs__rosidl_generator_py.so
[24.883s] -- Installing: /home/akariros/Akari_ros2_humble/install/akari_msgs/local/lib/python3.10/dist-packages/akari_msgs/msg
[24.883s] -- Installing: /home/akariros/Akari_ros2_humble/install/akari_msgs/local/lib/python3.10/dist-packages/akari_msgs/msg/_m5_s.c
[24.884s] -- Installing: /home/akariros/Akari_ros2_humble/install/akari_msgs/local/lib/python3.10/dist-packages/akari_msgs/msg/__init__.py
[24.884s] -- Installing: /home/akariros/Akari_ros2_humble/install/akari_msgs/local/lib/python3.10/dist-packages/akari_msgs/msg/_m5.py
[24.884s] -- Installing: /home/akariros/Akari_ros2_humble/install/akari_msgs/local/lib/python3.10/dist-packages/akari_msgs/_akari_msgs_s.ep.rosidl_typesupport_introspection_c.c
[24.884s] -- Installing: /home/akariros/Akari_ros2_humble/install/akari_msgs/local/lib/python3.10/dist-packages/akari_msgs/akari_msgs_s__rosidl_typesupport_fastrtps_c.cpython-310-x86_64-linux-gnu.so
[24.884s] -- Installing: /home/akariros/Akari_ros2_humble/install/akari_msgs/local/lib/python3.10/dist-packages/akari_msgs/akari_msgs_s__rosidl_typesupport_introspection_c.cpython-310-x86_64-linux-gnu.so
[24.885s] -- Installing: /home/akariros/Akari_ros2_humble/install/akari_msgs/local/lib/python3.10/dist-packages/akari_msgs/action
[24.885s] -- Installing: /home/akariros/Akari_ros2_humble/install/akari_msgs/local/lib/python3.10/dist-packages/akari_msgs/action/_move_joint.py
[24.885s] -- Installing: /home/akariros/Akari_ros2_humble/install/akari_msgs/local/lib/python3.10/dist-packages/akari_msgs/action/__init__.py
[24.885s] -- Installing: /home/akariros/Akari_ros2_humble/install/akari_msgs/local/lib/python3.10/dist-packages/akari_msgs/action/_move_joint_s.c
[24.885s] -- Installing: /home/akariros/Akari_ros2_humble/install/akari_msgs/local/lib/python3.10/dist-packages/akari_msgs/_akari_msgs_s.ep.rosidl_typesupport_c.c
[24.977s] Listing '/home/akariros/Akari_ros2_humble/install/akari_msgs/local/lib/python3.10/dist-packages/akari_msgs'...
[24.977s] Compiling '/home/akariros/Akari_ros2_humble/install/akari_msgs/local/lib/python3.10/dist-packages/akari_msgs/__init__.py'...
[24.977s] Listing '/home/akariros/Akari_ros2_humble/install/akari_msgs/local/lib/python3.10/dist-packages/akari_msgs/action'...
[24.977s] Compiling '/home/akariros/Akari_ros2_humble/install/akari_msgs/local/lib/python3.10/dist-packages/akari_msgs/action/__init__.py'...
[24.977s] Compiling '/home/akariros/Akari_ros2_humble/install/akari_msgs/local/lib/python3.10/dist-packages/akari_msgs/action/_move_joint.py'...
[24.977s] Listing '/home/akariros/Akari_ros2_humble/install/akari_msgs/local/lib/python3.10/dist-packages/akari_msgs/msg'...
[24.977s] Compiling '/home/akariros/Akari_ros2_humble/install/akari_msgs/local/lib/python3.10/dist-packages/akari_msgs/msg/__init__.py'...
[24.977s] Compiling '/home/akariros/Akari_ros2_humble/install/akari_msgs/local/lib/python3.10/dist-packages/akari_msgs/msg/_m5.py'...
[24.977s] Listing '/home/akariros/Akari_ros2_humble/install/akari_msgs/local/lib/python3.10/dist-packages/akari_msgs/srv'...
[24.977s] Compiling '/home/akariros/Akari_ros2_humble/install/akari_msgs/local/lib/python3.10/dist-packages/akari_msgs/srv/__init__.py'...
[24.978s] Compiling '/home/akariros/Akari_ros2_humble/install/akari_msgs/local/lib/python3.10/dist-packages/akari_msgs/srv/_set_allout.py'...
[24.978s] Compiling '/home/akariros/Akari_ros2_humble/install/akari_msgs/local/lib/python3.10/dist-packages/akari_msgs/srv/_set_display_color.py'...
[24.978s] Compiling '/home/akariros/Akari_ros2_humble/install/akari_msgs/local/lib/python3.10/dist-packages/akari_msgs/srv/_set_display_image.py'...
[24.978s] Compiling '/home/akariros/Akari_ros2_humble/install/akari_msgs/local/lib/python3.10/dist-packages/akari_msgs/srv/_set_display_text.py'...
[24.978s] Compiling '/home/akariros/Akari_ros2_humble/install/akari_msgs/local/lib/python3.10/dist-packages/akari_msgs/srv/_set_dout.py'...
[24.978s] Compiling '/home/akariros/Akari_ros2_humble/install/akari_msgs/local/lib/python3.10/dist-packages/akari_msgs/srv/_set_pwmout.py'...
[24.978s] Compiling '/home/akariros/Akari_ros2_humble/install/akari_msgs/local/lib/python3.10/dist-packages/akari_msgs/srv/_trigger.py'...
[24.983s] -- Installing: /home/akariros/Akari_ros2_humble/install/akari_msgs/local/lib/python3.10/dist-packages/akari_msgs/akari_msgs_s__rosidl_typesupport_fastrtps_c.cpython-310-x86_64-linux-gnu.so
[24.984s] -- Set runtime path of "/home/akariros/Akari_ros2_humble/install/akari_msgs/local/lib/python3.10/dist-packages/akari_msgs/akari_msgs_s__rosidl_typesupport_fastrtps_c.cpython-310-x86_64-linux-gnu.so" to ""
[24.984s] -- Installing: /home/akariros/Akari_ros2_humble/install/akari_msgs/local/lib/python3.10/dist-packages/akari_msgs/akari_msgs_s__rosidl_typesupport_introspection_c.cpython-310-x86_64-linux-gnu.so
[24.985s] -- Set runtime path of "/home/akariros/Akari_ros2_humble/install/akari_msgs/local/lib/python3.10/dist-packages/akari_msgs/akari_msgs_s__rosidl_typesupport_introspection_c.cpython-310-x86_64-linux-gnu.so" to ""
[24.985s] -- Installing: /home/akariros/Akari_ros2_humble/install/akari_msgs/local/lib/python3.10/dist-packages/akari_msgs/akari_msgs_s__rosidl_typesupport_c.cpython-310-x86_64-linux-gnu.so
[24.986s] -- Set runtime path of "/home/akariros/Akari_ros2_humble/install/akari_msgs/local/lib/python3.10/dist-packages/akari_msgs/akari_msgs_s__rosidl_typesupport_c.cpython-310-x86_64-linux-gnu.so" to ""
[24.986s] -- Installing: /home/akariros/Akari_ros2_humble/install/akari_msgs/lib/libakari_msgs__rosidl_generator_py.so
[24.987s] -- Set runtime path of "/home/akariros/Akari_ros2_humble/install/akari_msgs/lib/libakari_msgs__rosidl_generator_py.so" to ""
[24.987s] -- Installing: /home/akariros/Akari_ros2_humble/install/akari_msgs/share/akari_msgs/srv/SetAllout.idl
[24.988s] -- Installing: /home/akariros/Akari_ros2_humble/install/akari_msgs/share/akari_msgs/srv/SetDisplayColor.idl
[24.988s] -- Installing: /home/akariros/Akari_ros2_humble/install/akari_msgs/share/akari_msgs/srv/SetDisplayImage.idl
[24.988s] -- Installing: /home/akariros/Akari_ros2_humble/install/akari_msgs/share/akari_msgs/srv/SetDisplayText.idl
[24.988s] -- Installing: /home/akariros/Akari_ros2_humble/install/akari_msgs/share/akari_msgs/srv/SetDout.idl
[24.989s] -- Installing: /home/akariros/Akari_ros2_humble/install/akari_msgs/share/akari_msgs/srv/SetPwmout.idl
[24.989s] -- Installing: /home/akariros/Akari_ros2_humble/install/akari_msgs/share/akari_msgs/srv/Trigger.idl
[24.989s] -- Installing: /home/akariros/Akari_ros2_humble/install/akari_msgs/share/akari_msgs/msg/M5.idl
[24.989s] -- Installing: /home/akariros/Akari_ros2_humble/install/akari_msgs/share/akari_msgs/action/MoveJoint.idl
[24.990s] -- Installing: /home/akariros/Akari_ros2_humble/install/akari_msgs/share/akari_msgs/srv/SetAllout.srv
[24.990s] -- Installing: /home/akariros/Akari_ros2_humble/install/akari_msgs/share/akari_msgs/srv/SetAllout_Request.msg
[24.990s] -- Installing: /home/akariros/Akari_ros2_humble/install/akari_msgs/share/akari_msgs/srv/SetAllout_Response.msg
[24.990s] -- Installing: /home/akariros/Akari_ros2_humble/install/akari_msgs/share/akari_msgs/srv/SetDisplayColor.srv
[24.991s] -- Installing: /home/akariros/Akari_ros2_humble/install/akari_msgs/share/akari_msgs/srv/SetDisplayColor_Request.msg
[24.991s] -- Installing: /home/akariros/Akari_ros2_humble/install/akari_msgs/share/akari_msgs/srv/SetDisplayColor_Response.msg
[24.991s] -- Installing: /home/akariros/Akari_ros2_humble/install/akari_msgs/share/akari_msgs/srv/SetDisplayImage.srv
[24.991s] -- Installing: /home/akariros/Akari_ros2_humble/install/akari_msgs/share/akari_msgs/srv/SetDisplayImage_Request.msg
[24.992s] -- Installing: /home/akariros/Akari_ros2_humble/install/akari_msgs/share/akari_msgs/srv/SetDisplayImage_Response.msg
[24.992s] -- Installing: /home/akariros/Akari_ros2_humble/install/akari_msgs/share/akari_msgs/srv/SetDisplayText.srv
[24.992s] -- Installing: /home/akariros/Akari_ros2_humble/install/akari_msgs/share/akari_msgs/srv/SetDisplayText_Request.msg
[24.992s] -- Installing: /home/akariros/Akari_ros2_humble/install/akari_msgs/share/akari_msgs/srv/SetDisplayText_Response.msg
[24.993s] -- Installing: /home/akariros/Akari_ros2_humble/install/akari_msgs/share/akari_msgs/srv/SetDout.srv
[24.993s] -- Installing: /home/akariros/Akari_ros2_humble/install/akari_msgs/share/akari_msgs/srv/SetDout_Request.msg
[24.993s] -- Installing: /home/akariros/Akari_ros2_humble/install/akari_msgs/share/akari_msgs/srv/SetDout_Response.msg
[24.993s] -- Installing: /home/akariros/Akari_ros2_humble/install/akari_msgs/share/akari_msgs/srv/SetPwmout.srv
[24.994s] -- Installing: /home/akariros/Akari_ros2_humble/install/akari_msgs/share/akari_msgs/srv/SetPwmout_Request.msg
[24.994s] -- Installing: /home/akariros/Akari_ros2_humble/install/akari_msgs/share/akari_msgs/srv/SetPwmout_Response.msg
[24.994s] -- Installing: /home/akariros/Akari_ros2_humble/install/akari_msgs/share/akari_msgs/srv/Trigger.srv
[24.994s] -- Installing: /home/akariros/Akari_ros2_humble/install/akari_msgs/share/akari_msgs/srv/Trigger_Request.msg
[24.995s] -- Installing: /home/akariros/Akari_ros2_humble/install/akari_msgs/share/akari_msgs/srv/Trigger_Response.msg
[24.995s] -- Installing: /home/akariros/Akari_ros2_humble/install/akari_msgs/share/akari_msgs/msg/M5.msg
[24.995s] -- Installing: /home/akariros/Akari_ros2_humble/install/akari_msgs/share/akari_msgs/action/MoveJoint.action
[24.995s] -- Installing: /home/akariros/Akari_ros2_humble/install/akari_msgs/share/ament_index/resource_index/package_run_dependencies/akari_msgs
[24.995s] -- Installing: /home/akariros/Akari_ros2_humble/install/akari_msgs/share/ament_index/resource_index/parent_prefix_path/akari_msgs
[24.996s] -- Installing: /home/akariros/Akari_ros2_humble/install/akari_msgs/share/akari_msgs/environment/ament_prefix_path.sh
[24.996s] -- Installing: /home/akariros/Akari_ros2_humble/install/akari_msgs/share/akari_msgs/environment/ament_prefix_path.dsv
[24.996s] -- Installing: /home/akariros/Akari_ros2_humble/install/akari_msgs/share/akari_msgs/environment/path.sh
[24.996s] -- Installing: /home/akariros/Akari_ros2_humble/install/akari_msgs/share/akari_msgs/environment/path.dsv
[24.997s] -- Installing: /home/akariros/Akari_ros2_humble/install/akari_msgs/share/akari_msgs/local_setup.bash
[24.997s] -- Installing: /home/akariros/Akari_ros2_humble/install/akari_msgs/share/akari_msgs/local_setup.sh
[24.997s] -- Installing: /home/akariros/Akari_ros2_humble/install/akari_msgs/share/akari_msgs/local_setup.zsh
[24.997s] -- Installing: /home/akariros/Akari_ros2_humble/install/akari_msgs/share/akari_msgs/local_setup.dsv
[24.998s] -- Installing: /home/akariros/Akari_ros2_humble/install/akari_msgs/share/akari_msgs/package.dsv
[24.998s] -- Installing: /home/akariros/Akari_ros2_humble/install/akari_msgs/share/ament_index/resource_index/packages/akari_msgs
[24.998s] -- Installing: /home/akariros/Akari_ros2_humble/install/akari_msgs/share/akari_msgs/cmake/export_akari_msgs__rosidl_generator_cExport.cmake
[24.999s] -- Installing: /home/akariros/Akari_ros2_humble/install/akari_msgs/share/akari_msgs/cmake/export_akari_msgs__rosidl_generator_cExport-noconfig.cmake
[24.999s] -- Installing: /home/akariros/Akari_ros2_humble/install/akari_msgs/share/akari_msgs/cmake/export_akari_msgs__rosidl_typesupport_fastrtps_cExport.cmake
[24.999s] -- Installing: /home/akariros/Akari_ros2_humble/install/akari_msgs/share/akari_msgs/cmake/export_akari_msgs__rosidl_typesupport_fastrtps_cExport-noconfig.cmake
[24.999s] -- Installing: /home/akariros/Akari_ros2_humble/install/akari_msgs/share/akari_msgs/cmake/export_akari_msgs__rosidl_generator_cppExport.cmake
[25.000s] -- Installing: /home/akariros/Akari_ros2_humble/install/akari_msgs/share/akari_msgs/cmake/export_akari_msgs__rosidl_typesupport_fastrtps_cppExport.cmake
[25.000s] -- Installing: /home/akariros/Akari_ros2_humble/install/akari_msgs/share/akari_msgs/cmake/export_akari_msgs__rosidl_typesupport_fastrtps_cppExport-noconfig.cmake
[25.000s] -- Installing: /home/akariros/Akari_ros2_humble/install/akari_msgs/share/akari_msgs/cmake/akari_msgs__rosidl_typesupport_introspection_cExport.cmake
[25.001s] -- Installing: /home/akariros/Akari_ros2_humble/install/akari_msgs/share/akari_msgs/cmake/akari_msgs__rosidl_typesupport_introspection_cExport-noconfig.cmake
[25.001s] -- Installing: /home/akariros/Akari_ros2_humble/install/akari_msgs/share/akari_msgs/cmake/akari_msgs__rosidl_typesupport_cExport.cmake
[25.001s] -- Installing: /home/akariros/Akari_ros2_humble/install/akari_msgs/share/akari_msgs/cmake/akari_msgs__rosidl_typesupport_cExport-noconfig.cmake
[25.001s] -- Installing: /home/akariros/Akari_ros2_humble/install/akari_msgs/share/akari_msgs/cmake/akari_msgs__rosidl_typesupport_introspection_cppExport.cmake
[25.002s] -- Installing: /home/akariros/Akari_ros2_humble/install/akari_msgs/share/akari_msgs/cmake/akari_msgs__rosidl_typesupport_introspection_cppExport-noconfig.cmake
[25.002s] -- Installing: /home/akariros/Akari_ros2_humble/install/akari_msgs/share/akari_msgs/cmake/akari_msgs__rosidl_typesupport_cppExport.cmake
[25.002s] -- Installing: /home/akariros/Akari_ros2_humble/install/akari_msgs/share/akari_msgs/cmake/akari_msgs__rosidl_typesupport_cppExport-noconfig.cmake
[25.003s] -- Installing: /home/akariros/Akari_ros2_humble/install/akari_msgs/share/akari_msgs/cmake/export_akari_msgs__rosidl_generator_pyExport.cmake
[25.003s] -- Installing: /home/akariros/Akari_ros2_humble/install/akari_msgs/share/akari_msgs/cmake/export_akari_msgs__rosidl_generator_pyExport-noconfig.cmake
[25.003s] -- Installing: /home/akariros/Akari_ros2_humble/install/akari_msgs/share/akari_msgs/cmake/rosidl_cmake-extras.cmake
[25.003s] -- Installing: /home/akariros/Akari_ros2_humble/install/akari_msgs/share/akari_msgs/cmake/ament_cmake_export_dependencies-extras.cmake
[25.003s] -- Installing: /home/akariros/Akari_ros2_humble/install/akari_msgs/share/akari_msgs/cmake/ament_cmake_export_include_directories-extras.cmake
[25.004s] -- Installing: /home/akariros/Akari_ros2_humble/install/akari_msgs/share/akari_msgs/cmake/ament_cmake_export_libraries-extras.cmake
[25.004s] -- Installing: /home/akariros/Akari_ros2_humble/install/akari_msgs/share/akari_msgs/cmake/ament_cmake_export_targets-extras.cmake
[25.004s] -- Installing: /home/akariros/Akari_ros2_humble/install/akari_msgs/share/akari_msgs/cmake/rosidl_cmake_export_typesupport_targets-extras.cmake
[25.004s] -- Installing: /home/akariros/Akari_ros2_humble/install/akari_msgs/share/akari_msgs/cmake/rosidl_cmake_export_typesupport_libraries-extras.cmake
[25.005s] -- Installing: /home/akariros/Akari_ros2_humble/install/akari_msgs/share/akari_msgs/cmake/akari_msgsConfig.cmake
[25.005s] -- Installing: /home/akariros/Akari_ros2_humble/install/akari_msgs/share/akari_msgs/cmake/akari_msgsConfig-version.cmake
[25.005s] -- Installing: /home/akariros/Akari_ros2_humble/install/akari_msgs/share/akari_msgs/package.xml
[25.009s] Invoked command in '/home/akariros/Akari_ros2_humble/build/akari_msgs' returned '0': CMAKE_PREFIX_PATH=/opt/ros/humble /usr/bin/cmake --install /home/akariros/Akari_ros2_humble/build/akari_msgs
