[0.713s] DEBUG:colcon:Command line arguments: ['/usr/bin/colcon', 'build']
[0.713s] DEBUG:colcon:Parsed command line arguments: Namespace(log_base=None, log_level=None, verb_name='build', build_base='build', install_base='install', merge_install=False, symlink_install=False, test_result_base=None, continue_on_error=False, executor='parallel', parallel_workers=4, event_handlers=None, ignore_user_meta=False, metas=['./colcon.meta'], base_paths=['.'], packages_ignore=None, packages_ignore_regex=None, paths=None, packages_up_to=None, packages_up_to_regex=None, packages_above=None, packages_above_and_dependencies=None, packages_above_depth=None, packages_select_by_dep=None, packages_skip_by_dep=None, packages_skip_up_to=None, packages_select_build_failed=False, packages_skip_build_finished=False, packages_select_test_failures=False, packages_skip_test_passed=False, packages_select=None, packages_skip=None, packages_select_regex=None, packages_skip_regex=None, packages_start=None, packages_end=None, allow_overriding=[], cmake_args=None, cmake_target=None, cmake_target_skip_unavailable=False, cmake_clean_cache=False, cmake_clean_first=False, cmake_force_configure=False, ament_cmake_args=None, catkin_cmake_args=None, catkin_skip_building_tests=False, verb_parser=<colcon_defaults.argument_parser.defaults.DefaultArgumentsDecorator object at 0x7f2288cf6290>, verb_extension=<colcon_core.verb.build.BuildVerb object at 0x7f22894e8a90>, main=<bound method BuildVerb.main of <colcon_core.verb.build.BuildVerb object at 0x7f22894e8a90>>)
[0.760s] Level 1:colcon.colcon_core.package_discovery:discover_packages(colcon_meta) check parameters
[0.761s] Level 1:colcon.colcon_core.package_discovery:discover_packages(recursive) check parameters
[0.761s] Level 1:colcon.colcon_core.package_discovery:discover_packages(ignore) check parameters
[0.761s] Level 1:colcon.colcon_core.package_discovery:discover_packages(path) check parameters
[0.761s] Level 1:colcon.colcon_core.package_discovery:discover_packages(colcon_meta) discover
[0.761s] Level 1:colcon.colcon_core.package_discovery:discover_packages(recursive) discover
[0.761s] INFO:colcon.colcon_core.package_discovery:Crawling recursively for packages in '/home/akariros/Akari_ros2_humble'
[0.761s] Level 1:colcon.colcon_core.package_identification:_identify(.) by extensions ['ignore', 'ignore_ament_install']
[0.761s] Level 1:colcon.colcon_core.package_identification:_identify(.) by extension 'ignore'
[0.761s] Level 1:colcon.colcon_core.package_identification:_identify(.) by extension 'ignore_ament_install'
[0.761s] Level 1:colcon.colcon_core.package_identification:_identify(.) by extensions ['colcon_pkg']
[0.761s] Level 1:colcon.colcon_core.package_identification:_identify(.) by extension 'colcon_pkg'
[0.761s] Level 1:colcon.colcon_core.package_identification:_identify(.) by extensions ['colcon_meta']
[0.761s] Level 1:colcon.colcon_core.package_identification:_identify(.) by extension 'colcon_meta'
[0.762s] Level 1:colcon.colcon_core.package_identification:_identify(.) by extensions ['ros']
[0.762s] Level 1:colcon.colcon_core.package_identification:_identify(.) by extension 'ros'
[0.778s] Level 1:colcon.colcon_core.package_identification:_identify(.) by extensions ['cmake', 'python']
[0.778s] Level 1:colcon.colcon_core.package_identification:_identify(.) by extension 'cmake'
[0.778s] Level 1:colcon.colcon_core.package_identification:_identify(.) by extension 'python'
[0.778s] Level 1:colcon.colcon_core.package_identification:_identify(.) by extensions ['python_setup_py']
[0.778s] Level 1:colcon.colcon_core.package_identification:_identify(.) by extension 'python_setup_py'
[0.778s] Level 1:colcon.colcon_core.package_identification:_identify(akari_client_example) by extensions ['ignore', 'ignore_ament_install']
[0.778s] Level 1:colcon.colcon_core.package_identification:_identify(akari_client_example) by extension 'ignore'
[0.778s] Level 1:colcon.colcon_core.package_identification:_identify(akari_client_example) by extension 'ignore_ament_install'
[0.778s] Level 1:colcon.colcon_core.package_identification:_identify(akari_client_example) by extensions ['colcon_pkg']
[0.778s] Level 1:colcon.colcon_core.package_identification:_identify(akari_client_example) by extension 'colcon_pkg'
[0.778s] Level 1:colcon.colcon_core.package_identification:_identify(akari_client_example) by extensions ['colcon_meta']
[0.778s] Level 1:colcon.colcon_core.package_identification:_identify(akari_client_example) by extension 'colcon_meta'
[0.779s] Level 1:colcon.colcon_core.package_identification:_identify(akari_client_example) by extensions ['ros']
[0.779s] Level 1:colcon.colcon_core.package_identification:_identify(akari_client_example) by extension 'ros'
[0.782s] DEBUG:colcon.colcon_core.package_identification:Package 'akari_client_example' with type 'ros.ament_python' and name 'akari_client_example'
[0.783s] Level 1:colcon.colcon_core.package_identification:_identify(akari_launch) by extensions ['ignore', 'ignore_ament_install']
[0.783s] Level 1:colcon.colcon_core.package_identification:_identify(akari_launch) by extension 'ignore'
[0.783s] Level 1:colcon.colcon_core.package_identification:_identify(akari_launch) by extension 'ignore_ament_install'
[0.783s] Level 1:colcon.colcon_core.package_identification:_identify(akari_launch) by extensions ['colcon_pkg']
[0.783s] Level 1:colcon.colcon_core.package_identification:_identify(akari_launch) by extension 'colcon_pkg'
[0.783s] Level 1:colcon.colcon_core.package_identification:_identify(akari_launch) by extensions ['colcon_meta']
[0.783s] Level 1:colcon.colcon_core.package_identification:_identify(akari_launch) by extension 'colcon_meta'
[0.783s] Level 1:colcon.colcon_core.package_identification:_identify(akari_launch) by extensions ['ros']
[0.783s] Level 1:colcon.colcon_core.package_identification:_identify(akari_launch) by extension 'ros'
[0.784s] DEBUG:colcon.colcon_core.package_identification:Package 'akari_launch' with type 'ros.ament_python' and name 'akari_launch'
[0.784s] Level 1:colcon.colcon_core.package_identification:_identify(akari_msgs) by extensions ['ignore', 'ignore_ament_install']
[0.784s] Level 1:colcon.colcon_core.package_identification:_identify(akari_msgs) by extension 'ignore'
[0.785s] Level 1:colcon.colcon_core.package_identification:_identify(akari_msgs) by extension 'ignore_ament_install'
[0.785s] Level 1:colcon.colcon_core.package_identification:_identify(akari_msgs) by extensions ['colcon_pkg']
[0.785s] Level 1:colcon.colcon_core.package_identification:_identify(akari_msgs) by extension 'colcon_pkg'
[0.785s] Level 1:colcon.colcon_core.package_identification:_identify(akari_msgs) by extensions ['colcon_meta']
[0.785s] Level 1:colcon.colcon_core.package_identification:_identify(akari_msgs) by extension 'colcon_meta'
[0.785s] Level 1:colcon.colcon_core.package_identification:_identify(akari_msgs) by extensions ['ros']
[0.785s] Level 1:colcon.colcon_core.package_identification:_identify(akari_msgs) by extension 'ros'
[0.786s] DEBUG:colcon.colcon_core.package_identification:Package 'akari_msgs' with type 'ros.ament_cmake' and name 'akari_msgs'
[0.786s] Level 1:colcon.colcon_core.package_identification:_identify(akari_setting_publisher) by extensions ['ignore', 'ignore_ament_install']
[0.786s] Level 1:colcon.colcon_core.package_identification:_identify(akari_setting_publisher) by extension 'ignore'
[0.786s] Level 1:colcon.colcon_core.package_identification:_identify(akari_setting_publisher) by extension 'ignore_ament_install'
[0.787s] Level 1:colcon.colcon_core.package_identification:_identify(akari_setting_publisher) by extensions ['colcon_pkg']
[0.787s] Level 1:colcon.colcon_core.package_identification:_identify(akari_setting_publisher) by extension 'colcon_pkg'
[0.787s] Level 1:colcon.colcon_core.package_identification:_identify(akari_setting_publisher) by extensions ['colcon_meta']
[0.787s] Level 1:colcon.colcon_core.package_identification:_identify(akari_setting_publisher) by extension 'colcon_meta'
[0.787s] Level 1:colcon.colcon_core.package_identification:_identify(akari_setting_publisher) by extensions ['ros']
[0.787s] Level 1:colcon.colcon_core.package_identification:_identify(akari_setting_publisher) by extension 'ros'
[0.788s] DEBUG:colcon.colcon_core.package_identification:Package 'akari_setting_publisher' with type 'ros.ament_python' and name 'akari_setting_publisher'
[0.788s] Level 1:colcon.colcon_core.package_identification:_identify(akari_state_publisher) by extensions ['ignore', 'ignore_ament_install']
[0.788s] Level 1:colcon.colcon_core.package_identification:_identify(akari_state_publisher) by extension 'ignore'
[0.788s] Level 1:colcon.colcon_core.package_identification:_identify(akari_state_publisher) by extension 'ignore_ament_install'
[0.788s] Level 1:colcon.colcon_core.package_identification:_identify(akari_state_publisher) by extensions ['colcon_pkg']
[0.788s] Level 1:colcon.colcon_core.package_identification:_identify(akari_state_publisher) by extension 'colcon_pkg'
[0.788s] Level 1:colcon.colcon_core.package_identification:_identify(akari_state_publisher) by extensions ['colcon_meta']
[0.789s] Level 1:colcon.colcon_core.package_identification:_identify(akari_state_publisher) by extension 'colcon_meta'
[0.789s] Level 1:colcon.colcon_core.package_identification:_identify(akari_state_publisher) by extensions ['ros']
[0.789s] Level 1:colcon.colcon_core.package_identification:_identify(akari_state_publisher) by extension 'ros'
[0.790s] DEBUG:colcon.colcon_core.package_identification:Package 'akari_state_publisher' with type 'ros.ament_python' and name 'akari_state_publisher'
[0.790s] Level 1:colcon.colcon_core.package_identification:_identify(build) by extensions ['ignore', 'ignore_ament_install']
[0.790s] Level 1:colcon.colcon_core.package_identification:_identify(build) by extension 'ignore'
[0.790s] Level 1:colcon.colcon_core.package_identification:_identify(build) ignored
[0.790s] Level 1:colcon.colcon_core.package_identification:_identify(install) by extensions ['ignore', 'ignore_ament_install']
[0.790s] Level 1:colcon.colcon_core.package_identification:_identify(install) by extension 'ignore'
[0.790s] Level 1:colcon.colcon_core.package_identification:_identify(install) ignored
[0.790s] Level 1:colcon.colcon_core.package_identification:_identify(log) by extensions ['ignore', 'ignore_ament_install']
[0.791s] Level 1:colcon.colcon_core.package_identification:_identify(log) by extension 'ignore'
[0.791s] Level 1:colcon.colcon_core.package_identification:_identify(log) ignored
[0.791s] Level 1:colcon.colcon_core.package_identification:_identify(m5_server) by extensions ['ignore', 'ignore_ament_install']
[0.791s] Level 1:colcon.colcon_core.package_identification:_identify(m5_server) by extension 'ignore'
[0.791s] Level 1:colcon.colcon_core.package_identification:_identify(m5_server) by extension 'ignore_ament_install'
[0.791s] Level 1:colcon.colcon_core.package_identification:_identify(m5_server) by extensions ['colcon_pkg']
[0.791s] Level 1:colcon.colcon_core.package_identification:_identify(m5_server) by extension 'colcon_pkg'
[0.791s] Level 1:colcon.colcon_core.package_identification:_identify(m5_server) by extensions ['colcon_meta']
[0.791s] Level 1:colcon.colcon_core.package_identification:_identify(m5_server) by extension 'colcon_meta'
[0.791s] Level 1:colcon.colcon_core.package_identification:_identify(m5_server) by extensions ['ros']
[0.791s] Level 1:colcon.colcon_core.package_identification:_identify(m5_server) by extension 'ros'
[0.793s] DEBUG:colcon.colcon_core.package_identification:Package 'm5_server' with type 'ros.ament_python' and name 'm5_server'
[0.793s] Level 1:colcon.colcon_core.package_identification:_identify(servo_server) by extensions ['ignore', 'ignore_ament_install']
[0.793s] Level 1:colcon.colcon_core.package_identification:_identify(servo_server) by extension 'ignore'
[0.793s] Level 1:colcon.colcon_core.package_identification:_identify(servo_server) by extension 'ignore_ament_install'
[0.793s] Level 1:colcon.colcon_core.package_identification:_identify(servo_server) by extensions ['colcon_pkg']
[0.793s] Level 1:colcon.colcon_core.package_identification:_identify(servo_server) by extension 'colcon_pkg'
[0.793s] Level 1:colcon.colcon_core.package_identification:_identify(servo_server) by extensions ['colcon_meta']
[0.794s] Level 1:colcon.colcon_core.package_identification:_identify(servo_server) by extension 'colcon_meta'
[0.794s] Level 1:colcon.colcon_core.package_identification:_identify(servo_server) by extensions ['ros']
[0.794s] Level 1:colcon.colcon_core.package_identification:_identify(servo_server) by extension 'ros'
[0.797s] DEBUG:colcon.colcon_core.package_identification:Package 'servo_server' with type 'ros.ament_python' and name 'servo_server'
[0.798s] Level 1:colcon.colcon_core.package_discovery:discover_packages(recursive) using defaults
[0.798s] Level 1:colcon.colcon_core.package_discovery:discover_packages(ignore) discover
[0.798s] Level 1:colcon.colcon_core.package_discovery:discover_packages(ignore) using defaults
[0.798s] Level 1:colcon.colcon_core.package_discovery:discover_packages(path) discover
[0.798s] Level 1:colcon.colcon_core.package_discovery:discover_packages(path) using defaults
[0.836s] Level 1:colcon.colcon_core.package_discovery:discover_packages(prefix_path) check parameters
[0.836s] Level 1:colcon.colcon_core.package_discovery:discover_packages(prefix_path) discover
[0.842s] DEBUG:colcon.colcon_installed_package_information.package_discovery:Found 7 installed packages in /home/akariros/Akari_ros2_humble/install
[0.846s] DEBUG:colcon.colcon_installed_package_information.package_discovery:Found 272 installed packages in /opt/ros/humble
[0.849s] Level 1:colcon.colcon_core.package_discovery:discover_packages(prefix_path) using defaults
[0.962s] Level 5:colcon.colcon_core.verb:set package 'akari_client_example' build argument 'cmake_args' from command line to 'None'
[0.962s] Level 5:colcon.colcon_core.verb:set package 'akari_client_example' build argument 'cmake_target' from command line to 'None'
[0.962s] Level 5:colcon.colcon_core.verb:set package 'akari_client_example' build argument 'cmake_target_skip_unavailable' from command line to 'False'
[0.962s] Level 5:colcon.colcon_core.verb:set package 'akari_client_example' build argument 'cmake_clean_cache' from command line to 'False'
[0.962s] Level 5:colcon.colcon_core.verb:set package 'akari_client_example' build argument 'cmake_clean_first' from command line to 'False'
[0.962s] Level 5:colcon.colcon_core.verb:set package 'akari_client_example' build argument 'cmake_force_configure' from command line to 'False'
[0.962s] Level 5:colcon.colcon_core.verb:set package 'akari_client_example' build argument 'ament_cmake_args' from command line to 'None'
[0.962s] Level 5:colcon.colcon_core.verb:set package 'akari_client_example' build argument 'catkin_cmake_args' from command line to 'None'
[0.962s] Level 5:colcon.colcon_core.verb:set package 'akari_client_example' build argument 'catkin_skip_building_tests' from command line to 'False'
[0.962s] DEBUG:colcon.colcon_core.verb:Building package 'akari_client_example' with the following arguments: {'ament_cmake_args': None, 'build_base': '/home/akariros/Akari_ros2_humble/build/akari_client_example', 'catkin_cmake_args': None, 'catkin_skip_building_tests': False, 'cmake_args': None, 'cmake_clean_cache': False, 'cmake_clean_first': False, 'cmake_force_configure': False, 'cmake_target': None, 'cmake_target_skip_unavailable': False, 'install_base': '/home/akariros/Akari_ros2_humble/install/akari_client_example', 'merge_install': False, 'path': '/home/akariros/Akari_ros2_humble/akari_client_example', 'symlink_install': False, 'test_result_base': None}
[0.964s] Level 5:colcon.colcon_core.verb:set package 'akari_launch' build argument 'cmake_args' from command line to 'None'
[0.964s] Level 5:colcon.colcon_core.verb:set package 'akari_launch' build argument 'cmake_target' from command line to 'None'
[0.964s] Level 5:colcon.colcon_core.verb:set package 'akari_launch' build argument 'cmake_target_skip_unavailable' from command line to 'False'
[0.964s] Level 5:colcon.colcon_core.verb:set package 'akari_launch' build argument 'cmake_clean_cache' from command line to 'False'
[0.964s] Level 5:colcon.colcon_core.verb:set package 'akari_launch' build argument 'cmake_clean_first' from command line to 'False'
[0.964s] Level 5:colcon.colcon_core.verb:set package 'akari_launch' build argument 'cmake_force_configure' from command line to 'False'
[0.964s] Level 5:colcon.colcon_core.verb:set package 'akari_launch' build argument 'ament_cmake_args' from command line to 'None'
[0.964s] Level 5:colcon.colcon_core.verb:set package 'akari_launch' build argument 'catkin_cmake_args' from command line to 'None'
[0.964s] Level 5:colcon.colcon_core.verb:set package 'akari_launch' build argument 'catkin_skip_building_tests' from command line to 'False'
[0.964s] DEBUG:colcon.colcon_core.verb:Building package 'akari_launch' with the following arguments: {'ament_cmake_args': None, 'build_base': '/home/akariros/Akari_ros2_humble/build/akari_launch', 'catkin_cmake_args': None, 'catkin_skip_building_tests': False, 'cmake_args': None, 'cmake_clean_cache': False, 'cmake_clean_first': False, 'cmake_force_configure': False, 'cmake_target': None, 'cmake_target_skip_unavailable': False, 'install_base': '/home/akariros/Akari_ros2_humble/install/akari_launch', 'merge_install': False, 'path': '/home/akariros/Akari_ros2_humble/akari_launch', 'symlink_install': False, 'test_result_base': None}
[0.966s] Level 5:colcon.colcon_core.verb:set package 'akari_msgs' build argument 'cmake_args' from command line to 'None'
[0.966s] Level 5:colcon.colcon_core.verb:set package 'akari_msgs' build argument 'cmake_target' from command line to 'None'
[0.966s] Level 5:colcon.colcon_core.verb:set package 'akari_msgs' build argument 'cmake_target_skip_unavailable' from command line to 'False'
[0.966s] Level 5:colcon.colcon_core.verb:set package 'akari_msgs' build argument 'cmake_clean_cache' from command line to 'False'
[0.966s] Level 5:colcon.colcon_core.verb:set package 'akari_msgs' build argument 'cmake_clean_first' from command line to 'False'
[0.966s] Level 5:colcon.colcon_core.verb:set package 'akari_msgs' build argument 'cmake_force_configure' from command line to 'False'
[0.966s] Level 5:colcon.colcon_core.verb:set package 'akari_msgs' build argument 'ament_cmake_args' from command line to 'None'
[0.966s] Level 5:colcon.colcon_core.verb:set package 'akari_msgs' build argument 'catkin_cmake_args' from command line to 'None'
[0.966s] Level 5:colcon.colcon_core.verb:set package 'akari_msgs' build argument 'catkin_skip_building_tests' from command line to 'False'
[0.966s] DEBUG:colcon.colcon_core.verb:Building package 'akari_msgs' with the following arguments: {'ament_cmake_args': None, 'build_base': '/home/akariros/Akari_ros2_humble/build/akari_msgs', 'catkin_cmake_args': None, 'catkin_skip_building_tests': False, 'cmake_args': None, 'cmake_clean_cache': False, 'cmake_clean_first': False, 'cmake_force_configure': False, 'cmake_target': None, 'cmake_target_skip_unavailable': False, 'install_base': '/home/akariros/Akari_ros2_humble/install/akari_msgs', 'merge_install': False, 'path': '/home/akariros/Akari_ros2_humble/akari_msgs', 'symlink_install': False, 'test_result_base': None}
[0.968s] Level 5:colcon.colcon_core.verb:set package 'akari_setting_publisher' build argument 'cmake_args' from command line to 'None'
[0.968s] Level 5:colcon.colcon_core.verb:set package 'akari_setting_publisher' build argument 'cmake_target' from command line to 'None'
[0.968s] Level 5:colcon.colcon_core.verb:set package 'akari_setting_publisher' build argument 'cmake_target_skip_unavailable' from command line to 'False'
[0.968s] Level 5:colcon.colcon_core.verb:set package 'akari_setting_publisher' build argument 'cmake_clean_cache' from command line to 'False'
[0.968s] Level 5:colcon.colcon_core.verb:set package 'akari_setting_publisher' build argument 'cmake_clean_first' from command line to 'False'
[0.968s] Level 5:colcon.colcon_core.verb:set package 'akari_setting_publisher' build argument 'cmake_force_configure' from command line to 'False'
[0.968s] Level 5:colcon.colcon_core.verb:set package 'akari_setting_publisher' build argument 'ament_cmake_args' from command line to 'None'
[0.968s] Level 5:colcon.colcon_core.verb:set package 'akari_setting_publisher' build argument 'catkin_cmake_args' from command line to 'None'
[0.968s] Level 5:colcon.colcon_core.verb:set package 'akari_setting_publisher' build argument 'catkin_skip_building_tests' from command line to 'False'
[0.968s] DEBUG:colcon.colcon_core.verb:Building package 'akari_setting_publisher' with the following arguments: {'ament_cmake_args': None, 'build_base': '/home/akariros/Akari_ros2_humble/build/akari_setting_publisher', 'catkin_cmake_args': None, 'catkin_skip_building_tests': False, 'cmake_args': None, 'cmake_clean_cache': False, 'cmake_clean_first': False, 'cmake_force_configure': False, 'cmake_target': None, 'cmake_target_skip_unavailable': False, 'install_base': '/home/akariros/Akari_ros2_humble/install/akari_setting_publisher', 'merge_install': False, 'path': '/home/akariros/Akari_ros2_humble/akari_setting_publisher', 'symlink_install': False, 'test_result_base': None}
[0.970s] Level 5:colcon.colcon_core.verb:set package 'akari_state_publisher' build argument 'cmake_args' from command line to 'None'
[0.970s] Level 5:colcon.colcon_core.verb:set package 'akari_state_publisher' build argument 'cmake_target' from command line to 'None'
[0.970s] Level 5:colcon.colcon_core.verb:set package 'akari_state_publisher' build argument 'cmake_target_skip_unavailable' from command line to 'False'
[0.970s] Level 5:colcon.colcon_core.verb:set package 'akari_state_publisher' build argument 'cmake_clean_cache' from command line to 'False'
[0.970s] Level 5:colcon.colcon_core.verb:set package 'akari_state_publisher' build argument 'cmake_clean_first' from command line to 'False'
[0.970s] Level 5:colcon.colcon_core.verb:set package 'akari_state_publisher' build argument 'cmake_force_configure' from command line to 'False'
[0.970s] Level 5:colcon.colcon_core.verb:set package 'akari_state_publisher' build argument 'ament_cmake_args' from command line to 'None'
[0.970s] Level 5:colcon.colcon_core.verb:set package 'akari_state_publisher' build argument 'catkin_cmake_args' from command line to 'None'
[0.970s] Level 5:colcon.colcon_core.verb:set package 'akari_state_publisher' build argument 'catkin_skip_building_tests' from command line to 'False'
[0.970s] DEBUG:colcon.colcon_core.verb:Building package 'akari_state_publisher' with the following arguments: {'ament_cmake_args': None, 'build_base': '/home/akariros/Akari_ros2_humble/build/akari_state_publisher', 'catkin_cmake_args': None, 'catkin_skip_building_tests': False, 'cmake_args': None, 'cmake_clean_cache': False, 'cmake_clean_first': False, 'cmake_force_configure': False, 'cmake_target': None, 'cmake_target_skip_unavailable': False, 'install_base': '/home/akariros/Akari_ros2_humble/install/akari_state_publisher', 'merge_install': False, 'path': '/home/akariros/Akari_ros2_humble/akari_state_publisher', 'symlink_install': False, 'test_result_base': None}
[0.972s] Level 5:colcon.colcon_core.verb:set package 'm5_server' build argument 'cmake_args' from command line to 'None'
[0.972s] Level 5:colcon.colcon_core.verb:set package 'm5_server' build argument 'cmake_target' from command line to 'None'
[0.972s] Level 5:colcon.colcon_core.verb:set package 'm5_server' build argument 'cmake_target_skip_unavailable' from command line to 'False'
[0.972s] Level 5:colcon.colcon_core.verb:set package 'm5_server' build argument 'cmake_clean_cache' from command line to 'False'
[0.972s] Level 5:colcon.colcon_core.verb:set package 'm5_server' build argument 'cmake_clean_first' from command line to 'False'
[0.972s] Level 5:colcon.colcon_core.verb:set package 'm5_server' build argument 'cmake_force_configure' from command line to 'False'
[0.972s] Level 5:colcon.colcon_core.verb:set package 'm5_server' build argument 'ament_cmake_args' from command line to 'None'
[0.972s] Level 5:colcon.colcon_core.verb:set package 'm5_server' build argument 'catkin_cmake_args' from command line to 'None'
[0.972s] Level 5:colcon.colcon_core.verb:set package 'm5_server' build argument 'catkin_skip_building_tests' from command line to 'False'
[0.972s] DEBUG:colcon.colcon_core.verb:Building package 'm5_server' with the following arguments: {'ament_cmake_args': None, 'build_base': '/home/akariros/Akari_ros2_humble/build/m5_server', 'catkin_cmake_args': None, 'catkin_skip_building_tests': False, 'cmake_args': None, 'cmake_clean_cache': False, 'cmake_clean_first': False, 'cmake_force_configure': False, 'cmake_target': None, 'cmake_target_skip_unavailable': False, 'install_base': '/home/akariros/Akari_ros2_humble/install/m5_server', 'merge_install': False, 'path': '/home/akariros/Akari_ros2_humble/m5_server', 'symlink_install': False, 'test_result_base': None}
[0.974s] Level 5:colcon.colcon_core.verb:set package 'servo_server' build argument 'cmake_args' from command line to 'None'
[0.974s] Level 5:colcon.colcon_core.verb:set package 'servo_server' build argument 'cmake_target' from command line to 'None'
[0.974s] Level 5:colcon.colcon_core.verb:set package 'servo_server' build argument 'cmake_target_skip_unavailable' from command line to 'False'
[0.974s] Level 5:colcon.colcon_core.verb:set package 'servo_server' build argument 'cmake_clean_cache' from command line to 'False'
[0.974s] Level 5:colcon.colcon_core.verb:set package 'servo_server' build argument 'cmake_clean_first' from command line to 'False'
[0.974s] Level 5:colcon.colcon_core.verb:set package 'servo_server' build argument 'cmake_force_configure' from command line to 'False'
[0.974s] Level 5:colcon.colcon_core.verb:set package 'servo_server' build argument 'ament_cmake_args' from command line to 'None'
[0.974s] Level 5:colcon.colcon_core.verb:set package 'servo_server' build argument 'catkin_cmake_args' from command line to 'None'
[0.974s] Level 5:colcon.colcon_core.verb:set package 'servo_server' build argument 'catkin_skip_building_tests' from command line to 'False'
[0.974s] DEBUG:colcon.colcon_core.verb:Building package 'servo_server' with the following arguments: {'ament_cmake_args': None, 'build_base': '/home/akariros/Akari_ros2_humble/build/servo_server', 'catkin_cmake_args': None, 'catkin_skip_building_tests': False, 'cmake_args': None, 'cmake_clean_cache': False, 'cmake_clean_first': False, 'cmake_force_configure': False, 'cmake_target': None, 'cmake_target_skip_unavailable': False, 'install_base': '/home/akariros/Akari_ros2_humble/install/servo_server', 'merge_install': False, 'path': '/home/akariros/Akari_ros2_humble/servo_server', 'symlink_install': False, 'test_result_base': None}
[0.975s] INFO:colcon.colcon_core.executor:Executing jobs using 'parallel' executor
[0.983s] DEBUG:colcon.colcon_parallel_executor.executor.parallel:run_until_complete
[0.984s] INFO:colcon.colcon_ros.task.ament_python.build:Building ROS package in '/home/akariros/Akari_ros2_humble/akari_client_example' with build type 'ament_python'
[0.984s] Level 1:colcon.colcon_core.shell:create_environment_hook('akari_client_example', 'ament_prefix_path')
[0.996s] INFO:colcon.colcon_core.plugin_system:Skipping extension 'colcon_core.shell.bat': Not used on non-Windows systems
[0.996s] INFO:colcon.colcon_core.shell:Creating environment hook '/home/akariros/Akari_ros2_humble/install/akari_client_example/share/akari_client_example/hook/ament_prefix_path.ps1'
[0.998s] INFO:colcon.colcon_core.shell:Creating environment descriptor '/home/akariros/Akari_ros2_humble/install/akari_client_example/share/akari_client_example/hook/ament_prefix_path.dsv'
[0.999s] INFO:colcon.colcon_core.shell:Creating environment hook '/home/akariros/Akari_ros2_humble/install/akari_client_example/share/akari_client_example/hook/ament_prefix_path.sh'
[1.004s] INFO:colcon.colcon_core.shell:Skip shell extension 'powershell' for command environment: Not usable outside of PowerShell
[1.004s] DEBUG:colcon.colcon_core.shell:Skip shell extension 'dsv' for command environment
[1.011s] INFO:colcon.colcon_ros.task.ament_python.build:Building ROS package in '/home/akariros/Akari_ros2_humble/akari_launch' with build type 'ament_python'
[1.011s] Level 1:colcon.colcon_core.shell:create_environment_hook('akari_launch', 'ament_prefix_path')
[1.015s] INFO:colcon.colcon_core.shell:Creating environment hook '/home/akariros/Akari_ros2_humble/install/akari_launch/share/akari_launch/hook/ament_prefix_path.ps1'
[1.016s] INFO:colcon.colcon_core.shell:Creating environment descriptor '/home/akariros/Akari_ros2_humble/install/akari_launch/share/akari_launch/hook/ament_prefix_path.dsv'
[1.016s] INFO:colcon.colcon_core.shell:Creating environment hook '/home/akariros/Akari_ros2_humble/install/akari_launch/share/akari_launch/hook/ament_prefix_path.sh'
[1.019s] INFO:colcon.colcon_core.shell:Skip shell extension 'powershell' for command environment: Not usable outside of PowerShell
[1.019s] DEBUG:colcon.colcon_core.shell:Skip shell extension 'dsv' for command environment
[1.025s] INFO:colcon.colcon_ros.task.ament_cmake.build:Building ROS package in '/home/akariros/Akari_ros2_humble/akari_msgs' with build type 'ament_cmake'
[1.026s] INFO:colcon.colcon_cmake.task.cmake.build:Building CMake package in '/home/akariros/Akari_ros2_humble/akari_msgs'
[1.029s] INFO:colcon.colcon_core.shell:Skip shell extension 'powershell' for command environment: Not usable outside of PowerShell
[1.029s] DEBUG:colcon.colcon_core.shell:Skip shell extension 'dsv' for command environment
[1.038s] INFO:colcon.colcon_ros.task.ament_python.build:Building ROS package in '/home/akariros/Akari_ros2_humble/akari_setting_publisher' with build type 'ament_python'
[1.039s] Level 1:colcon.colcon_core.shell:create_environment_hook('akari_setting_publisher', 'ament_prefix_path')
[1.043s] INFO:colcon.colcon_core.shell:Creating environment hook '/home/akariros/Akari_ros2_humble/install/akari_setting_publisher/share/akari_setting_publisher/hook/ament_prefix_path.ps1'
[1.044s] INFO:colcon.colcon_core.shell:Creating environment descriptor '/home/akariros/Akari_ros2_humble/install/akari_setting_publisher/share/akari_setting_publisher/hook/ament_prefix_path.dsv'
[1.045s] INFO:colcon.colcon_core.shell:Creating environment hook '/home/akariros/Akari_ros2_humble/install/akari_setting_publisher/share/akari_setting_publisher/hook/ament_prefix_path.sh'
[1.050s] INFO:colcon.colcon_core.shell:Skip shell extension 'powershell' for command environment: Not usable outside of PowerShell
[1.050s] DEBUG:colcon.colcon_core.shell:Skip shell extension 'dsv' for command environment
[1.556s] INFO:colcon.colcon_core.task.python.build:Building Python package in '/home/akariros/Akari_ros2_humble/akari_client_example'
[1.558s] INFO:colcon.colcon_core.shell:Skip shell extension 'powershell' for command environment: Not usable outside of PowerShell
[1.558s] DEBUG:colcon.colcon_core.shell:Skip shell extension 'dsv' for command environment
[2.090s] INFO:colcon.colcon_core.task.python.build:Building Python package in '/home/akariros/Akari_ros2_humble/akari_launch'
[2.092s] INFO:colcon.colcon_core.shell:Skip shell extension 'powershell' for command environment: Not usable outside of PowerShell
[2.092s] DEBUG:colcon.colcon_core.shell:Skip shell extension 'dsv' for command environment
[2.104s] DEBUG:colcon.colcon_core.event_handler.log_command:Invoking command in '/home/akariros/Akari_ros2_humble/build/akari_msgs': CMAKE_PREFIX_PATH=${CMAKE_PREFIX_PATH}:/home/akariros/Akari_ros2_humble/install/servo_server:/home/akariros/Akari_ros2_humble/install/m5_server:/home/akariros/Akari_ros2_humble/install/akari_state_publisher:/home/akariros/Akari_ros2_humble/install/akari_setting_publisher:/home/akariros/Akari_ros2_humble/install/akari_launch:/home/akariros/Akari_ros2_humble/install/akari_client_example:/opt/ros/humble /usr/bin/cmake --build /home/akariros/Akari_ros2_humble/build/akari_msgs -- -j4 -l4
[2.820s] INFO:colcon.colcon_core.task.python.build:Building Python package in '/home/akariros/Akari_ros2_humble/akari_setting_publisher'
[2.823s] INFO:colcon.colcon_core.shell:Skip shell extension 'powershell' for command environment: Not usable outside of PowerShell
[2.823s] DEBUG:colcon.colcon_core.shell:Skip shell extension 'dsv' for command environment
[3.392s] DEBUG:colcon.colcon_core.event_handler.log_command:Invoked command in '/home/akariros/Akari_ros2_humble/build/akari_msgs' returned '0': CMAKE_PREFIX_PATH=${CMAKE_PREFIX_PATH}:/home/akariros/Akari_ros2_humble/install/servo_server:/home/akariros/Akari_ros2_humble/install/m5_server:/home/akariros/Akari_ros2_humble/install/akari_state_publisher:/home/akariros/Akari_ros2_humble/install/akari_setting_publisher:/home/akariros/Akari_ros2_humble/install/akari_launch:/home/akariros/Akari_ros2_humble/install/akari_client_example:/opt/ros/humble /usr/bin/cmake --build /home/akariros/Akari_ros2_humble/build/akari_msgs -- -j4 -l4
[4.085s] DEBUG:colcon.colcon_core.event_handler.log_command:Invoking command in '/home/akariros/Akari_ros2_humble/akari_setting_publisher': PYTHONPATH=/home/akariros/Akari_ros2_humble/build/akari_setting_publisher/prefix_override:/home/akariros/Akari_ros2_humble/install/akari_setting_publisher/lib/python3.10/site-packages:${PYTHONPATH} /usr/bin/python3 setup.py egg_info --egg-base ../build/akari_setting_publisher build --build-base /home/akariros/Akari_ros2_humble/build/akari_setting_publisher/build install --record /home/akariros/Akari_ros2_humble/build/akari_setting_publisher/install.log --single-version-externally-managed
[4.199s] DEBUG:colcon.colcon_core.event_handler.log_command:Invoking command in '/home/akariros/Akari_ros2_humble/akari_client_example': PYTHONPATH=/home/akariros/Akari_ros2_humble/build/akari_client_example/prefix_override:/home/akariros/Akari_ros2_humble/install/akari_client_example/lib/python3.10/site-packages:${PYTHONPATH} /usr/bin/python3 setup.py egg_info --egg-base ../build/akari_client_example build --build-base /home/akariros/Akari_ros2_humble/build/akari_client_example/build install --record /home/akariros/Akari_ros2_humble/build/akari_client_example/install.log --single-version-externally-managed
[4.230s] DEBUG:colcon.colcon_core.event_handler.log_command:Invoking command in '/home/akariros/Akari_ros2_humble/akari_launch': PYTHONPATH=/home/akariros/Akari_ros2_humble/build/akari_launch/prefix_override:/home/akariros/Akari_ros2_humble/install/akari_launch/lib/python3.10/site-packages:${PYTHONPATH} /usr/bin/python3 setup.py egg_info --egg-base ../build/akari_launch build --build-base /home/akariros/Akari_ros2_humble/build/akari_launch/build install --record /home/akariros/Akari_ros2_humble/build/akari_launch/install.log --single-version-externally-managed
[5.085s] DEBUG:colcon.colcon_core.event_handler.log_command:Invoked command in '/home/akariros/Akari_ros2_humble/akari_setting_publisher' returned '0': PYTHONPATH=/home/akariros/Akari_ros2_humble/build/akari_setting_publisher/prefix_override:/home/akariros/Akari_ros2_humble/install/akari_setting_publisher/lib/python3.10/site-packages:${PYTHONPATH} /usr/bin/python3 setup.py egg_info --egg-base ../build/akari_setting_publisher build --build-base /home/akariros/Akari_ros2_humble/build/akari_setting_publisher/build install --record /home/akariros/Akari_ros2_humble/build/akari_setting_publisher/install.log --single-version-externally-managed
[5.100s] Level 1:colcon.colcon_core.environment:checking '/home/akariros/Akari_ros2_humble/install/akari_setting_publisher' for CMake module files
[5.101s] Level 1:colcon.colcon_core.environment:checking '/home/akariros/Akari_ros2_humble/install/akari_setting_publisher' for CMake config files
[5.103s] Level 1:colcon.colcon_core.environment:checking '/home/akariros/Akari_ros2_humble/install/akari_setting_publisher/lib'
[5.103s] Level 1:colcon.colcon_core.environment:checking '/home/akariros/Akari_ros2_humble/install/akari_setting_publisher/bin'
[5.103s] Level 1:colcon.colcon_core.environment:checking '/home/akariros/Akari_ros2_humble/install/akari_setting_publisher/lib/pkgconfig/akari_setting_publisher.pc'
[5.104s] Level 1:colcon.colcon_core.environment:checking '/home/akariros/Akari_ros2_humble/install/akari_setting_publisher/lib/python3.10/site-packages'
[5.104s] Level 1:colcon.colcon_core.shell:create_environment_hook('akari_setting_publisher', 'pythonpath')
[5.111s] INFO:colcon.colcon_core.shell:Creating environment hook '/home/akariros/Akari_ros2_humble/install/akari_setting_publisher/share/akari_setting_publisher/hook/pythonpath.ps1'
[5.113s] INFO:colcon.colcon_core.shell:Creating environment descriptor '/home/akariros/Akari_ros2_humble/install/akari_setting_publisher/share/akari_setting_publisher/hook/pythonpath.dsv'
[5.114s] INFO:colcon.colcon_core.shell:Creating environment hook '/home/akariros/Akari_ros2_humble/install/akari_setting_publisher/share/akari_setting_publisher/hook/pythonpath.sh'
[5.115s] Level 1:colcon.colcon_core.environment:checking '/home/akariros/Akari_ros2_humble/install/akari_setting_publisher/bin'
[5.115s] Level 1:colcon.colcon_core.environment:create_environment_scripts_only(akari_setting_publisher)
[5.122s] INFO:colcon.colcon_core.shell:Creating package script '/home/akariros/Akari_ros2_humble/install/akari_setting_publisher/share/akari_setting_publisher/package.ps1'
[5.127s] INFO:colcon.colcon_core.shell:Creating package descriptor '/home/akariros/Akari_ros2_humble/install/akari_setting_publisher/share/akari_setting_publisher/package.dsv'
[5.131s] INFO:colcon.colcon_core.shell:Creating package script '/home/akariros/Akari_ros2_humble/install/akari_setting_publisher/share/akari_setting_publisher/package.sh'
[5.135s] INFO:colcon.colcon_core.shell:Creating package script '/home/akariros/Akari_ros2_humble/install/akari_setting_publisher/share/akari_setting_publisher/package.bash'
[5.137s] INFO:colcon.colcon_core.shell:Creating package script '/home/akariros/Akari_ros2_humble/install/akari_setting_publisher/share/akari_setting_publisher/package.zsh'
[5.140s] Level 1:colcon.colcon_core.environment:create_file_with_runtime_dependencies(/home/akariros/Akari_ros2_humble/install/akari_setting_publisher/share/colcon-core/packages/akari_setting_publisher)
[5.142s] INFO:colcon.colcon_ros.task.ament_python.build:Building ROS package in '/home/akariros/Akari_ros2_humble/akari_state_publisher' with build type 'ament_python'
[5.143s] Level 1:colcon.colcon_core.shell:create_environment_hook('akari_state_publisher', 'ament_prefix_path')
[5.149s] INFO:colcon.colcon_core.shell:Creating environment hook '/home/akariros/Akari_ros2_humble/install/akari_state_publisher/share/akari_state_publisher/hook/ament_prefix_path.ps1'
[5.150s] INFO:colcon.colcon_core.shell:Creating environment descriptor '/home/akariros/Akari_ros2_humble/install/akari_state_publisher/share/akari_state_publisher/hook/ament_prefix_path.dsv'
[5.151s] INFO:colcon.colcon_core.shell:Creating environment hook '/home/akariros/Akari_ros2_humble/install/akari_state_publisher/share/akari_state_publisher/hook/ament_prefix_path.sh'
[5.160s] INFO:colcon.colcon_core.shell:Skip shell extension 'powershell' for command environment: Not usable outside of PowerShell
[5.160s] DEBUG:colcon.colcon_core.shell:Skip shell extension 'dsv' for command environment
[6.003s] INFO:colcon.colcon_core.task.python.build:Building Python package in '/home/akariros/Akari_ros2_humble/akari_state_publisher'
[6.006s] INFO:colcon.colcon_core.shell:Skip shell extension 'powershell' for command environment: Not usable outside of PowerShell
[6.006s] DEBUG:colcon.colcon_core.shell:Skip shell extension 'dsv' for command environment
[6.020s] Level 1:colcon.colcon_core.environment:checking '/home/akariros/Akari_ros2_humble/install/akari_launch' for CMake module files
[6.021s] DEBUG:colcon.colcon_core.event_handler.log_command:Invoked command in '/home/akariros/Akari_ros2_humble/akari_launch' returned '0': PYTHONPATH=/home/akariros/Akari_ros2_humble/build/akari_launch/prefix_override:/home/akariros/Akari_ros2_humble/install/akari_launch/lib/python3.10/site-packages:${PYTHONPATH} /usr/bin/python3 setup.py egg_info --egg-base ../build/akari_launch build --build-base /home/akariros/Akari_ros2_humble/build/akari_launch/build install --record /home/akariros/Akari_ros2_humble/build/akari_launch/install.log --single-version-externally-managed
[6.022s] Level 1:colcon.colcon_core.environment:checking '/home/akariros/Akari_ros2_humble/install/akari_launch' for CMake config files
[6.023s] Level 1:colcon.colcon_core.environment:checking '/home/akariros/Akari_ros2_humble/install/akari_launch/lib'
[6.023s] Level 1:colcon.colcon_core.environment:checking '/home/akariros/Akari_ros2_humble/install/akari_launch/bin'
[6.023s] Level 1:colcon.colcon_core.environment:checking '/home/akariros/Akari_ros2_humble/install/akari_launch/lib/pkgconfig/akari_launch.pc'
[6.024s] Level 1:colcon.colcon_core.environment:checking '/home/akariros/Akari_ros2_humble/install/akari_launch/lib/python3.10/site-packages'
[6.024s] Level 1:colcon.colcon_core.shell:create_environment_hook('akari_launch', 'pythonpath')
[6.027s] INFO:colcon.colcon_core.shell:Creating environment hook '/home/akariros/Akari_ros2_humble/install/akari_launch/share/akari_launch/hook/pythonpath.ps1'
[6.029s] INFO:colcon.colcon_core.shell:Creating environment descriptor '/home/akariros/Akari_ros2_humble/install/akari_launch/share/akari_launch/hook/pythonpath.dsv'
[6.029s] INFO:colcon.colcon_core.shell:Creating environment hook '/home/akariros/Akari_ros2_humble/install/akari_launch/share/akari_launch/hook/pythonpath.sh'
[6.030s] Level 1:colcon.colcon_core.environment:checking '/home/akariros/Akari_ros2_humble/install/akari_launch/bin'
[6.030s] Level 1:colcon.colcon_core.environment:create_environment_scripts_only(akari_launch)
[6.034s] INFO:colcon.colcon_core.shell:Creating package script '/home/akariros/Akari_ros2_humble/install/akari_launch/share/akari_launch/package.ps1'
[6.035s] INFO:colcon.colcon_core.shell:Creating package descriptor '/home/akariros/Akari_ros2_humble/install/akari_launch/share/akari_launch/package.dsv'
[6.036s] INFO:colcon.colcon_core.shell:Creating package script '/home/akariros/Akari_ros2_humble/install/akari_launch/share/akari_launch/package.sh'
[6.036s] INFO:colcon.colcon_core.shell:Creating package script '/home/akariros/Akari_ros2_humble/install/akari_launch/share/akari_launch/package.bash'
[6.037s] INFO:colcon.colcon_core.shell:Creating package script '/home/akariros/Akari_ros2_humble/install/akari_launch/share/akari_launch/package.zsh'
[6.038s] Level 1:colcon.colcon_core.environment:create_file_with_runtime_dependencies(/home/akariros/Akari_ros2_humble/install/akari_launch/share/colcon-core/packages/akari_launch)
[6.065s] DEBUG:colcon.colcon_core.event_handler.log_command:Invoking command in '/home/akariros/Akari_ros2_humble/build/akari_msgs': CMAKE_PREFIX_PATH=${CMAKE_PREFIX_PATH}:/home/akariros/Akari_ros2_humble/install/servo_server:/home/akariros/Akari_ros2_humble/install/m5_server:/home/akariros/Akari_ros2_humble/install/akari_state_publisher:/home/akariros/Akari_ros2_humble/install/akari_setting_publisher:/home/akariros/Akari_ros2_humble/install/akari_launch:/home/akariros/Akari_ros2_humble/install/akari_client_example:/opt/ros/humble /usr/bin/cmake --install /home/akariros/Akari_ros2_humble/build/akari_msgs
[6.065s] INFO:colcon.colcon_ros.task.ament_python.build:Building ROS package in '/home/akariros/Akari_ros2_humble/m5_server' with build type 'ament_python'
[6.066s] Level 1:colcon.colcon_core.shell:create_environment_hook('m5_server', 'ament_prefix_path')
[6.069s] INFO:colcon.colcon_core.shell:Creating environment hook '/home/akariros/Akari_ros2_humble/install/m5_server/share/m5_server/hook/ament_prefix_path.ps1'
[6.070s] INFO:colcon.colcon_core.shell:Creating environment descriptor '/home/akariros/Akari_ros2_humble/install/m5_server/share/m5_server/hook/ament_prefix_path.dsv'
[6.071s] INFO:colcon.colcon_core.shell:Creating environment hook '/home/akariros/Akari_ros2_humble/install/m5_server/share/m5_server/hook/ament_prefix_path.sh'
[6.075s] INFO:colcon.colcon_core.shell:Skip shell extension 'powershell' for command environment: Not usable outside of PowerShell
[6.076s] DEBUG:colcon.colcon_core.shell:Skip shell extension 'dsv' for command environment
[6.098s] Level 1:colcon.colcon_core.environment:checking '/home/akariros/Akari_ros2_humble/install/akari_client_example' for CMake module files
[6.099s] DEBUG:colcon.colcon_core.event_handler.log_command:Invoked command in '/home/akariros/Akari_ros2_humble/akari_client_example' returned '0': PYTHONPATH=/home/akariros/Akari_ros2_humble/build/akari_client_example/prefix_override:/home/akariros/Akari_ros2_humble/install/akari_client_example/lib/python3.10/site-packages:${PYTHONPATH} /usr/bin/python3 setup.py egg_info --egg-base ../build/akari_client_example build --build-base /home/akariros/Akari_ros2_humble/build/akari_client_example/build install --record /home/akariros/Akari_ros2_humble/build/akari_client_example/install.log --single-version-externally-managed
[6.100s] Level 1:colcon.colcon_core.environment:checking '/home/akariros/Akari_ros2_humble/install/akari_client_example' for CMake config files
[6.101s] Level 1:colcon.colcon_core.environment:checking '/home/akariros/Akari_ros2_humble/install/akari_client_example/lib'
[6.101s] Level 1:colcon.colcon_core.environment:checking '/home/akariros/Akari_ros2_humble/install/akari_client_example/bin'
[6.101s] Level 1:colcon.colcon_core.environment:checking '/home/akariros/Akari_ros2_humble/install/akari_client_example/lib/pkgconfig/akari_client_example.pc'
[6.102s] Level 1:colcon.colcon_core.environment:checking '/home/akariros/Akari_ros2_humble/install/akari_client_example/lib/python3.10/site-packages'
[6.102s] Level 1:colcon.colcon_core.shell:create_environment_hook('akari_client_example', 'pythonpath')
[6.104s] INFO:colcon.colcon_core.shell:Creating environment hook '/home/akariros/Akari_ros2_humble/install/akari_client_example/share/akari_client_example/hook/pythonpath.ps1'
[6.104s] INFO:colcon.colcon_core.shell:Creating environment descriptor '/home/akariros/Akari_ros2_humble/install/akari_client_example/share/akari_client_example/hook/pythonpath.dsv'
[6.105s] INFO:colcon.colcon_core.shell:Creating environment hook '/home/akariros/Akari_ros2_humble/install/akari_client_example/share/akari_client_example/hook/pythonpath.sh'
[6.106s] Level 1:colcon.colcon_core.environment:checking '/home/akariros/Akari_ros2_humble/install/akari_client_example/bin'
[6.106s] Level 1:colcon.colcon_core.environment:create_environment_scripts_only(akari_client_example)
[6.111s] INFO:colcon.colcon_core.shell:Creating package script '/home/akariros/Akari_ros2_humble/install/akari_client_example/share/akari_client_example/package.ps1'
[6.112s] INFO:colcon.colcon_core.shell:Creating package descriptor '/home/akariros/Akari_ros2_humble/install/akari_client_example/share/akari_client_example/package.dsv'
[6.112s] INFO:colcon.colcon_core.shell:Creating package script '/home/akariros/Akari_ros2_humble/install/akari_client_example/share/akari_client_example/package.sh'
[6.113s] INFO:colcon.colcon_core.shell:Creating package script '/home/akariros/Akari_ros2_humble/install/akari_client_example/share/akari_client_example/package.bash'
[6.113s] INFO:colcon.colcon_core.shell:Creating package script '/home/akariros/Akari_ros2_humble/install/akari_client_example/share/akari_client_example/package.zsh'
[6.114s] Level 1:colcon.colcon_core.environment:create_file_with_runtime_dependencies(/home/akariros/Akari_ros2_humble/install/akari_client_example/share/colcon-core/packages/akari_client_example)
[6.119s] INFO:colcon.colcon_ros.task.ament_python.build:Building ROS package in '/home/akariros/Akari_ros2_humble/servo_server' with build type 'ament_python'
[6.121s] Level 1:colcon.colcon_core.shell:create_environment_hook('servo_server', 'ament_prefix_path')
[6.124s] INFO:colcon.colcon_core.shell:Creating environment hook '/home/akariros/Akari_ros2_humble/install/servo_server/share/servo_server/hook/ament_prefix_path.ps1'
[6.132s] INFO:colcon.colcon_core.shell:Creating environment descriptor '/home/akariros/Akari_ros2_humble/install/servo_server/share/servo_server/hook/ament_prefix_path.dsv'
[6.135s] INFO:colcon.colcon_core.shell:Creating environment hook '/home/akariros/Akari_ros2_humble/install/servo_server/share/servo_server/hook/ament_prefix_path.sh'
[6.140s] INFO:colcon.colcon_core.shell:Skip shell extension 'powershell' for command environment: Not usable outside of PowerShell
[6.140s] DEBUG:colcon.colcon_core.shell:Skip shell extension 'dsv' for command environment
[6.948s] INFO:colcon.colcon_core.task.python.build:Building Python package in '/home/akariros/Akari_ros2_humble/m5_server'
[6.952s] INFO:colcon.colcon_core.shell:Skip shell extension 'powershell' for command environment: Not usable outside of PowerShell
[6.952s] DEBUG:colcon.colcon_core.shell:Skip shell extension 'dsv' for command environment
[7.610s] INFO:colcon.colcon_core.task.python.build:Building Python package in '/home/akariros/Akari_ros2_humble/servo_server'
[7.614s] INFO:colcon.colcon_core.shell:Skip shell extension 'powershell' for command environment: Not usable outside of PowerShell
[7.614s] DEBUG:colcon.colcon_core.shell:Skip shell extension 'dsv' for command environment
[7.624s] Level 1:colcon.colcon_core.environment:create_environment_scripts_only(akari_msgs)
[7.627s] Level 1:colcon.colcon_core.environment:checking '/home/akariros/Akari_ros2_humble/install/akari_msgs' for CMake module files
[7.628s] DEBUG:colcon.colcon_core.event_handler.log_command:Invoked command in '/home/akariros/Akari_ros2_humble/build/akari_msgs' returned '0': CMAKE_PREFIX_PATH=${CMAKE_PREFIX_PATH}:/home/akariros/Akari_ros2_humble/install/servo_server:/home/akariros/Akari_ros2_humble/install/m5_server:/home/akariros/Akari_ros2_humble/install/akari_state_publisher:/home/akariros/Akari_ros2_humble/install/akari_setting_publisher:/home/akariros/Akari_ros2_humble/install/akari_launch:/home/akariros/Akari_ros2_humble/install/akari_client_example:/opt/ros/humble /usr/bin/cmake --install /home/akariros/Akari_ros2_humble/build/akari_msgs
[7.629s] Level 1:colcon.colcon_core.environment:checking '/home/akariros/Akari_ros2_humble/install/akari_msgs' for CMake config files
[7.630s] Level 1:colcon.colcon_core.shell:create_environment_hook('akari_msgs', 'cmake_prefix_path')
[7.633s] INFO:colcon.colcon_core.shell:Creating environment hook '/home/akariros/Akari_ros2_humble/install/akari_msgs/share/akari_msgs/hook/cmake_prefix_path.ps1'
[7.634s] INFO:colcon.colcon_core.shell:Creating environment descriptor '/home/akariros/Akari_ros2_humble/install/akari_msgs/share/akari_msgs/hook/cmake_prefix_path.dsv'
[7.635s] INFO:colcon.colcon_core.shell:Creating environment hook '/home/akariros/Akari_ros2_humble/install/akari_msgs/share/akari_msgs/hook/cmake_prefix_path.sh'
[7.635s] Level 1:colcon.colcon_core.environment:checking '/home/akariros/Akari_ros2_humble/install/akari_msgs/lib'
[7.636s] Level 1:colcon.colcon_core.shell:create_environment_hook('akari_msgs', 'ld_library_path_lib')
[7.639s] INFO:colcon.colcon_core.shell:Creating environment hook '/home/akariros/Akari_ros2_humble/install/akari_msgs/share/akari_msgs/hook/ld_library_path_lib.ps1'
[7.640s] INFO:colcon.colcon_core.shell:Creating environment descriptor '/home/akariros/Akari_ros2_humble/install/akari_msgs/share/akari_msgs/hook/ld_library_path_lib.dsv'
[7.641s] INFO:colcon.colcon_core.shell:Creating environment hook '/home/akariros/Akari_ros2_humble/install/akari_msgs/share/akari_msgs/hook/ld_library_path_lib.sh'
[7.642s] Level 1:colcon.colcon_core.environment:checking '/home/akariros/Akari_ros2_humble/install/akari_msgs/bin'
[7.642s] Level 1:colcon.colcon_core.environment:checking '/home/akariros/Akari_ros2_humble/install/akari_msgs/lib/pkgconfig/akari_msgs.pc'
[7.642s] Level 1:colcon.colcon_core.environment:checking '/home/akariros/Akari_ros2_humble/install/akari_msgs/lib/python3.10/site-packages'
[7.643s] Level 1:colcon.colcon_core.environment:checking '/home/akariros/Akari_ros2_humble/install/akari_msgs/bin'
[7.647s] INFO:colcon.colcon_core.shell:Creating package script '/home/akariros/Akari_ros2_humble/install/akari_msgs/share/akari_msgs/package.ps1'
[7.649s] INFO:colcon.colcon_core.shell:Creating package descriptor '/home/akariros/Akari_ros2_humble/install/akari_msgs/share/akari_msgs/package.dsv'
[7.650s] INFO:colcon.colcon_core.shell:Creating package script '/home/akariros/Akari_ros2_humble/install/akari_msgs/share/akari_msgs/package.sh'
[7.651s] INFO:colcon.colcon_core.shell:Creating package script '/home/akariros/Akari_ros2_humble/install/akari_msgs/share/akari_msgs/package.bash'
[7.652s] INFO:colcon.colcon_core.shell:Creating package script '/home/akariros/Akari_ros2_humble/install/akari_msgs/share/akari_msgs/package.zsh'
[7.652s] Level 1:colcon.colcon_core.environment:create_file_with_runtime_dependencies(/home/akariros/Akari_ros2_humble/install/akari_msgs/share/colcon-core/packages/akari_msgs)
[7.672s] DEBUG:colcon.colcon_core.event_handler.log_command:Invoking command in '/home/akariros/Akari_ros2_humble/akari_state_publisher': PYTHONPATH=/home/akariros/Akari_ros2_humble/build/akari_state_publisher/prefix_override:/home/akariros/Akari_ros2_humble/install/akari_state_publisher/lib/python3.10/site-packages:${PYTHONPATH} /usr/bin/python3 setup.py egg_info --egg-base ../build/akari_state_publisher build --build-base /home/akariros/Akari_ros2_humble/build/akari_state_publisher/build install --record /home/akariros/Akari_ros2_humble/build/akari_state_publisher/install.log --single-version-externally-managed
[8.649s] Level 1:colcon.colcon_core.environment:checking '/home/akariros/Akari_ros2_humble/install/akari_state_publisher' for CMake module files
[8.651s] DEBUG:colcon.colcon_core.event_handler.log_command:Invoked command in '/home/akariros/Akari_ros2_humble/akari_state_publisher' returned '0': PYTHONPATH=/home/akariros/Akari_ros2_humble/build/akari_state_publisher/prefix_override:/home/akariros/Akari_ros2_humble/install/akari_state_publisher/lib/python3.10/site-packages:${PYTHONPATH} /usr/bin/python3 setup.py egg_info --egg-base ../build/akari_state_publisher build --build-base /home/akariros/Akari_ros2_humble/build/akari_state_publisher/build install --record /home/akariros/Akari_ros2_humble/build/akari_state_publisher/install.log --single-version-externally-managed
[8.652s] Level 1:colcon.colcon_core.environment:checking '/home/akariros/Akari_ros2_humble/install/akari_state_publisher' for CMake config files
[8.654s] Level 1:colcon.colcon_core.environment:checking '/home/akariros/Akari_ros2_humble/install/akari_state_publisher/lib'
[8.654s] Level 1:colcon.colcon_core.environment:checking '/home/akariros/Akari_ros2_humble/install/akari_state_publisher/bin'
[8.654s] Level 1:colcon.colcon_core.environment:checking '/home/akariros/Akari_ros2_humble/install/akari_state_publisher/lib/pkgconfig/akari_state_publisher.pc'
[8.655s] Level 1:colcon.colcon_core.environment:checking '/home/akariros/Akari_ros2_humble/install/akari_state_publisher/lib/python3.10/site-packages'
[8.655s] Level 1:colcon.colcon_core.shell:create_environment_hook('akari_state_publisher', 'pythonpath')
[8.670s] INFO:colcon.colcon_core.shell:Creating environment hook '/home/akariros/Akari_ros2_humble/install/akari_state_publisher/share/akari_state_publisher/hook/pythonpath.ps1'
[8.671s] INFO:colcon.colcon_core.shell:Creating environment descriptor '/home/akariros/Akari_ros2_humble/install/akari_state_publisher/share/akari_state_publisher/hook/pythonpath.dsv'
[8.672s] INFO:colcon.colcon_core.shell:Creating environment hook '/home/akariros/Akari_ros2_humble/install/akari_state_publisher/share/akari_state_publisher/hook/pythonpath.sh'
[8.674s] Level 1:colcon.colcon_core.environment:checking '/home/akariros/Akari_ros2_humble/install/akari_state_publisher/bin'
[8.674s] Level 1:colcon.colcon_core.environment:create_environment_scripts_only(akari_state_publisher)
[8.679s] INFO:colcon.colcon_core.shell:Creating package script '/home/akariros/Akari_ros2_humble/install/akari_state_publisher/share/akari_state_publisher/package.ps1'
[8.680s] INFO:colcon.colcon_core.shell:Creating package descriptor '/home/akariros/Akari_ros2_humble/install/akari_state_publisher/share/akari_state_publisher/package.dsv'
[8.681s] INFO:colcon.colcon_core.shell:Creating package script '/home/akariros/Akari_ros2_humble/install/akari_state_publisher/share/akari_state_publisher/package.sh'
[8.682s] INFO:colcon.colcon_core.shell:Creating package script '/home/akariros/Akari_ros2_humble/install/akari_state_publisher/share/akari_state_publisher/package.bash'
[8.682s] INFO:colcon.colcon_core.shell:Creating package script '/home/akariros/Akari_ros2_humble/install/akari_state_publisher/share/akari_state_publisher/package.zsh'
[8.683s] Level 1:colcon.colcon_core.environment:create_file_with_runtime_dependencies(/home/akariros/Akari_ros2_humble/install/akari_state_publisher/share/colcon-core/packages/akari_state_publisher)
[8.894s] DEBUG:colcon.colcon_core.event_handler.log_command:Invoking command in '/home/akariros/Akari_ros2_humble/m5_server': PYTHONPATH=/home/akariros/Akari_ros2_humble/build/m5_server/prefix_override:/home/akariros/Akari_ros2_humble/install/m5_server/lib/python3.10/site-packages:${PYTHONPATH} /usr/bin/python3 setup.py egg_info --egg-base ../build/m5_server build --build-base /home/akariros/Akari_ros2_humble/build/m5_server/build install --record /home/akariros/Akari_ros2_humble/build/m5_server/install.log --single-version-externally-managed
[8.926s] DEBUG:colcon.colcon_core.event_handler.log_command:Invoking command in '/home/akariros/Akari_ros2_humble/servo_server': PYTHONPATH=/home/akariros/Akari_ros2_humble/build/servo_server/prefix_override:/home/akariros/Akari_ros2_humble/install/servo_server/lib/python3.10/site-packages:${PYTHONPATH} /usr/bin/python3 setup.py egg_info --egg-base ../build/servo_server build --build-base /home/akariros/Akari_ros2_humble/build/servo_server/build install --record /home/akariros/Akari_ros2_humble/build/servo_server/install.log --single-version-externally-managed
[9.261s] Level 1:colcon.colcon_core.environment:create_environment_scripts_only(akari_msgs)
[9.267s] Level 1:colcon.colcon_core.environment:checking '/home/akariros/Akari_ros2_humble/install/akari_msgs' for CMake module files
[9.269s] Level 1:colcon.colcon_core.environment:checking '/home/akariros/Akari_ros2_humble/install/akari_msgs' for CMake config files
[9.270s] Level 1:colcon.colcon_core.shell:create_environment_hook('akari_msgs', 'cmake_prefix_path')
[9.274s] INFO:colcon.colcon_core.shell:Creating environment hook '/home/akariros/Akari_ros2_humble/install/akari_msgs/share/akari_msgs/hook/cmake_prefix_path.ps1'
[9.276s] INFO:colcon.colcon_core.shell:Creating environment descriptor '/home/akariros/Akari_ros2_humble/install/akari_msgs/share/akari_msgs/hook/cmake_prefix_path.dsv'
[9.276s] INFO:colcon.colcon_core.shell:Creating environment hook '/home/akariros/Akari_ros2_humble/install/akari_msgs/share/akari_msgs/hook/cmake_prefix_path.sh'
[9.278s] Level 1:colcon.colcon_core.environment:checking '/home/akariros/Akari_ros2_humble/install/akari_msgs/lib'
[9.278s] Level 1:colcon.colcon_core.shell:create_environment_hook('akari_msgs', 'ld_library_path_lib')
[9.282s] INFO:colcon.colcon_core.shell:Creating environment hook '/home/akariros/Akari_ros2_humble/install/akari_msgs/share/akari_msgs/hook/ld_library_path_lib.ps1'
[9.283s] INFO:colcon.colcon_core.shell:Creating environment descriptor '/home/akariros/Akari_ros2_humble/install/akari_msgs/share/akari_msgs/hook/ld_library_path_lib.dsv'
[9.285s] INFO:colcon.colcon_core.shell:Creating environment hook '/home/akariros/Akari_ros2_humble/install/akari_msgs/share/akari_msgs/hook/ld_library_path_lib.sh'
[9.286s] Level 1:colcon.colcon_core.environment:checking '/home/akariros/Akari_ros2_humble/install/akari_msgs/bin'
[9.286s] Level 1:colcon.colcon_core.environment:checking '/home/akariros/Akari_ros2_humble/install/akari_msgs/lib/pkgconfig/akari_msgs.pc'
[9.286s] Level 1:colcon.colcon_core.environment:checking '/home/akariros/Akari_ros2_humble/install/akari_msgs/lib/python3.10/site-packages'
[9.287s] Level 1:colcon.colcon_core.environment:checking '/home/akariros/Akari_ros2_humble/install/akari_msgs/bin'
[9.293s] INFO:colcon.colcon_core.shell:Creating package script '/home/akariros/Akari_ros2_humble/install/akari_msgs/share/akari_msgs/package.ps1'
[9.295s] INFO:colcon.colcon_core.shell:Creating package descriptor '/home/akariros/Akari_ros2_humble/install/akari_msgs/share/akari_msgs/package.dsv'
[9.296s] INFO:colcon.colcon_core.shell:Creating package script '/home/akariros/Akari_ros2_humble/install/akari_msgs/share/akari_msgs/package.sh'
[9.297s] INFO:colcon.colcon_core.shell:Creating package script '/home/akariros/Akari_ros2_humble/install/akari_msgs/share/akari_msgs/package.bash'
[9.298s] INFO:colcon.colcon_core.shell:Creating package script '/home/akariros/Akari_ros2_humble/install/akari_msgs/share/akari_msgs/package.zsh'
[9.299s] Level 1:colcon.colcon_core.environment:create_file_with_runtime_dependencies(/home/akariros/Akari_ros2_humble/install/akari_msgs/share/colcon-core/packages/akari_msgs)
[9.816s] Level 1:colcon.colcon_core.environment:checking '/home/akariros/Akari_ros2_humble/install/servo_server' for CMake module files
[9.817s] DEBUG:colcon.colcon_core.event_handler.log_command:Invoked command in '/home/akariros/Akari_ros2_humble/servo_server' returned '0': PYTHONPATH=/home/akariros/Akari_ros2_humble/build/servo_server/prefix_override:/home/akariros/Akari_ros2_humble/install/servo_server/lib/python3.10/site-packages:${PYTHONPATH} /usr/bin/python3 setup.py egg_info --egg-base ../build/servo_server build --build-base /home/akariros/Akari_ros2_humble/build/servo_server/build install --record /home/akariros/Akari_ros2_humble/build/servo_server/install.log --single-version-externally-managed
[9.818s] Level 1:colcon.colcon_core.environment:checking '/home/akariros/Akari_ros2_humble/install/servo_server' for CMake config files
[9.819s] Level 1:colcon.colcon_core.environment:checking '/home/akariros/Akari_ros2_humble/install/servo_server/lib'
[9.819s] Level 1:colcon.colcon_core.environment:checking '/home/akariros/Akari_ros2_humble/install/servo_server/bin'
[9.819s] Level 1:colcon.colcon_core.environment:checking '/home/akariros/Akari_ros2_humble/install/servo_server/lib/pkgconfig/servo_server.pc'
[9.820s] Level 1:colcon.colcon_core.environment:checking '/home/akariros/Akari_ros2_humble/install/servo_server/lib/python3.10/site-packages'
[9.820s] Level 1:colcon.colcon_core.shell:create_environment_hook('servo_server', 'pythonpath')
[9.823s] INFO:colcon.colcon_core.shell:Creating environment hook '/home/akariros/Akari_ros2_humble/install/servo_server/share/servo_server/hook/pythonpath.ps1'
[9.825s] INFO:colcon.colcon_core.shell:Creating environment descriptor '/home/akariros/Akari_ros2_humble/install/servo_server/share/servo_server/hook/pythonpath.dsv'
[9.826s] INFO:colcon.colcon_core.shell:Creating environment hook '/home/akariros/Akari_ros2_humble/install/servo_server/share/servo_server/hook/pythonpath.sh'
[9.827s] Level 1:colcon.colcon_core.environment:checking '/home/akariros/Akari_ros2_humble/install/servo_server/bin'
[9.827s] Level 1:colcon.colcon_core.environment:create_environment_scripts_only(servo_server)
[9.831s] INFO:colcon.colcon_core.shell:Creating package script '/home/akariros/Akari_ros2_humble/install/servo_server/share/servo_server/package.ps1'
[9.832s] INFO:colcon.colcon_core.shell:Creating package descriptor '/home/akariros/Akari_ros2_humble/install/servo_server/share/servo_server/package.dsv'
[9.833s] INFO:colcon.colcon_core.shell:Creating package script '/home/akariros/Akari_ros2_humble/install/servo_server/share/servo_server/package.sh'
[9.834s] INFO:colcon.colcon_core.shell:Creating package script '/home/akariros/Akari_ros2_humble/install/servo_server/share/servo_server/package.bash'
[9.834s] INFO:colcon.colcon_core.shell:Creating package script '/home/akariros/Akari_ros2_humble/install/servo_server/share/servo_server/package.zsh'
[9.835s] Level 1:colcon.colcon_core.environment:create_file_with_runtime_dependencies(/home/akariros/Akari_ros2_humble/install/servo_server/share/colcon-core/packages/servo_server)
[9.874s] Level 1:colcon.colcon_core.environment:checking '/home/akariros/Akari_ros2_humble/install/m5_server' for CMake module files
[9.876s] DEBUG:colcon.colcon_core.event_handler.log_command:Invoked command in '/home/akariros/Akari_ros2_humble/m5_server' returned '0': PYTHONPATH=/home/akariros/Akari_ros2_humble/build/m5_server/prefix_override:/home/akariros/Akari_ros2_humble/install/m5_server/lib/python3.10/site-packages:${PYTHONPATH} /usr/bin/python3 setup.py egg_info --egg-base ../build/m5_server build --build-base /home/akariros/Akari_ros2_humble/build/m5_server/build install --record /home/akariros/Akari_ros2_humble/build/m5_server/install.log --single-version-externally-managed
[9.876s] Level 1:colcon.colcon_core.environment:checking '/home/akariros/Akari_ros2_humble/install/m5_server' for CMake config files
[9.877s] Level 1:colcon.colcon_core.environment:checking '/home/akariros/Akari_ros2_humble/install/m5_server/lib'
[9.878s] Level 1:colcon.colcon_core.environment:checking '/home/akariros/Akari_ros2_humble/install/m5_server/bin'
[9.878s] Level 1:colcon.colcon_core.environment:checking '/home/akariros/Akari_ros2_humble/install/m5_server/lib/pkgconfig/m5_server.pc'
[9.878s] Level 1:colcon.colcon_core.environment:checking '/home/akariros/Akari_ros2_humble/install/m5_server/lib/python3.10/site-packages'
[9.878s] Level 1:colcon.colcon_core.shell:create_environment_hook('m5_server', 'pythonpath')
[9.882s] INFO:colcon.colcon_core.shell:Creating environment hook '/home/akariros/Akari_ros2_humble/install/m5_server/share/m5_server/hook/pythonpath.ps1'
[9.883s] INFO:colcon.colcon_core.shell:Creating environment descriptor '/home/akariros/Akari_ros2_humble/install/m5_server/share/m5_server/hook/pythonpath.dsv'
[9.883s] INFO:colcon.colcon_core.shell:Creating environment hook '/home/akariros/Akari_ros2_humble/install/m5_server/share/m5_server/hook/pythonpath.sh'
[9.884s] Level 1:colcon.colcon_core.environment:checking '/home/akariros/Akari_ros2_humble/install/m5_server/bin'
[9.885s] Level 1:colcon.colcon_core.environment:create_environment_scripts_only(m5_server)
[9.888s] INFO:colcon.colcon_core.shell:Creating package script '/home/akariros/Akari_ros2_humble/install/m5_server/share/m5_server/package.ps1'
[9.889s] INFO:colcon.colcon_core.shell:Creating package descriptor '/home/akariros/Akari_ros2_humble/install/m5_server/share/m5_server/package.dsv'
[9.890s] INFO:colcon.colcon_core.shell:Creating package script '/home/akariros/Akari_ros2_humble/install/m5_server/share/m5_server/package.sh'
[9.891s] INFO:colcon.colcon_core.shell:Creating package script '/home/akariros/Akari_ros2_humble/install/m5_server/share/m5_server/package.bash'
[9.891s] INFO:colcon.colcon_core.shell:Creating package script '/home/akariros/Akari_ros2_humble/install/m5_server/share/m5_server/package.zsh'
[9.892s] Level 1:colcon.colcon_core.environment:create_file_with_runtime_dependencies(/home/akariros/Akari_ros2_humble/install/m5_server/share/colcon-core/packages/m5_server)
[9.893s] DEBUG:colcon.colcon_parallel_executor.executor.parallel:closing loop
[9.893s] DEBUG:colcon.colcon_parallel_executor.executor.parallel:loop closed
[9.893s] DEBUG:colcon.colcon_parallel_executor.executor.parallel:run_until_complete finished with '0'
[9.894s] DEBUG:colcon.colcon_core.event_reactor:joining thread
[9.907s] INFO:colcon.colcon_core.plugin_system:Skipping extension 'colcon_notification.desktop_notification.terminal_notifier': Not used on non-Darwin systems
[9.907s] INFO:colcon.colcon_core.plugin_system:Skipping extension 'colcon_notification.desktop_notification.win32': Not used on non-Windows systems
[9.907s] INFO:colcon.colcon_notification.desktop_notification:Sending desktop notification using 'notify2'
[9.930s] DEBUG:colcon.colcon_core.event_reactor:joined thread
[9.933s] INFO:colcon.colcon_core.shell:Creating prefix script '/home/akariros/Akari_ros2_humble/install/local_setup.ps1'
[9.935s] INFO:colcon.colcon_core.shell:Creating prefix util module '/home/akariros/Akari_ros2_humble/install/_local_setup_util_ps1.py'
[9.938s] INFO:colcon.colcon_core.shell:Creating prefix chain script '/home/akariros/Akari_ros2_humble/install/setup.ps1'
[9.942s] INFO:colcon.colcon_core.shell:Creating prefix script '/home/akariros/Akari_ros2_humble/install/local_setup.sh'
[9.944s] INFO:colcon.colcon_core.shell:Creating prefix util module '/home/akariros/Akari_ros2_humble/install/_local_setup_util_sh.py'
[9.945s] INFO:colcon.colcon_core.shell:Creating prefix chain script '/home/akariros/Akari_ros2_humble/install/setup.sh'
[9.949s] INFO:colcon.colcon_core.shell:Creating prefix script '/home/akariros/Akari_ros2_humble/install/local_setup.bash'
[9.950s] INFO:colcon.colcon_core.shell:Creating prefix chain script '/home/akariros/Akari_ros2_humble/install/setup.bash'
[9.954s] INFO:colcon.colcon_core.shell:Creating prefix script '/home/akariros/Akari_ros2_humble/install/local_setup.zsh'
[9.955s] INFO:colcon.colcon_core.shell:Creating prefix chain script '/home/akariros/Akari_ros2_humble/install/setup.zsh'
