[2.869s] Invoking command in '/home/akariros/Akari_ros2_humble/akari_launch': PYTHONPATH=/home/akariros/Akari_ros2_humble/build/akari_launch/prefix_override:/home/akariros/Akari_ros2_humble/install/akari_launch/lib/python3.10/site-packages:${PYTHONPATH} /usr/bin/python3 setup.py egg_info --egg-base ../build/akari_launch build --build-base /home/akariros/Akari_ros2_humble/build/akari_launch/build install --record /home/akariros/Akari_ros2_humble/build/akari_launch/install.log --single-version-externally-managed
[3.658s] running egg_info
[3.658s] creating ../build/akari_launch/akari_launch.egg-info
[3.659s] writing ../build/akari_launch/akari_launch.egg-info/PKG-INFO
[3.659s] writing dependency_links to ../build/akari_launch/akari_launch.egg-info/dependency_links.txt
[3.659s] writing entry points to ../build/akari_launch/akari_launch.egg-info/entry_points.txt
[3.659s] writing requirements to ../build/akari_launch/akari_launch.egg-info/requires.txt
[3.659s] writing top-level names to ../build/akari_launch/akari_launch.egg-info/top_level.txt
[3.660s] writing manifest file '../build/akari_launch/akari_launch.egg-info/SOURCES.txt'
[3.664s] reading manifest file '../build/akari_launch/akari_launch.egg-info/SOURCES.txt'
[3.665s] writing manifest file '../build/akari_launch/akari_launch.egg-info/SOURCES.txt'
[3.665s] running build
[3.666s] running build_py
[3.666s] creating /home/akariros/Akari_ros2_humble/build/akari_launch/build
[3.666s] creating /home/akariros/Akari_ros2_humble/build/akari_launch/build/lib
[3.666s] creating /home/akariros/Akari_ros2_humble/build/akari_launch/build/lib/akari_launch
[3.666s] copying akari_launch/__init__.py -> /home/akariros/Akari_ros2_humble/build/akari_launch/build/lib/akari_launch
[3.666s] copying akari_launch/akari_launch.py -> /home/akariros/Akari_ros2_humble/build/akari_launch/build/lib/akari_launch
[3.667s] running install
[3.667s] /usr/lib/python3/dist-packages/setuptools/command/install.py:34: SetuptoolsDeprecationWarning: setup.py install is deprecated. Use build and pip and other standards-based tools.
[3.667s]   warnings.warn(
[3.668s] running install_lib
[3.669s] creating /home/akariros/Akari_ros2_humble/install/akari_launch/lib/python3.10/site-packages/akari_launch
[3.669s] copying /home/akariros/Akari_ros2_humble/build/akari_launch/build/lib/akari_launch/__init__.py -> /home/akariros/Akari_ros2_humble/install/akari_launch/lib/python3.10/site-packages/akari_launch
[3.670s] copying /home/akariros/Akari_ros2_humble/build/akari_launch/build/lib/akari_launch/akari_launch.py -> /home/akariros/Akari_ros2_humble/install/akari_launch/lib/python3.10/site-packages/akari_launch
[3.671s] byte-compiling /home/akariros/Akari_ros2_humble/install/akari_launch/lib/python3.10/site-packages/akari_launch/__init__.py to __init__.cpython-310.pyc
[3.671s] byte-compiling /home/akariros/Akari_ros2_humble/install/akari_launch/lib/python3.10/site-packages/akari_launch/akari_launch.py to akari_launch.cpython-310.pyc
[3.672s] running install_data
[3.673s] creating /home/akariros/Akari_ros2_humble/install/akari_launch/share/ament_index
[3.673s] creating /home/akariros/Akari_ros2_humble/install/akari_launch/share/ament_index/resource_index
[3.673s] creating /home/akariros/Akari_ros2_humble/install/akari_launch/share/ament_index/resource_index/packages
[3.674s] copying resource/akari_launch -> /home/akariros/Akari_ros2_humble/install/akari_launch/share/ament_index/resource_index/packages
[3.674s] copying package.xml -> /home/akariros/Akari_ros2_humble/install/akari_launch/share/akari_launch
[3.674s] creating /home/akariros/Akari_ros2_humble/install/akari_launch/share/akari_launch/launch
[3.674s] copying akari_launch/akari_launch.py -> /home/akariros/Akari_ros2_humble/install/akari_launch/share/akari_launch/launch
[3.674s] running install_egg_info
[3.678s] Copying ../build/akari_launch/akari_launch.egg-info to /home/akariros/Akari_ros2_humble/install/akari_launch/lib/python3.10/site-packages/akari_launch-0.0.0-py3.10.egg-info
[3.680s] running install_scripts
[3.728s] writing list of installed files to '/home/akariros/Akari_ros2_humble/build/akari_launch/install.log'
[3.857s] Invoked command in '/home/akariros/Akari_ros2_humble/akari_launch' returned '0': PYTHONPATH=/home/akariros/Akari_ros2_humble/build/akari_launch/prefix_override:/home/akariros/Akari_ros2_humble/install/akari_launch/lib/python3.10/site-packages:${PYTHONPATH} /usr/bin/python3 setup.py egg_info --egg-base ../build/akari_launch build --build-base /home/akariros/Akari_ros2_humble/build/akari_launch/build install --record /home/akariros/Akari_ros2_humble/build/akari_launch/install.log --single-version-externally-managed
