running egg_info
creating ../build/m5_server/m5_server.egg-info
writing ../build/m5_server/m5_server.egg-info/PKG-INFO
writing dependency_links to ../build/m5_server/m5_server.egg-info/dependency_links.txt
writing entry points to ../build/m5_server/m5_server.egg-info/entry_points.txt
writing requirements to ../build/m5_server/m5_server.egg-info/requires.txt
writing top-level names to ../build/m5_server/m5_server.egg-info/top_level.txt
writing manifest file '../build/m5_server/m5_server.egg-info/SOURCES.txt'
reading manifest file '../build/m5_server/m5_server.egg-info/SOURCES.txt'
writing manifest file '../build/m5_server/m5_server.egg-info/SOURCES.txt'
running build
running build_py
creating /home/akariros/Akari_ros2_humble/build/m5_server/build
creating /home/akariros/Akari_ros2_humble/build/m5_server/build/lib
creating /home/akariros/Akari_ros2_humble/build/m5_server/build/lib/m5_server
copying m5_server/__init__.py -> /home/akariros/Akari_ros2_humble/build/m5_server/build/lib/m5_server
copying m5_server/m5_server.py -> /home/akariros/Akari_ros2_humble/build/m5_server/build/lib/m5_server
running install
running install_lib
creating /home/akariros/Akari_ros2_humble/install/m5_server/lib/python3.10/site-packages/m5_server
copying /home/akariros/Akari_ros2_humble/build/m5_server/build/lib/m5_server/__init__.py -> /home/akariros/Akari_ros2_humble/install/m5_server/lib/python3.10/site-packages/m5_server
copying /home/akariros/Akari_ros2_humble/build/m5_server/build/lib/m5_server/m5_server.py -> /home/akariros/Akari_ros2_humble/install/m5_server/lib/python3.10/site-packages/m5_server
byte-compiling /home/akariros/Akari_ros2_humble/install/m5_server/lib/python3.10/site-packages/m5_server/__init__.py to __init__.cpython-310.pyc
byte-compiling /home/akariros/Akari_ros2_humble/install/m5_server/lib/python3.10/site-packages/m5_server/m5_server.py to m5_server.cpython-310.pyc
running install_data
creating /home/akariros/Akari_ros2_humble/install/m5_server/share/ament_index
creating /home/akariros/Akari_ros2_humble/install/m5_server/share/ament_index/resource_index
creating /home/akariros/Akari_ros2_humble/install/m5_server/share/ament_index/resource_index/packages
copying resource/m5_server -> /home/akariros/Akari_ros2_humble/install/m5_server/share/ament_index/resource_index/packages
copying package.xml -> /home/akariros/Akari_ros2_humble/install/m5_server/share/m5_server
creating /home/akariros/Akari_ros2_humble/install/m5_server/share/m5_server/launch
running install_egg_info
Copying ../build/m5_server/m5_server.egg-info to /home/akariros/Akari_ros2_humble/install/m5_server/lib/python3.10/site-packages/m5_server-0.0.0-py3.10.egg-info
running install_scripts
Installing m5_server script to /home/akariros/Akari_ros2_humble/install/m5_server/lib/m5_server
writing list of installed files to '/home/akariros/Akari_ros2_humble/build/m5_server/install.log'
