[2.080s] Invoking command in '/home/akariros/Akari_ros2_humble/m5_server': PYTHONPATH=/home/akariros/Akari_ros2_humble/build/m5_server/prefix_override:/home/akariros/Akari_ros2_humble/install/m5_server/lib/python3.10/site-packages:${PYTHONPATH} /usr/bin/python3 setup.py egg_info --egg-base ../build/m5_server build --build-base /home/akariros/Akari_ros2_humble/build/m5_server/build install --record /home/akariros/Akari_ros2_humble/build/m5_server/install.log --single-version-externally-managed
[2.813s] running egg_info
[2.814s] creating ../build/m5_server/m5_server.egg-info
[2.815s] writing ../build/m5_server/m5_server.egg-info/PKG-INFO
[2.815s] writing dependency_links to ../build/m5_server/m5_server.egg-info/dependency_links.txt
[2.815s] writing entry points to ../build/m5_server/m5_server.egg-info/entry_points.txt
[2.816s] writing requirements to ../build/m5_server/m5_server.egg-info/requires.txt
[2.816s] writing top-level names to ../build/m5_server/m5_server.egg-info/top_level.txt
[2.816s] writing manifest file '../build/m5_server/m5_server.egg-info/SOURCES.txt'
[2.820s] reading manifest file '../build/m5_server/m5_server.egg-info/SOURCES.txt'
[2.821s] writing manifest file '../build/m5_server/m5_server.egg-info/SOURCES.txt'
[2.822s] running build
[2.822s] running build_py
[2.823s] creating /home/akariros/Akari_ros2_humble/build/m5_server/build
[2.824s] creating /home/akariros/Akari_ros2_humble/build/m5_server/build/lib
[2.824s] creating /home/akariros/Akari_ros2_humble/build/m5_server/build/lib/m5_server
[2.824s] copying m5_server/__init__.py -> /home/akariros/Akari_ros2_humble/build/m5_server/build/lib/m5_server
[2.824s] copying m5_server/m5_server.py -> /home/akariros/Akari_ros2_humble/build/m5_server/build/lib/m5_server
[2.824s] running install
[2.825s] /usr/lib/python3/dist-packages/setuptools/command/install.py:34: SetuptoolsDeprecationWarning: setup.py install is deprecated. Use build and pip and other standards-based tools.
[2.825s]   warnings.warn(
[2.825s] running install_lib
[2.826s] creating /home/akariros/Akari_ros2_humble/install/m5_server/lib/python3.10/site-packages/m5_server
[2.826s] copying /home/akariros/Akari_ros2_humble/build/m5_server/build/lib/m5_server/__init__.py -> /home/akariros/Akari_ros2_humble/install/m5_server/lib/python3.10/site-packages/m5_server
[2.826s] copying /home/akariros/Akari_ros2_humble/build/m5_server/build/lib/m5_server/m5_server.py -> /home/akariros/Akari_ros2_humble/install/m5_server/lib/python3.10/site-packages/m5_server
[2.827s] byte-compiling /home/akariros/Akari_ros2_humble/install/m5_server/lib/python3.10/site-packages/m5_server/__init__.py to __init__.cpython-310.pyc
[2.828s] byte-compiling /home/akariros/Akari_ros2_humble/install/m5_server/lib/python3.10/site-packages/m5_server/m5_server.py to m5_server.cpython-310.pyc
[2.832s] running install_data
[2.833s] creating /home/akariros/Akari_ros2_humble/install/m5_server/share/ament_index
[2.833s] creating /home/akariros/Akari_ros2_humble/install/m5_server/share/ament_index/resource_index
[2.833s] creating /home/akariros/Akari_ros2_humble/install/m5_server/share/ament_index/resource_index/packages
[2.833s] copying resource/m5_server -> /home/akariros/Akari_ros2_humble/install/m5_server/share/ament_index/resource_index/packages
[2.834s] copying package.xml -> /home/akariros/Akari_ros2_humble/install/m5_server/share/m5_server
[2.834s] creating /home/akariros/Akari_ros2_humble/install/m5_server/share/m5_server/launch
[2.834s] running install_egg_info
[2.838s] Copying ../build/m5_server/m5_server.egg-info to /home/akariros/Akari_ros2_humble/install/m5_server/lib/python3.10/site-packages/m5_server-0.0.0-py3.10.egg-info
[2.840s] running install_scripts
[2.886s] Installing m5_server script to /home/akariros/Akari_ros2_humble/install/m5_server/lib/m5_server
[2.886s] writing list of installed files to '/home/akariros/Akari_ros2_humble/build/m5_server/install.log'
[2.943s] Invoked command in '/home/akariros/Akari_ros2_humble/m5_server' returned '0': PYTHONPATH=/home/akariros/Akari_ros2_humble/build/m5_server/prefix_override:/home/akariros/Akari_ros2_humble/install/m5_server/lib/python3.10/site-packages:${PYTHONPATH} /usr/bin/python3 setup.py egg_info --egg-base ../build/m5_server build --build-base /home/akariros/Akari_ros2_humble/build/m5_server/build install --record /home/akariros/Akari_ros2_humble/build/m5_server/install.log --single-version-externally-managed
