running egg_info
writing ../build/servo_server/servo_server.egg-info/PKG-INFO
writing dependency_links to ../build/servo_server/servo_server.egg-info/dependency_links.txt
writing entry points to ../build/servo_server/servo_server.egg-info/entry_points.txt
writing requirements to ../build/servo_server/servo_server.egg-info/requires.txt
writing top-level names to ../build/servo_server/servo_server.egg-info/top_level.txt
reading manifest file '../build/servo_server/servo_server.egg-info/SOURCES.txt'
writing manifest file '../build/servo_server/servo_server.egg-info/SOURCES.txt'
/usr/lib/python3/dist-packages/setuptools/command/install.py:34: SetuptoolsDeprecationWarning: setup.py install is deprecated. Use build and pip and other standards-based tools.
  warnings.warn(
running build
running build_py
running install
running install_lib
running install_data
running install_egg_info
removing '/home/akariros/Akari_ros2_humble/install/servo_server/lib/python3.10/site-packages/servo_server-0.0.0-py3.10.egg-info' (and everything under it)
Copying ../build/servo_server/servo_server.egg-info to /home/akariros/Akari_ros2_humble/install/servo_server/lib/python3.10/site-packages/servo_server-0.0.0-py3.10.egg-info
running install_scripts
Installing servo_server script to /home/akariros/Akari_ros2_humble/install/servo_server/lib/servo_server
writing list of installed files to '/home/akariros/Akari_ros2_humble/build/servo_server/install.log'
