[3.463s] Invoking command in '/home/akariros/Akari_ros2_humble/akari_setting_publisher': PYTHONPATH=/home/akariros/Akari_ros2_humble/build/akari_setting_publisher/prefix_override:/home/akariros/Akari_ros2_humble/install/akari_setting_publisher/lib/python3.10/site-packages:${PYTHONPATH} /usr/bin/python3 setup.py egg_info --egg-base ../build/akari_setting_publisher build --build-base /home/akariros/Akari_ros2_humble/build/akari_setting_publisher/build install --record /home/akariros/Akari_ros2_humble/build/akari_setting_publisher/install.log --single-version-externally-managed
[4.499s] running egg_info
[4.500s] writing ../build/akari_setting_publisher/akari_setting_publisher.egg-info/PKG-INFO
[4.501s] writing dependency_links to ../build/akari_setting_publisher/akari_setting_publisher.egg-info/dependency_links.txt
[4.502s] writing entry points to ../build/akari_setting_publisher/akari_setting_publisher.egg-info/entry_points.txt
[4.503s] writing requirements to ../build/akari_setting_publisher/akari_setting_publisher.egg-info/requires.txt
[4.503s] writing top-level names to ../build/akari_setting_publisher/akari_setting_publisher.egg-info/top_level.txt
[4.532s] reading manifest file '../build/akari_setting_publisher/akari_setting_publisher.egg-info/SOURCES.txt'
[4.534s] writing manifest file '../build/akari_setting_publisher/akari_setting_publisher.egg-info/SOURCES.txt'
[4.534s] running build
[4.534s] running build_py
[4.535s] running install
[4.535s] /usr/lib/python3/dist-packages/setuptools/command/install.py:34: SetuptoolsDeprecationWarning: setup.py install is deprecated. Use build and pip and other standards-based tools.
[4.535s]   warnings.warn(
[4.536s] running install_lib
[4.538s] running install_data
[4.540s] running install_egg_info
[4.543s] removing '/home/akariros/Akari_ros2_humble/install/akari_setting_publisher/lib/python3.10/site-packages/akari_setting_publisher-0.0.0-py3.10.egg-info' (and everything under it)
[4.544s] Copying ../build/akari_setting_publisher/akari_setting_publisher.egg-info to /home/akariros/Akari_ros2_humble/install/akari_setting_publisher/lib/python3.10/site-packages/akari_setting_publisher-0.0.0-py3.10.egg-info
[4.545s] running install_scripts
[4.592s] Installing setting_publisher script to /home/akariros/Akari_ros2_humble/install/akari_setting_publisher/lib/akari_setting_publisher
[4.592s] writing list of installed files to '/home/akariros/Akari_ros2_humble/build/akari_setting_publisher/install.log'
[5.105s] Invoked command in '/home/akariros/Akari_ros2_humble/akari_setting_publisher' returned '0': PYTHONPATH=/home/akariros/Akari_ros2_humble/build/akari_setting_publisher/prefix_override:/home/akariros/Akari_ros2_humble/install/akari_setting_publisher/lib/python3.10/site-packages:${PYTHONPATH} /usr/bin/python3 setup.py egg_info --egg-base ../build/akari_setting_publisher build --build-base /home/akariros/Akari_ros2_humble/build/akari_setting_publisher/build install --record /home/akariros/Akari_ros2_humble/build/akari_setting_publisher/install.log --single-version-externally-managed
