running egg_info
writing ../build/servo_server/servo_server.egg-info/PKG-INFO
writing dependency_links to ../build/servo_server/servo_server.egg-info/dependency_links.txt
writing entry points to ../build/servo_server/servo_server.egg-info/entry_points.txt
writing requirements to ../build/servo_server/servo_server.egg-info/requires.txt
writing top-level names to ../build/servo_server/servo_server.egg-info/top_level.txt
reading manifest file '../build/servo_server/servo_server.egg-info/SOURCES.txt'
writing manifest file '../build/servo_server/servo_server.egg-info/SOURCES.txt'
running build
running build_py
copying servo_server/servo_set_vel_server.py -> /home/akariros/Akari_ros2_humble/build/servo_server/build/lib/servo_server
copying servo_server/servo_set_enable_server.py -> /home/akariros/Akari_ros2_humble/build/servo_server/build/lib/servo_server
copying servo_server/servo_set_acc_server.py -> /home/akariros/Akari_ros2_humble/build/servo_server/build/lib/servo_server
running install
running install_lib
copying /home/akariros/Akari_ros2_humble/build/servo_server/build/lib/servo_server/servo_set_vel_server.py -> /home/akariros/Akari_ros2_humble/install/servo_server/lib/python3.10/site-packages/servo_server
copying /home/akariros/Akari_ros2_humble/build/servo_server/build/lib/servo_server/servo_set_enable_server.py -> /home/akariros/Akari_ros2_humble/install/servo_server/lib/python3.10/site-packages/servo_server
copying /home/akariros/Akari_ros2_humble/build/servo_server/build/lib/servo_server/servo_set_acc_server.py -> /home/akariros/Akari_ros2_humble/install/servo_server/lib/python3.10/site-packages/servo_server
byte-compiling /home/akariros/Akari_ros2_humble/install/servo_server/lib/python3.10/site-packages/servo_server/servo_set_vel_server.py to servo_set_vel_server.cpython-310.pyc
byte-compiling /home/akariros/Akari_ros2_humble/install/servo_server/lib/python3.10/site-packages/servo_server/servo_set_enable_server.py to servo_set_enable_server.cpython-310.pyc
byte-compiling /home/akariros/Akari_ros2_humble/install/servo_server/lib/python3.10/site-packages/servo_server/servo_set_acc_server.py to servo_set_acc_server.cpython-310.pyc
running install_data
running install_egg_info
removing '/home/akariros/Akari_ros2_humble/install/servo_server/lib/python3.10/site-packages/servo_server-0.0.0-py3.10.egg-info' (and everything under it)
Copying ../build/servo_server/servo_server.egg-info to /home/akariros/Akari_ros2_humble/install/servo_server/lib/python3.10/site-packages/servo_server-0.0.0-py3.10.egg-info
running install_scripts
Installing servo_acc script to /home/akariros/Akari_ros2_humble/install/servo_server/lib/servo_server
Installing servo_enable script to /home/akariros/Akari_ros2_humble/install/servo_server/lib/servo_server
Installing servo_server script to /home/akariros/Akari_ros2_humble/install/servo_server/lib/servo_server
Installing servo_set script to /home/akariros/Akari_ros2_humble/install/servo_server/lib/servo_server
Installing servo_vel script to /home/akariros/Akari_ros2_humble/install/servo_server/lib/servo_server
writing list of installed files to '/home/akariros/Akari_ros2_humble/build/servo_server/install.log'
