[2.307s] Invoking command in '/home/akariros/Akari_ros2_humble/servo_server': PYTHONPATH=/home/akariros/Akari_ros2_humble/build/servo_server/prefix_override:/home/akariros/Akari_ros2_humble/install/servo_server/lib/python3.10/site-packages:${PYTHONPATH} /usr/bin/python3 setup.py egg_info --egg-base ../build/servo_server build --build-base /home/akariros/Akari_ros2_humble/build/servo_server/build install --record /home/akariros/Akari_ros2_humble/build/servo_server/install.log --single-version-externally-managed
[2.947s] running egg_info
[2.949s] writing ../build/servo_server/servo_server.egg-info/PKG-INFO
[2.950s] writing dependency_links to ../build/servo_server/servo_server.egg-info/dependency_links.txt
[2.951s] writing entry points to ../build/servo_server/servo_server.egg-info/entry_points.txt
[2.952s] writing requirements to ../build/servo_server/servo_server.egg-info/requires.txt
[2.952s] writing top-level names to ../build/servo_server/servo_server.egg-info/top_level.txt
[2.957s] reading manifest file '../build/servo_server/servo_server.egg-info/SOURCES.txt'
[2.959s] writing manifest file '../build/servo_server/servo_server.egg-info/SOURCES.txt'
[2.960s] running build
[2.960s] running build_py
[2.962s] copying servo_server/servo_set_vel_server.py -> /home/akariros/Akari_ros2_humble/build/servo_server/build/lib/servo_server
[2.962s] copying servo_server/servo_set_enable_server.py -> /home/akariros/Akari_ros2_humble/build/servo_server/build/lib/servo_server
[2.963s] copying servo_server/servo_set_acc_server.py -> /home/akariros/Akari_ros2_humble/build/servo_server/build/lib/servo_server
[2.964s] running install
[2.965s] /usr/lib/python3/dist-packages/setuptools/command/install.py:34: SetuptoolsDeprecationWarning: setup.py install is deprecated. Use build and pip and other standards-based tools.
[2.965s]   warnings.warn(
[2.977s] running install_lib
[2.977s] copying /home/akariros/Akari_ros2_humble/build/servo_server/build/lib/servo_server/servo_set_vel_server.py -> /home/akariros/Akari_ros2_humble/install/servo_server/lib/python3.10/site-packages/servo_server
[2.977s] copying /home/akariros/Akari_ros2_humble/build/servo_server/build/lib/servo_server/servo_set_enable_server.py -> /home/akariros/Akari_ros2_humble/install/servo_server/lib/python3.10/site-packages/servo_server
[2.977s] copying /home/akariros/Akari_ros2_humble/build/servo_server/build/lib/servo_server/servo_set_acc_server.py -> /home/akariros/Akari_ros2_humble/install/servo_server/lib/python3.10/site-packages/servo_server
[2.977s] byte-compiling /home/akariros/Akari_ros2_humble/install/servo_server/lib/python3.10/site-packages/servo_server/servo_set_vel_server.py to servo_set_vel_server.cpython-310.pyc
[2.978s] byte-compiling /home/akariros/Akari_ros2_humble/install/servo_server/lib/python3.10/site-packages/servo_server/servo_set_enable_server.py to servo_set_enable_server.cpython-310.pyc
[2.978s] byte-compiling /home/akariros/Akari_ros2_humble/install/servo_server/lib/python3.10/site-packages/servo_server/servo_set_acc_server.py to servo_set_acc_server.cpython-310.pyc
[2.978s] running install_data
[2.978s] running install_egg_info
[2.981s] removing '/home/akariros/Akari_ros2_humble/install/servo_server/lib/python3.10/site-packages/servo_server-0.0.0-py3.10.egg-info' (and everything under it)
[2.981s] Copying ../build/servo_server/servo_server.egg-info to /home/akariros/Akari_ros2_humble/install/servo_server/lib/python3.10/site-packages/servo_server-0.0.0-py3.10.egg-info
[2.983s] running install_scripts
[3.031s] Installing servo_acc script to /home/akariros/Akari_ros2_humble/install/servo_server/lib/servo_server
[3.032s] Installing servo_enable script to /home/akariros/Akari_ros2_humble/install/servo_server/lib/servo_server
[3.032s] Installing servo_server script to /home/akariros/Akari_ros2_humble/install/servo_server/lib/servo_server
[3.032s] Installing servo_set script to /home/akariros/Akari_ros2_humble/install/servo_server/lib/servo_server
[3.032s] Installing servo_vel script to /home/akariros/Akari_ros2_humble/install/servo_server/lib/servo_server
[3.033s] writing list of installed files to '/home/akariros/Akari_ros2_humble/build/servo_server/install.log'
[3.075s] Invoked command in '/home/akariros/Akari_ros2_humble/servo_server' returned '0': PYTHONPATH=/home/akariros/Akari_ros2_humble/build/servo_server/prefix_override:/home/akariros/Akari_ros2_humble/install/servo_server/lib/python3.10/site-packages:${PYTHONPATH} /usr/bin/python3 setup.py egg_info --egg-base ../build/servo_server build --build-base /home/akariros/Akari_ros2_humble/build/servo_server/build install --record /home/akariros/Akari_ros2_humble/build/servo_server/install.log --single-version-externally-managed
