running egg_info
creating ../build/akari_state_publisher/akari_state_publisher.egg-info
writing ../build/akari_state_publisher/akari_state_publisher.egg-info/PKG-INFO
writing dependency_links to ../build/akari_state_publisher/akari_state_publisher.egg-info/dependency_links.txt
writing entry points to ../build/akari_state_publisher/akari_state_publisher.egg-info/entry_points.txt
writing requirements to ../build/akari_state_publisher/akari_state_publisher.egg-info/requires.txt
writing top-level names to ../build/akari_state_publisher/akari_state_publisher.egg-info/top_level.txt
writing manifest file '../build/akari_state_publisher/akari_state_publisher.egg-info/SOURCES.txt'
reading manifest file '../build/akari_state_publisher/akari_state_publisher.egg-info/SOURCES.txt'
writing manifest file '../build/akari_state_publisher/akari_state_publisher.egg-info/SOURCES.txt'
running build
running build_py
creating /home/akariros/Akari_ros2_humble/build/akari_state_publisher/build
creating /home/akariros/Akari_ros2_humble/build/akari_state_publisher/build/lib
creating /home/akariros/Akari_ros2_humble/build/akari_state_publisher/build/lib/akari_state_publisher
copying akari_state_publisher/__init__.py -> /home/akariros/Akari_ros2_humble/build/akari_state_publisher/build/lib/akari_state_publisher
copying akari_state_publisher/joint_state_publisher.py -> /home/akariros/Akari_ros2_humble/build/akari_state_publisher/build/lib/akari_state_publisher
running install
running install_lib
creating /home/akariros/Akari_ros2_humble/install/akari_state_publisher/lib/python3.10/site-packages/akari_state_publisher
copying /home/akariros/Akari_ros2_humble/build/akari_state_publisher/build/lib/akari_state_publisher/__init__.py -> /home/akariros/Akari_ros2_humble/install/akari_state_publisher/lib/python3.10/site-packages/akari_state_publisher
copying /home/akariros/Akari_ros2_humble/build/akari_state_publisher/build/lib/akari_state_publisher/joint_state_publisher.py -> /home/akariros/Akari_ros2_humble/install/akari_state_publisher/lib/python3.10/site-packages/akari_state_publisher
byte-compiling /home/akariros/Akari_ros2_humble/install/akari_state_publisher/lib/python3.10/site-packages/akari_state_publisher/__init__.py to __init__.cpython-310.pyc
byte-compiling /home/akariros/Akari_ros2_humble/install/akari_state_publisher/lib/python3.10/site-packages/akari_state_publisher/joint_state_publisher.py to joint_state_publisher.cpython-310.pyc
running install_data
creating /home/akariros/Akari_ros2_humble/install/akari_state_publisher/share/ament_index
creating /home/akariros/Akari_ros2_humble/install/akari_state_publisher/share/ament_index/resource_index
creating /home/akariros/Akari_ros2_humble/install/akari_state_publisher/share/ament_index/resource_index/packages
copying resource/akari_state_publisher -> /home/akariros/Akari_ros2_humble/install/akari_state_publisher/share/ament_index/resource_index/packages
copying package.xml -> /home/akariros/Akari_ros2_humble/install/akari_state_publisher/share/akari_state_publisher
running install_egg_info
Copying ../build/akari_state_publisher/akari_state_publisher.egg-info to /home/akariros/Akari_ros2_humble/install/akari_state_publisher/lib/python3.10/site-packages/akari_state_publisher-0.0.0-py3.10.egg-info
running install_scripts
Installing joint_state_publisher script to /home/akariros/Akari_ros2_humble/install/akari_state_publisher/lib/akari_state_publisher
writing list of installed files to '/home/akariros/Akari_ros2_humble/build/akari_state_publisher/install.log'
