[2.556s] Invoking command in '/home/akariros/Akari_ros2_humble/akari_state_publisher': PYTHONPATH=/home/akariros/Akari_ros2_humble/build/akari_state_publisher/prefix_override:/home/akariros/Akari_ros2_humble/install/akari_state_publisher/lib/python3.10/site-packages:${PYTHONPATH} /usr/bin/python3 setup.py egg_info --egg-base ../build/akari_state_publisher build --build-base /home/akariros/Akari_ros2_humble/build/akari_state_publisher/build install --record /home/akariros/Akari_ros2_humble/build/akari_state_publisher/install.log --single-version-externally-managed
[3.423s] running egg_info
[3.424s] creating ../build/akari_state_publisher/akari_state_publisher.egg-info
[3.425s] writing ../build/akari_state_publisher/akari_state_publisher.egg-info/PKG-INFO
[3.425s] writing dependency_links to ../build/akari_state_publisher/akari_state_publisher.egg-info/dependency_links.txt
[3.426s] writing entry points to ../build/akari_state_publisher/akari_state_publisher.egg-info/entry_points.txt
[3.426s] writing requirements to ../build/akari_state_publisher/akari_state_publisher.egg-info/requires.txt
[3.426s] writing top-level names to ../build/akari_state_publisher/akari_state_publisher.egg-info/top_level.txt
[3.427s] writing manifest file '../build/akari_state_publisher/akari_state_publisher.egg-info/SOURCES.txt'
[3.430s] reading manifest file '../build/akari_state_publisher/akari_state_publisher.egg-info/SOURCES.txt'
[3.432s] writing manifest file '../build/akari_state_publisher/akari_state_publisher.egg-info/SOURCES.txt'
[3.433s] running build
[3.433s] running build_py
[3.433s] creating /home/akariros/Akari_ros2_humble/build/akari_state_publisher/build
[3.433s] creating /home/akariros/Akari_ros2_humble/build/akari_state_publisher/build/lib
[3.434s] creating /home/akariros/Akari_ros2_humble/build/akari_state_publisher/build/lib/akari_state_publisher
[3.434s] copying akari_state_publisher/__init__.py -> /home/akariros/Akari_ros2_humble/build/akari_state_publisher/build/lib/akari_state_publisher
[3.434s] copying akari_state_publisher/joint_state_publisher.py -> /home/akariros/Akari_ros2_humble/build/akari_state_publisher/build/lib/akari_state_publisher
[3.434s] running install
[3.435s] /usr/lib/python3/dist-packages/setuptools/command/install.py:34: SetuptoolsDeprecationWarning: setup.py install is deprecated. Use build and pip and other standards-based tools.
[3.435s]   warnings.warn(
[3.435s] running install_lib
[3.444s] creating /home/akariros/Akari_ros2_humble/install/akari_state_publisher/lib/python3.10/site-packages/akari_state_publisher
[3.445s] copying /home/akariros/Akari_ros2_humble/build/akari_state_publisher/build/lib/akari_state_publisher/__init__.py -> /home/akariros/Akari_ros2_humble/install/akari_state_publisher/lib/python3.10/site-packages/akari_state_publisher
[3.445s] copying /home/akariros/Akari_ros2_humble/build/akari_state_publisher/build/lib/akari_state_publisher/joint_state_publisher.py -> /home/akariros/Akari_ros2_humble/install/akari_state_publisher/lib/python3.10/site-packages/akari_state_publisher
[3.447s] byte-compiling /home/akariros/Akari_ros2_humble/install/akari_state_publisher/lib/python3.10/site-packages/akari_state_publisher/__init__.py to __init__.cpython-310.pyc
[3.447s] byte-compiling /home/akariros/Akari_ros2_humble/install/akari_state_publisher/lib/python3.10/site-packages/akari_state_publisher/joint_state_publisher.py to joint_state_publisher.cpython-310.pyc
[3.449s] running install_data
[3.450s] creating /home/akariros/Akari_ros2_humble/install/akari_state_publisher/share/ament_index
[3.451s] creating /home/akariros/Akari_ros2_humble/install/akari_state_publisher/share/ament_index/resource_index
[3.451s] creating /home/akariros/Akari_ros2_humble/install/akari_state_publisher/share/ament_index/resource_index/packages
[3.451s] copying resource/akari_state_publisher -> /home/akariros/Akari_ros2_humble/install/akari_state_publisher/share/ament_index/resource_index/packages
[3.451s] copying package.xml -> /home/akariros/Akari_ros2_humble/install/akari_state_publisher/share/akari_state_publisher
[3.451s] running install_egg_info
[3.455s] Copying ../build/akari_state_publisher/akari_state_publisher.egg-info to /home/akariros/Akari_ros2_humble/install/akari_state_publisher/lib/python3.10/site-packages/akari_state_publisher-0.0.0-py3.10.egg-info
[3.457s] running install_scripts
[3.535s] Installing joint_state_publisher script to /home/akariros/Akari_ros2_humble/install/akari_state_publisher/lib/akari_state_publisher
[3.536s] writing list of installed files to '/home/akariros/Akari_ros2_humble/build/akari_state_publisher/install.log'
[3.634s] Invoked command in '/home/akariros/Akari_ros2_humble/akari_state_publisher' returned '0': PYTHONPATH=/home/akariros/Akari_ros2_humble/build/akari_state_publisher/prefix_override:/home/akariros/Akari_ros2_humble/install/akari_state_publisher/lib/python3.10/site-packages:${PYTHONPATH} /usr/bin/python3 setup.py egg_info --egg-base ../build/akari_state_publisher build --build-base /home/akariros/Akari_ros2_humble/build/akari_state_publisher/build install --record /home/akariros/Akari_ros2_humble/build/akari_state_publisher/install.log --single-version-externally-managed
