[0.066s] Invoking command in '/home/akariros/Akari_ros2_humble/build/akari_msgs': CMAKE_PREFIX_PATH=${CMAKE_PREFIX_PATH}:/home/akariros/Akari_ros2_humble/install/py_m5serial:/home/akariros/Akari_ros2_humble/install/py_akari_pubsub:/home/akariros/Akari_ros2_humble/install/m5displayserver:/opt/ros/humble /usr/bin/cmake --build /home/akariros/Akari_ros2_humble/build/akari_msgs -- -j4 -l4
[1.122s] [35m[1mConsolidate compiler generated dependencies of target akari_msgs__rosidl_generator_c[0m
[1.124s] [  1%] Built target akari_msgs__cpp
[1.125s] [  1%] Built target ament_cmake_python_copy_akari_msgs
[1.125s] [ 12%] Built target akari_msgs__rosidl_generator_c
[1.125s] [35m[1mConsolidate compiler generated dependencies of target akari_msgs__rosidl_typesupport_cpp[0m
[1.125s] [35m[1mConsolidate compiler generated dependencies of target akari_msgs__rosidl_typesupport_introspection_cpp[0m
[1.125s] [35m[1mConsolidate compiler generated dependencies of target akari_msgs__rosidl_typesupport_fastrtps_cpp[0m
[1.126s] [ 24%] Built target akari_msgs__rosidl_typesupport_introspection_cpp
[1.126s] [ 35%] Built target akari_msgs__rosidl_typesupport_cpp
[1.126s] [ 47%] Built target akari_msgs__rosidl_typesupport_fastrtps_cpp
[1.126s] [35m[1mConsolidate compiler generated dependencies of target akari_msgs__rosidl_typesupport_fastrtps_c[0m
[1.126s] [35m[1mConsolidate compiler generated dependencies of target akari_msgs__rosidl_typesupport_c[0m
[1.126s] [35m[1mConsolidate compiler generated dependencies of target akari_msgs__rosidl_typesupport_introspection_c[0m
[1.127s] [ 58%] Built target akari_msgs__rosidl_typesupport_fastrtps_c
[1.127s] [ 70%] Built target akari_msgs__rosidl_typesupport_c
[1.127s] [ 82%] Built target akari_msgs__rosidl_typesupport_introspection_c
[1.127s] [ 82%] Built target akari_msgs
[1.127s] [ 83%] Built target akari_msgs__py
[1.127s] [35m[1mConsolidate compiler generated dependencies of target akari_msgs__rosidl_generator_py[0m
[1.128s] [ 93%] Built target akari_msgs__rosidl_generator_py
[1.128s] [35m[1mConsolidate compiler generated dependencies of target akari_msgs__rosidl_typesupport_fastrtps_c__pyext[0m
[1.128s] [35m[1mConsolidate compiler generated dependencies of target akari_msgs__rosidl_typesupport_introspection_c__pyext[0m
[1.128s] [35m[1mConsolidate compiler generated dependencies of target akari_msgs__rosidl_typesupport_c__pyext[0m
[1.128s] [ 95%] Built target akari_msgs__rosidl_typesupport_introspection_c__pyext
[1.129s] [ 97%] Built target akari_msgs__rosidl_typesupport_fastrtps_c__pyext
[1.129s] [100%] Built target akari_msgs__rosidl_typesupport_c__pyext
[1.129s] running egg_info
[1.129s] writing akari_msgs.egg-info/PKG-INFO
[1.129s] writing dependency_links to akari_msgs.egg-info/dependency_links.txt
[1.129s] writing top-level names to akari_msgs.egg-info/top_level.txt
[1.130s] reading manifest file 'akari_msgs.egg-info/SOURCES.txt'
[1.130s] writing manifest file 'akari_msgs.egg-info/SOURCES.txt'
[1.130s] [100%] Built target ament_cmake_python_build_akari_msgs_egg
[1.538s] Invoked command in '/home/akariros/Akari_ros2_humble/build/akari_msgs' returned '0': CMAKE_PREFIX_PATH=${CMAKE_PREFIX_PATH}:/home/akariros/Akari_ros2_humble/install/py_m5serial:/home/akariros/Akari_ros2_humble/install/py_akari_pubsub:/home/akariros/Akari_ros2_humble/install/m5displayserver:/opt/ros/humble /usr/bin/cmake --build /home/akariros/Akari_ros2_humble/build/akari_msgs -- -j4 -l4
[2.042s] Invoking command in '/home/akariros/Akari_ros2_humble/build/akari_msgs': CMAKE_PREFIX_PATH=${CMAKE_PREFIX_PATH}:/home/akariros/Akari_ros2_humble/install/py_m5serial:/home/akariros/Akari_ros2_humble/install/py_akari_pubsub:/home/akariros/Akari_ros2_humble/install/m5displayserver:/opt/ros/humble /usr/bin/cmake --install /home/akariros/Akari_ros2_humble/build/akari_msgs
[2.060s] -- Install configuration: ""
[2.060s] -- Up-to-date: /home/akariros/Akari_ros2_humble/install/akari_msgs/share/ament_index/resource_index/rosidl_interfaces/akari_msgs
[2.060s] -- Up-to-date: /home/akariros/Akari_ros2_humble/install/akari_msgs/include/akari_msgs/akari_msgs
[2.061s] -- Up-to-date: /home/akariros/Akari_ros2_humble/install/akari_msgs/include/akari_msgs/akari_msgs/srv
[2.061s] -- Up-to-date: /home/akariros/Akari_ros2_humble/install/akari_msgs/include/akari_msgs/akari_msgs/srv/set_pwmout.h
[2.061s] -- Up-to-date: /home/akariros/Akari_ros2_humble/install/akari_msgs/include/akari_msgs/akari_msgs/srv/detail
[2.061s] -- Up-to-date: /home/akariros/Akari_ros2_humble/install/akari_msgs/include/akari_msgs/akari_msgs/srv/detail/trigger__type_support.h
[2.061s] -- Up-to-date: /home/akariros/Akari_ros2_humble/install/akari_msgs/include/akari_msgs/akari_msgs/srv/detail/set_display_color__functions.c
[2.061s] -- Up-to-date: /home/akariros/Akari_ros2_humble/install/akari_msgs/include/akari_msgs/akari_msgs/srv/detail/set_display_text__struct.h
[2.062s] -- Up-to-date: /home/akariros/Akari_ros2_humble/install/akari_msgs/include/akari_msgs/akari_msgs/srv/detail/trigger__functions.c
[2.062s] -- Up-to-date: /home/akariros/Akari_ros2_humble/install/akari_msgs/include/akari_msgs/akari_msgs/srv/detail/set_pwmout__struct.h
[2.062s] -- Up-to-date: /home/akariros/Akari_ros2_humble/install/akari_msgs/include/akari_msgs/akari_msgs/srv/detail/set_pwmout__type_support.h
[2.062s] -- Up-to-date: /home/akariros/Akari_ros2_humble/install/akari_msgs/include/akari_msgs/akari_msgs/srv/detail/set_dout__functions.c
[2.062s] -- Up-to-date: /home/akariros/Akari_ros2_humble/install/akari_msgs/include/akari_msgs/akari_msgs/srv/detail/set_allout__type_support.h
[2.063s] -- Up-to-date: /home/akariros/Akari_ros2_humble/install/akari_msgs/include/akari_msgs/akari_msgs/srv/detail/set_dout__functions.h
[2.063s] -- Up-to-date: /home/akariros/Akari_ros2_humble/install/akari_msgs/include/akari_msgs/akari_msgs/srv/detail/set_display_color__functions.h
[2.063s] -- Up-to-date: /home/akariros/Akari_ros2_humble/install/akari_msgs/include/akari_msgs/akari_msgs/srv/detail/trigger__struct.h
[2.063s] -- Up-to-date: /home/akariros/Akari_ros2_humble/install/akari_msgs/include/akari_msgs/akari_msgs/srv/detail/set_display_text__functions.h
[2.063s] -- Up-to-date: /home/akariros/Akari_ros2_humble/install/akari_msgs/include/akari_msgs/akari_msgs/srv/detail/set_pwmout__functions.h
[2.063s] -- Up-to-date: /home/akariros/Akari_ros2_humble/install/akari_msgs/include/akari_msgs/akari_msgs/srv/detail/set_display_image__functions.h
[2.064s] -- Up-to-date: /home/akariros/Akari_ros2_humble/install/akari_msgs/include/akari_msgs/akari_msgs/srv/detail/set_display_color__type_support.h
[2.064s] -- Up-to-date: /home/akariros/Akari_ros2_humble/install/akari_msgs/include/akari_msgs/akari_msgs/srv/detail/set_display_text__functions.c
[2.064s] -- Up-to-date: /home/akariros/Akari_ros2_humble/install/akari_msgs/include/akari_msgs/akari_msgs/srv/detail/set_dout__struct.h
[2.064s] -- Up-to-date: /home/akariros/Akari_ros2_humble/install/akari_msgs/include/akari_msgs/akari_msgs/srv/detail/set_display_image__type_support.h
[2.064s] -- Up-to-date: /home/akariros/Akari_ros2_humble/install/akari_msgs/include/akari_msgs/akari_msgs/srv/detail/set_allout__struct.h
[2.064s] -- Up-to-date: /home/akariros/Akari_ros2_humble/install/akari_msgs/include/akari_msgs/akari_msgs/srv/detail/set_dout__type_support.h
[2.065s] -- Up-to-date: /home/akariros/Akari_ros2_humble/install/akari_msgs/include/akari_msgs/akari_msgs/srv/detail/set_allout__functions.h
[2.065s] -- Up-to-date: /home/akariros/Akari_ros2_humble/install/akari_msgs/include/akari_msgs/akari_msgs/srv/detail/set_pwmout__functions.c
[2.065s] -- Up-to-date: /home/akariros/Akari_ros2_humble/install/akari_msgs/include/akari_msgs/akari_msgs/srv/detail/set_display_image__struct.h
[2.065s] -- Up-to-date: /home/akariros/Akari_ros2_humble/install/akari_msgs/include/akari_msgs/akari_msgs/srv/detail/set_display_text__type_support.h
[2.065s] -- Up-to-date: /home/akariros/Akari_ros2_humble/install/akari_msgs/include/akari_msgs/akari_msgs/srv/detail/set_allout__functions.c
[2.065s] -- Up-to-date: /home/akariros/Akari_ros2_humble/install/akari_msgs/include/akari_msgs/akari_msgs/srv/detail/set_display_color__struct.h
[2.066s] -- Up-to-date: /home/akariros/Akari_ros2_humble/install/akari_msgs/include/akari_msgs/akari_msgs/srv/detail/set_display_image__functions.c
[2.066s] -- Up-to-date: /home/akariros/Akari_ros2_humble/install/akari_msgs/include/akari_msgs/akari_msgs/srv/detail/trigger__functions.h
[2.066s] -- Up-to-date: /home/akariros/Akari_ros2_humble/install/akari_msgs/include/akari_msgs/akari_msgs/srv/trigger.h
[2.066s] -- Up-to-date: /home/akariros/Akari_ros2_humble/install/akari_msgs/include/akari_msgs/akari_msgs/srv/set_display_text.h
[2.066s] -- Up-to-date: /home/akariros/Akari_ros2_humble/install/akari_msgs/include/akari_msgs/akari_msgs/srv/set_display_image.h
[2.067s] -- Up-to-date: /home/akariros/Akari_ros2_humble/install/akari_msgs/include/akari_msgs/akari_msgs/srv/set_dout.h
[2.067s] -- Up-to-date: /home/akariros/Akari_ros2_humble/install/akari_msgs/include/akari_msgs/akari_msgs/srv/set_display_color.h
[2.067s] -- Up-to-date: /home/akariros/Akari_ros2_humble/install/akari_msgs/include/akari_msgs/akari_msgs/srv/set_allout.h
[2.068s] -- Up-to-date: /home/akariros/Akari_ros2_humble/install/akari_msgs/include/akari_msgs/akari_msgs/msg
[2.084s] -- Up-to-date: /home/akariros/Akari_ros2_humble/install/akari_msgs/include/akari_msgs/akari_msgs/msg/rosidl_generator_c__visibility_control.h
[2.084s] -- Up-to-date: /home/akariros/Akari_ros2_humble/install/akari_msgs/include/akari_msgs/akari_msgs/msg/detail
[2.084s] -- Up-to-date: /home/akariros/Akari_ros2_humble/install/akari_msgs/include/akari_msgs/akari_msgs/msg/detail/m5__functions.c
[2.084s] -- Up-to-date: /home/akariros/Akari_ros2_humble/install/akari_msgs/include/akari_msgs/akari_msgs/msg/detail/m5__struct.h
[2.085s] -- Up-to-date: /home/akariros/Akari_ros2_humble/install/akari_msgs/include/akari_msgs/akari_msgs/msg/detail/m5__type_support.h
[2.085s] -- Up-to-date: /home/akariros/Akari_ros2_humble/install/akari_msgs/include/akari_msgs/akari_msgs/msg/detail/m5__functions.h
[2.085s] -- Up-to-date: /home/akariros/Akari_ros2_humble/install/akari_msgs/include/akari_msgs/akari_msgs/msg/m5.h
[2.085s] -- Up-to-date: /home/akariros/Akari_ros2_humble/install/akari_msgs/include/akari_msgs/akari_msgs/action
[2.085s] -- Up-to-date: /home/akariros/Akari_ros2_humble/install/akari_msgs/include/akari_msgs/akari_msgs/action/move_joint.h
[2.085s] -- Up-to-date: /home/akariros/Akari_ros2_humble/install/akari_msgs/include/akari_msgs/akari_msgs/action/detail
[2.094s] -- Up-to-date: /home/akariros/Akari_ros2_humble/install/akari_msgs/include/akari_msgs/akari_msgs/action/detail/move_joint__functions.c
[2.095s] -- Up-to-date: /home/akariros/Akari_ros2_humble/install/akari_msgs/include/akari_msgs/akari_msgs/action/detail/move_joint__functions.h
[2.095s] -- Up-to-date: /home/akariros/Akari_ros2_humble/install/akari_msgs/include/akari_msgs/akari_msgs/action/detail/move_joint__struct.h
[2.095s] -- Up-to-date: /home/akariros/Akari_ros2_humble/install/akari_msgs/include/akari_msgs/akari_msgs/action/detail/move_joint__type_support.h
[2.095s] -- Up-to-date: /home/akariros/Akari_ros2_humble/install/akari_msgs/share/akari_msgs/environment/library_path.sh
[2.095s] -- Up-to-date: /home/akariros/Akari_ros2_humble/install/akari_msgs/share/akari_msgs/environment/library_path.dsv
[2.096s] -- Up-to-date: /home/akariros/Akari_ros2_humble/install/akari_msgs/lib/libakari_msgs__rosidl_generator_c.so
[2.096s] -- Up-to-date: /home/akariros/Akari_ros2_humble/install/akari_msgs/include/akari_msgs/akari_msgs
[2.096s] -- Up-to-date: /home/akariros/Akari_ros2_humble/install/akari_msgs/include/akari_msgs/akari_msgs/srv
[2.096s] -- Up-to-date: /home/akariros/Akari_ros2_humble/install/akari_msgs/include/akari_msgs/akari_msgs/srv/detail
[2.096s] -- Up-to-date: /home/akariros/Akari_ros2_humble/install/akari_msgs/include/akari_msgs/akari_msgs/srv/detail/set_display_color__rosidl_typesupport_fastrtps_c.h
[2.096s] -- Up-to-date: /home/akariros/Akari_ros2_humble/install/akari_msgs/include/akari_msgs/akari_msgs/srv/detail/set_allout__rosidl_typesupport_fastrtps_c.h
[2.097s] -- Up-to-date: /home/akariros/Akari_ros2_humble/install/akari_msgs/include/akari_msgs/akari_msgs/srv/detail/set_display_image__rosidl_typesupport_fastrtps_c.h
[2.097s] -- Up-to-date: /home/akariros/Akari_ros2_humble/install/akari_msgs/include/akari_msgs/akari_msgs/srv/detail/set_pwmout__rosidl_typesupport_fastrtps_c.h
[2.097s] -- Up-to-date: /home/akariros/Akari_ros2_humble/install/akari_msgs/include/akari_msgs/akari_msgs/srv/detail/trigger__rosidl_typesupport_fastrtps_c.h
[2.097s] -- Up-to-date: /home/akariros/Akari_ros2_humble/install/akari_msgs/include/akari_msgs/akari_msgs/srv/detail/set_dout__rosidl_typesupport_fastrtps_c.h
[2.097s] -- Up-to-date: /home/akariros/Akari_ros2_humble/install/akari_msgs/include/akari_msgs/akari_msgs/srv/detail/set_display_text__rosidl_typesupport_fastrtps_c.h
[2.097s] -- Up-to-date: /home/akariros/Akari_ros2_humble/install/akari_msgs/include/akari_msgs/akari_msgs/msg
[2.098s] -- Up-to-date: /home/akariros/Akari_ros2_humble/install/akari_msgs/include/akari_msgs/akari_msgs/msg/detail
[2.098s] -- Up-to-date: /home/akariros/Akari_ros2_humble/install/akari_msgs/include/akari_msgs/akari_msgs/msg/detail/m5__rosidl_typesupport_fastrtps_c.h
[2.098s] -- Up-to-date: /home/akariros/Akari_ros2_humble/install/akari_msgs/include/akari_msgs/akari_msgs/msg/rosidl_typesupport_fastrtps_c__visibility_control.h
[2.098s] -- Up-to-date: /home/akariros/Akari_ros2_humble/install/akari_msgs/include/akari_msgs/akari_msgs/action
[2.098s] -- Up-to-date: /home/akariros/Akari_ros2_humble/install/akari_msgs/include/akari_msgs/akari_msgs/action/detail
[2.098s] -- Up-to-date: /home/akariros/Akari_ros2_humble/install/akari_msgs/include/akari_msgs/akari_msgs/action/detail/move_joint__rosidl_typesupport_fastrtps_c.h
[2.099s] -- Up-to-date: /home/akariros/Akari_ros2_humble/install/akari_msgs/lib/libakari_msgs__rosidl_typesupport_fastrtps_c.so
[2.099s] -- Up-to-date: /home/akariros/Akari_ros2_humble/install/akari_msgs/include/akari_msgs/akari_msgs
[2.099s] -- Up-to-date: /home/akariros/Akari_ros2_humble/install/akari_msgs/include/akari_msgs/akari_msgs/srv
[2.099s] -- Up-to-date: /home/akariros/Akari_ros2_humble/install/akari_msgs/include/akari_msgs/akari_msgs/srv/set_display_text.hpp
[2.099s] -- Up-to-date: /home/akariros/Akari_ros2_humble/install/akari_msgs/include/akari_msgs/akari_msgs/srv/set_display_image.hpp
[2.100s] -- Up-to-date: /home/akariros/Akari_ros2_humble/install/akari_msgs/include/akari_msgs/akari_msgs/srv/set_allout.hpp
[2.100s] -- Up-to-date: /home/akariros/Akari_ros2_humble/install/akari_msgs/include/akari_msgs/akari_msgs/srv/detail
[2.100s] -- Up-to-date: /home/akariros/Akari_ros2_humble/install/akari_msgs/include/akari_msgs/akari_msgs/srv/detail/trigger__struct.hpp
[2.100s] -- Up-to-date: /home/akariros/Akari_ros2_humble/install/akari_msgs/include/akari_msgs/akari_msgs/srv/detail/set_display_text__traits.hpp
[2.100s] -- Up-to-date: /home/akariros/Akari_ros2_humble/install/akari_msgs/include/akari_msgs/akari_msgs/srv/detail/set_display_text__builder.hpp
[2.101s] -- Up-to-date: /home/akariros/Akari_ros2_humble/install/akari_msgs/include/akari_msgs/akari_msgs/srv/detail/trigger__builder.hpp
[2.101s] -- Up-to-date: /home/akariros/Akari_ros2_humble/install/akari_msgs/include/akari_msgs/akari_msgs/srv/detail/set_allout__struct.hpp
[2.101s] -- Up-to-date: /home/akariros/Akari_ros2_humble/install/akari_msgs/include/akari_msgs/akari_msgs/srv/detail/set_display_color__struct.hpp
[2.101s] -- Up-to-date: /home/akariros/Akari_ros2_humble/install/akari_msgs/include/akari_msgs/akari_msgs/srv/detail/set_display_text__struct.hpp
[2.101s] -- Up-to-date: /home/akariros/Akari_ros2_humble/install/akari_msgs/include/akari_msgs/akari_msgs/srv/detail/set_dout__struct.hpp
[2.101s] -- Up-to-date: /home/akariros/Akari_ros2_humble/install/akari_msgs/include/akari_msgs/akari_msgs/srv/detail/trigger__traits.hpp
[2.102s] -- Up-to-date: /home/akariros/Akari_ros2_humble/install/akari_msgs/include/akari_msgs/akari_msgs/srv/detail/set_pwmout__struct.hpp
[2.102s] -- Up-to-date: /home/akariros/Akari_ros2_humble/install/akari_msgs/include/akari_msgs/akari_msgs/srv/detail/set_allout__builder.hpp
[2.102s] -- Up-to-date: /home/akariros/Akari_ros2_humble/install/akari_msgs/include/akari_msgs/akari_msgs/srv/detail/set_display_color__builder.hpp
[2.102s] -- Up-to-date: /home/akariros/Akari_ros2_humble/install/akari_msgs/include/akari_msgs/akari_msgs/srv/detail/set_display_image__traits.hpp
[2.102s] -- Up-to-date: /home/akariros/Akari_ros2_humble/install/akari_msgs/include/akari_msgs/akari_msgs/srv/detail/set_dout__builder.hpp
[2.103s] -- Up-to-date: /home/akariros/Akari_ros2_humble/install/akari_msgs/include/akari_msgs/akari_msgs/srv/detail/set_display_color__traits.hpp
[2.103s] -- Up-to-date: /home/akariros/Akari_ros2_humble/install/akari_msgs/include/akari_msgs/akari_msgs/srv/detail/set_display_image__struct.hpp
[2.103s] -- Up-to-date: /home/akariros/Akari_ros2_humble/install/akari_msgs/include/akari_msgs/akari_msgs/srv/detail/set_pwmout__builder.hpp
[2.103s] -- Up-to-date: /home/akariros/Akari_ros2_humble/install/akari_msgs/include/akari_msgs/akari_msgs/srv/detail/set_dout__traits.hpp
[2.103s] -- Up-to-date: /home/akariros/Akari_ros2_humble/install/akari_msgs/include/akari_msgs/akari_msgs/srv/detail/set_allout__traits.hpp
[2.103s] -- Up-to-date: /home/akariros/Akari_ros2_humble/install/akari_msgs/include/akari_msgs/akari_msgs/srv/detail/set_display_image__builder.hpp
[2.104s] -- Up-to-date: /home/akariros/Akari_ros2_humble/install/akari_msgs/include/akari_msgs/akari_msgs/srv/detail/set_pwmout__traits.hpp
[2.104s] -- Up-to-date: /home/akariros/Akari_ros2_humble/install/akari_msgs/include/akari_msgs/akari_msgs/srv/set_display_color.hpp
[2.104s] -- Up-to-date: /home/akariros/Akari_ros2_humble/install/akari_msgs/include/akari_msgs/akari_msgs/srv/set_dout.hpp
[2.104s] -- Up-to-date: /home/akariros/Akari_ros2_humble/install/akari_msgs/include/akari_msgs/akari_msgs/srv/trigger.hpp
[2.104s] -- Up-to-date: /home/akariros/Akari_ros2_humble/install/akari_msgs/include/akari_msgs/akari_msgs/srv/set_pwmout.hpp
[2.104s] -- Up-to-date: /home/akariros/Akari_ros2_humble/install/akari_msgs/include/akari_msgs/akari_msgs/msg
[2.104s] -- Up-to-date: /home/akariros/Akari_ros2_humble/install/akari_msgs/include/akari_msgs/akari_msgs/msg/detail
[2.105s] -- Up-to-date: /home/akariros/Akari_ros2_humble/install/akari_msgs/include/akari_msgs/akari_msgs/msg/detail/m5__traits.hpp
[2.105s] -- Up-to-date: /home/akariros/Akari_ros2_humble/install/akari_msgs/include/akari_msgs/akari_msgs/msg/detail/m5__struct.hpp
[2.105s] -- Up-to-date: /home/akariros/Akari_ros2_humble/install/akari_msgs/include/akari_msgs/akari_msgs/msg/detail/m5__builder.hpp
[2.105s] -- Up-to-date: /home/akariros/Akari_ros2_humble/install/akari_msgs/include/akari_msgs/akari_msgs/msg/m5.hpp
[2.105s] -- Up-to-date: /home/akariros/Akari_ros2_humble/install/akari_msgs/include/akari_msgs/akari_msgs/action
[2.105s] -- Up-to-date: /home/akariros/Akari_ros2_humble/install/akari_msgs/include/akari_msgs/akari_msgs/action/detail
[2.106s] -- Up-to-date: /home/akariros/Akari_ros2_humble/install/akari_msgs/include/akari_msgs/akari_msgs/action/detail/move_joint__traits.hpp
[2.106s] -- Up-to-date: /home/akariros/Akari_ros2_humble/install/akari_msgs/include/akari_msgs/akari_msgs/action/detail/move_joint__builder.hpp
[2.106s] -- Up-to-date: /home/akariros/Akari_ros2_humble/install/akari_msgs/include/akari_msgs/akari_msgs/action/detail/move_joint__struct.hpp
[2.106s] -- Up-to-date: /home/akariros/Akari_ros2_humble/install/akari_msgs/include/akari_msgs/akari_msgs/action/move_joint.hpp
[2.107s] -- Up-to-date: /home/akariros/Akari_ros2_humble/install/akari_msgs/include/akari_msgs/akari_msgs
[2.107s] -- Up-to-date: /home/akariros/Akari_ros2_humble/install/akari_msgs/include/akari_msgs/akari_msgs/srv
[2.107s] -- Up-to-date: /home/akariros/Akari_ros2_humble/install/akari_msgs/include/akari_msgs/akari_msgs/srv/detail
[2.107s] -- Up-to-date: /home/akariros/Akari_ros2_humble/install/akari_msgs/include/akari_msgs/akari_msgs/srv/detail/dds_fastrtps
[2.107s] -- Up-to-date: /home/akariros/Akari_ros2_humble/install/akari_msgs/include/akari_msgs/akari_msgs/srv/detail/set_pwmout__rosidl_typesupport_fastrtps_cpp.hpp
[2.107s] -- Up-to-date: /home/akariros/Akari_ros2_humble/install/akari_msgs/include/akari_msgs/akari_msgs/srv/detail/set_display_text__rosidl_typesupport_fastrtps_cpp.hpp
[2.108s] -- Up-to-date: /home/akariros/Akari_ros2_humble/install/akari_msgs/include/akari_msgs/akari_msgs/srv/detail/trigger__rosidl_typesupport_fastrtps_cpp.hpp
[2.108s] -- Up-to-date: /home/akariros/Akari_ros2_humble/install/akari_msgs/include/akari_msgs/akari_msgs/srv/detail/set_dout__rosidl_typesupport_fastrtps_cpp.hpp
[2.108s] -- Up-to-date: /home/akariros/Akari_ros2_humble/install/akari_msgs/include/akari_msgs/akari_msgs/srv/detail/set_display_image__rosidl_typesupport_fastrtps_cpp.hpp
[2.108s] -- Up-to-date: /home/akariros/Akari_ros2_humble/install/akari_msgs/include/akari_msgs/akari_msgs/srv/detail/set_allout__rosidl_typesupport_fastrtps_cpp.hpp
[2.108s] -- Up-to-date: /home/akariros/Akari_ros2_humble/install/akari_msgs/include/akari_msgs/akari_msgs/srv/detail/set_display_color__rosidl_typesupport_fastrtps_cpp.hpp
[2.108s] -- Up-to-date: /home/akariros/Akari_ros2_humble/install/akari_msgs/include/akari_msgs/akari_msgs/msg
[2.109s] -- Up-to-date: /home/akariros/Akari_ros2_humble/install/akari_msgs/include/akari_msgs/akari_msgs/msg/rosidl_typesupport_fastrtps_cpp__visibility_control.h
[2.109s] -- Up-to-date: /home/akariros/Akari_ros2_humble/install/akari_msgs/include/akari_msgs/akari_msgs/msg/detail
[2.109s] -- Up-to-date: /home/akariros/Akari_ros2_humble/install/akari_msgs/include/akari_msgs/akari_msgs/msg/detail/dds_fastrtps
[2.109s] -- Up-to-date: /home/akariros/Akari_ros2_humble/install/akari_msgs/include/akari_msgs/akari_msgs/msg/detail/m5__rosidl_typesupport_fastrtps_cpp.hpp
[2.109s] -- Up-to-date: /home/akariros/Akari_ros2_humble/install/akari_msgs/include/akari_msgs/akari_msgs/action
[2.109s] -- Up-to-date: /home/akariros/Akari_ros2_humble/install/akari_msgs/include/akari_msgs/akari_msgs/action/detail
[2.110s] -- Up-to-date: /home/akariros/Akari_ros2_humble/install/akari_msgs/include/akari_msgs/akari_msgs/action/detail/dds_fastrtps
[2.110s] -- Up-to-date: /home/akariros/Akari_ros2_humble/install/akari_msgs/include/akari_msgs/akari_msgs/action/detail/move_joint__rosidl_typesupport_fastrtps_cpp.hpp
[2.110s] -- Up-to-date: /home/akariros/Akari_ros2_humble/install/akari_msgs/lib/libakari_msgs__rosidl_typesupport_fastrtps_cpp.so
[2.110s] -- Up-to-date: /home/akariros/Akari_ros2_humble/install/akari_msgs/include/akari_msgs/akari_msgs
[2.110s] -- Up-to-date: /home/akariros/Akari_ros2_humble/install/akari_msgs/include/akari_msgs/akari_msgs/srv
[2.110s] -- Up-to-date: /home/akariros/Akari_ros2_humble/install/akari_msgs/include/akari_msgs/akari_msgs/srv/detail
[2.111s] -- Up-to-date: /home/akariros/Akari_ros2_humble/install/akari_msgs/include/akari_msgs/akari_msgs/srv/detail/set_allout__rosidl_typesupport_introspection_c.h
[2.111s] -- Up-to-date: /home/akariros/Akari_ros2_humble/install/akari_msgs/include/akari_msgs/akari_msgs/srv/detail/set_display_image__type_support.c
[2.111s] -- Up-to-date: /home/akariros/Akari_ros2_humble/install/akari_msgs/include/akari_msgs/akari_msgs/srv/detail/trigger__type_support.c
[2.111s] -- Up-to-date: /home/akariros/Akari_ros2_humble/install/akari_msgs/include/akari_msgs/akari_msgs/srv/detail/set_pwmout__type_support.c
[2.111s] -- Up-to-date: /home/akariros/Akari_ros2_humble/install/akari_msgs/include/akari_msgs/akari_msgs/srv/detail/set_pwmout__rosidl_typesupport_introspection_c.h
[2.111s] -- Up-to-date: /home/akariros/Akari_ros2_humble/install/akari_msgs/include/akari_msgs/akari_msgs/srv/detail/set_display_text__rosidl_typesupport_introspection_c.h
[2.112s] -- Up-to-date: /home/akariros/Akari_ros2_humble/install/akari_msgs/include/akari_msgs/akari_msgs/srv/detail/set_display_color__rosidl_typesupport_introspection_c.h
[2.112s] -- Up-to-date: /home/akariros/Akari_ros2_humble/install/akari_msgs/include/akari_msgs/akari_msgs/srv/detail/set_display_text__type_support.c
[2.112s] -- Up-to-date: /home/akariros/Akari_ros2_humble/install/akari_msgs/include/akari_msgs/akari_msgs/srv/detail/set_dout__type_support.c
[2.112s] -- Up-to-date: /home/akariros/Akari_ros2_humble/install/akari_msgs/include/akari_msgs/akari_msgs/srv/detail/trigger__rosidl_typesupport_introspection_c.h
[2.112s] -- Up-to-date: /home/akariros/Akari_ros2_humble/install/akari_msgs/include/akari_msgs/akari_msgs/srv/detail/set_dout__rosidl_typesupport_introspection_c.h
[2.112s] -- Up-to-date: /home/akariros/Akari_ros2_humble/install/akari_msgs/include/akari_msgs/akari_msgs/srv/detail/set_display_color__type_support.c
[2.113s] -- Up-to-date: /home/akariros/Akari_ros2_humble/install/akari_msgs/include/akari_msgs/akari_msgs/srv/detail/set_allout__type_support.c
[2.113s] -- Up-to-date: /home/akariros/Akari_ros2_humble/install/akari_msgs/include/akari_msgs/akari_msgs/srv/detail/set_display_image__rosidl_typesupport_introspection_c.h
[2.113s] -- Up-to-date: /home/akariros/Akari_ros2_humble/install/akari_msgs/include/akari_msgs/akari_msgs/msg
[2.113s] -- Up-to-date: /home/akariros/Akari_ros2_humble/install/akari_msgs/include/akari_msgs/akari_msgs/msg/rosidl_typesupport_introspection_c__visibility_control.h
[2.113s] -- Up-to-date: /home/akariros/Akari_ros2_humble/install/akari_msgs/include/akari_msgs/akari_msgs/msg/detail
[2.114s] -- Up-to-date: /home/akariros/Akari_ros2_humble/install/akari_msgs/include/akari_msgs/akari_msgs/msg/detail/m5__type_support.c
[2.114s] -- Up-to-date: /home/akariros/Akari_ros2_humble/install/akari_msgs/include/akari_msgs/akari_msgs/msg/detail/m5__rosidl_typesupport_introspection_c.h
[2.114s] -- Up-to-date: /home/akariros/Akari_ros2_humble/install/akari_msgs/include/akari_msgs/akari_msgs/action
[2.114s] -- Up-to-date: /home/akariros/Akari_ros2_humble/install/akari_msgs/include/akari_msgs/akari_msgs/action/detail
[2.114s] -- Up-to-date: /home/akariros/Akari_ros2_humble/install/akari_msgs/include/akari_msgs/akari_msgs/action/detail/move_joint__rosidl_typesupport_introspection_c.h
[2.115s] -- Up-to-date: /home/akariros/Akari_ros2_humble/install/akari_msgs/include/akari_msgs/akari_msgs/action/detail/move_joint__type_support.c
[2.115s] -- Up-to-date: /home/akariros/Akari_ros2_humble/install/akari_msgs/lib/libakari_msgs__rosidl_typesupport_introspection_c.so
[2.115s] -- Up-to-date: /home/akariros/Akari_ros2_humble/install/akari_msgs/lib/libakari_msgs__rosidl_typesupport_c.so
[2.115s] -- Up-to-date: /home/akariros/Akari_ros2_humble/install/akari_msgs/include/akari_msgs/akari_msgs
[2.115s] -- Up-to-date: /home/akariros/Akari_ros2_humble/install/akari_msgs/include/akari_msgs/akari_msgs/srv
[2.116s] -- Up-to-date: /home/akariros/Akari_ros2_humble/install/akari_msgs/include/akari_msgs/akari_msgs/srv/detail
[2.116s] -- Up-to-date: /home/akariros/Akari_ros2_humble/install/akari_msgs/include/akari_msgs/akari_msgs/srv/detail/set_display_color__type_support.cpp
[2.116s] -- Up-to-date: /home/akariros/Akari_ros2_humble/install/akari_msgs/include/akari_msgs/akari_msgs/srv/detail/set_dout__type_support.cpp
[2.116s] -- Up-to-date: /home/akariros/Akari_ros2_humble/install/akari_msgs/include/akari_msgs/akari_msgs/srv/detail/set_allout__type_support.cpp
[2.116s] -- Up-to-date: /home/akariros/Akari_ros2_humble/install/akari_msgs/include/akari_msgs/akari_msgs/srv/detail/set_dout__rosidl_typesupport_introspection_cpp.hpp
[2.116s] -- Up-to-date: /home/akariros/Akari_ros2_humble/install/akari_msgs/include/akari_msgs/akari_msgs/srv/detail/set_pwmout__rosidl_typesupport_introspection_cpp.hpp
[2.117s] -- Up-to-date: /home/akariros/Akari_ros2_humble/install/akari_msgs/include/akari_msgs/akari_msgs/srv/detail/set_display_image__rosidl_typesupport_introspection_cpp.hpp
[2.117s] -- Up-to-date: /home/akariros/Akari_ros2_humble/install/akari_msgs/include/akari_msgs/akari_msgs/srv/detail/set_display_text__type_support.cpp
[2.117s] -- Up-to-date: /home/akariros/Akari_ros2_humble/install/akari_msgs/include/akari_msgs/akari_msgs/srv/detail/set_display_image__type_support.cpp
[2.117s] -- Up-to-date: /home/akariros/Akari_ros2_humble/install/akari_msgs/include/akari_msgs/akari_msgs/srv/detail/set_allout__rosidl_typesupport_introspection_cpp.hpp
[2.117s] -- Up-to-date: /home/akariros/Akari_ros2_humble/install/akari_msgs/include/akari_msgs/akari_msgs/srv/detail/set_display_text__rosidl_typesupport_introspection_cpp.hpp
[2.117s] -- Up-to-date: /home/akariros/Akari_ros2_humble/install/akari_msgs/include/akari_msgs/akari_msgs/srv/detail/set_pwmout__type_support.cpp
[2.118s] -- Up-to-date: /home/akariros/Akari_ros2_humble/install/akari_msgs/include/akari_msgs/akari_msgs/srv/detail/set_display_color__rosidl_typesupport_introspection_cpp.hpp
[2.118s] -- Up-to-date: /home/akariros/Akari_ros2_humble/install/akari_msgs/include/akari_msgs/akari_msgs/srv/detail/trigger__type_support.cpp
[2.118s] -- Up-to-date: /home/akariros/Akari_ros2_humble/install/akari_msgs/include/akari_msgs/akari_msgs/srv/detail/trigger__rosidl_typesupport_introspection_cpp.hpp
[2.118s] -- Up-to-date: /home/akariros/Akari_ros2_humble/install/akari_msgs/include/akari_msgs/akari_msgs/msg
[2.118s] -- Up-to-date: /home/akariros/Akari_ros2_humble/install/akari_msgs/include/akari_msgs/akari_msgs/msg/detail
[2.118s] -- Up-to-date: /home/akariros/Akari_ros2_humble/install/akari_msgs/include/akari_msgs/akari_msgs/msg/detail/m5__type_support.cpp
[2.119s] -- Up-to-date: /home/akariros/Akari_ros2_humble/install/akari_msgs/include/akari_msgs/akari_msgs/msg/detail/m5__rosidl_typesupport_introspection_cpp.hpp
[2.119s] -- Up-to-date: /home/akariros/Akari_ros2_humble/install/akari_msgs/include/akari_msgs/akari_msgs/action
[2.119s] -- Up-to-date: /home/akariros/Akari_ros2_humble/install/akari_msgs/include/akari_msgs/akari_msgs/action/detail
[2.119s] -- Up-to-date: /home/akariros/Akari_ros2_humble/install/akari_msgs/include/akari_msgs/akari_msgs/action/detail/move_joint__type_support.cpp
[2.119s] -- Up-to-date: /home/akariros/Akari_ros2_humble/install/akari_msgs/include/akari_msgs/akari_msgs/action/detail/move_joint__rosidl_typesupport_introspection_cpp.hpp
[2.119s] -- Up-to-date: /home/akariros/Akari_ros2_humble/install/akari_msgs/lib/libakari_msgs__rosidl_typesupport_introspection_cpp.so
[2.120s] -- Up-to-date: /home/akariros/Akari_ros2_humble/install/akari_msgs/lib/libakari_msgs__rosidl_typesupport_cpp.so
[2.120s] -- Up-to-date: /home/akariros/Akari_ros2_humble/install/akari_msgs/share/akari_msgs/environment/pythonpath.sh
[2.120s] -- Up-to-date: /home/akariros/Akari_ros2_humble/install/akari_msgs/share/akari_msgs/environment/pythonpath.dsv
[2.120s] -- Up-to-date: /home/akariros/Akari_ros2_humble/install/akari_msgs/local/lib/python3.10/dist-packages/akari_msgs-0.0.0-py3.10.egg-info
[2.120s] -- Installing: /home/akariros/Akari_ros2_humble/install/akari_msgs/local/lib/python3.10/dist-packages/akari_msgs-0.0.0-py3.10.egg-info/SOURCES.txt
[2.121s] -- Installing: /home/akariros/Akari_ros2_humble/install/akari_msgs/local/lib/python3.10/dist-packages/akari_msgs-0.0.0-py3.10.egg-info/top_level.txt
[2.121s] -- Installing: /home/akariros/Akari_ros2_humble/install/akari_msgs/local/lib/python3.10/dist-packages/akari_msgs-0.0.0-py3.10.egg-info/dependency_links.txt
[2.121s] -- Installing: /home/akariros/Akari_ros2_humble/install/akari_msgs/local/lib/python3.10/dist-packages/akari_msgs-0.0.0-py3.10.egg-info/PKG-INFO
[2.121s] -- Up-to-date: /home/akariros/Akari_ros2_humble/install/akari_msgs/local/lib/python3.10/dist-packages/akari_msgs
[2.121s] -- Up-to-date: /home/akariros/Akari_ros2_humble/install/akari_msgs/local/lib/python3.10/dist-packages/akari_msgs/_akari_msgs_s.ep.rosidl_typesupport_fastrtps_c.c
[2.121s] -- Up-to-date: /home/akariros/Akari_ros2_humble/install/akari_msgs/local/lib/python3.10/dist-packages/akari_msgs/srv
[2.122s] -- Up-to-date: /home/akariros/Akari_ros2_humble/install/akari_msgs/local/lib/python3.10/dist-packages/akari_msgs/srv/_set_display_image_s.c
[2.122s] -- Up-to-date: /home/akariros/Akari_ros2_humble/install/akari_msgs/local/lib/python3.10/dist-packages/akari_msgs/srv/__init__.py
[2.122s] -- Up-to-date: /home/akariros/Akari_ros2_humble/install/akari_msgs/local/lib/python3.10/dist-packages/akari_msgs/srv/_set_display_text.py
[2.122s] -- Up-to-date: /home/akariros/Akari_ros2_humble/install/akari_msgs/local/lib/python3.10/dist-packages/akari_msgs/srv/_set_pwmout_s.c
[2.122s] -- Up-to-date: /home/akariros/Akari_ros2_humble/install/akari_msgs/local/lib/python3.10/dist-packages/akari_msgs/srv/_set_allout_s.c
[2.122s] -- Up-to-date: /home/akariros/Akari_ros2_humble/install/akari_msgs/local/lib/python3.10/dist-packages/akari_msgs/srv/_set_display_image.py
[2.123s] -- Up-to-date: /home/akariros/Akari_ros2_humble/install/akari_msgs/local/lib/python3.10/dist-packages/akari_msgs/srv/_trigger.py
[2.123s] -- Up-to-date: /home/akariros/Akari_ros2_humble/install/akari_msgs/local/lib/python3.10/dist-packages/akari_msgs/srv/_set_display_color.py
[2.123s] -- Up-to-date: /home/akariros/Akari_ros2_humble/install/akari_msgs/local/lib/python3.10/dist-packages/akari_msgs/srv/_set_display_text_s.c
[2.123s] -- Up-to-date: /home/akariros/Akari_ros2_humble/install/akari_msgs/local/lib/python3.10/dist-packages/akari_msgs/srv/_set_allout.py
[2.123s] -- Up-to-date: /home/akariros/Akari_ros2_humble/install/akari_msgs/local/lib/python3.10/dist-packages/akari_msgs/srv/_set_dout_s.c
[2.123s] -- Up-to-date: /home/akariros/Akari_ros2_humble/install/akari_msgs/local/lib/python3.10/dist-packages/akari_msgs/srv/_trigger_s.c
[2.124s] -- Up-to-date: /home/akariros/Akari_ros2_humble/install/akari_msgs/local/lib/python3.10/dist-packages/akari_msgs/srv/_set_display_color_s.c
[2.124s] -- Up-to-date: /home/akariros/Akari_ros2_humble/install/akari_msgs/local/lib/python3.10/dist-packages/akari_msgs/srv/_set_pwmout.py
[2.124s] -- Up-to-date: /home/akariros/Akari_ros2_humble/install/akari_msgs/local/lib/python3.10/dist-packages/akari_msgs/srv/_set_dout.py
[2.124s] -- Up-to-date: /home/akariros/Akari_ros2_humble/install/akari_msgs/local/lib/python3.10/dist-packages/akari_msgs/akari_msgs_s__rosidl_typesupport_c.cpython-310-x86_64-linux-gnu.so
[2.124s] -- Up-to-date: /home/akariros/Akari_ros2_humble/install/akari_msgs/local/lib/python3.10/dist-packages/akari_msgs/__init__.py
[2.124s] -- Up-to-date: /home/akariros/Akari_ros2_humble/install/akari_msgs/local/lib/python3.10/dist-packages/akari_msgs/libakari_msgs__rosidl_generator_py.so
[2.125s] -- Up-to-date: /home/akariros/Akari_ros2_humble/install/akari_msgs/local/lib/python3.10/dist-packages/akari_msgs/msg
[2.125s] -- Up-to-date: /home/akariros/Akari_ros2_humble/install/akari_msgs/local/lib/python3.10/dist-packages/akari_msgs/msg/_m5_s.c
[2.125s] -- Up-to-date: /home/akariros/Akari_ros2_humble/install/akari_msgs/local/lib/python3.10/dist-packages/akari_msgs/msg/__init__.py
[2.125s] -- Up-to-date: /home/akariros/Akari_ros2_humble/install/akari_msgs/local/lib/python3.10/dist-packages/akari_msgs/msg/_m5.py
[2.125s] -- Up-to-date: /home/akariros/Akari_ros2_humble/install/akari_msgs/local/lib/python3.10/dist-packages/akari_msgs/_akari_msgs_s.ep.rosidl_typesupport_introspection_c.c
[2.125s] -- Up-to-date: /home/akariros/Akari_ros2_humble/install/akari_msgs/local/lib/python3.10/dist-packages/akari_msgs/akari_msgs_s__rosidl_typesupport_fastrtps_c.cpython-310-x86_64-linux-gnu.so
[2.126s] -- Up-to-date: /home/akariros/Akari_ros2_humble/install/akari_msgs/local/lib/python3.10/dist-packages/akari_msgs/akari_msgs_s__rosidl_typesupport_introspection_c.cpython-310-x86_64-linux-gnu.so
[2.126s] -- Up-to-date: /home/akariros/Akari_ros2_humble/install/akari_msgs/local/lib/python3.10/dist-packages/akari_msgs/action
[2.126s] -- Up-to-date: /home/akariros/Akari_ros2_humble/install/akari_msgs/local/lib/python3.10/dist-packages/akari_msgs/action/_move_joint.py
[2.126s] -- Up-to-date: /home/akariros/Akari_ros2_humble/install/akari_msgs/local/lib/python3.10/dist-packages/akari_msgs/action/__init__.py
[2.126s] -- Up-to-date: /home/akariros/Akari_ros2_humble/install/akari_msgs/local/lib/python3.10/dist-packages/akari_msgs/action/_move_joint_s.c
[2.126s] -- Up-to-date: /home/akariros/Akari_ros2_humble/install/akari_msgs/local/lib/python3.10/dist-packages/akari_msgs/_akari_msgs_s.ep.rosidl_typesupport_c.c
[2.185s] Listing '/home/akariros/Akari_ros2_humble/install/akari_msgs/local/lib/python3.10/dist-packages/akari_msgs'...
[2.185s] Listing '/home/akariros/Akari_ros2_humble/install/akari_msgs/local/lib/python3.10/dist-packages/akari_msgs/action'...
[2.186s] Listing '/home/akariros/Akari_ros2_humble/install/akari_msgs/local/lib/python3.10/dist-packages/akari_msgs/msg'...
[2.186s] Listing '/home/akariros/Akari_ros2_humble/install/akari_msgs/local/lib/python3.10/dist-packages/akari_msgs/srv'...
[2.209s] -- Up-to-date: /home/akariros/Akari_ros2_humble/install/akari_msgs/local/lib/python3.10/dist-packages/akari_msgs/akari_msgs_s__rosidl_typesupport_fastrtps_c.cpython-310-x86_64-linux-gnu.so
[2.209s] -- Up-to-date: /home/akariros/Akari_ros2_humble/install/akari_msgs/local/lib/python3.10/dist-packages/akari_msgs/akari_msgs_s__rosidl_typesupport_introspection_c.cpython-310-x86_64-linux-gnu.so
[2.209s] -- Up-to-date: /home/akariros/Akari_ros2_humble/install/akari_msgs/local/lib/python3.10/dist-packages/akari_msgs/akari_msgs_s__rosidl_typesupport_c.cpython-310-x86_64-linux-gnu.so
[2.210s] -- Up-to-date: /home/akariros/Akari_ros2_humble/install/akari_msgs/lib/libakari_msgs__rosidl_generator_py.so
[2.210s] -- Up-to-date: /home/akariros/Akari_ros2_humble/install/akari_msgs/share/akari_msgs/srv/SetAllout.idl
[2.210s] -- Up-to-date: /home/akariros/Akari_ros2_humble/install/akari_msgs/share/akari_msgs/srv/SetDisplayColor.idl
[2.210s] -- Up-to-date: /home/akariros/Akari_ros2_humble/install/akari_msgs/share/akari_msgs/srv/SetDisplayImage.idl
[2.210s] -- Up-to-date: /home/akariros/Akari_ros2_humble/install/akari_msgs/share/akari_msgs/srv/SetDisplayText.idl
[2.211s] -- Up-to-date: /home/akariros/Akari_ros2_humble/install/akari_msgs/share/akari_msgs/srv/SetDout.idl
[2.211s] -- Up-to-date: /home/akariros/Akari_ros2_humble/install/akari_msgs/share/akari_msgs/srv/SetPwmout.idl
[2.211s] -- Up-to-date: /home/akariros/Akari_ros2_humble/install/akari_msgs/share/akari_msgs/srv/Trigger.idl
[2.212s] -- Up-to-date: /home/akariros/Akari_ros2_humble/install/akari_msgs/share/akari_msgs/msg/M5.idl
[2.212s] -- Up-to-date: /home/akariros/Akari_ros2_humble/install/akari_msgs/share/akari_msgs/action/MoveJoint.idl
[2.212s] -- Up-to-date: /home/akariros/Akari_ros2_humble/install/akari_msgs/share/akari_msgs/srv/SetAllout.srv
[2.212s] -- Up-to-date: /home/akariros/Akari_ros2_humble/install/akari_msgs/share/akari_msgs/srv/SetAllout_Request.msg
[2.212s] -- Up-to-date: /home/akariros/Akari_ros2_humble/install/akari_msgs/share/akari_msgs/srv/SetAllout_Response.msg
[2.212s] -- Up-to-date: /home/akariros/Akari_ros2_humble/install/akari_msgs/share/akari_msgs/srv/SetDisplayColor.srv
[2.213s] -- Up-to-date: /home/akariros/Akari_ros2_humble/install/akari_msgs/share/akari_msgs/srv/SetDisplayColor_Request.msg
[2.213s] -- Up-to-date: /home/akariros/Akari_ros2_humble/install/akari_msgs/share/akari_msgs/srv/SetDisplayColor_Response.msg
[2.213s] -- Up-to-date: /home/akariros/Akari_ros2_humble/install/akari_msgs/share/akari_msgs/srv/SetDisplayImage.srv
[2.213s] -- Up-to-date: /home/akariros/Akari_ros2_humble/install/akari_msgs/share/akari_msgs/srv/SetDisplayImage_Request.msg
[2.213s] -- Up-to-date: /home/akariros/Akari_ros2_humble/install/akari_msgs/share/akari_msgs/srv/SetDisplayImage_Response.msg
[2.213s] -- Up-to-date: /home/akariros/Akari_ros2_humble/install/akari_msgs/share/akari_msgs/srv/SetDisplayText.srv
[2.214s] -- Up-to-date: /home/akariros/Akari_ros2_humble/install/akari_msgs/share/akari_msgs/srv/SetDisplayText_Request.msg
[2.214s] -- Up-to-date: /home/akariros/Akari_ros2_humble/install/akari_msgs/share/akari_msgs/srv/SetDisplayText_Response.msg
[2.214s] -- Up-to-date: /home/akariros/Akari_ros2_humble/install/akari_msgs/share/akari_msgs/srv/SetDout.srv
[2.214s] -- Up-to-date: /home/akariros/Akari_ros2_humble/install/akari_msgs/share/akari_msgs/srv/SetDout_Request.msg
[2.214s] -- Up-to-date: /home/akariros/Akari_ros2_humble/install/akari_msgs/share/akari_msgs/srv/SetDout_Response.msg
[2.214s] -- Up-to-date: /home/akariros/Akari_ros2_humble/install/akari_msgs/share/akari_msgs/srv/SetPwmout.srv
[2.215s] -- Up-to-date: /home/akariros/Akari_ros2_humble/install/akari_msgs/share/akari_msgs/srv/SetPwmout_Request.msg
[2.215s] -- Up-to-date: /home/akariros/Akari_ros2_humble/install/akari_msgs/share/akari_msgs/srv/SetPwmout_Response.msg
[2.215s] -- Up-to-date: /home/akariros/Akari_ros2_humble/install/akari_msgs/share/akari_msgs/srv/Trigger.srv
[2.215s] -- Up-to-date: /home/akariros/Akari_ros2_humble/install/akari_msgs/share/akari_msgs/srv/Trigger_Request.msg
[2.215s] -- Up-to-date: /home/akariros/Akari_ros2_humble/install/akari_msgs/share/akari_msgs/srv/Trigger_Response.msg
[2.215s] -- Up-to-date: /home/akariros/Akari_ros2_humble/install/akari_msgs/share/akari_msgs/msg/M5.msg
[2.216s] -- Up-to-date: /home/akariros/Akari_ros2_humble/install/akari_msgs/share/akari_msgs/action/MoveJoint.action
[2.216s] -- Up-to-date: /home/akariros/Akari_ros2_humble/install/akari_msgs/share/ament_index/resource_index/package_run_dependencies/akari_msgs
[2.216s] -- Up-to-date: /home/akariros/Akari_ros2_humble/install/akari_msgs/share/ament_index/resource_index/parent_prefix_path/akari_msgs
[2.216s] -- Up-to-date: /home/akariros/Akari_ros2_humble/install/akari_msgs/share/akari_msgs/environment/ament_prefix_path.sh
[2.216s] -- Up-to-date: /home/akariros/Akari_ros2_humble/install/akari_msgs/share/akari_msgs/environment/ament_prefix_path.dsv
[2.216s] -- Up-to-date: /home/akariros/Akari_ros2_humble/install/akari_msgs/share/akari_msgs/environment/path.sh
[2.217s] -- Up-to-date: /home/akariros/Akari_ros2_humble/install/akari_msgs/share/akari_msgs/environment/path.dsv
[2.217s] -- Up-to-date: /home/akariros/Akari_ros2_humble/install/akari_msgs/share/akari_msgs/local_setup.bash
[2.217s] -- Up-to-date: /home/akariros/Akari_ros2_humble/install/akari_msgs/share/akari_msgs/local_setup.sh
[2.217s] -- Up-to-date: /home/akariros/Akari_ros2_humble/install/akari_msgs/share/akari_msgs/local_setup.zsh
[2.217s] -- Up-to-date: /home/akariros/Akari_ros2_humble/install/akari_msgs/share/akari_msgs/local_setup.dsv
[2.217s] -- Installing: /home/akariros/Akari_ros2_humble/install/akari_msgs/share/akari_msgs/package.dsv
[2.218s] -- Up-to-date: /home/akariros/Akari_ros2_humble/install/akari_msgs/share/ament_index/resource_index/packages/akari_msgs
[2.218s] -- Up-to-date: /home/akariros/Akari_ros2_humble/install/akari_msgs/share/akari_msgs/cmake/export_akari_msgs__rosidl_generator_cExport.cmake
[2.218s] -- Up-to-date: /home/akariros/Akari_ros2_humble/install/akari_msgs/share/akari_msgs/cmake/export_akari_msgs__rosidl_generator_cExport-noconfig.cmake
[2.218s] -- Up-to-date: /home/akariros/Akari_ros2_humble/install/akari_msgs/share/akari_msgs/cmake/export_akari_msgs__rosidl_typesupport_fastrtps_cExport.cmake
[2.218s] -- Up-to-date: /home/akariros/Akari_ros2_humble/install/akari_msgs/share/akari_msgs/cmake/export_akari_msgs__rosidl_typesupport_fastrtps_cExport-noconfig.cmake
[2.218s] -- Up-to-date: /home/akariros/Akari_ros2_humble/install/akari_msgs/share/akari_msgs/cmake/export_akari_msgs__rosidl_generator_cppExport.cmake
[2.219s] -- Up-to-date: /home/akariros/Akari_ros2_humble/install/akari_msgs/share/akari_msgs/cmake/export_akari_msgs__rosidl_typesupport_fastrtps_cppExport.cmake
[2.219s] -- Up-to-date: /home/akariros/Akari_ros2_humble/install/akari_msgs/share/akari_msgs/cmake/export_akari_msgs__rosidl_typesupport_fastrtps_cppExport-noconfig.cmake
[2.219s] -- Up-to-date: /home/akariros/Akari_ros2_humble/install/akari_msgs/share/akari_msgs/cmake/akari_msgs__rosidl_typesupport_introspection_cExport.cmake
[2.219s] -- Up-to-date: /home/akariros/Akari_ros2_humble/install/akari_msgs/share/akari_msgs/cmake/akari_msgs__rosidl_typesupport_introspection_cExport-noconfig.cmake
[2.221s] -- Up-to-date: /home/akariros/Akari_ros2_humble/install/akari_msgs/share/akari_msgs/cmake/akari_msgs__rosidl_typesupport_cExport.cmake
[2.237s] -- Up-to-date: /home/akariros/Akari_ros2_humble/install/akari_msgs/share/akari_msgs/cmake/akari_msgs__rosidl_typesupport_cExport-noconfig.cmake
[2.237s] -- Up-to-date: /home/akariros/Akari_ros2_humble/install/akari_msgs/share/akari_msgs/cmake/akari_msgs__rosidl_typesupport_introspection_cppExport.cmake
[2.237s] -- Up-to-date: /home/akariros/Akari_ros2_humble/install/akari_msgs/share/akari_msgs/cmake/akari_msgs__rosidl_typesupport_introspection_cppExport-noconfig.cmake
[2.238s] -- Up-to-date: /home/akariros/Akari_ros2_humble/install/akari_msgs/share/akari_msgs/cmake/akari_msgs__rosidl_typesupport_cppExport.cmake
[2.238s] -- Up-to-date: /home/akariros/Akari_ros2_humble/install/akari_msgs/share/akari_msgs/cmake/akari_msgs__rosidl_typesupport_cppExport-noconfig.cmake
[2.238s] -- Up-to-date: /home/akariros/Akari_ros2_humble/install/akari_msgs/share/akari_msgs/cmake/export_akari_msgs__rosidl_generator_pyExport.cmake
[2.238s] -- Up-to-date: /home/akariros/Akari_ros2_humble/install/akari_msgs/share/akari_msgs/cmake/export_akari_msgs__rosidl_generator_pyExport-noconfig.cmake
[2.238s] -- Up-to-date: /home/akariros/Akari_ros2_humble/install/akari_msgs/share/akari_msgs/cmake/rosidl_cmake-extras.cmake
[2.238s] -- Up-to-date: /home/akariros/Akari_ros2_humble/install/akari_msgs/share/akari_msgs/cmake/ament_cmake_export_dependencies-extras.cmake
[2.238s] -- Up-to-date: /home/akariros/Akari_ros2_humble/install/akari_msgs/share/akari_msgs/cmake/ament_cmake_export_include_directories-extras.cmake
[2.239s] -- Up-to-date: /home/akariros/Akari_ros2_humble/install/akari_msgs/share/akari_msgs/cmake/ament_cmake_export_libraries-extras.cmake
[2.239s] -- Up-to-date: /home/akariros/Akari_ros2_humble/install/akari_msgs/share/akari_msgs/cmake/ament_cmake_export_targets-extras.cmake
[2.239s] -- Up-to-date: /home/akariros/Akari_ros2_humble/install/akari_msgs/share/akari_msgs/cmake/rosidl_cmake_export_typesupport_targets-extras.cmake
[2.239s] -- Up-to-date: /home/akariros/Akari_ros2_humble/install/akari_msgs/share/akari_msgs/cmake/rosidl_cmake_export_typesupport_libraries-extras.cmake
[2.239s] -- Up-to-date: /home/akariros/Akari_ros2_humble/install/akari_msgs/share/akari_msgs/cmake/akari_msgsConfig.cmake
[2.239s] -- Up-to-date: /home/akariros/Akari_ros2_humble/install/akari_msgs/share/akari_msgs/cmake/akari_msgsConfig-version.cmake
[2.240s] -- Up-to-date: /home/akariros/Akari_ros2_humble/install/akari_msgs/share/akari_msgs/package.xml
[2.240s] Invoked command in '/home/akariros/Akari_ros2_humble/build/akari_msgs' returned '0': CMAKE_PREFIX_PATH=${CMAKE_PREFIX_PATH}:/home/akariros/Akari_ros2_humble/install/py_m5serial:/home/akariros/Akari_ros2_humble/install/py_akari_pubsub:/home/akariros/Akari_ros2_humble/install/m5displayserver:/opt/ros/humble /usr/bin/cmake --install /home/akariros/Akari_ros2_humble/build/akari_msgs
