[2.709s] Invoking command in '/home/akariros/Akari_ros2_humble/m5_server': PYTHONPATH=/home/akariros/Akari_ros2_humble/build/m5_server/prefix_override:/home/akariros/Akari_ros2_humble/install/m5_server/lib/python3.10/site-packages:${PYTHONPATH} /usr/bin/python3 setup.py egg_info --egg-base ../build/m5_server build --build-base /home/akariros/Akari_ros2_humble/build/m5_server/build install --record /home/akariros/Akari_ros2_humble/build/m5_server/install.log --single-version-externally-managed
[3.449s] running egg_info
[3.452s] writing ../build/m5_server/m5_server.egg-info/PKG-INFO
[3.453s] writing dependency_links to ../build/m5_server/m5_server.egg-info/dependency_links.txt
[3.453s] writing entry points to ../build/m5_server/m5_server.egg-info/entry_points.txt
[3.453s] writing requirements to ../build/m5_server/m5_server.egg-info/requires.txt
[3.454s] writing top-level names to ../build/m5_server/m5_server.egg-info/top_level.txt
[3.458s] reading manifest file '../build/m5_server/m5_server.egg-info/SOURCES.txt'
[3.461s] writing manifest file '../build/m5_server/m5_server.egg-info/SOURCES.txt'
[3.461s] running build
[3.461s] running build_py
[3.461s] copying m5_server/m5_server.py -> /home/akariros/Akari_ros2_humble/build/m5_server/build/lib/m5_server
[3.462s] running install
[3.462s] /usr/lib/python3/dist-packages/setuptools/command/install.py:34: SetuptoolsDeprecationWarning: setup.py install is deprecated. Use build and pip and other standards-based tools.
[3.462s]   warnings.warn(
[3.463s] running install_lib
[3.466s] copying /home/akariros/Akari_ros2_humble/build/m5_server/build/lib/m5_server/m5_server.py -> /home/akariros/Akari_ros2_humble/install/m5_server/lib/python3.10/site-packages/m5_server
[3.467s] byte-compiling /home/akariros/Akari_ros2_humble/install/m5_server/lib/python3.10/site-packages/m5_server/m5_server.py to m5_server.cpython-310.pyc
[3.473s] running install_data
[3.474s] running install_egg_info
[3.481s] removing '/home/akariros/Akari_ros2_humble/install/m5_server/lib/python3.10/site-packages/m5_server-0.0.0-py3.10.egg-info' (and everything under it)
[3.481s] Copying ../build/m5_server/m5_server.egg-info to /home/akariros/Akari_ros2_humble/install/m5_server/lib/python3.10/site-packages/m5_server-0.0.0-py3.10.egg-info
[3.483s] running install_scripts
[3.533s] Installing m5_server script to /home/akariros/Akari_ros2_humble/install/m5_server/lib/m5_server
[3.533s] writing list of installed files to '/home/akariros/Akari_ros2_humble/build/m5_server/install.log'
[3.584s] Invoked command in '/home/akariros/Akari_ros2_humble/m5_server' returned '0': PYTHONPATH=/home/akariros/Akari_ros2_humble/build/m5_server/prefix_override:/home/akariros/Akari_ros2_humble/install/m5_server/lib/python3.10/site-packages:${PYTHONPATH} /usr/bin/python3 setup.py egg_info --egg-base ../build/m5_server build --build-base /home/akariros/Akari_ros2_humble/build/m5_server/build install --record /home/akariros/Akari_ros2_humble/build/m5_server/install.log --single-version-externally-managed
