[3.478s] Invoking command in '/home/akariros/Akari_ros2_humble/akari_client_example': PYTHONPATH=/home/akariros/Akari_ros2_humble/build/akari_client_example/prefix_override:/home/akariros/Akari_ros2_humble/install/akari_client_example/lib/python3.10/site-packages:${PYTHONPATH} /usr/bin/python3 setup.py egg_info --egg-base ../build/akari_client_example build --build-base /home/akariros/Akari_ros2_humble/build/akari_client_example/build install --record /home/akariros/Akari_ros2_humble/build/akari_client_example/install.log --single-version-externally-managed
[4.228s] running egg_info
[4.230s] writing ../build/akari_client_example/akari_client_example.egg-info/PKG-INFO
[4.230s] writing dependency_links to ../build/akari_client_example/akari_client_example.egg-info/dependency_links.txt
[4.231s] writing entry points to ../build/akari_client_example/akari_client_example.egg-info/entry_points.txt
[4.233s] writing requirements to ../build/akari_client_example/akari_client_example.egg-info/requires.txt
[4.233s] writing top-level names to ../build/akari_client_example/akari_client_example.egg-info/top_level.txt
[4.236s] reading manifest file '../build/akari_client_example/akari_client_example.egg-info/SOURCES.txt'
[4.239s] writing manifest file '../build/akari_client_example/akari_client_example.egg-info/SOURCES.txt'
[4.239s] running build
[4.239s] running build_py
[4.240s] copying akari_client_example/set_allout.py -> /home/akariros/Akari_ros2_humble/build/akari_client_example/build/lib/akari_client_example
[4.241s] copying akari_client_example/set_dout.py -> /home/akariros/Akari_ros2_humble/build/akari_client_example/build/lib/akari_client_example
[4.242s] running install
[4.242s] /usr/lib/python3/dist-packages/setuptools/command/install.py:34: SetuptoolsDeprecationWarning: setup.py install is deprecated. Use build and pip and other standards-based tools.
[4.242s]   warnings.warn(
[4.243s] running install_lib
[4.245s] copying /home/akariros/Akari_ros2_humble/build/akari_client_example/build/lib/akari_client_example/set_allout.py -> /home/akariros/Akari_ros2_humble/install/akari_client_example/lib/python3.10/site-packages/akari_client_example
[4.246s] copying /home/akariros/Akari_ros2_humble/build/akari_client_example/build/lib/akari_client_example/set_dout.py -> /home/akariros/Akari_ros2_humble/install/akari_client_example/lib/python3.10/site-packages/akari_client_example
[4.247s] byte-compiling /home/akariros/Akari_ros2_humble/install/akari_client_example/lib/python3.10/site-packages/akari_client_example/set_allout.py to set_allout.cpython-310.pyc
[4.249s] byte-compiling /home/akariros/Akari_ros2_humble/install/akari_client_example/lib/python3.10/site-packages/akari_client_example/set_dout.py to set_dout.cpython-310.pyc
[4.249s] running install_data
[4.249s]   File "/home/akariros/Akari_ros2_humble/install/akari_client_example/lib/python3.10/site-packages/akari_client_example/set_dout.py", line 7
[4.251s]     from akari_msgs.srv import SetDout,
[4.251s]                                        ^
[4.252s] SyntaxError: trailing comma not allowed without surrounding parentheses
[4.252s] 
[4.252s] running install_egg_info
[4.257s] removing '/home/akariros/Akari_ros2_humble/install/akari_client_example/lib/python3.10/site-packages/akari_client_example-0.0.0-py3.10.egg-info' (and everything under it)
[4.257s] Copying ../build/akari_client_example/akari_client_example.egg-info to /home/akariros/Akari_ros2_humble/install/akari_client_example/lib/python3.10/site-packages/akari_client_example-0.0.0-py3.10.egg-info
[4.260s] running install_scripts
[4.313s] Installing display_color script to /home/akariros/Akari_ros2_humble/install/akari_client_example/lib/akari_client_example
[4.313s] Installing display_image script to /home/akariros/Akari_ros2_humble/install/akari_client_example/lib/akari_client_example
[4.313s] Installing display_reset script to /home/akariros/Akari_ros2_humble/install/akari_client_example/lib/akari_client_example
[4.314s] Installing display_text script to /home/akariros/Akari_ros2_humble/install/akari_client_example/lib/akari_client_example
[4.314s] Installing m5publisher script to /home/akariros/Akari_ros2_humble/install/akari_client_example/lib/akari_client_example
[4.314s] Installing move_joints_action_client script to /home/akariros/Akari_ros2_humble/install/akari_client_example/lib/akari_client_example
[4.315s] Installing reset_allout script to /home/akariros/Akari_ros2_humble/install/akari_client_example/lib/akari_client_example
[4.315s] Installing servo_acc_set_client script to /home/akariros/Akari_ros2_humble/install/akari_client_example/lib/akari_client_example
[4.315s] Installing servo_enable_set_client script to /home/akariros/Akari_ros2_humble/install/akari_client_example/lib/akari_client_example
[4.315s] Installing servo_vel_set_client script to /home/akariros/Akari_ros2_humble/install/akari_client_example/lib/akari_client_example
[4.316s] Installing set_allout script to /home/akariros/Akari_ros2_humble/install/akari_client_example/lib/akari_client_example
[4.316s] Installing set_dout script to /home/akariros/Akari_ros2_humble/install/akari_client_example/lib/akari_client_example
[4.316s] Installing set_pwmout script to /home/akariros/Akari_ros2_humble/install/akari_client_example/lib/akari_client_example
[4.317s] writing list of installed files to '/home/akariros/Akari_ros2_humble/build/akari_client_example/install.log'
[4.998s] Invoked command in '/home/akariros/Akari_ros2_humble/akari_client_example' returned '0': PYTHONPATH=/home/akariros/Akari_ros2_humble/build/akari_client_example/prefix_override:/home/akariros/Akari_ros2_humble/install/akari_client_example/lib/python3.10/site-packages:${PYTHONPATH} /usr/bin/python3 setup.py egg_info --egg-base ../build/akari_client_example build --build-base /home/akariros/Akari_ros2_humble/build/akari_client_example/build install --record /home/akariros/Akari_ros2_humble/build/akari_client_example/install.log --single-version-externally-managed
