running egg_info
writing ../build/m5_server/m5_server.egg-info/PKG-INFO
writing dependency_links to ../build/m5_server/m5_server.egg-info/dependency_links.txt
writing entry points to ../build/m5_server/m5_server.egg-info/entry_points.txt
writing requirements to ../build/m5_server/m5_server.egg-info/requires.txt
writing top-level names to ../build/m5_server/m5_server.egg-info/top_level.txt
reading manifest file '../build/m5_server/m5_server.egg-info/SOURCES.txt'
writing manifest file '../build/m5_server/m5_server.egg-info/SOURCES.txt'
running build
running build_py
/usr/lib/python3/dist-packages/setuptools/command/install.py:34: SetuptoolsDeprecationWarning: setup.py install is deprecated. Use build and pip and other standards-based tools.
  warnings.warn(
running install
running install_lib
running install_data
running install_egg_info
removing '/home/akariros/Akari_ros2_humble/install/m5_server/lib/python3.10/site-packages/m5_server-0.0.0-py3.10.egg-info' (and everything under it)
Copying ../build/m5_server/m5_server.egg-info to /home/akariros/Akari_ros2_humble/install/m5_server/lib/python3.10/site-packages/m5_server-0.0.0-py3.10.egg-info
running install_scripts
Installing m5_server script to /home/akariros/Akari_ros2_humble/install/m5_server/lib/m5_server
writing list of installed files to '/home/akariros/Akari_ros2_humble/build/m5_server/install.log'
