[3.214s] Invoking command in '/home/akariros/Akari_ros2_humble/akari_launch': PYTHONPATH=/home/akariros/Akari_ros2_humble/build/akari_launch/prefix_override:/home/akariros/Akari_ros2_humble/install/akari_launch/lib/python3.10/site-packages:${PYTHONPATH} /usr/bin/python3 setup.py egg_info --egg-base ../build/akari_launch build --build-base /home/akariros/Akari_ros2_humble/build/akari_launch/build install --record /home/akariros/Akari_ros2_humble/build/akari_launch/install.log --single-version-externally-managed
[4.220s] running egg_info
[4.223s] writing ../build/akari_launch/akari_launch.egg-info/PKG-INFO
[4.226s] writing dependency_links to ../build/akari_launch/akari_launch.egg-info/dependency_links.txt
[4.227s] writing entry points to ../build/akari_launch/akari_launch.egg-info/entry_points.txt
[4.227s] writing requirements to ../build/akari_launch/akari_launch.egg-info/requires.txt
[4.227s] writing top-level names to ../build/akari_launch/akari_launch.egg-info/top_level.txt
[4.229s] reading manifest file '../build/akari_launch/akari_launch.egg-info/SOURCES.txt'
[4.231s] writing manifest file '../build/akari_launch/akari_launch.egg-info/SOURCES.txt'
[4.231s] running build
[4.232s] running build_py
[4.232s] running install
[4.233s] /usr/lib/python3/dist-packages/setuptools/command/install.py:34: SetuptoolsDeprecationWarning: setup.py install is deprecated. Use build and pip and other standards-based tools.
[4.233s]   warnings.warn(
[4.233s] running install_lib
[4.241s] running install_data
[4.245s] running install_egg_info
[4.249s] removing '/home/akariros/Akari_ros2_humble/install/akari_launch/lib/python3.10/site-packages/akari_launch-0.0.0-py3.10.egg-info' (and everything under it)
[4.249s] Copying ../build/akari_launch/akari_launch.egg-info to /home/akariros/Akari_ros2_humble/install/akari_launch/lib/python3.10/site-packages/akari_launch-0.0.0-py3.10.egg-info
[4.251s] running install_scripts
[4.311s] writing list of installed files to '/home/akariros/Akari_ros2_humble/build/akari_launch/install.log'
[5.005s] Invoked command in '/home/akariros/Akari_ros2_humble/akari_launch' returned '0': PYTHONPATH=/home/akariros/Akari_ros2_humble/build/akari_launch/prefix_override:/home/akariros/Akari_ros2_humble/install/akari_launch/lib/python3.10/site-packages:${PYTHONPATH} /usr/bin/python3 setup.py egg_info --egg-base ../build/akari_launch build --build-base /home/akariros/Akari_ros2_humble/build/akari_launch/build install --record /home/akariros/Akari_ros2_humble/build/akari_launch/install.log --single-version-externally-managed
