[4.434s] Invoking command in '/home/akariros/Akari_ros2_humble/m5_server': PYTHONPATH=/home/akariros/Akari_ros2_humble/build/m5_server/prefix_override:/home/akariros/Akari_ros2_humble/install/m5_server/lib/python3.10/site-packages:${PYTHONPATH} /usr/bin/python3 setup.py egg_info --egg-base ../build/m5_server build --build-base /home/akariros/Akari_ros2_humble/build/m5_server/build install --record /home/akariros/Akari_ros2_humble/build/m5_server/install.log --single-version-externally-managed
[5.443s] running egg_info
[5.447s] writing ../build/m5_server/m5_server.egg-info/PKG-INFO
[5.448s] writing dependency_links to ../build/m5_server/m5_server.egg-info/dependency_links.txt
[5.448s] writing entry points to ../build/m5_server/m5_server.egg-info/entry_points.txt
[5.448s] writing requirements to ../build/m5_server/m5_server.egg-info/requires.txt
[5.448s] writing top-level names to ../build/m5_server/m5_server.egg-info/top_level.txt
[5.451s] reading manifest file '../build/m5_server/m5_server.egg-info/SOURCES.txt'
[5.462s] writing manifest file '../build/m5_server/m5_server.egg-info/SOURCES.txt'
[5.462s] running build
[5.462s] running build_py
[5.462s] running install
[5.462s] running install_lib
[5.463s] /usr/lib/python3/dist-packages/setuptools/command/install.py:34: SetuptoolsDeprecationWarning: setup.py install is deprecated. Use build and pip and other standards-based tools.
[5.463s]   warnings.warn(
[5.471s] running install_data
[5.473s] running install_egg_info
[5.481s] removing '/home/akariros/Akari_ros2_humble/install/m5_server/lib/python3.10/site-packages/m5_server-0.0.0-py3.10.egg-info' (and everything under it)
[5.482s] Copying ../build/m5_server/m5_server.egg-info to /home/akariros/Akari_ros2_humble/install/m5_server/lib/python3.10/site-packages/m5_server-0.0.0-py3.10.egg-info
[5.486s] running install_scripts
[5.550s] Installing m5_server script to /home/akariros/Akari_ros2_humble/install/m5_server/lib/m5_server
[5.552s] writing list of installed files to '/home/akariros/Akari_ros2_humble/build/m5_server/install.log'
[5.623s] Invoked command in '/home/akariros/Akari_ros2_humble/m5_server' returned '0': PYTHONPATH=/home/akariros/Akari_ros2_humble/build/m5_server/prefix_override:/home/akariros/Akari_ros2_humble/install/m5_server/lib/python3.10/site-packages:${PYTHONPATH} /usr/bin/python3 setup.py egg_info --egg-base ../build/m5_server build --build-base /home/akariros/Akari_ros2_humble/build/m5_server/build install --record /home/akariros/Akari_ros2_humble/build/m5_server/install.log --single-version-externally-managed
