running egg_info
writing ../build/m5displayserver/m5displayserver.egg-info/PKG-INFO
writing dependency_links to ../build/m5displayserver/m5displayserver.egg-info/dependency_links.txt
writing entry points to ../build/m5displayserver/m5displayserver.egg-info/entry_points.txt
writing requirements to ../build/m5displayserver/m5displayserver.egg-info/requires.txt
writing top-level names to ../build/m5displayserver/m5displayserver.egg-info/top_level.txt
reading manifest file '../build/m5displayserver/m5displayserver.egg-info/SOURCES.txt'
writing manifest file '../build/m5displayserver/m5displayserver.egg-info/SOURCES.txt'
running build
running build_py
running install
/usr/lib/python3/dist-packages/setuptools/command/install.py:34: SetuptoolsDeprecationWarning: setup.py install is deprecated. Use build and pip and other standards-based tools.
  warnings.warn(
running install_lib
running install_data
copying package.xml -> /home/akariros/Akari_ros2_humble/install/m5displayserver/share/m5displayserver
running install_egg_info
removing '/home/akariros/Akari_ros2_humble/install/m5displayserver/lib/python3.10/site-packages/m5displayserver-0.0.0-py3.10.egg-info' (and everything under it)
Copying ../build/m5displayserver/m5displayserver.egg-info to /home/akariros/Akari_ros2_humble/install/m5displayserver/lib/python3.10/site-packages/m5displayserver-0.0.0-py3.10.egg-info
running install_scripts
Installing m5displayserver script to /home/akariros/Akari_ros2_humble/install/m5displayserver/lib/m5displayserver
writing list of installed files to '/home/akariros/Akari_ros2_humble/build/m5displayserver/install.log'
