[2.153s] Invoking command in '/home/akariros/Akari_ros2_humble/akari_setting_publisher': PYTHONPATH=/home/akariros/Akari_ros2_humble/build/akari_setting_publisher/prefix_override:/home/akariros/Akari_ros2_humble/install/akari_setting_publisher/lib/python3.10/site-packages:${PYTHONPATH} /usr/bin/python3 setup.py egg_info --egg-base ../build/akari_setting_publisher build --build-base /home/akariros/Akari_ros2_humble/build/akari_setting_publisher/build install --record /home/akariros/Akari_ros2_humble/build/akari_setting_publisher/install.log --single-version-externally-managed
[2.798s] running egg_info
[2.800s] writing ../build/akari_setting_publisher/akari_setting_publisher.egg-info/PKG-INFO
[2.800s] writing dependency_links to ../build/akari_setting_publisher/akari_setting_publisher.egg-info/dependency_links.txt
[2.800s] writing entry points to ../build/akari_setting_publisher/akari_setting_publisher.egg-info/entry_points.txt
[2.801s] writing requirements to ../build/akari_setting_publisher/akari_setting_publisher.egg-info/requires.txt
[2.801s] writing top-level names to ../build/akari_setting_publisher/akari_setting_publisher.egg-info/top_level.txt
[2.805s] reading manifest file '../build/akari_setting_publisher/akari_setting_publisher.egg-info/SOURCES.txt'
[2.808s] writing manifest file '../build/akari_setting_publisher/akari_setting_publisher.egg-info/SOURCES.txt'
[2.808s] running build
[2.808s] running build_py
[2.808s] running install
[2.809s] /usr/lib/python3/dist-packages/setuptools/command/install.py:34: SetuptoolsDeprecationWarning: setup.py install is deprecated. Use build and pip and other standards-based tools.
[2.809s]   warnings.warn(
[2.809s] running install_lib
[2.812s] running install_data
[2.814s] running install_egg_info
[2.817s] removing '/home/akariros/Akari_ros2_humble/install/akari_setting_publisher/lib/python3.10/site-packages/akari_setting_publisher-0.0.0-py3.10.egg-info' (and everything under it)
[2.818s] Copying ../build/akari_setting_publisher/akari_setting_publisher.egg-info to /home/akariros/Akari_ros2_humble/install/akari_setting_publisher/lib/python3.10/site-packages/akari_setting_publisher-0.0.0-py3.10.egg-info
[2.820s] running install_scripts
[2.871s] Installing setting_publisher script to /home/akariros/Akari_ros2_humble/install/akari_setting_publisher/lib/akari_setting_publisher
[2.871s] writing list of installed files to '/home/akariros/Akari_ros2_humble/build/akari_setting_publisher/install.log'
[3.356s] Invoked command in '/home/akariros/Akari_ros2_humble/akari_setting_publisher' returned '0': PYTHONPATH=/home/akariros/Akari_ros2_humble/build/akari_setting_publisher/prefix_override:/home/akariros/Akari_ros2_humble/install/akari_setting_publisher/lib/python3.10/site-packages:${PYTHONPATH} /usr/bin/python3 setup.py egg_info --egg-base ../build/akari_setting_publisher build --build-base /home/akariros/Akari_ros2_humble/build/akari_setting_publisher/build install --record /home/akariros/Akari_ros2_humble/build/akari_setting_publisher/install.log --single-version-externally-managed
