[0.499s] DEBUG:colcon:Command line arguments: ['/usr/bin/colcon', 'build']
[0.499s] DEBUG:colcon:Parsed command line arguments: Namespace(log_base=None, log_level=None, verb_name='build', build_base='build', install_base='install', merge_install=False, symlink_install=False, test_result_base=None, continue_on_error=False, executor='parallel', parallel_workers=4, event_handlers=None, ignore_user_meta=False, metas=['./colcon.meta'], base_paths=['.'], packages_ignore=None, packages_ignore_regex=None, paths=None, packages_up_to=None, packages_up_to_regex=None, packages_above=None, packages_above_and_dependencies=None, packages_above_depth=None, packages_select_by_dep=None, packages_skip_by_dep=None, packages_skip_up_to=None, packages_select_build_failed=False, packages_skip_build_finished=False, packages_select_test_failures=False, packages_skip_test_passed=False, packages_select=None, packages_skip=None, packages_select_regex=None, packages_skip_regex=None, packages_start=None, packages_end=None, allow_overriding=[], cmake_args=None, cmake_target=None, cmake_target_skip_unavailable=False, cmake_clean_cache=False, cmake_clean_first=False, cmake_force_configure=False, ament_cmake_args=None, catkin_cmake_args=None, catkin_skip_building_tests=False, verb_parser=<colcon_defaults.argument_parser.defaults.DefaultArgumentsDecorator object at 0x7f4cdd8c38e0>, verb_extension=<colcon_core.verb.build.BuildVerb object at 0x7f4cde0d9360>, main=<bound method BuildVerb.main of <colcon_core.verb.build.BuildVerb object at 0x7f4cde0d9360>>)
[0.548s] Level 1:colcon.colcon_core.package_discovery:discover_packages(colcon_meta) check parameters
[0.548s] Level 1:colcon.colcon_core.package_discovery:discover_packages(recursive) check parameters
[0.548s] Level 1:colcon.colcon_core.package_discovery:discover_packages(ignore) check parameters
[0.548s] Level 1:colcon.colcon_core.package_discovery:discover_packages(path) check parameters
[0.548s] Level 1:colcon.colcon_core.package_discovery:discover_packages(colcon_meta) discover
[0.548s] Level 1:colcon.colcon_core.package_discovery:discover_packages(recursive) discover
[0.548s] INFO:colcon.colcon_core.package_discovery:Crawling recursively for packages in '/home/akariros/Akari_ros2_humble'
[0.549s] Level 1:colcon.colcon_core.package_identification:_identify(.) by extensions ['ignore', 'ignore_ament_install']
[0.549s] Level 1:colcon.colcon_core.package_identification:_identify(.) by extension 'ignore'
[0.549s] Level 1:colcon.colcon_core.package_identification:_identify(.) by extension 'ignore_ament_install'
[0.549s] Level 1:colcon.colcon_core.package_identification:_identify(.) by extensions ['colcon_pkg']
[0.549s] Level 1:colcon.colcon_core.package_identification:_identify(.) by extension 'colcon_pkg'
[0.549s] Level 1:colcon.colcon_core.package_identification:_identify(.) by extensions ['colcon_meta']
[0.549s] Level 1:colcon.colcon_core.package_identification:_identify(.) by extension 'colcon_meta'
[0.549s] Level 1:colcon.colcon_core.package_identification:_identify(.) by extensions ['ros']
[0.549s] Level 1:colcon.colcon_core.package_identification:_identify(.) by extension 'ros'
[0.565s] Level 1:colcon.colcon_core.package_identification:_identify(.) by extensions ['cmake', 'python']
[0.565s] Level 1:colcon.colcon_core.package_identification:_identify(.) by extension 'cmake'
[0.566s] Level 1:colcon.colcon_core.package_identification:_identify(.) by extension 'python'
[0.566s] Level 1:colcon.colcon_core.package_identification:_identify(.) by extensions ['python_setup_py']
[0.566s] Level 1:colcon.colcon_core.package_identification:_identify(.) by extension 'python_setup_py'
[0.566s] Level 1:colcon.colcon_core.package_identification:_identify(akari_msgs) by extensions ['ignore', 'ignore_ament_install']
[0.566s] Level 1:colcon.colcon_core.package_identification:_identify(akari_msgs) by extension 'ignore'
[0.566s] Level 1:colcon.colcon_core.package_identification:_identify(akari_msgs) by extension 'ignore_ament_install'
[0.566s] Level 1:colcon.colcon_core.package_identification:_identify(akari_msgs) by extensions ['colcon_pkg']
[0.566s] Level 1:colcon.colcon_core.package_identification:_identify(akari_msgs) by extension 'colcon_pkg'
[0.566s] Level 1:colcon.colcon_core.package_identification:_identify(akari_msgs) by extensions ['colcon_meta']
[0.566s] Level 1:colcon.colcon_core.package_identification:_identify(akari_msgs) by extension 'colcon_meta'
[0.566s] Level 1:colcon.colcon_core.package_identification:_identify(akari_msgs) by extensions ['ros']
[0.566s] Level 1:colcon.colcon_core.package_identification:_identify(akari_msgs) by extension 'ros'
[0.570s] DEBUG:colcon.colcon_core.package_identification:Package 'akari_msgs' with type 'ros.ament_cmake' and name 'akari_msgs'
[0.570s] Level 1:colcon.colcon_core.package_identification:_identify(build) by extensions ['ignore', 'ignore_ament_install']
[0.570s] Level 1:colcon.colcon_core.package_identification:_identify(build) by extension 'ignore'
[0.570s] Level 1:colcon.colcon_core.package_identification:_identify(build) ignored
[0.570s] Level 1:colcon.colcon_core.package_identification:_identify(install) by extensions ['ignore', 'ignore_ament_install']
[0.571s] Level 1:colcon.colcon_core.package_identification:_identify(install) by extension 'ignore'
[0.571s] Level 1:colcon.colcon_core.package_identification:_identify(install) ignored
[0.571s] Level 1:colcon.colcon_core.package_identification:_identify(log) by extensions ['ignore', 'ignore_ament_install']
[0.571s] Level 1:colcon.colcon_core.package_identification:_identify(log) by extension 'ignore'
[0.571s] Level 1:colcon.colcon_core.package_identification:_identify(log) ignored
[0.571s] Level 1:colcon.colcon_core.package_identification:_identify(m5displayserver) by extensions ['ignore', 'ignore_ament_install']
[0.571s] Level 1:colcon.colcon_core.package_identification:_identify(m5displayserver) by extension 'ignore'
[0.571s] Level 1:colcon.colcon_core.package_identification:_identify(m5displayserver) by extension 'ignore_ament_install'
[0.572s] Level 1:colcon.colcon_core.package_identification:_identify(m5displayserver) by extensions ['colcon_pkg']
[0.572s] Level 1:colcon.colcon_core.package_identification:_identify(m5displayserver) by extension 'colcon_pkg'
[0.572s] Level 1:colcon.colcon_core.package_identification:_identify(m5displayserver) by extensions ['colcon_meta']
[0.572s] Level 1:colcon.colcon_core.package_identification:_identify(m5displayserver) by extension 'colcon_meta'
[0.572s] Level 1:colcon.colcon_core.package_identification:_identify(m5displayserver) by extensions ['ros']
[0.572s] Level 1:colcon.colcon_core.package_identification:_identify(m5displayserver) by extension 'ros'
[0.573s] DEBUG:colcon.colcon_core.package_identification:Package 'm5displayserver' with type 'ros.ament_python' and name 'm5displayserver'
[0.573s] Level 1:colcon.colcon_core.package_identification:_identify(py_akari_pubsub) by extensions ['ignore', 'ignore_ament_install']
[0.573s] Level 1:colcon.colcon_core.package_identification:_identify(py_akari_pubsub) by extension 'ignore'
[0.573s] Level 1:colcon.colcon_core.package_identification:_identify(py_akari_pubsub) by extension 'ignore_ament_install'
[0.573s] Level 1:colcon.colcon_core.package_identification:_identify(py_akari_pubsub) by extensions ['colcon_pkg']
[0.573s] Level 1:colcon.colcon_core.package_identification:_identify(py_akari_pubsub) by extension 'colcon_pkg'
[0.574s] Level 1:colcon.colcon_core.package_identification:_identify(py_akari_pubsub) by extensions ['colcon_meta']
[0.574s] Level 1:colcon.colcon_core.package_identification:_identify(py_akari_pubsub) by extension 'colcon_meta'
[0.574s] Level 1:colcon.colcon_core.package_identification:_identify(py_akari_pubsub) by extensions ['ros']
[0.574s] Level 1:colcon.colcon_core.package_identification:_identify(py_akari_pubsub) by extension 'ros'
[0.574s] DEBUG:colcon.colcon_core.package_identification:Package 'py_akari_pubsub' with type 'ros.ament_python' and name 'py_akari_pubsub'
[0.574s] Level 1:colcon.colcon_core.package_identification:_identify(py_m5serial) by extensions ['ignore', 'ignore_ament_install']
[0.575s] Level 1:colcon.colcon_core.package_identification:_identify(py_m5serial) by extension 'ignore'
[0.575s] Level 1:colcon.colcon_core.package_identification:_identify(py_m5serial) by extension 'ignore_ament_install'
[0.575s] Level 1:colcon.colcon_core.package_identification:_identify(py_m5serial) by extensions ['colcon_pkg']
[0.575s] Level 1:colcon.colcon_core.package_identification:_identify(py_m5serial) by extension 'colcon_pkg'
[0.575s] Level 1:colcon.colcon_core.package_identification:_identify(py_m5serial) by extensions ['colcon_meta']
[0.575s] Level 1:colcon.colcon_core.package_identification:_identify(py_m5serial) by extension 'colcon_meta'
[0.575s] Level 1:colcon.colcon_core.package_identification:_identify(py_m5serial) by extensions ['ros']
[0.575s] Level 1:colcon.colcon_core.package_identification:_identify(py_m5serial) by extension 'ros'
[0.576s] DEBUG:colcon.colcon_core.package_identification:Package 'py_m5serial' with type 'ros.ament_python' and name 'py_m5serial'
[0.576s] Level 1:colcon.colcon_core.package_discovery:discover_packages(recursive) using defaults
[0.576s] Level 1:colcon.colcon_core.package_discovery:discover_packages(ignore) discover
[0.576s] Level 1:colcon.colcon_core.package_discovery:discover_packages(ignore) using defaults
[0.576s] Level 1:colcon.colcon_core.package_discovery:discover_packages(path) discover
[0.576s] Level 1:colcon.colcon_core.package_discovery:discover_packages(path) using defaults
[0.610s] Level 1:colcon.colcon_core.package_discovery:discover_packages(prefix_path) check parameters
[0.611s] Level 1:colcon.colcon_core.package_discovery:discover_packages(prefix_path) discover
[0.614s] DEBUG:colcon.colcon_installed_package_information.package_discovery:Found 4 installed packages in /home/akariros/Akari_ros2_humble/install
[0.617s] DEBUG:colcon.colcon_installed_package_information.package_discovery:Found 272 installed packages in /opt/ros/humble
[0.619s] Level 1:colcon.colcon_core.package_discovery:discover_packages(prefix_path) using defaults
[0.703s] Level 5:colcon.colcon_core.verb:set package 'akari_msgs' build argument 'cmake_args' from command line to 'None'
[0.703s] Level 5:colcon.colcon_core.verb:set package 'akari_msgs' build argument 'cmake_target' from command line to 'None'
[0.703s] Level 5:colcon.colcon_core.verb:set package 'akari_msgs' build argument 'cmake_target_skip_unavailable' from command line to 'False'
[0.703s] Level 5:colcon.colcon_core.verb:set package 'akari_msgs' build argument 'cmake_clean_cache' from command line to 'False'
[0.703s] Level 5:colcon.colcon_core.verb:set package 'akari_msgs' build argument 'cmake_clean_first' from command line to 'False'
[0.703s] Level 5:colcon.colcon_core.verb:set package 'akari_msgs' build argument 'cmake_force_configure' from command line to 'False'
[0.704s] Level 5:colcon.colcon_core.verb:set package 'akari_msgs' build argument 'ament_cmake_args' from command line to 'None'
[0.704s] Level 5:colcon.colcon_core.verb:set package 'akari_msgs' build argument 'catkin_cmake_args' from command line to 'None'
[0.704s] Level 5:colcon.colcon_core.verb:set package 'akari_msgs' build argument 'catkin_skip_building_tests' from command line to 'False'
[0.704s] DEBUG:colcon.colcon_core.verb:Building package 'akari_msgs' with the following arguments: {'ament_cmake_args': None, 'build_base': '/home/akariros/Akari_ros2_humble/build/akari_msgs', 'catkin_cmake_args': None, 'catkin_skip_building_tests': False, 'cmake_args': None, 'cmake_clean_cache': False, 'cmake_clean_first': False, 'cmake_force_configure': False, 'cmake_target': None, 'cmake_target_skip_unavailable': False, 'install_base': '/home/akariros/Akari_ros2_humble/install/akari_msgs', 'merge_install': False, 'path': '/home/akariros/Akari_ros2_humble/akari_msgs', 'symlink_install': False, 'test_result_base': None}
[0.705s] Level 5:colcon.colcon_core.verb:set package 'm5displayserver' build argument 'cmake_args' from command line to 'None'
[0.705s] Level 5:colcon.colcon_core.verb:set package 'm5displayserver' build argument 'cmake_target' from command line to 'None'
[0.705s] Level 5:colcon.colcon_core.verb:set package 'm5displayserver' build argument 'cmake_target_skip_unavailable' from command line to 'False'
[0.705s] Level 5:colcon.colcon_core.verb:set package 'm5displayserver' build argument 'cmake_clean_cache' from command line to 'False'
[0.705s] Level 5:colcon.colcon_core.verb:set package 'm5displayserver' build argument 'cmake_clean_first' from command line to 'False'
[0.705s] Level 5:colcon.colcon_core.verb:set package 'm5displayserver' build argument 'cmake_force_configure' from command line to 'False'
[0.705s] Level 5:colcon.colcon_core.verb:set package 'm5displayserver' build argument 'ament_cmake_args' from command line to 'None'
[0.705s] Level 5:colcon.colcon_core.verb:set package 'm5displayserver' build argument 'catkin_cmake_args' from command line to 'None'
[0.705s] Level 5:colcon.colcon_core.verb:set package 'm5displayserver' build argument 'catkin_skip_building_tests' from command line to 'False'
[0.705s] DEBUG:colcon.colcon_core.verb:Building package 'm5displayserver' with the following arguments: {'ament_cmake_args': None, 'build_base': '/home/akariros/Akari_ros2_humble/build/m5displayserver', 'catkin_cmake_args': None, 'catkin_skip_building_tests': False, 'cmake_args': None, 'cmake_clean_cache': False, 'cmake_clean_first': False, 'cmake_force_configure': False, 'cmake_target': None, 'cmake_target_skip_unavailable': False, 'install_base': '/home/akariros/Akari_ros2_humble/install/m5displayserver', 'merge_install': False, 'path': '/home/akariros/Akari_ros2_humble/m5displayserver', 'symlink_install': False, 'test_result_base': None}
[0.707s] Level 5:colcon.colcon_core.verb:set package 'py_akari_pubsub' build argument 'cmake_args' from command line to 'None'
[0.707s] Level 5:colcon.colcon_core.verb:set package 'py_akari_pubsub' build argument 'cmake_target' from command line to 'None'
[0.707s] Level 5:colcon.colcon_core.verb:set package 'py_akari_pubsub' build argument 'cmake_target_skip_unavailable' from command line to 'False'
[0.707s] Level 5:colcon.colcon_core.verb:set package 'py_akari_pubsub' build argument 'cmake_clean_cache' from command line to 'False'
[0.707s] Level 5:colcon.colcon_core.verb:set package 'py_akari_pubsub' build argument 'cmake_clean_first' from command line to 'False'
[0.707s] Level 5:colcon.colcon_core.verb:set package 'py_akari_pubsub' build argument 'cmake_force_configure' from command line to 'False'
[0.707s] Level 5:colcon.colcon_core.verb:set package 'py_akari_pubsub' build argument 'ament_cmake_args' from command line to 'None'
[0.707s] Level 5:colcon.colcon_core.verb:set package 'py_akari_pubsub' build argument 'catkin_cmake_args' from command line to 'None'
[0.707s] Level 5:colcon.colcon_core.verb:set package 'py_akari_pubsub' build argument 'catkin_skip_building_tests' from command line to 'False'
[0.707s] DEBUG:colcon.colcon_core.verb:Building package 'py_akari_pubsub' with the following arguments: {'ament_cmake_args': None, 'build_base': '/home/akariros/Akari_ros2_humble/build/py_akari_pubsub', 'catkin_cmake_args': None, 'catkin_skip_building_tests': False, 'cmake_args': None, 'cmake_clean_cache': False, 'cmake_clean_first': False, 'cmake_force_configure': False, 'cmake_target': None, 'cmake_target_skip_unavailable': False, 'install_base': '/home/akariros/Akari_ros2_humble/install/py_akari_pubsub', 'merge_install': False, 'path': '/home/akariros/Akari_ros2_humble/py_akari_pubsub', 'symlink_install': False, 'test_result_base': None}
[0.708s] Level 5:colcon.colcon_core.verb:set package 'py_m5serial' build argument 'cmake_args' from command line to 'None'
[0.708s] Level 5:colcon.colcon_core.verb:set package 'py_m5serial' build argument 'cmake_target' from command line to 'None'
[0.709s] Level 5:colcon.colcon_core.verb:set package 'py_m5serial' build argument 'cmake_target_skip_unavailable' from command line to 'False'
[0.709s] Level 5:colcon.colcon_core.verb:set package 'py_m5serial' build argument 'cmake_clean_cache' from command line to 'False'
[0.709s] Level 5:colcon.colcon_core.verb:set package 'py_m5serial' build argument 'cmake_clean_first' from command line to 'False'
[0.709s] Level 5:colcon.colcon_core.verb:set package 'py_m5serial' build argument 'cmake_force_configure' from command line to 'False'
[0.709s] Level 5:colcon.colcon_core.verb:set package 'py_m5serial' build argument 'ament_cmake_args' from command line to 'None'
[0.709s] Level 5:colcon.colcon_core.verb:set package 'py_m5serial' build argument 'catkin_cmake_args' from command line to 'None'
[0.709s] Level 5:colcon.colcon_core.verb:set package 'py_m5serial' build argument 'catkin_skip_building_tests' from command line to 'False'
[0.709s] DEBUG:colcon.colcon_core.verb:Building package 'py_m5serial' with the following arguments: {'ament_cmake_args': None, 'build_base': '/home/akariros/Akari_ros2_humble/build/py_m5serial', 'catkin_cmake_args': None, 'catkin_skip_building_tests': False, 'cmake_args': None, 'cmake_clean_cache': False, 'cmake_clean_first': False, 'cmake_force_configure': False, 'cmake_target': None, 'cmake_target_skip_unavailable': False, 'install_base': '/home/akariros/Akari_ros2_humble/install/py_m5serial', 'merge_install': False, 'path': '/home/akariros/Akari_ros2_humble/py_m5serial', 'symlink_install': False, 'test_result_base': None}
[0.710s] INFO:colcon.colcon_core.executor:Executing jobs using 'parallel' executor
[0.714s] DEBUG:colcon.colcon_parallel_executor.executor.parallel:run_until_complete
[0.714s] INFO:colcon.colcon_ros.task.ament_cmake.build:Building ROS package in '/home/akariros/Akari_ros2_humble/akari_msgs' with build type 'ament_cmake'
[0.715s] INFO:colcon.colcon_cmake.task.cmake.build:Building CMake package in '/home/akariros/Akari_ros2_humble/akari_msgs'
[0.721s] INFO:colcon.colcon_core.plugin_system:Skipping extension 'colcon_core.shell.bat': Not used on non-Windows systems
[0.721s] INFO:colcon.colcon_core.shell:Skip shell extension 'powershell' for command environment: Not usable outside of PowerShell
[0.721s] DEBUG:colcon.colcon_core.shell:Skip shell extension 'dsv' for command environment
[0.729s] INFO:colcon.colcon_ros.task.ament_python.build:Building ROS package in '/home/akariros/Akari_ros2_humble/m5displayserver' with build type 'ament_python'
[0.729s] Level 1:colcon.colcon_core.shell:create_environment_hook('m5displayserver', 'ament_prefix_path')
[0.731s] INFO:colcon.colcon_core.shell:Creating environment hook '/home/akariros/Akari_ros2_humble/install/m5displayserver/share/m5displayserver/hook/ament_prefix_path.ps1'
[0.732s] INFO:colcon.colcon_core.shell:Creating environment descriptor '/home/akariros/Akari_ros2_humble/install/m5displayserver/share/m5displayserver/hook/ament_prefix_path.dsv'
[0.733s] INFO:colcon.colcon_core.shell:Creating environment hook '/home/akariros/Akari_ros2_humble/install/m5displayserver/share/m5displayserver/hook/ament_prefix_path.sh'
[0.735s] INFO:colcon.colcon_core.shell:Skip shell extension 'powershell' for command environment: Not usable outside of PowerShell
[0.735s] DEBUG:colcon.colcon_core.shell:Skip shell extension 'dsv' for command environment
[0.743s] INFO:colcon.colcon_ros.task.ament_python.build:Building ROS package in '/home/akariros/Akari_ros2_humble/py_akari_pubsub' with build type 'ament_python'
[0.744s] Level 1:colcon.colcon_core.shell:create_environment_hook('py_akari_pubsub', 'ament_prefix_path')
[0.747s] INFO:colcon.colcon_core.shell:Creating environment hook '/home/akariros/Akari_ros2_humble/install/py_akari_pubsub/share/py_akari_pubsub/hook/ament_prefix_path.ps1'
[0.748s] INFO:colcon.colcon_core.shell:Creating environment descriptor '/home/akariros/Akari_ros2_humble/install/py_akari_pubsub/share/py_akari_pubsub/hook/ament_prefix_path.dsv'
[0.749s] INFO:colcon.colcon_core.shell:Creating environment hook '/home/akariros/Akari_ros2_humble/install/py_akari_pubsub/share/py_akari_pubsub/hook/ament_prefix_path.sh'
[0.751s] INFO:colcon.colcon_core.shell:Skip shell extension 'powershell' for command environment: Not usable outside of PowerShell
[0.751s] DEBUG:colcon.colcon_core.shell:Skip shell extension 'dsv' for command environment
[0.757s] INFO:colcon.colcon_ros.task.ament_python.build:Building ROS package in '/home/akariros/Akari_ros2_humble/py_m5serial' with build type 'ament_python'
[0.758s] Level 1:colcon.colcon_core.shell:create_environment_hook('py_m5serial', 'ament_prefix_path')
[0.761s] INFO:colcon.colcon_core.shell:Creating environment hook '/home/akariros/Akari_ros2_humble/install/py_m5serial/share/py_m5serial/hook/ament_prefix_path.ps1'
[0.761s] INFO:colcon.colcon_core.shell:Creating environment descriptor '/home/akariros/Akari_ros2_humble/install/py_m5serial/share/py_m5serial/hook/ament_prefix_path.dsv'
[0.762s] INFO:colcon.colcon_core.shell:Creating environment hook '/home/akariros/Akari_ros2_humble/install/py_m5serial/share/py_m5serial/hook/ament_prefix_path.sh'
[0.766s] INFO:colcon.colcon_core.shell:Skip shell extension 'powershell' for command environment: Not usable outside of PowerShell
[0.766s] DEBUG:colcon.colcon_core.shell:Skip shell extension 'dsv' for command environment
[0.783s] DEBUG:colcon.colcon_core.event_handler.log_command:Invoking command in '/home/akariros/Akari_ros2_humble/build/akari_msgs': CMAKE_PREFIX_PATH=${CMAKE_PREFIX_PATH}:/home/akariros/Akari_ros2_humble/install/py_m5serial:/home/akariros/Akari_ros2_humble/install/py_akari_pubsub:/home/akariros/Akari_ros2_humble/install/m5displayserver:/opt/ros/humble /usr/bin/cmake --build /home/akariros/Akari_ros2_humble/build/akari_msgs -- -j4 -l4
[1.406s] INFO:colcon.colcon_core.task.python.build:Building Python package in '/home/akariros/Akari_ros2_humble/m5displayserver'
[1.409s] INFO:colcon.colcon_core.shell:Skip shell extension 'powershell' for command environment: Not usable outside of PowerShell
[1.409s] DEBUG:colcon.colcon_core.shell:Skip shell extension 'dsv' for command environment
[1.869s] INFO:colcon.colcon_core.task.python.build:Building Python package in '/home/akariros/Akari_ros2_humble/py_akari_pubsub'
[1.870s] INFO:colcon.colcon_core.shell:Skip shell extension 'powershell' for command environment: Not usable outside of PowerShell
[1.870s] DEBUG:colcon.colcon_core.shell:Skip shell extension 'dsv' for command environment
[1.889s] DEBUG:colcon.colcon_core.event_handler.log_command:Invoked command in '/home/akariros/Akari_ros2_humble/build/akari_msgs' returned '0': CMAKE_PREFIX_PATH=${CMAKE_PREFIX_PATH}:/home/akariros/Akari_ros2_humble/install/py_m5serial:/home/akariros/Akari_ros2_humble/install/py_akari_pubsub:/home/akariros/Akari_ros2_humble/install/m5displayserver:/opt/ros/humble /usr/bin/cmake --build /home/akariros/Akari_ros2_humble/build/akari_msgs -- -j4 -l4
[2.330s] INFO:colcon.colcon_core.task.python.build:Building Python package in '/home/akariros/Akari_ros2_humble/py_m5serial'
[2.332s] INFO:colcon.colcon_core.shell:Skip shell extension 'powershell' for command environment: Not usable outside of PowerShell
[2.332s] DEBUG:colcon.colcon_core.shell:Skip shell extension 'dsv' for command environment
[2.363s] DEBUG:colcon.colcon_core.event_handler.log_command:Invoking command in '/home/akariros/Akari_ros2_humble/build/akari_msgs': CMAKE_PREFIX_PATH=${CMAKE_PREFIX_PATH}:/home/akariros/Akari_ros2_humble/install/py_m5serial:/home/akariros/Akari_ros2_humble/install/py_akari_pubsub:/home/akariros/Akari_ros2_humble/install/m5displayserver:/opt/ros/humble /usr/bin/cmake --install /home/akariros/Akari_ros2_humble/build/akari_msgs
[2.515s] Level 1:colcon.colcon_core.environment:create_environment_scripts_only(akari_msgs)
[2.526s] Level 1:colcon.colcon_core.environment:checking '/home/akariros/Akari_ros2_humble/install/akari_msgs' for CMake module files
[2.531s] DEBUG:colcon.colcon_core.event_handler.log_command:Invoked command in '/home/akariros/Akari_ros2_humble/build/akari_msgs' returned '0': CMAKE_PREFIX_PATH=${CMAKE_PREFIX_PATH}:/home/akariros/Akari_ros2_humble/install/py_m5serial:/home/akariros/Akari_ros2_humble/install/py_akari_pubsub:/home/akariros/Akari_ros2_humble/install/m5displayserver:/opt/ros/humble /usr/bin/cmake --install /home/akariros/Akari_ros2_humble/build/akari_msgs
[2.532s] Level 1:colcon.colcon_core.environment:checking '/home/akariros/Akari_ros2_humble/install/akari_msgs' for CMake config files
[2.532s] Level 1:colcon.colcon_core.shell:create_environment_hook('akari_msgs', 'cmake_prefix_path')
[2.535s] INFO:colcon.colcon_core.shell:Creating environment hook '/home/akariros/Akari_ros2_humble/install/akari_msgs/share/akari_msgs/hook/cmake_prefix_path.ps1'
[2.536s] INFO:colcon.colcon_core.shell:Creating environment descriptor '/home/akariros/Akari_ros2_humble/install/akari_msgs/share/akari_msgs/hook/cmake_prefix_path.dsv'
[2.537s] INFO:colcon.colcon_core.shell:Creating environment hook '/home/akariros/Akari_ros2_humble/install/akari_msgs/share/akari_msgs/hook/cmake_prefix_path.sh'
[2.539s] Level 1:colcon.colcon_core.environment:checking '/home/akariros/Akari_ros2_humble/install/akari_msgs/lib'
[2.540s] Level 1:colcon.colcon_core.shell:create_environment_hook('akari_msgs', 'ld_library_path_lib')
[2.543s] INFO:colcon.colcon_core.shell:Creating environment hook '/home/akariros/Akari_ros2_humble/install/akari_msgs/share/akari_msgs/hook/ld_library_path_lib.ps1'
[2.544s] INFO:colcon.colcon_core.shell:Creating environment descriptor '/home/akariros/Akari_ros2_humble/install/akari_msgs/share/akari_msgs/hook/ld_library_path_lib.dsv'
[2.545s] INFO:colcon.colcon_core.shell:Creating environment hook '/home/akariros/Akari_ros2_humble/install/akari_msgs/share/akari_msgs/hook/ld_library_path_lib.sh'
[2.545s] Level 1:colcon.colcon_core.environment:checking '/home/akariros/Akari_ros2_humble/install/akari_msgs/bin'
[2.546s] Level 1:colcon.colcon_core.environment:checking '/home/akariros/Akari_ros2_humble/install/akari_msgs/lib/pkgconfig/akari_msgs.pc'
[2.546s] Level 1:colcon.colcon_core.environment:checking '/home/akariros/Akari_ros2_humble/install/akari_msgs/lib/python3.10/site-packages'
[2.547s] Level 1:colcon.colcon_core.environment:checking '/home/akariros/Akari_ros2_humble/install/akari_msgs/bin'
[2.550s] INFO:colcon.colcon_core.shell:Creating package script '/home/akariros/Akari_ros2_humble/install/akari_msgs/share/akari_msgs/package.ps1'
[2.552s] INFO:colcon.colcon_core.shell:Creating package descriptor '/home/akariros/Akari_ros2_humble/install/akari_msgs/share/akari_msgs/package.dsv'
[2.556s] INFO:colcon.colcon_core.shell:Creating package script '/home/akariros/Akari_ros2_humble/install/akari_msgs/share/akari_msgs/package.sh'
[2.558s] INFO:colcon.colcon_core.shell:Creating package script '/home/akariros/Akari_ros2_humble/install/akari_msgs/share/akari_msgs/package.bash'
[2.560s] INFO:colcon.colcon_core.shell:Creating package script '/home/akariros/Akari_ros2_humble/install/akari_msgs/share/akari_msgs/package.zsh'
[2.562s] Level 1:colcon.colcon_core.environment:create_file_with_runtime_dependencies(/home/akariros/Akari_ros2_humble/install/akari_msgs/share/colcon-core/packages/akari_msgs)
[3.011s] Level 1:colcon.colcon_core.environment:create_environment_scripts_only(akari_msgs)
[3.016s] Level 1:colcon.colcon_core.environment:checking '/home/akariros/Akari_ros2_humble/install/akari_msgs' for CMake module files
[3.018s] Level 1:colcon.colcon_core.environment:checking '/home/akariros/Akari_ros2_humble/install/akari_msgs' for CMake config files
[3.019s] Level 1:colcon.colcon_core.shell:create_environment_hook('akari_msgs', 'cmake_prefix_path')
[3.022s] INFO:colcon.colcon_core.shell:Creating environment hook '/home/akariros/Akari_ros2_humble/install/akari_msgs/share/akari_msgs/hook/cmake_prefix_path.ps1'
[3.024s] INFO:colcon.colcon_core.shell:Creating environment descriptor '/home/akariros/Akari_ros2_humble/install/akari_msgs/share/akari_msgs/hook/cmake_prefix_path.dsv'
[3.024s] INFO:colcon.colcon_core.shell:Creating environment hook '/home/akariros/Akari_ros2_humble/install/akari_msgs/share/akari_msgs/hook/cmake_prefix_path.sh'
[3.025s] Level 1:colcon.colcon_core.environment:checking '/home/akariros/Akari_ros2_humble/install/akari_msgs/lib'
[3.026s] Level 1:colcon.colcon_core.shell:create_environment_hook('akari_msgs', 'ld_library_path_lib')
[3.029s] INFO:colcon.colcon_core.shell:Creating environment hook '/home/akariros/Akari_ros2_humble/install/akari_msgs/share/akari_msgs/hook/ld_library_path_lib.ps1'
[3.030s] INFO:colcon.colcon_core.shell:Creating environment descriptor '/home/akariros/Akari_ros2_humble/install/akari_msgs/share/akari_msgs/hook/ld_library_path_lib.dsv'
[3.031s] INFO:colcon.colcon_core.shell:Creating environment hook '/home/akariros/Akari_ros2_humble/install/akari_msgs/share/akari_msgs/hook/ld_library_path_lib.sh'
[3.032s] Level 1:colcon.colcon_core.environment:checking '/home/akariros/Akari_ros2_humble/install/akari_msgs/bin'
[3.033s] Level 1:colcon.colcon_core.environment:checking '/home/akariros/Akari_ros2_humble/install/akari_msgs/lib/pkgconfig/akari_msgs.pc'
[3.033s] Level 1:colcon.colcon_core.environment:checking '/home/akariros/Akari_ros2_humble/install/akari_msgs/lib/python3.10/site-packages'
[3.034s] Level 1:colcon.colcon_core.environment:checking '/home/akariros/Akari_ros2_humble/install/akari_msgs/bin'
[3.038s] INFO:colcon.colcon_core.shell:Creating package script '/home/akariros/Akari_ros2_humble/install/akari_msgs/share/akari_msgs/package.ps1'
[3.041s] INFO:colcon.colcon_core.shell:Creating package descriptor '/home/akariros/Akari_ros2_humble/install/akari_msgs/share/akari_msgs/package.dsv'
[3.042s] INFO:colcon.colcon_core.shell:Creating package script '/home/akariros/Akari_ros2_humble/install/akari_msgs/share/akari_msgs/package.sh'
[3.043s] INFO:colcon.colcon_core.shell:Creating package script '/home/akariros/Akari_ros2_humble/install/akari_msgs/share/akari_msgs/package.bash'
[3.044s] INFO:colcon.colcon_core.shell:Creating package script '/home/akariros/Akari_ros2_humble/install/akari_msgs/share/akari_msgs/package.zsh'
[3.045s] Level 1:colcon.colcon_core.environment:create_file_with_runtime_dependencies(/home/akariros/Akari_ros2_humble/install/akari_msgs/share/colcon-core/packages/akari_msgs)
[3.274s] DEBUG:colcon.colcon_core.event_handler.log_command:Invoking command in '/home/akariros/Akari_ros2_humble/py_akari_pubsub': PYTHONPATH=/home/akariros/Akari_ros2_humble/build/py_akari_pubsub/prefix_override:/home/akariros/Akari_ros2_humble/install/py_akari_pubsub/lib/python3.10/site-packages:${PYTHONPATH} /usr/bin/python3 setup.py egg_info --egg-base ../build/py_akari_pubsub build --build-base /home/akariros/Akari_ros2_humble/build/py_akari_pubsub/build install --record /home/akariros/Akari_ros2_humble/build/py_akari_pubsub/install.log --single-version-externally-managed
[3.336s] DEBUG:colcon.colcon_core.event_handler.log_command:Invoking command in '/home/akariros/Akari_ros2_humble/m5displayserver': PYTHONPATH=/home/akariros/Akari_ros2_humble/build/m5displayserver/prefix_override:/home/akariros/Akari_ros2_humble/install/m5displayserver/lib/python3.10/site-packages:${PYTHONPATH} /usr/bin/python3 setup.py egg_info --egg-base ../build/m5displayserver build --build-base /home/akariros/Akari_ros2_humble/build/m5displayserver/build install --record /home/akariros/Akari_ros2_humble/build/m5displayserver/install.log --single-version-externally-managed
[3.372s] DEBUG:colcon.colcon_core.event_handler.log_command:Invoking command in '/home/akariros/Akari_ros2_humble/py_m5serial': PYTHONPATH=/home/akariros/Akari_ros2_humble/build/py_m5serial/prefix_override:/home/akariros/Akari_ros2_humble/install/py_m5serial/lib/python3.10/site-packages:${PYTHONPATH} /usr/bin/python3 setup.py egg_info --egg-base ../build/py_m5serial build --build-base /home/akariros/Akari_ros2_humble/build/py_m5serial/build install --record /home/akariros/Akari_ros2_humble/build/py_m5serial/install.log --single-version-externally-managed
[3.999s] Level 1:colcon.colcon_core.environment:checking '/home/akariros/Akari_ros2_humble/install/m5displayserver' for CMake module files
[4.000s] DEBUG:colcon.colcon_core.event_handler.log_command:Invoked command in '/home/akariros/Akari_ros2_humble/m5displayserver' returned '0': PYTHONPATH=/home/akariros/Akari_ros2_humble/build/m5displayserver/prefix_override:/home/akariros/Akari_ros2_humble/install/m5displayserver/lib/python3.10/site-packages:${PYTHONPATH} /usr/bin/python3 setup.py egg_info --egg-base ../build/m5displayserver build --build-base /home/akariros/Akari_ros2_humble/build/m5displayserver/build install --record /home/akariros/Akari_ros2_humble/build/m5displayserver/install.log --single-version-externally-managed
[4.000s] Level 1:colcon.colcon_core.environment:checking '/home/akariros/Akari_ros2_humble/install/m5displayserver' for CMake config files
[4.001s] Level 1:colcon.colcon_core.environment:checking '/home/akariros/Akari_ros2_humble/install/m5displayserver/lib'
[4.001s] Level 1:colcon.colcon_core.environment:checking '/home/akariros/Akari_ros2_humble/install/m5displayserver/bin'
[4.002s] Level 1:colcon.colcon_core.environment:checking '/home/akariros/Akari_ros2_humble/install/m5displayserver/lib/pkgconfig/m5displayserver.pc'
[4.002s] Level 1:colcon.colcon_core.environment:checking '/home/akariros/Akari_ros2_humble/install/m5displayserver/lib/python3.10/site-packages'
[4.002s] Level 1:colcon.colcon_core.shell:create_environment_hook('m5displayserver', 'pythonpath')
[4.004s] INFO:colcon.colcon_core.shell:Creating environment hook '/home/akariros/Akari_ros2_humble/install/m5displayserver/share/m5displayserver/hook/pythonpath.ps1'
[4.005s] INFO:colcon.colcon_core.shell:Creating environment descriptor '/home/akariros/Akari_ros2_humble/install/m5displayserver/share/m5displayserver/hook/pythonpath.dsv'
[4.005s] INFO:colcon.colcon_core.shell:Creating environment hook '/home/akariros/Akari_ros2_humble/install/m5displayserver/share/m5displayserver/hook/pythonpath.sh'
[4.006s] Level 1:colcon.colcon_core.environment:checking '/home/akariros/Akari_ros2_humble/install/m5displayserver/bin'
[4.006s] Level 1:colcon.colcon_core.environment:create_environment_scripts_only(m5displayserver)
[4.008s] INFO:colcon.colcon_core.shell:Creating package script '/home/akariros/Akari_ros2_humble/install/m5displayserver/share/m5displayserver/package.ps1'
[4.009s] INFO:colcon.colcon_core.shell:Creating package descriptor '/home/akariros/Akari_ros2_humble/install/m5displayserver/share/m5displayserver/package.dsv'
[4.010s] INFO:colcon.colcon_core.shell:Creating package script '/home/akariros/Akari_ros2_humble/install/m5displayserver/share/m5displayserver/package.sh'
[4.012s] INFO:colcon.colcon_core.shell:Creating package script '/home/akariros/Akari_ros2_humble/install/m5displayserver/share/m5displayserver/package.bash'
[4.014s] INFO:colcon.colcon_core.shell:Creating package script '/home/akariros/Akari_ros2_humble/install/m5displayserver/share/m5displayserver/package.zsh'
[4.015s] Level 1:colcon.colcon_core.environment:create_file_with_runtime_dependencies(/home/akariros/Akari_ros2_humble/install/m5displayserver/share/colcon-core/packages/m5displayserver)
[4.023s] Level 1:colcon.colcon_core.environment:checking '/home/akariros/Akari_ros2_humble/install/py_akari_pubsub' for CMake module files
[4.025s] DEBUG:colcon.colcon_core.event_handler.log_command:Invoked command in '/home/akariros/Akari_ros2_humble/py_akari_pubsub' returned '0': PYTHONPATH=/home/akariros/Akari_ros2_humble/build/py_akari_pubsub/prefix_override:/home/akariros/Akari_ros2_humble/install/py_akari_pubsub/lib/python3.10/site-packages:${PYTHONPATH} /usr/bin/python3 setup.py egg_info --egg-base ../build/py_akari_pubsub build --build-base /home/akariros/Akari_ros2_humble/build/py_akari_pubsub/build install --record /home/akariros/Akari_ros2_humble/build/py_akari_pubsub/install.log --single-version-externally-managed
[4.025s] Level 1:colcon.colcon_core.environment:checking '/home/akariros/Akari_ros2_humble/install/py_akari_pubsub' for CMake config files
[4.026s] Level 1:colcon.colcon_core.environment:checking '/home/akariros/Akari_ros2_humble/install/py_akari_pubsub/lib'
[4.027s] Level 1:colcon.colcon_core.environment:checking '/home/akariros/Akari_ros2_humble/install/py_akari_pubsub/bin'
[4.027s] Level 1:colcon.colcon_core.environment:checking '/home/akariros/Akari_ros2_humble/install/py_akari_pubsub/lib/pkgconfig/py_akari_pubsub.pc'
[4.028s] Level 1:colcon.colcon_core.environment:checking '/home/akariros/Akari_ros2_humble/install/py_akari_pubsub/lib/python3.10/site-packages'
[4.028s] Level 1:colcon.colcon_core.shell:create_environment_hook('py_akari_pubsub', 'pythonpath')
[4.032s] INFO:colcon.colcon_core.shell:Creating environment hook '/home/akariros/Akari_ros2_humble/install/py_akari_pubsub/share/py_akari_pubsub/hook/pythonpath.ps1'
[4.033s] INFO:colcon.colcon_core.shell:Creating environment descriptor '/home/akariros/Akari_ros2_humble/install/py_akari_pubsub/share/py_akari_pubsub/hook/pythonpath.dsv'
[4.034s] INFO:colcon.colcon_core.shell:Creating environment hook '/home/akariros/Akari_ros2_humble/install/py_akari_pubsub/share/py_akari_pubsub/hook/pythonpath.sh'
[4.035s] Level 1:colcon.colcon_core.environment:checking '/home/akariros/Akari_ros2_humble/install/py_akari_pubsub/bin'
[4.035s] Level 1:colcon.colcon_core.environment:create_environment_scripts_only(py_akari_pubsub)
[4.039s] INFO:colcon.colcon_core.shell:Creating package script '/home/akariros/Akari_ros2_humble/install/py_akari_pubsub/share/py_akari_pubsub/package.ps1'
[4.040s] INFO:colcon.colcon_core.shell:Creating package descriptor '/home/akariros/Akari_ros2_humble/install/py_akari_pubsub/share/py_akari_pubsub/package.dsv'
[4.041s] INFO:colcon.colcon_core.shell:Creating package script '/home/akariros/Akari_ros2_humble/install/py_akari_pubsub/share/py_akari_pubsub/package.sh'
[4.042s] INFO:colcon.colcon_core.shell:Creating package script '/home/akariros/Akari_ros2_humble/install/py_akari_pubsub/share/py_akari_pubsub/package.bash'
[4.042s] INFO:colcon.colcon_core.shell:Creating package script '/home/akariros/Akari_ros2_humble/install/py_akari_pubsub/share/py_akari_pubsub/package.zsh'
[4.043s] Level 1:colcon.colcon_core.environment:create_file_with_runtime_dependencies(/home/akariros/Akari_ros2_humble/install/py_akari_pubsub/share/colcon-core/packages/py_akari_pubsub)
[4.059s] Level 1:colcon.colcon_core.environment:checking '/home/akariros/Akari_ros2_humble/install/py_m5serial' for CMake module files
[4.060s] DEBUG:colcon.colcon_core.event_handler.log_command:Invoked command in '/home/akariros/Akari_ros2_humble/py_m5serial' returned '0': PYTHONPATH=/home/akariros/Akari_ros2_humble/build/py_m5serial/prefix_override:/home/akariros/Akari_ros2_humble/install/py_m5serial/lib/python3.10/site-packages:${PYTHONPATH} /usr/bin/python3 setup.py egg_info --egg-base ../build/py_m5serial build --build-base /home/akariros/Akari_ros2_humble/build/py_m5serial/build install --record /home/akariros/Akari_ros2_humble/build/py_m5serial/install.log --single-version-externally-managed
[4.060s] Level 1:colcon.colcon_core.environment:checking '/home/akariros/Akari_ros2_humble/install/py_m5serial' for CMake config files
[4.061s] Level 1:colcon.colcon_core.environment:checking '/home/akariros/Akari_ros2_humble/install/py_m5serial/lib'
[4.061s] Level 1:colcon.colcon_core.environment:checking '/home/akariros/Akari_ros2_humble/install/py_m5serial/bin'
[4.061s] Level 1:colcon.colcon_core.environment:checking '/home/akariros/Akari_ros2_humble/install/py_m5serial/lib/pkgconfig/py_m5serial.pc'
[4.061s] Level 1:colcon.colcon_core.environment:checking '/home/akariros/Akari_ros2_humble/install/py_m5serial/lib/python3.10/site-packages'
[4.061s] Level 1:colcon.colcon_core.shell:create_environment_hook('py_m5serial', 'pythonpath')
[4.063s] INFO:colcon.colcon_core.shell:Creating environment hook '/home/akariros/Akari_ros2_humble/install/py_m5serial/share/py_m5serial/hook/pythonpath.ps1'
[4.064s] INFO:colcon.colcon_core.shell:Creating environment descriptor '/home/akariros/Akari_ros2_humble/install/py_m5serial/share/py_m5serial/hook/pythonpath.dsv'
[4.064s] INFO:colcon.colcon_core.shell:Creating environment hook '/home/akariros/Akari_ros2_humble/install/py_m5serial/share/py_m5serial/hook/pythonpath.sh'
[4.065s] Level 1:colcon.colcon_core.environment:checking '/home/akariros/Akari_ros2_humble/install/py_m5serial/bin'
[4.065s] Level 1:colcon.colcon_core.environment:create_environment_scripts_only(py_m5serial)
[4.067s] INFO:colcon.colcon_core.shell:Creating package script '/home/akariros/Akari_ros2_humble/install/py_m5serial/share/py_m5serial/package.ps1'
[4.067s] INFO:colcon.colcon_core.shell:Creating package descriptor '/home/akariros/Akari_ros2_humble/install/py_m5serial/share/py_m5serial/package.dsv'
[4.068s] INFO:colcon.colcon_core.shell:Creating package script '/home/akariros/Akari_ros2_humble/install/py_m5serial/share/py_m5serial/package.sh'
[4.069s] INFO:colcon.colcon_core.shell:Creating package script '/home/akariros/Akari_ros2_humble/install/py_m5serial/share/py_m5serial/package.bash'
[4.069s] INFO:colcon.colcon_core.shell:Creating package script '/home/akariros/Akari_ros2_humble/install/py_m5serial/share/py_m5serial/package.zsh'
[4.069s] Level 1:colcon.colcon_core.environment:create_file_with_runtime_dependencies(/home/akariros/Akari_ros2_humble/install/py_m5serial/share/colcon-core/packages/py_m5serial)
[4.070s] DEBUG:colcon.colcon_parallel_executor.executor.parallel:closing loop
[4.071s] DEBUG:colcon.colcon_parallel_executor.executor.parallel:loop closed
[4.071s] DEBUG:colcon.colcon_parallel_executor.executor.parallel:run_until_complete finished with '0'
[4.071s] DEBUG:colcon.colcon_core.event_reactor:joining thread
[4.081s] INFO:colcon.colcon_core.plugin_system:Skipping extension 'colcon_notification.desktop_notification.terminal_notifier': Not used on non-Darwin systems
[4.081s] INFO:colcon.colcon_core.plugin_system:Skipping extension 'colcon_notification.desktop_notification.win32': Not used on non-Windows systems
[4.081s] INFO:colcon.colcon_notification.desktop_notification:Sending desktop notification using 'notify2'
[4.095s] DEBUG:colcon.colcon_core.event_reactor:joined thread
[4.097s] INFO:colcon.colcon_core.shell:Creating prefix script '/home/akariros/Akari_ros2_humble/install/local_setup.ps1'
[4.099s] INFO:colcon.colcon_core.shell:Creating prefix util module '/home/akariros/Akari_ros2_humble/install/_local_setup_util_ps1.py'
[4.101s] INFO:colcon.colcon_core.shell:Creating prefix chain script '/home/akariros/Akari_ros2_humble/install/setup.ps1'
[4.103s] INFO:colcon.colcon_core.shell:Creating prefix script '/home/akariros/Akari_ros2_humble/install/local_setup.sh'
[4.104s] INFO:colcon.colcon_core.shell:Creating prefix util module '/home/akariros/Akari_ros2_humble/install/_local_setup_util_sh.py'
[4.105s] INFO:colcon.colcon_core.shell:Creating prefix chain script '/home/akariros/Akari_ros2_humble/install/setup.sh'
[4.107s] INFO:colcon.colcon_core.shell:Creating prefix script '/home/akariros/Akari_ros2_humble/install/local_setup.bash'
[4.109s] INFO:colcon.colcon_core.shell:Creating prefix chain script '/home/akariros/Akari_ros2_humble/install/setup.bash'
[4.112s] INFO:colcon.colcon_core.shell:Creating prefix script '/home/akariros/Akari_ros2_humble/install/local_setup.zsh'
[4.113s] INFO:colcon.colcon_core.shell:Creating prefix chain script '/home/akariros/Akari_ros2_humble/install/setup.zsh'
