[2.604s] Invoking command in '/home/akariros/Akari_ros2_humble/m5displayserver': PYTHONPATH=/home/akariros/Akari_ros2_humble/build/m5displayserver/prefix_override:/home/akariros/Akari_ros2_humble/install/m5displayserver/lib/python3.10/site-packages:${PYTHONPATH} /usr/bin/python3 setup.py egg_info --egg-base ../build/m5displayserver build --build-base /home/akariros/Akari_ros2_humble/build/m5displayserver/build install --record /home/akariros/Akari_ros2_humble/build/m5displayserver/install.log --single-version-externally-managed
[3.153s] running egg_info
[3.154s] writing ../build/m5displayserver/m5displayserver.egg-info/PKG-INFO
[3.154s] writing dependency_links to ../build/m5displayserver/m5displayserver.egg-info/dependency_links.txt
[3.155s] writing entry points to ../build/m5displayserver/m5displayserver.egg-info/entry_points.txt
[3.155s] writing requirements to ../build/m5displayserver/m5displayserver.egg-info/requires.txt
[3.155s] writing top-level names to ../build/m5displayserver/m5displayserver.egg-info/top_level.txt
[3.159s] reading manifest file '../build/m5displayserver/m5displayserver.egg-info/SOURCES.txt'
[3.161s] writing manifest file '../build/m5displayserver/m5displayserver.egg-info/SOURCES.txt'
[3.161s] running build
[3.161s] running build_py
[3.164s] /usr/lib/python3/dist-packages/setuptools/command/install.py:34: SetuptoolsDeprecationWarning: setup.py install is deprecated. Use build and pip and other standards-based tools.
[3.165s]   warnings.warn(
[3.165s] running install
[3.165s] running install_lib
[3.165s] running install_data
[3.167s] running install_egg_info
[3.170s] removing '/home/akariros/Akari_ros2_humble/install/m5displayserver/lib/python3.10/site-packages/m5displayserver-0.0.0-py3.10.egg-info' (and everything under it)
[3.171s] Copying ../build/m5displayserver/m5displayserver.egg-info to /home/akariros/Akari_ros2_humble/install/m5displayserver/lib/python3.10/site-packages/m5displayserver-0.0.0-py3.10.egg-info
[3.173s] running install_scripts
[3.218s] Installing m5displayserver script to /home/akariros/Akari_ros2_humble/install/m5displayserver/lib/m5displayserver
[3.219s] writing list of installed files to '/home/akariros/Akari_ros2_humble/build/m5displayserver/install.log'
[3.268s] Invoked command in '/home/akariros/Akari_ros2_humble/m5displayserver' returned '0': PYTHONPATH=/home/akariros/Akari_ros2_humble/build/m5displayserver/prefix_override:/home/akariros/Akari_ros2_humble/install/m5displayserver/lib/python3.10/site-packages:${PYTHONPATH} /usr/bin/python3 setup.py egg_info --egg-base ../build/m5displayserver build --build-base /home/akariros/Akari_ros2_humble/build/m5displayserver/build install --record /home/akariros/Akari_ros2_humble/build/m5displayserver/install.log --single-version-externally-managed
