[2.606s] Invoking command in '/home/akariros/Akari_ros2_humble/py_akari_pubsub': PYTHONPATH=/home/akariros/Akari_ros2_humble/build/py_akari_pubsub/prefix_override:/home/akariros/Akari_ros2_humble/install/py_akari_pubsub/lib/python3.10/site-packages:${PYTHONPATH} /usr/bin/python3 setup.py egg_info --egg-base ../build/py_akari_pubsub build --build-base /home/akariros/Akari_ros2_humble/build/py_akari_pubsub/build install --record /home/akariros/Akari_ros2_humble/build/py_akari_pubsub/install.log --single-version-externally-managed
[3.512s] running egg_info
[3.514s] writing ../build/py_akari_pubsub/py_akari_pubsub.egg-info/PKG-INFO
[3.516s] writing dependency_links to ../build/py_akari_pubsub/py_akari_pubsub.egg-info/dependency_links.txt
[3.516s] writing entry points to ../build/py_akari_pubsub/py_akari_pubsub.egg-info/entry_points.txt
[3.517s] writing requirements to ../build/py_akari_pubsub/py_akari_pubsub.egg-info/requires.txt
[3.518s] writing top-level names to ../build/py_akari_pubsub/py_akari_pubsub.egg-info/top_level.txt
[3.523s] reading manifest file '../build/py_akari_pubsub/py_akari_pubsub.egg-info/SOURCES.txt'
[3.526s] writing manifest file '../build/py_akari_pubsub/py_akari_pubsub.egg-info/SOURCES.txt'
[3.527s] running build
[3.528s] running build_py
[3.530s] running install
[3.530s] /usr/lib/python3/dist-packages/setuptools/command/install.py:34: SetuptoolsDeprecationWarning: setup.py install is deprecated. Use build and pip and other standards-based tools.
[3.531s]   warnings.warn(
[3.531s] running install_lib
[3.535s] running install_data
[3.537s] running install_egg_info
[3.540s] removing '/home/akariros/Akari_ros2_humble/install/py_akari_pubsub/lib/python3.10/site-packages/py_akari_pubsub-0.0.0-py3.10.egg-info' (and everything under it)
[3.541s] Copying ../build/py_akari_pubsub/py_akari_pubsub.egg-info to /home/akariros/Akari_ros2_humble/install/py_akari_pubsub/lib/python3.10/site-packages/py_akari_pubsub-0.0.0-py3.10.egg-info
[3.553s] running install_scripts
[3.594s] Installing akari_listener script to /home/akariros/Akari_ros2_humble/install/py_akari_pubsub/lib/py_akari_pubsub
[3.594s] Installing akari_talker script to /home/akariros/Akari_ros2_humble/install/py_akari_pubsub/lib/py_akari_pubsub
[3.595s] writing list of installed files to '/home/akariros/Akari_ros2_humble/build/py_akari_pubsub/install.log'
[3.697s] Invoked command in '/home/akariros/Akari_ros2_humble/py_akari_pubsub' returned '0': PYTHONPATH=/home/akariros/Akari_ros2_humble/build/py_akari_pubsub/prefix_override:/home/akariros/Akari_ros2_humble/install/py_akari_pubsub/lib/python3.10/site-packages:${PYTHONPATH} /usr/bin/python3 setup.py egg_info --egg-base ../build/py_akari_pubsub build --build-base /home/akariros/Akari_ros2_humble/build/py_akari_pubsub/build install --record /home/akariros/Akari_ros2_humble/build/py_akari_pubsub/install.log --single-version-externally-managed
