[2.328s] Invoking command in '/home/akariros/Akari_ros2_humble/akari_setting_publisher': PYTHONPATH=/home/akariros/Akari_ros2_humble/build/akari_setting_publisher/prefix_override:/home/akariros/Akari_ros2_humble/install/akari_setting_publisher/lib/python3.10/site-packages:${PYTHONPATH} /usr/bin/python3 setup.py egg_info --egg-base ../build/akari_setting_publisher build --build-base /home/akariros/Akari_ros2_humble/build/akari_setting_publisher/build install --record /home/akariros/Akari_ros2_humble/build/akari_setting_publisher/install.log --single-version-externally-managed
[2.982s] running egg_info
[2.983s] creating ../build/akari_setting_publisher/akari_setting_publisher.egg-info
[2.984s] writing ../build/akari_setting_publisher/akari_setting_publisher.egg-info/PKG-INFO
[2.984s] writing dependency_links to ../build/akari_setting_publisher/akari_setting_publisher.egg-info/dependency_links.txt
[2.984s] writing entry points to ../build/akari_setting_publisher/akari_setting_publisher.egg-info/entry_points.txt
[2.985s] writing requirements to ../build/akari_setting_publisher/akari_setting_publisher.egg-info/requires.txt
[2.985s] writing top-level names to ../build/akari_setting_publisher/akari_setting_publisher.egg-info/top_level.txt
[2.985s] writing manifest file '../build/akari_setting_publisher/akari_setting_publisher.egg-info/SOURCES.txt'
[2.995s] reading manifest file '../build/akari_setting_publisher/akari_setting_publisher.egg-info/SOURCES.txt'
[2.998s] writing manifest file '../build/akari_setting_publisher/akari_setting_publisher.egg-info/SOURCES.txt'
[2.999s] running build
[3.000s] running build_py
[3.002s] creating /home/akariros/Akari_ros2_humble/build/akari_setting_publisher/build
[3.002s] creating /home/akariros/Akari_ros2_humble/build/akari_setting_publisher/build/lib
[3.002s] creating /home/akariros/Akari_ros2_humble/build/akari_setting_publisher/build/lib/akari_setting_publisher
[3.003s] copying akari_setting_publisher/__init__.py -> /home/akariros/Akari_ros2_humble/build/akari_setting_publisher/build/lib/akari_setting_publisher
[3.004s] copying akari_setting_publisher/setting_publisher.py -> /home/akariros/Akari_ros2_humble/build/akari_setting_publisher/build/lib/akari_setting_publisher
[3.004s] running install
[3.005s] /usr/lib/python3/dist-packages/setuptools/command/install.py:34: SetuptoolsDeprecationWarning: setup.py install is deprecated. Use build and pip and other standards-based tools.
[3.005s]   warnings.warn(
[3.006s] running install_lib
[3.011s] creating /home/akariros/Akari_ros2_humble/install/akari_setting_publisher/lib/python3.10/site-packages/akari_setting_publisher
[3.011s] copying /home/akariros/Akari_ros2_humble/build/akari_setting_publisher/build/lib/akari_setting_publisher/__init__.py -> /home/akariros/Akari_ros2_humble/install/akari_setting_publisher/lib/python3.10/site-packages/akari_setting_publisher
[3.012s] copying /home/akariros/Akari_ros2_humble/build/akari_setting_publisher/build/lib/akari_setting_publisher/setting_publisher.py -> /home/akariros/Akari_ros2_humble/install/akari_setting_publisher/lib/python3.10/site-packages/akari_setting_publisher
[3.013s] byte-compiling /home/akariros/Akari_ros2_humble/install/akari_setting_publisher/lib/python3.10/site-packages/akari_setting_publisher/__init__.py to __init__.cpython-310.pyc
[3.014s] byte-compiling /home/akariros/Akari_ros2_humble/install/akari_setting_publisher/lib/python3.10/site-packages/akari_setting_publisher/setting_publisher.py to setting_publisher.cpython-310.pyc
[3.015s] running install_data
[3.016s] creating /home/akariros/Akari_ros2_humble/install/akari_setting_publisher/share/ament_index
[3.017s] creating /home/akariros/Akari_ros2_humble/install/akari_setting_publisher/share/ament_index/resource_index
[3.017s] creating /home/akariros/Akari_ros2_humble/install/akari_setting_publisher/share/ament_index/resource_index/packages
[3.017s] copying resource/akari_setting_publisher -> /home/akariros/Akari_ros2_humble/install/akari_setting_publisher/share/ament_index/resource_index/packages
[3.017s] copying package.xml -> /home/akariros/Akari_ros2_humble/install/akari_setting_publisher/share/akari_setting_publisher
[3.017s] creating /home/akariros/Akari_ros2_humble/install/akari_setting_publisher/share/akari_setting_publisher/launch
[3.017s] running install_egg_info
[3.019s] Copying ../build/akari_setting_publisher/akari_setting_publisher.egg-info to /home/akariros/Akari_ros2_humble/install/akari_setting_publisher/lib/python3.10/site-packages/akari_setting_publisher-0.0.0-py3.10.egg-info
[3.019s] running install_scripts
[3.066s] Installing setting_publisher script to /home/akariros/Akari_ros2_humble/install/akari_setting_publisher/lib/akari_setting_publisher
[3.066s] writing list of installed files to '/home/akariros/Akari_ros2_humble/build/akari_setting_publisher/install.log'
[3.126s] Invoked command in '/home/akariros/Akari_ros2_humble/akari_setting_publisher' returned '0': PYTHONPATH=/home/akariros/Akari_ros2_humble/build/akari_setting_publisher/prefix_override:/home/akariros/Akari_ros2_humble/install/akari_setting_publisher/lib/python3.10/site-packages:${PYTHONPATH} /usr/bin/python3 setup.py egg_info --egg-base ../build/akari_setting_publisher build --build-base /home/akariros/Akari_ros2_humble/build/akari_setting_publisher/build install --record /home/akariros/Akari_ros2_humble/build/akari_setting_publisher/install.log --single-version-externally-managed
