[0.500s] DEBUG:colcon:Command line arguments: ['/usr/bin/colcon', 'build']
[0.500s] DEBUG:colcon:Parsed command line arguments: Namespace(log_base=None, log_level=None, verb_name='build', build_base='build', install_base='install', merge_install=False, symlink_install=False, test_result_base=None, continue_on_error=False, executor='parallel', parallel_workers=4, event_handlers=None, ignore_user_meta=False, metas=['./colcon.meta'], base_paths=['.'], packages_ignore=None, packages_ignore_regex=None, paths=None, packages_up_to=None, packages_up_to_regex=None, packages_above=None, packages_above_and_dependencies=None, packages_above_depth=None, packages_select_by_dep=None, packages_skip_by_dep=None, packages_skip_up_to=None, packages_select_build_failed=False, packages_skip_build_finished=False, packages_select_test_failures=False, packages_skip_test_passed=False, packages_select=None, packages_skip=None, packages_select_regex=None, packages_skip_regex=None, packages_start=None, packages_end=None, allow_overriding=[], cmake_args=None, cmake_target=None, cmake_target_skip_unavailable=False, cmake_clean_cache=False, cmake_clean_first=False, cmake_force_configure=False, ament_cmake_args=None, catkin_cmake_args=None, catkin_skip_building_tests=False, verb_parser=<colcon_defaults.argument_parser.defaults.DefaultArgumentsDecorator object at 0x7f12326e9c00>, verb_extension=<colcon_core.verb.build.BuildVerb object at 0x7f1232eb42e0>, main=<bound method BuildVerb.main of <colcon_core.verb.build.BuildVerb object at 0x7f1232eb42e0>>)
[0.536s] Level 1:colcon.colcon_core.package_discovery:discover_packages(colcon_meta) check parameters
[0.536s] Level 1:colcon.colcon_core.package_discovery:discover_packages(recursive) check parameters
[0.536s] Level 1:colcon.colcon_core.package_discovery:discover_packages(ignore) check parameters
[0.536s] Level 1:colcon.colcon_core.package_discovery:discover_packages(path) check parameters
[0.536s] Level 1:colcon.colcon_core.package_discovery:discover_packages(colcon_meta) discover
[0.536s] Level 1:colcon.colcon_core.package_discovery:discover_packages(recursive) discover
[0.536s] INFO:colcon.colcon_core.package_discovery:Crawling recursively for packages in '/home/akariros/Akari_ros2_humble'
[0.537s] Level 1:colcon.colcon_core.package_identification:_identify(.) by extensions ['ignore', 'ignore_ament_install']
[0.537s] Level 1:colcon.colcon_core.package_identification:_identify(.) by extension 'ignore'
[0.537s] Level 1:colcon.colcon_core.package_identification:_identify(.) by extension 'ignore_ament_install'
[0.537s] Level 1:colcon.colcon_core.package_identification:_identify(.) by extensions ['colcon_pkg']
[0.537s] Level 1:colcon.colcon_core.package_identification:_identify(.) by extension 'colcon_pkg'
[0.537s] Level 1:colcon.colcon_core.package_identification:_identify(.) by extensions ['colcon_meta']
[0.537s] Level 1:colcon.colcon_core.package_identification:_identify(.) by extension 'colcon_meta'
[0.537s] Level 1:colcon.colcon_core.package_identification:_identify(.) by extensions ['ros']
[0.537s] Level 1:colcon.colcon_core.package_identification:_identify(.) by extension 'ros'
[0.552s] Level 1:colcon.colcon_core.package_identification:_identify(.) by extensions ['cmake', 'python']
[0.552s] Level 1:colcon.colcon_core.package_identification:_identify(.) by extension 'cmake'
[0.552s] Level 1:colcon.colcon_core.package_identification:_identify(.) by extension 'python'
[0.553s] Level 1:colcon.colcon_core.package_identification:_identify(.) by extensions ['python_setup_py']
[0.553s] Level 1:colcon.colcon_core.package_identification:_identify(.) by extension 'python_setup_py'
[0.553s] Level 1:colcon.colcon_core.package_identification:_identify(akari_msgs) by extensions ['ignore', 'ignore_ament_install']
[0.553s] Level 1:colcon.colcon_core.package_identification:_identify(akari_msgs) by extension 'ignore'
[0.553s] Level 1:colcon.colcon_core.package_identification:_identify(akari_msgs) by extension 'ignore_ament_install'
[0.553s] Level 1:colcon.colcon_core.package_identification:_identify(akari_msgs) by extensions ['colcon_pkg']
[0.553s] Level 1:colcon.colcon_core.package_identification:_identify(akari_msgs) by extension 'colcon_pkg'
[0.553s] Level 1:colcon.colcon_core.package_identification:_identify(akari_msgs) by extensions ['colcon_meta']
[0.553s] Level 1:colcon.colcon_core.package_identification:_identify(akari_msgs) by extension 'colcon_meta'
[0.553s] Level 1:colcon.colcon_core.package_identification:_identify(akari_msgs) by extensions ['ros']
[0.553s] Level 1:colcon.colcon_core.package_identification:_identify(akari_msgs) by extension 'ros'
[0.557s] DEBUG:colcon.colcon_core.package_identification:Package 'akari_msgs' with type 'ros.ament_cmake' and name 'akari_msgs'
[0.557s] Level 1:colcon.colcon_core.package_identification:_identify(build) by extensions ['ignore', 'ignore_ament_install']
[0.557s] Level 1:colcon.colcon_core.package_identification:_identify(build) by extension 'ignore'
[0.557s] Level 1:colcon.colcon_core.package_identification:_identify(build) ignored
[0.557s] Level 1:colcon.colcon_core.package_identification:_identify(install) by extensions ['ignore', 'ignore_ament_install']
[0.558s] Level 1:colcon.colcon_core.package_identification:_identify(install) by extension 'ignore'
[0.558s] Level 1:colcon.colcon_core.package_identification:_identify(install) ignored
[0.558s] Level 1:colcon.colcon_core.package_identification:_identify(log) by extensions ['ignore', 'ignore_ament_install']
[0.558s] Level 1:colcon.colcon_core.package_identification:_identify(log) by extension 'ignore'
[0.558s] Level 1:colcon.colcon_core.package_identification:_identify(log) ignored
[0.558s] Level 1:colcon.colcon_core.package_identification:_identify(m5displayserver) by extensions ['ignore', 'ignore_ament_install']
[0.558s] Level 1:colcon.colcon_core.package_identification:_identify(m5displayserver) by extension 'ignore'
[0.558s] Level 1:colcon.colcon_core.package_identification:_identify(m5displayserver) by extension 'ignore_ament_install'
[0.559s] Level 1:colcon.colcon_core.package_identification:_identify(m5displayserver) by extensions ['colcon_pkg']
[0.559s] Level 1:colcon.colcon_core.package_identification:_identify(m5displayserver) by extension 'colcon_pkg'
[0.559s] Level 1:colcon.colcon_core.package_identification:_identify(m5displayserver) by extensions ['colcon_meta']
[0.559s] Level 1:colcon.colcon_core.package_identification:_identify(m5displayserver) by extension 'colcon_meta'
[0.559s] Level 1:colcon.colcon_core.package_identification:_identify(m5displayserver) by extensions ['ros']
[0.559s] Level 1:colcon.colcon_core.package_identification:_identify(m5displayserver) by extension 'ros'
[0.560s] DEBUG:colcon.colcon_core.package_identification:Package 'm5displayserver' with type 'ros.ament_python' and name 'm5displayserver'
[0.560s] Level 1:colcon.colcon_core.package_identification:_identify(py_akari_pubsub) by extensions ['ignore', 'ignore_ament_install']
[0.560s] Level 1:colcon.colcon_core.package_identification:_identify(py_akari_pubsub) by extension 'ignore'
[0.560s] Level 1:colcon.colcon_core.package_identification:_identify(py_akari_pubsub) by extension 'ignore_ament_install'
[0.560s] Level 1:colcon.colcon_core.package_identification:_identify(py_akari_pubsub) by extensions ['colcon_pkg']
[0.560s] Level 1:colcon.colcon_core.package_identification:_identify(py_akari_pubsub) by extension 'colcon_pkg'
[0.561s] Level 1:colcon.colcon_core.package_identification:_identify(py_akari_pubsub) by extensions ['colcon_meta']
[0.561s] Level 1:colcon.colcon_core.package_identification:_identify(py_akari_pubsub) by extension 'colcon_meta'
[0.561s] Level 1:colcon.colcon_core.package_identification:_identify(py_akari_pubsub) by extensions ['ros']
[0.561s] Level 1:colcon.colcon_core.package_identification:_identify(py_akari_pubsub) by extension 'ros'
[0.561s] DEBUG:colcon.colcon_core.package_identification:Package 'py_akari_pubsub' with type 'ros.ament_python' and name 'py_akari_pubsub'
[0.561s] Level 1:colcon.colcon_core.package_identification:_identify(py_m5serial) by extensions ['ignore', 'ignore_ament_install']
[0.562s] Level 1:colcon.colcon_core.package_identification:_identify(py_m5serial) by extension 'ignore'
[0.562s] Level 1:colcon.colcon_core.package_identification:_identify(py_m5serial) by extension 'ignore_ament_install'
[0.562s] Level 1:colcon.colcon_core.package_identification:_identify(py_m5serial) by extensions ['colcon_pkg']
[0.562s] Level 1:colcon.colcon_core.package_identification:_identify(py_m5serial) by extension 'colcon_pkg'
[0.562s] Level 1:colcon.colcon_core.package_identification:_identify(py_m5serial) by extensions ['colcon_meta']
[0.562s] Level 1:colcon.colcon_core.package_identification:_identify(py_m5serial) by extension 'colcon_meta'
[0.562s] Level 1:colcon.colcon_core.package_identification:_identify(py_m5serial) by extensions ['ros']
[0.562s] Level 1:colcon.colcon_core.package_identification:_identify(py_m5serial) by extension 'ros'
[0.563s] DEBUG:colcon.colcon_core.package_identification:Package 'py_m5serial' with type 'ros.ament_python' and name 'py_m5serial'
[0.563s] Level 1:colcon.colcon_core.package_identification:_identify(servoserver) by extensions ['ignore', 'ignore_ament_install']
[0.563s] Level 1:colcon.colcon_core.package_identification:_identify(servoserver) by extension 'ignore'
[0.563s] Level 1:colcon.colcon_core.package_identification:_identify(servoserver) by extension 'ignore_ament_install'
[0.563s] Level 1:colcon.colcon_core.package_identification:_identify(servoserver) by extensions ['colcon_pkg']
[0.563s] Level 1:colcon.colcon_core.package_identification:_identify(servoserver) by extension 'colcon_pkg'
[0.563s] Level 1:colcon.colcon_core.package_identification:_identify(servoserver) by extensions ['colcon_meta']
[0.563s] Level 1:colcon.colcon_core.package_identification:_identify(servoserver) by extension 'colcon_meta'
[0.564s] Level 1:colcon.colcon_core.package_identification:_identify(servoserver) by extensions ['ros']
[0.564s] Level 1:colcon.colcon_core.package_identification:_identify(servoserver) by extension 'ros'
[0.565s] DEBUG:colcon.colcon_core.package_identification:Package 'servoserver' with type 'ros.ament_python' and name 'servoserver'
[0.565s] Level 1:colcon.colcon_core.package_discovery:discover_packages(recursive) using defaults
[0.565s] Level 1:colcon.colcon_core.package_discovery:discover_packages(ignore) discover
[0.565s] Level 1:colcon.colcon_core.package_discovery:discover_packages(ignore) using defaults
[0.565s] Level 1:colcon.colcon_core.package_discovery:discover_packages(path) discover
[0.565s] Level 1:colcon.colcon_core.package_discovery:discover_packages(path) using defaults
[0.599s] Level 1:colcon.colcon_core.package_discovery:discover_packages(prefix_path) check parameters
[0.599s] Level 1:colcon.colcon_core.package_discovery:discover_packages(prefix_path) discover
[0.603s] DEBUG:colcon.colcon_installed_package_information.package_discovery:Found 5 installed packages in /home/akariros/Akari_ros2_humble/install
[0.606s] DEBUG:colcon.colcon_installed_package_information.package_discovery:Found 272 installed packages in /opt/ros/humble
[0.608s] Level 1:colcon.colcon_core.package_discovery:discover_packages(prefix_path) using defaults
[0.693s] Level 5:colcon.colcon_core.verb:set package 'akari_msgs' build argument 'cmake_args' from command line to 'None'
[0.693s] Level 5:colcon.colcon_core.verb:set package 'akari_msgs' build argument 'cmake_target' from command line to 'None'
[0.693s] Level 5:colcon.colcon_core.verb:set package 'akari_msgs' build argument 'cmake_target_skip_unavailable' from command line to 'False'
[0.693s] Level 5:colcon.colcon_core.verb:set package 'akari_msgs' build argument 'cmake_clean_cache' from command line to 'False'
[0.693s] Level 5:colcon.colcon_core.verb:set package 'akari_msgs' build argument 'cmake_clean_first' from command line to 'False'
[0.693s] Level 5:colcon.colcon_core.verb:set package 'akari_msgs' build argument 'cmake_force_configure' from command line to 'False'
[0.693s] Level 5:colcon.colcon_core.verb:set package 'akari_msgs' build argument 'ament_cmake_args' from command line to 'None'
[0.693s] Level 5:colcon.colcon_core.verb:set package 'akari_msgs' build argument 'catkin_cmake_args' from command line to 'None'
[0.694s] Level 5:colcon.colcon_core.verb:set package 'akari_msgs' build argument 'catkin_skip_building_tests' from command line to 'False'
[0.694s] DEBUG:colcon.colcon_core.verb:Building package 'akari_msgs' with the following arguments: {'ament_cmake_args': None, 'build_base': '/home/akariros/Akari_ros2_humble/build/akari_msgs', 'catkin_cmake_args': None, 'catkin_skip_building_tests': False, 'cmake_args': None, 'cmake_clean_cache': False, 'cmake_clean_first': False, 'cmake_force_configure': False, 'cmake_target': None, 'cmake_target_skip_unavailable': False, 'install_base': '/home/akariros/Akari_ros2_humble/install/akari_msgs', 'merge_install': False, 'path': '/home/akariros/Akari_ros2_humble/akari_msgs', 'symlink_install': False, 'test_result_base': None}
[0.695s] Level 5:colcon.colcon_core.verb:set package 'm5displayserver' build argument 'cmake_args' from command line to 'None'
[0.695s] Level 5:colcon.colcon_core.verb:set package 'm5displayserver' build argument 'cmake_target' from command line to 'None'
[0.695s] Level 5:colcon.colcon_core.verb:set package 'm5displayserver' build argument 'cmake_target_skip_unavailable' from command line to 'False'
[0.695s] Level 5:colcon.colcon_core.verb:set package 'm5displayserver' build argument 'cmake_clean_cache' from command line to 'False'
[0.695s] Level 5:colcon.colcon_core.verb:set package 'm5displayserver' build argument 'cmake_clean_first' from command line to 'False'
[0.695s] Level 5:colcon.colcon_core.verb:set package 'm5displayserver' build argument 'cmake_force_configure' from command line to 'False'
[0.695s] Level 5:colcon.colcon_core.verb:set package 'm5displayserver' build argument 'ament_cmake_args' from command line to 'None'
[0.695s] Level 5:colcon.colcon_core.verb:set package 'm5displayserver' build argument 'catkin_cmake_args' from command line to 'None'
[0.695s] Level 5:colcon.colcon_core.verb:set package 'm5displayserver' build argument 'catkin_skip_building_tests' from command line to 'False'
[0.695s] DEBUG:colcon.colcon_core.verb:Building package 'm5displayserver' with the following arguments: {'ament_cmake_args': None, 'build_base': '/home/akariros/Akari_ros2_humble/build/m5displayserver', 'catkin_cmake_args': None, 'catkin_skip_building_tests': False, 'cmake_args': None, 'cmake_clean_cache': False, 'cmake_clean_first': False, 'cmake_force_configure': False, 'cmake_target': None, 'cmake_target_skip_unavailable': False, 'install_base': '/home/akariros/Akari_ros2_humble/install/m5displayserver', 'merge_install': False, 'path': '/home/akariros/Akari_ros2_humble/m5displayserver', 'symlink_install': False, 'test_result_base': None}
[0.696s] Level 5:colcon.colcon_core.verb:set package 'py_akari_pubsub' build argument 'cmake_args' from command line to 'None'
[0.697s] Level 5:colcon.colcon_core.verb:set package 'py_akari_pubsub' build argument 'cmake_target' from command line to 'None'
[0.697s] Level 5:colcon.colcon_core.verb:set package 'py_akari_pubsub' build argument 'cmake_target_skip_unavailable' from command line to 'False'
[0.697s] Level 5:colcon.colcon_core.verb:set package 'py_akari_pubsub' build argument 'cmake_clean_cache' from command line to 'False'
[0.697s] Level 5:colcon.colcon_core.verb:set package 'py_akari_pubsub' build argument 'cmake_clean_first' from command line to 'False'
[0.697s] Level 5:colcon.colcon_core.verb:set package 'py_akari_pubsub' build argument 'cmake_force_configure' from command line to 'False'
[0.697s] Level 5:colcon.colcon_core.verb:set package 'py_akari_pubsub' build argument 'ament_cmake_args' from command line to 'None'
[0.697s] Level 5:colcon.colcon_core.verb:set package 'py_akari_pubsub' build argument 'catkin_cmake_args' from command line to 'None'
[0.697s] Level 5:colcon.colcon_core.verb:set package 'py_akari_pubsub' build argument 'catkin_skip_building_tests' from command line to 'False'
[0.697s] DEBUG:colcon.colcon_core.verb:Building package 'py_akari_pubsub' with the following arguments: {'ament_cmake_args': None, 'build_base': '/home/akariros/Akari_ros2_humble/build/py_akari_pubsub', 'catkin_cmake_args': None, 'catkin_skip_building_tests': False, 'cmake_args': None, 'cmake_clean_cache': False, 'cmake_clean_first': False, 'cmake_force_configure': False, 'cmake_target': None, 'cmake_target_skip_unavailable': False, 'install_base': '/home/akariros/Akari_ros2_humble/install/py_akari_pubsub', 'merge_install': False, 'path': '/home/akariros/Akari_ros2_humble/py_akari_pubsub', 'symlink_install': False, 'test_result_base': None}
[0.698s] Level 5:colcon.colcon_core.verb:set package 'py_m5serial' build argument 'cmake_args' from command line to 'None'
[0.698s] Level 5:colcon.colcon_core.verb:set package 'py_m5serial' build argument 'cmake_target' from command line to 'None'
[0.698s] Level 5:colcon.colcon_core.verb:set package 'py_m5serial' build argument 'cmake_target_skip_unavailable' from command line to 'False'
[0.698s] Level 5:colcon.colcon_core.verb:set package 'py_m5serial' build argument 'cmake_clean_cache' from command line to 'False'
[0.698s] Level 5:colcon.colcon_core.verb:set package 'py_m5serial' build argument 'cmake_clean_first' from command line to 'False'
[0.698s] Level 5:colcon.colcon_core.verb:set package 'py_m5serial' build argument 'cmake_force_configure' from command line to 'False'
[0.698s] Level 5:colcon.colcon_core.verb:set package 'py_m5serial' build argument 'ament_cmake_args' from command line to 'None'
[0.698s] Level 5:colcon.colcon_core.verb:set package 'py_m5serial' build argument 'catkin_cmake_args' from command line to 'None'
[0.698s] Level 5:colcon.colcon_core.verb:set package 'py_m5serial' build argument 'catkin_skip_building_tests' from command line to 'False'
[0.698s] DEBUG:colcon.colcon_core.verb:Building package 'py_m5serial' with the following arguments: {'ament_cmake_args': None, 'build_base': '/home/akariros/Akari_ros2_humble/build/py_m5serial', 'catkin_cmake_args': None, 'catkin_skip_building_tests': False, 'cmake_args': None, 'cmake_clean_cache': False, 'cmake_clean_first': False, 'cmake_force_configure': False, 'cmake_target': None, 'cmake_target_skip_unavailable': False, 'install_base': '/home/akariros/Akari_ros2_humble/install/py_m5serial', 'merge_install': False, 'path': '/home/akariros/Akari_ros2_humble/py_m5serial', 'symlink_install': False, 'test_result_base': None}
[0.700s] Level 5:colcon.colcon_core.verb:set package 'servoserver' build argument 'cmake_args' from command line to 'None'
[0.700s] Level 5:colcon.colcon_core.verb:set package 'servoserver' build argument 'cmake_target' from command line to 'None'
[0.700s] Level 5:colcon.colcon_core.verb:set package 'servoserver' build argument 'cmake_target_skip_unavailable' from command line to 'False'
[0.700s] Level 5:colcon.colcon_core.verb:set package 'servoserver' build argument 'cmake_clean_cache' from command line to 'False'
[0.700s] Level 5:colcon.colcon_core.verb:set package 'servoserver' build argument 'cmake_clean_first' from command line to 'False'
[0.700s] Level 5:colcon.colcon_core.verb:set package 'servoserver' build argument 'cmake_force_configure' from command line to 'False'
[0.700s] Level 5:colcon.colcon_core.verb:set package 'servoserver' build argument 'ament_cmake_args' from command line to 'None'
[0.700s] Level 5:colcon.colcon_core.verb:set package 'servoserver' build argument 'catkin_cmake_args' from command line to 'None'
[0.700s] Level 5:colcon.colcon_core.verb:set package 'servoserver' build argument 'catkin_skip_building_tests' from command line to 'False'
[0.700s] DEBUG:colcon.colcon_core.verb:Building package 'servoserver' with the following arguments: {'ament_cmake_args': None, 'build_base': '/home/akariros/Akari_ros2_humble/build/servoserver', 'catkin_cmake_args': None, 'catkin_skip_building_tests': False, 'cmake_args': None, 'cmake_clean_cache': False, 'cmake_clean_first': False, 'cmake_force_configure': False, 'cmake_target': None, 'cmake_target_skip_unavailable': False, 'install_base': '/home/akariros/Akari_ros2_humble/install/servoserver', 'merge_install': False, 'path': '/home/akariros/Akari_ros2_humble/servoserver', 'symlink_install': False, 'test_result_base': None}
[0.701s] INFO:colcon.colcon_core.executor:Executing jobs using 'parallel' executor
[0.705s] DEBUG:colcon.colcon_parallel_executor.executor.parallel:run_until_complete
[0.706s] INFO:colcon.colcon_ros.task.ament_cmake.build:Building ROS package in '/home/akariros/Akari_ros2_humble/akari_msgs' with build type 'ament_cmake'
[0.706s] INFO:colcon.colcon_cmake.task.cmake.build:Building CMake package in '/home/akariros/Akari_ros2_humble/akari_msgs'
[0.712s] INFO:colcon.colcon_core.plugin_system:Skipping extension 'colcon_core.shell.bat': Not used on non-Windows systems
[0.713s] INFO:colcon.colcon_core.shell:Skip shell extension 'powershell' for command environment: Not usable outside of PowerShell
[0.713s] DEBUG:colcon.colcon_core.shell:Skip shell extension 'dsv' for command environment
[0.720s] INFO:colcon.colcon_ros.task.ament_python.build:Building ROS package in '/home/akariros/Akari_ros2_humble/m5displayserver' with build type 'ament_python'
[0.720s] Level 1:colcon.colcon_core.shell:create_environment_hook('m5displayserver', 'ament_prefix_path')
[0.723s] INFO:colcon.colcon_core.shell:Creating environment hook '/home/akariros/Akari_ros2_humble/install/m5displayserver/share/m5displayserver/hook/ament_prefix_path.ps1'
[0.725s] INFO:colcon.colcon_core.shell:Creating environment descriptor '/home/akariros/Akari_ros2_humble/install/m5displayserver/share/m5displayserver/hook/ament_prefix_path.dsv'
[0.725s] INFO:colcon.colcon_core.shell:Creating environment hook '/home/akariros/Akari_ros2_humble/install/m5displayserver/share/m5displayserver/hook/ament_prefix_path.sh'
[0.728s] INFO:colcon.colcon_core.shell:Skip shell extension 'powershell' for command environment: Not usable outside of PowerShell
[0.728s] DEBUG:colcon.colcon_core.shell:Skip shell extension 'dsv' for command environment
[0.734s] INFO:colcon.colcon_ros.task.ament_python.build:Building ROS package in '/home/akariros/Akari_ros2_humble/py_akari_pubsub' with build type 'ament_python'
[0.734s] Level 1:colcon.colcon_core.shell:create_environment_hook('py_akari_pubsub', 'ament_prefix_path')
[0.737s] INFO:colcon.colcon_core.shell:Creating environment hook '/home/akariros/Akari_ros2_humble/install/py_akari_pubsub/share/py_akari_pubsub/hook/ament_prefix_path.ps1'
[0.738s] INFO:colcon.colcon_core.shell:Creating environment descriptor '/home/akariros/Akari_ros2_humble/install/py_akari_pubsub/share/py_akari_pubsub/hook/ament_prefix_path.dsv'
[0.739s] INFO:colcon.colcon_core.shell:Creating environment hook '/home/akariros/Akari_ros2_humble/install/py_akari_pubsub/share/py_akari_pubsub/hook/ament_prefix_path.sh'
[0.743s] INFO:colcon.colcon_core.shell:Skip shell extension 'powershell' for command environment: Not usable outside of PowerShell
[0.743s] DEBUG:colcon.colcon_core.shell:Skip shell extension 'dsv' for command environment
[0.752s] INFO:colcon.colcon_ros.task.ament_python.build:Building ROS package in '/home/akariros/Akari_ros2_humble/py_m5serial' with build type 'ament_python'
[0.752s] Level 1:colcon.colcon_core.shell:create_environment_hook('py_m5serial', 'ament_prefix_path')
[0.754s] INFO:colcon.colcon_core.shell:Creating environment hook '/home/akariros/Akari_ros2_humble/install/py_m5serial/share/py_m5serial/hook/ament_prefix_path.ps1'
[0.755s] INFO:colcon.colcon_core.shell:Creating environment descriptor '/home/akariros/Akari_ros2_humble/install/py_m5serial/share/py_m5serial/hook/ament_prefix_path.dsv'
[0.756s] INFO:colcon.colcon_core.shell:Creating environment hook '/home/akariros/Akari_ros2_humble/install/py_m5serial/share/py_m5serial/hook/ament_prefix_path.sh'
[0.759s] INFO:colcon.colcon_core.shell:Skip shell extension 'powershell' for command environment: Not usable outside of PowerShell
[0.759s] DEBUG:colcon.colcon_core.shell:Skip shell extension 'dsv' for command environment
[0.777s] DEBUG:colcon.colcon_core.event_handler.log_command:Invoking command in '/home/akariros/Akari_ros2_humble/build/akari_msgs': CMAKE_PREFIX_PATH=${CMAKE_PREFIX_PATH}:/home/akariros/Akari_ros2_humble/install/servoserver:/home/akariros/Akari_ros2_humble/install/py_m5serial:/home/akariros/Akari_ros2_humble/install/py_akari_pubsub:/home/akariros/Akari_ros2_humble/install/m5displayserver:/opt/ros/humble /usr/bin/cmake --build /home/akariros/Akari_ros2_humble/build/akari_msgs -- -j4 -l4
[1.398s] INFO:colcon.colcon_core.task.python.build:Building Python package in '/home/akariros/Akari_ros2_humble/m5displayserver'
[1.400s] INFO:colcon.colcon_core.shell:Skip shell extension 'powershell' for command environment: Not usable outside of PowerShell
[1.400s] DEBUG:colcon.colcon_core.shell:Skip shell extension 'dsv' for command environment
[1.856s] INFO:colcon.colcon_core.task.python.build:Building Python package in '/home/akariros/Akari_ros2_humble/py_akari_pubsub'
[1.857s] INFO:colcon.colcon_core.shell:Skip shell extension 'powershell' for command environment: Not usable outside of PowerShell
[1.858s] DEBUG:colcon.colcon_core.shell:Skip shell extension 'dsv' for command environment
[2.282s] INFO:colcon.colcon_core.task.python.build:Building Python package in '/home/akariros/Akari_ros2_humble/py_m5serial'
[2.283s] INFO:colcon.colcon_core.shell:Skip shell extension 'powershell' for command environment: Not usable outside of PowerShell
[2.283s] DEBUG:colcon.colcon_core.shell:Skip shell extension 'dsv' for command environment
[2.292s] DEBUG:colcon.colcon_core.event_handler.log_command:Invoked command in '/home/akariros/Akari_ros2_humble/build/akari_msgs' returned '0': CMAKE_PREFIX_PATH=${CMAKE_PREFIX_PATH}:/home/akariros/Akari_ros2_humble/install/servoserver:/home/akariros/Akari_ros2_humble/install/py_m5serial:/home/akariros/Akari_ros2_humble/install/py_akari_pubsub:/home/akariros/Akari_ros2_humble/install/m5displayserver:/opt/ros/humble /usr/bin/cmake --build /home/akariros/Akari_ros2_humble/build/akari_msgs -- -j4 -l4
[2.785s] DEBUG:colcon.colcon_core.event_handler.log_command:Invoking command in '/home/akariros/Akari_ros2_humble/build/akari_msgs': CMAKE_PREFIX_PATH=${CMAKE_PREFIX_PATH}:/home/akariros/Akari_ros2_humble/install/servoserver:/home/akariros/Akari_ros2_humble/install/py_m5serial:/home/akariros/Akari_ros2_humble/install/py_akari_pubsub:/home/akariros/Akari_ros2_humble/install/m5displayserver:/opt/ros/humble /usr/bin/cmake --install /home/akariros/Akari_ros2_humble/build/akari_msgs
[2.983s] Level 1:colcon.colcon_core.environment:create_environment_scripts_only(akari_msgs)
[2.995s] Level 1:colcon.colcon_core.environment:checking '/home/akariros/Akari_ros2_humble/install/akari_msgs' for CMake module files
[2.997s] Level 1:colcon.colcon_core.environment:checking '/home/akariros/Akari_ros2_humble/install/akari_msgs' for CMake config files
[2.998s] Level 1:colcon.colcon_core.shell:create_environment_hook('akari_msgs', 'cmake_prefix_path')
[3.001s] INFO:colcon.colcon_core.shell:Creating environment hook '/home/akariros/Akari_ros2_humble/install/akari_msgs/share/akari_msgs/hook/cmake_prefix_path.ps1'
[3.002s] DEBUG:colcon.colcon_core.event_handler.log_command:Invoked command in '/home/akariros/Akari_ros2_humble/build/akari_msgs' returned '0': CMAKE_PREFIX_PATH=${CMAKE_PREFIX_PATH}:/home/akariros/Akari_ros2_humble/install/servoserver:/home/akariros/Akari_ros2_humble/install/py_m5serial:/home/akariros/Akari_ros2_humble/install/py_akari_pubsub:/home/akariros/Akari_ros2_humble/install/m5displayserver:/opt/ros/humble /usr/bin/cmake --install /home/akariros/Akari_ros2_humble/build/akari_msgs
[3.003s] INFO:colcon.colcon_core.shell:Creating environment descriptor '/home/akariros/Akari_ros2_humble/install/akari_msgs/share/akari_msgs/hook/cmake_prefix_path.dsv'
[3.003s] INFO:colcon.colcon_core.shell:Creating environment hook '/home/akariros/Akari_ros2_humble/install/akari_msgs/share/akari_msgs/hook/cmake_prefix_path.sh'
[3.005s] Level 1:colcon.colcon_core.environment:checking '/home/akariros/Akari_ros2_humble/install/akari_msgs/lib'
[3.005s] Level 1:colcon.colcon_core.shell:create_environment_hook('akari_msgs', 'ld_library_path_lib')
[3.008s] INFO:colcon.colcon_core.shell:Creating environment hook '/home/akariros/Akari_ros2_humble/install/akari_msgs/share/akari_msgs/hook/ld_library_path_lib.ps1'
[3.010s] INFO:colcon.colcon_core.shell:Creating environment descriptor '/home/akariros/Akari_ros2_humble/install/akari_msgs/share/akari_msgs/hook/ld_library_path_lib.dsv'
[3.010s] INFO:colcon.colcon_core.shell:Creating environment hook '/home/akariros/Akari_ros2_humble/install/akari_msgs/share/akari_msgs/hook/ld_library_path_lib.sh'
[3.011s] Level 1:colcon.colcon_core.environment:checking '/home/akariros/Akari_ros2_humble/install/akari_msgs/bin'
[3.011s] Level 1:colcon.colcon_core.environment:checking '/home/akariros/Akari_ros2_humble/install/akari_msgs/lib/pkgconfig/akari_msgs.pc'
[3.012s] Level 1:colcon.colcon_core.environment:checking '/home/akariros/Akari_ros2_humble/install/akari_msgs/lib/python3.10/site-packages'
[3.012s] Level 1:colcon.colcon_core.environment:checking '/home/akariros/Akari_ros2_humble/install/akari_msgs/bin'
[3.016s] INFO:colcon.colcon_core.shell:Creating package script '/home/akariros/Akari_ros2_humble/install/akari_msgs/share/akari_msgs/package.ps1'
[3.018s] INFO:colcon.colcon_core.shell:Creating package descriptor '/home/akariros/Akari_ros2_humble/install/akari_msgs/share/akari_msgs/package.dsv'
[3.019s] INFO:colcon.colcon_core.shell:Creating package script '/home/akariros/Akari_ros2_humble/install/akari_msgs/share/akari_msgs/package.sh'
[3.021s] INFO:colcon.colcon_core.shell:Creating package script '/home/akariros/Akari_ros2_humble/install/akari_msgs/share/akari_msgs/package.bash'
[3.022s] INFO:colcon.colcon_core.shell:Creating package script '/home/akariros/Akari_ros2_humble/install/akari_msgs/share/akari_msgs/package.zsh'
[3.024s] Level 1:colcon.colcon_core.environment:create_file_with_runtime_dependencies(/home/akariros/Akari_ros2_humble/install/akari_msgs/share/colcon-core/packages/akari_msgs)
[3.316s] DEBUG:colcon.colcon_core.event_handler.log_command:Invoking command in '/home/akariros/Akari_ros2_humble/m5displayserver': PYTHONPATH=/home/akariros/Akari_ros2_humble/build/m5displayserver/prefix_override:/home/akariros/Akari_ros2_humble/install/m5displayserver/lib/python3.10/site-packages:${PYTHONPATH} /usr/bin/python3 setup.py egg_info --egg-base ../build/m5displayserver build --build-base /home/akariros/Akari_ros2_humble/build/m5displayserver/build install --record /home/akariros/Akari_ros2_humble/build/m5displayserver/install.log --single-version-externally-managed
[3.338s] DEBUG:colcon.colcon_core.event_handler.log_command:Invoking command in '/home/akariros/Akari_ros2_humble/py_m5serial': PYTHONPATH=/home/akariros/Akari_ros2_humble/build/py_m5serial/prefix_override:/home/akariros/Akari_ros2_humble/install/py_m5serial/lib/python3.10/site-packages:${PYTHONPATH} /usr/bin/python3 setup.py egg_info --egg-base ../build/py_m5serial build --build-base /home/akariros/Akari_ros2_humble/build/py_m5serial/build install --record /home/akariros/Akari_ros2_humble/build/py_m5serial/install.log --single-version-externally-managed
[3.391s] DEBUG:colcon.colcon_core.event_handler.log_command:Invoking command in '/home/akariros/Akari_ros2_humble/py_akari_pubsub': PYTHONPATH=/home/akariros/Akari_ros2_humble/build/py_akari_pubsub/prefix_override:/home/akariros/Akari_ros2_humble/install/py_akari_pubsub/lib/python3.10/site-packages:${PYTHONPATH} /usr/bin/python3 setup.py egg_info --egg-base ../build/py_akari_pubsub build --build-base /home/akariros/Akari_ros2_humble/build/py_akari_pubsub/build install --record /home/akariros/Akari_ros2_humble/build/py_akari_pubsub/install.log --single-version-externally-managed
[3.527s] Level 1:colcon.colcon_core.environment:create_environment_scripts_only(akari_msgs)
[3.531s] Level 1:colcon.colcon_core.environment:checking '/home/akariros/Akari_ros2_humble/install/akari_msgs' for CMake module files
[3.533s] Level 1:colcon.colcon_core.environment:checking '/home/akariros/Akari_ros2_humble/install/akari_msgs' for CMake config files
[3.534s] Level 1:colcon.colcon_core.shell:create_environment_hook('akari_msgs', 'cmake_prefix_path')
[3.537s] INFO:colcon.colcon_core.shell:Creating environment hook '/home/akariros/Akari_ros2_humble/install/akari_msgs/share/akari_msgs/hook/cmake_prefix_path.ps1'
[3.539s] INFO:colcon.colcon_core.shell:Creating environment descriptor '/home/akariros/Akari_ros2_humble/install/akari_msgs/share/akari_msgs/hook/cmake_prefix_path.dsv'
[3.539s] INFO:colcon.colcon_core.shell:Creating environment hook '/home/akariros/Akari_ros2_humble/install/akari_msgs/share/akari_msgs/hook/cmake_prefix_path.sh'
[3.540s] Level 1:colcon.colcon_core.environment:checking '/home/akariros/Akari_ros2_humble/install/akari_msgs/lib'
[3.541s] Level 1:colcon.colcon_core.shell:create_environment_hook('akari_msgs', 'ld_library_path_lib')
[3.545s] INFO:colcon.colcon_core.shell:Creating environment hook '/home/akariros/Akari_ros2_humble/install/akari_msgs/share/akari_msgs/hook/ld_library_path_lib.ps1'
[3.546s] INFO:colcon.colcon_core.shell:Creating environment descriptor '/home/akariros/Akari_ros2_humble/install/akari_msgs/share/akari_msgs/hook/ld_library_path_lib.dsv'
[3.546s] INFO:colcon.colcon_core.shell:Creating environment hook '/home/akariros/Akari_ros2_humble/install/akari_msgs/share/akari_msgs/hook/ld_library_path_lib.sh'
[3.547s] Level 1:colcon.colcon_core.environment:checking '/home/akariros/Akari_ros2_humble/install/akari_msgs/bin'
[3.547s] Level 1:colcon.colcon_core.environment:checking '/home/akariros/Akari_ros2_humble/install/akari_msgs/lib/pkgconfig/akari_msgs.pc'
[3.548s] Level 1:colcon.colcon_core.environment:checking '/home/akariros/Akari_ros2_humble/install/akari_msgs/lib/python3.10/site-packages'
[3.548s] Level 1:colcon.colcon_core.environment:checking '/home/akariros/Akari_ros2_humble/install/akari_msgs/bin'
[3.553s] INFO:colcon.colcon_core.shell:Creating package script '/home/akariros/Akari_ros2_humble/install/akari_msgs/share/akari_msgs/package.ps1'
[3.554s] INFO:colcon.colcon_core.shell:Creating package descriptor '/home/akariros/Akari_ros2_humble/install/akari_msgs/share/akari_msgs/package.dsv'
[3.556s] INFO:colcon.colcon_core.shell:Creating package script '/home/akariros/Akari_ros2_humble/install/akari_msgs/share/akari_msgs/package.sh'
[3.557s] INFO:colcon.colcon_core.shell:Creating package script '/home/akariros/Akari_ros2_humble/install/akari_msgs/share/akari_msgs/package.bash'
[3.560s] INFO:colcon.colcon_core.shell:Creating package script '/home/akariros/Akari_ros2_humble/install/akari_msgs/share/akari_msgs/package.zsh'
[3.561s] Level 1:colcon.colcon_core.environment:create_file_with_runtime_dependencies(/home/akariros/Akari_ros2_humble/install/akari_msgs/share/colcon-core/packages/akari_msgs)
[3.562s] INFO:colcon.colcon_ros.task.ament_python.build:Building ROS package in '/home/akariros/Akari_ros2_humble/servoserver' with build type 'ament_python'
[3.563s] Level 1:colcon.colcon_core.shell:create_environment_hook('servoserver', 'ament_prefix_path')
[3.566s] INFO:colcon.colcon_core.shell:Creating environment hook '/home/akariros/Akari_ros2_humble/install/servoserver/share/servoserver/hook/ament_prefix_path.ps1'
[3.567s] INFO:colcon.colcon_core.shell:Creating environment descriptor '/home/akariros/Akari_ros2_humble/install/servoserver/share/servoserver/hook/ament_prefix_path.dsv'
[3.568s] INFO:colcon.colcon_core.shell:Creating environment hook '/home/akariros/Akari_ros2_humble/install/servoserver/share/servoserver/hook/ament_prefix_path.sh'
[3.572s] INFO:colcon.colcon_core.shell:Skip shell extension 'powershell' for command environment: Not usable outside of PowerShell
[3.572s] DEBUG:colcon.colcon_core.shell:Skip shell extension 'dsv' for command environment
[4.319s] INFO:colcon.colcon_core.task.python.build:Building Python package in '/home/akariros/Akari_ros2_humble/servoserver'
[4.321s] INFO:colcon.colcon_core.shell:Skip shell extension 'powershell' for command environment: Not usable outside of PowerShell
[4.321s] DEBUG:colcon.colcon_core.shell:Skip shell extension 'dsv' for command environment
[4.334s] Level 1:colcon.colcon_core.environment:checking '/home/akariros/Akari_ros2_humble/install/m5displayserver' for CMake module files
[4.335s] DEBUG:colcon.colcon_core.event_handler.log_command:Invoked command in '/home/akariros/Akari_ros2_humble/m5displayserver' returned '0': PYTHONPATH=/home/akariros/Akari_ros2_humble/build/m5displayserver/prefix_override:/home/akariros/Akari_ros2_humble/install/m5displayserver/lib/python3.10/site-packages:${PYTHONPATH} /usr/bin/python3 setup.py egg_info --egg-base ../build/m5displayserver build --build-base /home/akariros/Akari_ros2_humble/build/m5displayserver/build install --record /home/akariros/Akari_ros2_humble/build/m5displayserver/install.log --single-version-externally-managed
[4.335s] Level 1:colcon.colcon_core.environment:checking '/home/akariros/Akari_ros2_humble/install/m5displayserver' for CMake config files
[4.336s] Level 1:colcon.colcon_core.environment:checking '/home/akariros/Akari_ros2_humble/install/m5displayserver/lib'
[4.336s] Level 1:colcon.colcon_core.environment:checking '/home/akariros/Akari_ros2_humble/install/m5displayserver/bin'
[4.336s] Level 1:colcon.colcon_core.environment:checking '/home/akariros/Akari_ros2_humble/install/m5displayserver/lib/pkgconfig/m5displayserver.pc'
[4.337s] Level 1:colcon.colcon_core.environment:checking '/home/akariros/Akari_ros2_humble/install/m5displayserver/lib/python3.10/site-packages'
[4.337s] Level 1:colcon.colcon_core.shell:create_environment_hook('m5displayserver', 'pythonpath')
[4.339s] INFO:colcon.colcon_core.shell:Creating environment hook '/home/akariros/Akari_ros2_humble/install/m5displayserver/share/m5displayserver/hook/pythonpath.ps1'
[4.340s] INFO:colcon.colcon_core.shell:Creating environment descriptor '/home/akariros/Akari_ros2_humble/install/m5displayserver/share/m5displayserver/hook/pythonpath.dsv'
[4.340s] INFO:colcon.colcon_core.shell:Creating environment hook '/home/akariros/Akari_ros2_humble/install/m5displayserver/share/m5displayserver/hook/pythonpath.sh'
[4.342s] Level 1:colcon.colcon_core.environment:checking '/home/akariros/Akari_ros2_humble/install/m5displayserver/bin'
[4.342s] Level 1:colcon.colcon_core.environment:create_environment_scripts_only(m5displayserver)
[4.345s] INFO:colcon.colcon_core.shell:Creating package script '/home/akariros/Akari_ros2_humble/install/m5displayserver/share/m5displayserver/package.ps1'
[4.346s] INFO:colcon.colcon_core.shell:Creating package descriptor '/home/akariros/Akari_ros2_humble/install/m5displayserver/share/m5displayserver/package.dsv'
[4.347s] INFO:colcon.colcon_core.shell:Creating package script '/home/akariros/Akari_ros2_humble/install/m5displayserver/share/m5displayserver/package.sh'
[4.348s] INFO:colcon.colcon_core.shell:Creating package script '/home/akariros/Akari_ros2_humble/install/m5displayserver/share/m5displayserver/package.bash'
[4.348s] INFO:colcon.colcon_core.shell:Creating package script '/home/akariros/Akari_ros2_humble/install/m5displayserver/share/m5displayserver/package.zsh'
[4.349s] Level 1:colcon.colcon_core.environment:create_file_with_runtime_dependencies(/home/akariros/Akari_ros2_humble/install/m5displayserver/share/colcon-core/packages/m5displayserver)
[4.354s] Level 1:colcon.colcon_core.environment:checking '/home/akariros/Akari_ros2_humble/install/py_akari_pubsub' for CMake module files
[4.355s] Level 1:colcon.colcon_core.environment:checking '/home/akariros/Akari_ros2_humble/install/py_akari_pubsub' for CMake config files
[4.356s] DEBUG:colcon.colcon_core.event_handler.log_command:Invoked command in '/home/akariros/Akari_ros2_humble/py_akari_pubsub' returned '0': PYTHONPATH=/home/akariros/Akari_ros2_humble/build/py_akari_pubsub/prefix_override:/home/akariros/Akari_ros2_humble/install/py_akari_pubsub/lib/python3.10/site-packages:${PYTHONPATH} /usr/bin/python3 setup.py egg_info --egg-base ../build/py_akari_pubsub build --build-base /home/akariros/Akari_ros2_humble/build/py_akari_pubsub/build install --record /home/akariros/Akari_ros2_humble/build/py_akari_pubsub/install.log --single-version-externally-managed
[4.356s] Level 1:colcon.colcon_core.environment:checking '/home/akariros/Akari_ros2_humble/install/py_akari_pubsub/lib'
[4.356s] Level 1:colcon.colcon_core.environment:checking '/home/akariros/Akari_ros2_humble/install/py_akari_pubsub/bin'
[4.357s] Level 1:colcon.colcon_core.environment:checking '/home/akariros/Akari_ros2_humble/install/py_akari_pubsub/lib/pkgconfig/py_akari_pubsub.pc'
[4.357s] Level 1:colcon.colcon_core.environment:checking '/home/akariros/Akari_ros2_humble/install/py_akari_pubsub/lib/python3.10/site-packages'
[4.357s] Level 1:colcon.colcon_core.shell:create_environment_hook('py_akari_pubsub', 'pythonpath')
[4.359s] INFO:colcon.colcon_core.shell:Creating environment hook '/home/akariros/Akari_ros2_humble/install/py_akari_pubsub/share/py_akari_pubsub/hook/pythonpath.ps1'
[4.359s] INFO:colcon.colcon_core.shell:Creating environment descriptor '/home/akariros/Akari_ros2_humble/install/py_akari_pubsub/share/py_akari_pubsub/hook/pythonpath.dsv'
[4.360s] INFO:colcon.colcon_core.shell:Creating environment hook '/home/akariros/Akari_ros2_humble/install/py_akari_pubsub/share/py_akari_pubsub/hook/pythonpath.sh'
[4.361s] Level 1:colcon.colcon_core.environment:checking '/home/akariros/Akari_ros2_humble/install/py_akari_pubsub/bin'
[4.361s] Level 1:colcon.colcon_core.environment:create_environment_scripts_only(py_akari_pubsub)
[4.364s] INFO:colcon.colcon_core.shell:Creating package script '/home/akariros/Akari_ros2_humble/install/py_akari_pubsub/share/py_akari_pubsub/package.ps1'
[4.366s] INFO:colcon.colcon_core.shell:Creating package descriptor '/home/akariros/Akari_ros2_humble/install/py_akari_pubsub/share/py_akari_pubsub/package.dsv'
[4.366s] INFO:colcon.colcon_core.shell:Creating package script '/home/akariros/Akari_ros2_humble/install/py_akari_pubsub/share/py_akari_pubsub/package.sh'
[4.367s] INFO:colcon.colcon_core.shell:Creating package script '/home/akariros/Akari_ros2_humble/install/py_akari_pubsub/share/py_akari_pubsub/package.bash'
[4.367s] INFO:colcon.colcon_core.shell:Creating package script '/home/akariros/Akari_ros2_humble/install/py_akari_pubsub/share/py_akari_pubsub/package.zsh'
[4.368s] Level 1:colcon.colcon_core.environment:create_file_with_runtime_dependencies(/home/akariros/Akari_ros2_humble/install/py_akari_pubsub/share/colcon-core/packages/py_akari_pubsub)
[4.371s] Level 1:colcon.colcon_core.environment:checking '/home/akariros/Akari_ros2_humble/install/py_m5serial' for CMake module files
[4.372s] Level 1:colcon.colcon_core.environment:checking '/home/akariros/Akari_ros2_humble/install/py_m5serial' for CMake config files
[4.373s] DEBUG:colcon.colcon_core.event_handler.log_command:Invoked command in '/home/akariros/Akari_ros2_humble/py_m5serial' returned '0': PYTHONPATH=/home/akariros/Akari_ros2_humble/build/py_m5serial/prefix_override:/home/akariros/Akari_ros2_humble/install/py_m5serial/lib/python3.10/site-packages:${PYTHONPATH} /usr/bin/python3 setup.py egg_info --egg-base ../build/py_m5serial build --build-base /home/akariros/Akari_ros2_humble/build/py_m5serial/build install --record /home/akariros/Akari_ros2_humble/build/py_m5serial/install.log --single-version-externally-managed
[4.374s] Level 1:colcon.colcon_core.environment:checking '/home/akariros/Akari_ros2_humble/install/py_m5serial/lib'
[4.374s] Level 1:colcon.colcon_core.environment:checking '/home/akariros/Akari_ros2_humble/install/py_m5serial/bin'
[4.374s] Level 1:colcon.colcon_core.environment:checking '/home/akariros/Akari_ros2_humble/install/py_m5serial/lib/pkgconfig/py_m5serial.pc'
[4.375s] Level 1:colcon.colcon_core.environment:checking '/home/akariros/Akari_ros2_humble/install/py_m5serial/lib/python3.10/site-packages'
[4.375s] Level 1:colcon.colcon_core.shell:create_environment_hook('py_m5serial', 'pythonpath')
[4.377s] INFO:colcon.colcon_core.shell:Creating environment hook '/home/akariros/Akari_ros2_humble/install/py_m5serial/share/py_m5serial/hook/pythonpath.ps1'
[4.378s] INFO:colcon.colcon_core.shell:Creating environment descriptor '/home/akariros/Akari_ros2_humble/install/py_m5serial/share/py_m5serial/hook/pythonpath.dsv'
[4.378s] INFO:colcon.colcon_core.shell:Creating environment hook '/home/akariros/Akari_ros2_humble/install/py_m5serial/share/py_m5serial/hook/pythonpath.sh'
[4.379s] Level 1:colcon.colcon_core.environment:checking '/home/akariros/Akari_ros2_humble/install/py_m5serial/bin'
[4.379s] Level 1:colcon.colcon_core.environment:create_environment_scripts_only(py_m5serial)
[4.381s] INFO:colcon.colcon_core.shell:Creating package script '/home/akariros/Akari_ros2_humble/install/py_m5serial/share/py_m5serial/package.ps1'
[4.382s] INFO:colcon.colcon_core.shell:Creating package descriptor '/home/akariros/Akari_ros2_humble/install/py_m5serial/share/py_m5serial/package.dsv'
[4.382s] INFO:colcon.colcon_core.shell:Creating package script '/home/akariros/Akari_ros2_humble/install/py_m5serial/share/py_m5serial/package.sh'
[4.383s] INFO:colcon.colcon_core.shell:Creating package script '/home/akariros/Akari_ros2_humble/install/py_m5serial/share/py_m5serial/package.bash'
[4.383s] INFO:colcon.colcon_core.shell:Creating package script '/home/akariros/Akari_ros2_humble/install/py_m5serial/share/py_m5serial/package.zsh'
[4.384s] Level 1:colcon.colcon_core.environment:create_file_with_runtime_dependencies(/home/akariros/Akari_ros2_humble/install/py_m5serial/share/colcon-core/packages/py_m5serial)
[4.925s] DEBUG:colcon.colcon_core.event_handler.log_command:Invoking command in '/home/akariros/Akari_ros2_humble/servoserver': PYTHONPATH=/home/akariros/Akari_ros2_humble/build/servoserver/prefix_override:/home/akariros/Akari_ros2_humble/install/servoserver/lib/python3.10/site-packages:${PYTHONPATH} /usr/bin/python3 setup.py egg_info --egg-base ../build/servoserver build --build-base /home/akariros/Akari_ros2_humble/build/servoserver/build install --record /home/akariros/Akari_ros2_humble/build/servoserver/install.log --single-version-externally-managed
[5.396s] Level 1:colcon.colcon_core.environment:checking '/home/akariros/Akari_ros2_humble/install/servoserver' for CMake module files
[5.397s] DEBUG:colcon.colcon_core.event_handler.log_command:Invoked command in '/home/akariros/Akari_ros2_humble/servoserver' returned '0': PYTHONPATH=/home/akariros/Akari_ros2_humble/build/servoserver/prefix_override:/home/akariros/Akari_ros2_humble/install/servoserver/lib/python3.10/site-packages:${PYTHONPATH} /usr/bin/python3 setup.py egg_info --egg-base ../build/servoserver build --build-base /home/akariros/Akari_ros2_humble/build/servoserver/build install --record /home/akariros/Akari_ros2_humble/build/servoserver/install.log --single-version-externally-managed
[5.397s] Level 1:colcon.colcon_core.environment:checking '/home/akariros/Akari_ros2_humble/install/servoserver' for CMake config files
[5.398s] Level 1:colcon.colcon_core.environment:checking '/home/akariros/Akari_ros2_humble/install/servoserver/lib'
[5.398s] Level 1:colcon.colcon_core.environment:checking '/home/akariros/Akari_ros2_humble/install/servoserver/bin'
[5.398s] Level 1:colcon.colcon_core.environment:checking '/home/akariros/Akari_ros2_humble/install/servoserver/lib/pkgconfig/servoserver.pc'
[5.399s] Level 1:colcon.colcon_core.environment:checking '/home/akariros/Akari_ros2_humble/install/servoserver/lib/python3.10/site-packages'
[5.399s] Level 1:colcon.colcon_core.shell:create_environment_hook('servoserver', 'pythonpath')
[5.402s] INFO:colcon.colcon_core.shell:Creating environment hook '/home/akariros/Akari_ros2_humble/install/servoserver/share/servoserver/hook/pythonpath.ps1'
[5.402s] INFO:colcon.colcon_core.shell:Creating environment descriptor '/home/akariros/Akari_ros2_humble/install/servoserver/share/servoserver/hook/pythonpath.dsv'
[5.403s] INFO:colcon.colcon_core.shell:Creating environment hook '/home/akariros/Akari_ros2_humble/install/servoserver/share/servoserver/hook/pythonpath.sh'
[5.403s] Level 1:colcon.colcon_core.environment:checking '/home/akariros/Akari_ros2_humble/install/servoserver/bin'
[5.403s] Level 1:colcon.colcon_core.environment:create_environment_scripts_only(servoserver)
[5.405s] INFO:colcon.colcon_core.shell:Creating package script '/home/akariros/Akari_ros2_humble/install/servoserver/share/servoserver/package.ps1'
[5.406s] INFO:colcon.colcon_core.shell:Creating package descriptor '/home/akariros/Akari_ros2_humble/install/servoserver/share/servoserver/package.dsv'
[5.407s] INFO:colcon.colcon_core.shell:Creating package script '/home/akariros/Akari_ros2_humble/install/servoserver/share/servoserver/package.sh'
[5.407s] INFO:colcon.colcon_core.shell:Creating package script '/home/akariros/Akari_ros2_humble/install/servoserver/share/servoserver/package.bash'
[5.408s] INFO:colcon.colcon_core.shell:Creating package script '/home/akariros/Akari_ros2_humble/install/servoserver/share/servoserver/package.zsh'
[5.408s] Level 1:colcon.colcon_core.environment:create_file_with_runtime_dependencies(/home/akariros/Akari_ros2_humble/install/servoserver/share/colcon-core/packages/servoserver)
[5.409s] DEBUG:colcon.colcon_parallel_executor.executor.parallel:closing loop
[5.409s] DEBUG:colcon.colcon_parallel_executor.executor.parallel:loop closed
[5.409s] DEBUG:colcon.colcon_parallel_executor.executor.parallel:run_until_complete finished with '0'
[5.409s] DEBUG:colcon.colcon_core.event_reactor:joining thread
[5.419s] INFO:colcon.colcon_core.plugin_system:Skipping extension 'colcon_notification.desktop_notification.terminal_notifier': Not used on non-Darwin systems
[5.419s] INFO:colcon.colcon_core.plugin_system:Skipping extension 'colcon_notification.desktop_notification.win32': Not used on non-Windows systems
[5.419s] INFO:colcon.colcon_notification.desktop_notification:Sending desktop notification using 'notify2'
[5.435s] DEBUG:colcon.colcon_core.event_reactor:joined thread
[5.438s] INFO:colcon.colcon_core.shell:Creating prefix script '/home/akariros/Akari_ros2_humble/install/local_setup.ps1'
[5.439s] INFO:colcon.colcon_core.shell:Creating prefix util module '/home/akariros/Akari_ros2_humble/install/_local_setup_util_ps1.py'
[5.441s] INFO:colcon.colcon_core.shell:Creating prefix chain script '/home/akariros/Akari_ros2_humble/install/setup.ps1'
[5.443s] INFO:colcon.colcon_core.shell:Creating prefix script '/home/akariros/Akari_ros2_humble/install/local_setup.sh'
[5.445s] INFO:colcon.colcon_core.shell:Creating prefix util module '/home/akariros/Akari_ros2_humble/install/_local_setup_util_sh.py'
[5.446s] INFO:colcon.colcon_core.shell:Creating prefix chain script '/home/akariros/Akari_ros2_humble/install/setup.sh'
[5.449s] INFO:colcon.colcon_core.shell:Creating prefix script '/home/akariros/Akari_ros2_humble/install/local_setup.bash'
[5.450s] INFO:colcon.colcon_core.shell:Creating prefix chain script '/home/akariros/Akari_ros2_humble/install/setup.bash'
[5.452s] INFO:colcon.colcon_core.shell:Creating prefix script '/home/akariros/Akari_ros2_humble/install/local_setup.zsh'
[5.453s] INFO:colcon.colcon_core.shell:Creating prefix chain script '/home/akariros/Akari_ros2_humble/install/setup.zsh'
