[0.045s] Invoking command in '/home/akariros/Akari_ros2_humble/build/akari_msgs': CMAKE_PREFIX_PATH=/home/akariros/Akari_ros2_humble/install/py_m5serial:/home/akariros/Akari_ros2_humble/install/py_akari_pubsub:/opt/ros/humble /usr/bin/cmake /home/akariros/Akari_ros2_humble/akari_msgs -DCMAKE_INSTALL_PREFIX=/home/akariros/Akari_ros2_humble/install/akari_msgs
[0.521s] -- The C compiler identification is GNU 11.3.0
[0.522s] -- The CXX compiler identification is GNU 11.3.0
[0.522s] -- Detecting C compiler ABI info
[0.522s] -- Detecting C compiler ABI info - done
[0.522s] -- Check for working C compiler: /usr/bin/cc - skipped
[0.523s] -- Detecting C compile features
[0.523s] -- Detecting C compile features - done
[0.523s] -- Detecting CXX compiler ABI info
[0.523s] -- Detecting CXX compiler ABI info - done
[0.523s] -- Check for working CXX compiler: /usr/bin/c++ - skipped
[0.524s] -- Detecting CXX compile features
[0.524s] -- Detecting CXX compile features - done
[0.527s] -- Found ament_cmake: 1.3.4 (/opt/ros/humble/share/ament_cmake/cmake)
[0.801s] -- Found Python3: /usr/bin/python3.10 (found version "3.10.6") found components: Interpreter 
[0.946s] -- Found geometry_msgs: 4.2.3 (/opt/ros/humble/share/geometry_msgs/cmake)
[1.022s] -- Found rosidl_generator_c: 3.1.4 (/opt/ros/humble/share/rosidl_generator_c/cmake)
[1.030s] -- Found rosidl_adapter: 3.1.4 (/opt/ros/humble/share/rosidl_adapter/cmake)
[1.045s] -- Found rosidl_generator_cpp: 3.1.4 (/opt/ros/humble/share/rosidl_generator_cpp/cmake)
[1.074s] -- Using all available rosidl_typesupport_c: rosidl_typesupport_fastrtps_c;rosidl_typesupport_introspection_c
[1.114s] -- Using all available rosidl_typesupport_cpp: rosidl_typesupport_fastrtps_cpp;rosidl_typesupport_introspection_cpp
[1.342s] -- Found rclpy: 3.3.8 (/opt/ros/humble/share/rclpy/cmake)
[1.360s] -- Found rosidl_default_generators: 1.2.0 (/opt/ros/humble/share/rosidl_default_generators/cmake)
[2.162s] -- Found ament_cmake_ros: 0.10.0 (/opt/ros/humble/share/ament_cmake_ros/cmake)
[2.948s] -- Using all available rosidl_typesupport_c: rosidl_typesupport_fastrtps_c;rosidl_typesupport_introspection_c
[3.192s] -- Using all available rosidl_typesupport_cpp: rosidl_typesupport_fastrtps_cpp;rosidl_typesupport_introspection_cpp
[3.224s] -- Found PythonInterp: /usr/bin/python3 (found suitable version "3.10.6", minimum required is "3.6") 
[3.227s] -- Found python_cmake_module: 0.10.0 (/opt/ros/humble/share/python_cmake_module/cmake)
[3.266s] -- Found PythonLibs: /usr/lib/x86_64-linux-gnu/libpython3.10.so (found suitable version "3.10.6", minimum required is "3.5") 
[3.266s] -- Using PYTHON_EXECUTABLE: /usr/bin/python3
[3.266s] -- Using PYTHON_INCLUDE_DIRS: /usr/include/python3.10
[3.267s] -- Using PYTHON_LIBRARIES: /usr/lib/x86_64-linux-gnu/libpython3.10.so
[3.297s] -- Found PythonExtra: .so  
[3.400s] -- Found ament_lint_auto: 0.12.6 (/opt/ros/humble/share/ament_lint_auto/cmake)
[3.488s] -- Added test 'lint_cmake' to check CMake code style
[3.490s] -- Added test 'xmllint' to check XML markup files
[3.493s] -- Configuring done
[3.583s] -- Generating done
[3.587s] -- Build files have been written to: /home/akariros/Akari_ros2_humble/build/akari_msgs
[3.601s] Invoked command in '/home/akariros/Akari_ros2_humble/build/akari_msgs' returned '0': CMAKE_PREFIX_PATH=/home/akariros/Akari_ros2_humble/install/py_m5serial:/home/akariros/Akari_ros2_humble/install/py_akari_pubsub:/opt/ros/humble /usr/bin/cmake /home/akariros/Akari_ros2_humble/akari_msgs -DCMAKE_INSTALL_PREFIX=/home/akariros/Akari_ros2_humble/install/akari_msgs
[3.605s] Invoking command in '/home/akariros/Akari_ros2_humble/build/akari_msgs': CMAKE_PREFIX_PATH=/home/akariros/Akari_ros2_humble/install/py_m5serial:/home/akariros/Akari_ros2_humble/install/py_akari_pubsub:/opt/ros/humble /usr/bin/cmake --build /home/akariros/Akari_ros2_humble/build/akari_msgs -- -j4 -l4
[3.664s] [  1%] [34m[1mGenerating C code for ROS interfaces[0m
[3.687s] [  2%] [34m[1mGenerating C++ code for ROS interfaces[0m
[3.697s] [  2%] Built target ament_cmake_python_copy_akari_msgs
[4.179s] running egg_info
[4.180s] creating akari_msgs.egg-info
[4.180s] writing akari_msgs.egg-info/PKG-INFO
[4.181s] writing dependency_links to akari_msgs.egg-info/dependency_links.txt
[4.181s] writing top-level names to akari_msgs.egg-info/top_level.txt
[4.181s] writing manifest file 'akari_msgs.egg-info/SOURCES.txt'
[4.185s] reading manifest file 'akari_msgs.egg-info/SOURCES.txt'
[4.185s] writing manifest file 'akari_msgs.egg-info/SOURCES.txt'
[4.226s] [  2%] Built target ament_cmake_python_build_akari_msgs_egg
[5.918s] [  3%] [32mBuilding C object CMakeFiles/akari_msgs__rosidl_generator_c.dir/rosidl_generator_c/akari_msgs/srv/detail/set_allout__functions.c.o[0m
[6.045s] [  4%] [32mBuilding C object CMakeFiles/akari_msgs__rosidl_generator_c.dir/rosidl_generator_c/akari_msgs/srv/detail/set_display_color__functions.c.o[0m
[6.048s] [  5%] [32mBuilding C object CMakeFiles/akari_msgs__rosidl_generator_c.dir/rosidl_generator_c/akari_msgs/srv/detail/set_display_image__functions.c.o[0m
[6.057s] [  5%] Built target akari_msgs__cpp
[6.061s] [  6%] [32mBuilding C object CMakeFiles/akari_msgs__rosidl_generator_c.dir/rosidl_generator_c/akari_msgs/srv/detail/set_display_text__functions.c.o[0m
[6.084s] [  7%] [34m[1mGenerating C++ type support dispatch for ROS interfaces[0m
[6.185s] [  8%] [32mBuilding C object CMakeFiles/akari_msgs__rosidl_generator_c.dir/rosidl_generator_c/akari_msgs/srv/detail/set_pwmout__functions.c.o[0m
[6.185s] [  9%] [32mBuilding C object CMakeFiles/akari_msgs__rosidl_generator_c.dir/rosidl_generator_c/akari_msgs/srv/detail/set_dout__functions.c.o[0m
[6.248s] [ 10%] [32mBuilding C object CMakeFiles/akari_msgs__rosidl_generator_c.dir/rosidl_generator_c/akari_msgs/srv/detail/trigger__functions.c.o[0m
[6.347s] [ 11%] [32mBuilding C object CMakeFiles/akari_msgs__rosidl_generator_c.dir/rosidl_generator_c/akari_msgs/msg/detail/m5__functions.c.o[0m
[6.356s] [ 12%] [32mBuilding C object CMakeFiles/akari_msgs__rosidl_generator_c.dir/rosidl_generator_c/akari_msgs/action/detail/move_joint__functions.c.o[0m
[6.384s] [ 13%] [34m[1mGenerating C++ type support for eProsima Fast-RTPS[0m
[6.484s] [ 14%] [34m[1mGenerating C++ introspection for ROS interfaces[0m
[6.659s] [ 15%] [32m[1mLinking C shared library libakari_msgs__rosidl_generator_c.so[0m
[6.741s] [ 15%] Built target akari_msgs__rosidl_generator_c
[6.763s] [ 16%] [34m[1mGenerating C type support for eProsima Fast-RTPS[0m
[7.864s] [ 17%] [32mBuilding CXX object CMakeFiles/akari_msgs__rosidl_typesupport_cpp.dir/rosidl_typesupport_cpp/akari_msgs/srv/set_allout__type_support.cpp.o[0m
[8.491s] [ 18%] [32mBuilding CXX object CMakeFiles/akari_msgs__rosidl_typesupport_cpp.dir/rosidl_typesupport_cpp/akari_msgs/srv/set_display_color__type_support.cpp.o[0m
[9.134s] [ 20%] [32mBuilding CXX object CMakeFiles/akari_msgs__rosidl_typesupport_cpp.dir/rosidl_typesupport_cpp/akari_msgs/srv/set_display_image__type_support.cpp.o[0m
[9.417s] [ 21%] [32mBuilding CXX object CMakeFiles/akari_msgs__rosidl_typesupport_introspection_cpp.dir/rosidl_typesupport_introspection_cpp/akari_msgs/srv/detail/set_allout__type_support.cpp.o[0m
[9.667s] [ 22%] [32mBuilding CXX object CMakeFiles/akari_msgs__rosidl_typesupport_fastrtps_cpp.dir/rosidl_typesupport_fastrtps_cpp/akari_msgs/srv/detail/dds_fastrtps/set_allout__type_support.cpp.o[0m
[9.772s] [ 23%] [32mBuilding CXX object CMakeFiles/akari_msgs__rosidl_typesupport_fastrtps_c.dir/rosidl_typesupport_fastrtps_c/akari_msgs/srv/detail/set_allout__type_support_c.cpp.o[0m
[9.844s] [ 24%] [32mBuilding CXX object CMakeFiles/akari_msgs__rosidl_typesupport_cpp.dir/rosidl_typesupport_cpp/akari_msgs/srv/set_display_text__type_support.cpp.o[0m
[10.493s] [ 25%] [32mBuilding CXX object CMakeFiles/akari_msgs__rosidl_typesupport_cpp.dir/rosidl_typesupport_cpp/akari_msgs/srv/set_dout__type_support.cpp.o[0m
[10.701s] [ 26%] [32mBuilding CXX object CMakeFiles/akari_msgs__rosidl_typesupport_introspection_cpp.dir/rosidl_typesupport_introspection_cpp/akari_msgs/srv/detail/set_display_color__type_support.cpp.o[0m
[10.757s] [ 27%] [32mBuilding CXX object CMakeFiles/akari_msgs__rosidl_typesupport_fastrtps_c.dir/rosidl_typesupport_fastrtps_c/akari_msgs/srv/detail/set_display_color__type_support_c.cpp.o[0m
[10.786s] [ 28%] [32mBuilding CXX object CMakeFiles/akari_msgs__rosidl_typesupport_fastrtps_cpp.dir/rosidl_typesupport_fastrtps_cpp/akari_msgs/srv/detail/dds_fastrtps/set_display_color__type_support.cpp.o[0m
[11.136s] [ 29%] [32mBuilding CXX object CMakeFiles/akari_msgs__rosidl_typesupport_cpp.dir/rosidl_typesupport_cpp/akari_msgs/srv/set_pwmout__type_support.cpp.o[0m
[11.679s] [ 30%] [32mBuilding CXX object CMakeFiles/akari_msgs__rosidl_typesupport_fastrtps_c.dir/rosidl_typesupport_fastrtps_c/akari_msgs/srv/detail/set_display_image__type_support_c.cpp.o[0m
[11.887s] [ 31%] [32mBuilding CXX object CMakeFiles/akari_msgs__rosidl_typesupport_fastrtps_cpp.dir/rosidl_typesupport_fastrtps_cpp/akari_msgs/srv/detail/dds_fastrtps/set_display_image__type_support.cpp.o[0m
[11.958s] [ 32%] [32mBuilding CXX object CMakeFiles/akari_msgs__rosidl_typesupport_introspection_cpp.dir/rosidl_typesupport_introspection_cpp/akari_msgs/srv/detail/set_display_image__type_support.cpp.o[0m
[11.991s] [ 33%] [32mBuilding CXX object CMakeFiles/akari_msgs__rosidl_typesupport_cpp.dir/rosidl_typesupport_cpp/akari_msgs/srv/trigger__type_support.cpp.o[0m
[12.666s] [ 34%] [32mBuilding CXX object CMakeFiles/akari_msgs__rosidl_typesupport_fastrtps_c.dir/rosidl_typesupport_fastrtps_c/akari_msgs/srv/detail/set_display_text__type_support_c.cpp.o[0m
[12.686s] [ 35%] [32mBuilding CXX object CMakeFiles/akari_msgs__rosidl_typesupport_cpp.dir/rosidl_typesupport_cpp/akari_msgs/msg/m5__type_support.cpp.o[0m
[12.908s] [ 36%] [32mBuilding CXX object CMakeFiles/akari_msgs__rosidl_typesupport_introspection_cpp.dir/rosidl_typesupport_introspection_cpp/akari_msgs/srv/detail/set_display_text__type_support.cpp.o[0m
[12.962s] [ 37%] [32mBuilding CXX object CMakeFiles/akari_msgs__rosidl_typesupport_fastrtps_cpp.dir/rosidl_typesupport_fastrtps_cpp/akari_msgs/srv/detail/dds_fastrtps/set_display_text__type_support.cpp.o[0m
[13.457s] [ 38%] [32mBuilding CXX object CMakeFiles/akari_msgs__rosidl_typesupport_cpp.dir/rosidl_typesupport_cpp/akari_msgs/action/move_joint__type_support.cpp.o[0m
[13.516s] [ 40%] [32mBuilding CXX object CMakeFiles/akari_msgs__rosidl_typesupport_fastrtps_c.dir/rosidl_typesupport_fastrtps_c/akari_msgs/srv/detail/set_dout__type_support_c.cpp.o[0m
[13.904s] [ 41%] [32mBuilding CXX object CMakeFiles/akari_msgs__rosidl_typesupport_introspection_cpp.dir/rosidl_typesupport_introspection_cpp/akari_msgs/srv/detail/set_dout__type_support.cpp.o[0m
[13.935s] [ 42%] [32mBuilding CXX object CMakeFiles/akari_msgs__rosidl_typesupport_fastrtps_cpp.dir/rosidl_typesupport_fastrtps_cpp/akari_msgs/srv/detail/dds_fastrtps/set_dout__type_support.cpp.o[0m
[14.329s] [ 43%] [32mBuilding CXX object CMakeFiles/akari_msgs__rosidl_typesupport_fastrtps_c.dir/rosidl_typesupport_fastrtps_c/akari_msgs/srv/detail/set_pwmout__type_support_c.cpp.o[0m
[14.628s] [ 44%] [32m[1mLinking CXX shared library libakari_msgs__rosidl_typesupport_cpp.so[0m
[14.724s] [ 44%] Built target akari_msgs__rosidl_typesupport_cpp
[14.741s] [ 45%] [32mBuilding CXX object CMakeFiles/akari_msgs__rosidl_typesupport_introspection_cpp.dir/rosidl_typesupport_introspection_cpp/akari_msgs/srv/detail/set_pwmout__type_support.cpp.o[0m
[14.916s] [ 46%] [32mBuilding CXX object CMakeFiles/akari_msgs__rosidl_typesupport_fastrtps_cpp.dir/rosidl_typesupport_fastrtps_cpp/akari_msgs/srv/detail/dds_fastrtps/set_pwmout__type_support.cpp.o[0m
[14.968s] [ 47%] [34m[1mGenerating C introspection for ROS interfaces[0m
[15.177s] [ 48%] [32mBuilding CXX object CMakeFiles/akari_msgs__rosidl_typesupport_fastrtps_c.dir/rosidl_typesupport_fastrtps_c/akari_msgs/srv/detail/trigger__type_support_c.cpp.o[0m
[15.670s] [ 49%] [32mBuilding CXX object CMakeFiles/akari_msgs__rosidl_typesupport_introspection_cpp.dir/rosidl_typesupport_introspection_cpp/akari_msgs/srv/detail/trigger__type_support.cpp.o[0m
[15.949s] [ 50%] [32mBuilding CXX object CMakeFiles/akari_msgs__rosidl_typesupport_fastrtps_cpp.dir/rosidl_typesupport_fastrtps_cpp/akari_msgs/srv/detail/dds_fastrtps/trigger__type_support.cpp.o[0m
[16.164s] [ 51%] [32mBuilding CXX object CMakeFiles/akari_msgs__rosidl_typesupport_fastrtps_c.dir/rosidl_typesupport_fastrtps_c/akari_msgs/msg/detail/m5__type_support_c.cpp.o[0m
[16.561s] [ 52%] [32mBuilding CXX object CMakeFiles/akari_msgs__rosidl_typesupport_introspection_cpp.dir/rosidl_typesupport_introspection_cpp/akari_msgs/msg/detail/m5__type_support.cpp.o[0m
[16.943s] [ 53%] [32mBuilding CXX object CMakeFiles/akari_msgs__rosidl_typesupport_fastrtps_cpp.dir/rosidl_typesupport_fastrtps_cpp/akari_msgs/msg/detail/dds_fastrtps/m5__type_support.cpp.o[0m
[17.103s] [ 54%] [32mBuilding CXX object CMakeFiles/akari_msgs__rosidl_typesupport_fastrtps_c.dir/rosidl_typesupport_fastrtps_c/akari_msgs/action/detail/move_joint__type_support_c.cpp.o[0m
[17.481s] [ 55%] [32mBuilding CXX object CMakeFiles/akari_msgs__rosidl_typesupport_introspection_cpp.dir/rosidl_typesupport_introspection_cpp/akari_msgs/action/detail/move_joint__type_support.cpp.o[0m
[17.721s] [ 56%] [32mBuilding C object CMakeFiles/akari_msgs__rosidl_typesupport_introspection_c.dir/rosidl_typesupport_introspection_c/akari_msgs/srv/detail/set_allout__type_support.c.o[0m
[17.820s] [ 57%] [32mBuilding C object CMakeFiles/akari_msgs__rosidl_typesupport_introspection_c.dir/rosidl_typesupport_introspection_c/akari_msgs/srv/detail/set_display_color__type_support.c.o[0m
[17.923s] [ 58%] [32mBuilding C object CMakeFiles/akari_msgs__rosidl_typesupport_introspection_c.dir/rosidl_typesupport_introspection_c/akari_msgs/srv/detail/set_display_image__type_support.c.o[0m
[17.945s] [ 60%] [32mBuilding CXX object CMakeFiles/akari_msgs__rosidl_typesupport_fastrtps_cpp.dir/rosidl_typesupport_fastrtps_cpp/akari_msgs/action/detail/dds_fastrtps/move_joint__type_support.cpp.o[0m
[18.022s] [ 61%] [32mBuilding C object CMakeFiles/akari_msgs__rosidl_typesupport_introspection_c.dir/rosidl_typesupport_introspection_c/akari_msgs/srv/detail/set_display_text__type_support.c.o[0m
[18.123s] [ 62%] [32mBuilding C object CMakeFiles/akari_msgs__rosidl_typesupport_introspection_c.dir/rosidl_typesupport_introspection_c/akari_msgs/srv/detail/set_dout__type_support.c.o[0m
[18.155s] [ 63%] [32m[1mLinking CXX shared library libakari_msgs__rosidl_typesupport_fastrtps_c.so[0m
[18.234s] [ 64%] [32mBuilding C object CMakeFiles/akari_msgs__rosidl_typesupport_introspection_c.dir/rosidl_typesupport_introspection_c/akari_msgs/srv/detail/set_pwmout__type_support.c.o[0m
[18.333s] [ 64%] Built target akari_msgs__rosidl_typesupport_fastrtps_c
[18.335s] [ 65%] [32mBuilding C object CMakeFiles/akari_msgs__rosidl_typesupport_introspection_c.dir/rosidl_typesupport_introspection_c/akari_msgs/srv/detail/trigger__type_support.c.o[0m
[18.354s] [ 66%] [34m[1mGenerating C type support dispatch for ROS interfaces[0m
[18.430s] [ 67%] [32mBuilding C object CMakeFiles/akari_msgs__rosidl_typesupport_introspection_c.dir/rosidl_typesupport_introspection_c/akari_msgs/msg/detail/m5__type_support.c.o[0m
[18.523s] [ 68%] [32mBuilding C object CMakeFiles/akari_msgs__rosidl_typesupport_introspection_c.dir/rosidl_typesupport_introspection_c/akari_msgs/action/detail/move_joint__type_support.c.o[0m
[18.637s] [ 69%] [32m[1mLinking C shared library libakari_msgs__rosidl_typesupport_introspection_c.so[0m
[18.726s] [ 69%] Built target akari_msgs__rosidl_typesupport_introspection_c
[18.973s] [ 70%] [32m[1mLinking CXX shared library libakari_msgs__rosidl_typesupport_introspection_cpp.so[0m
[19.112s] [ 70%] Built target akari_msgs__rosidl_typesupport_introspection_cpp
[19.196s] [ 71%] [32m[1mLinking CXX shared library libakari_msgs__rosidl_typesupport_fastrtps_cpp.so[0m
[19.336s] [ 71%] Built target akari_msgs__rosidl_typesupport_fastrtps_cpp
[19.673s] [ 74%] [32mBuilding CXX object CMakeFiles/akari_msgs__rosidl_typesupport_c.dir/rosidl_typesupport_c/akari_msgs/srv/set_display_color__type_support.cpp.o[0m
[19.673s] [ 74%] [32mBuilding CXX object CMakeFiles/akari_msgs__rosidl_typesupport_c.dir/rosidl_typesupport_c/akari_msgs/srv/set_display_image__type_support.cpp.o[0m
[19.674s] [ 74%] [32mBuilding CXX object CMakeFiles/akari_msgs__rosidl_typesupport_c.dir/rosidl_typesupport_c/akari_msgs/srv/set_allout__type_support.cpp.o[0m
[19.674s] [ 75%] [32mBuilding CXX object CMakeFiles/akari_msgs__rosidl_typesupport_c.dir/rosidl_typesupport_c/akari_msgs/srv/set_display_text__type_support.cpp.o[0m
[19.753s] [ 77%] [32mBuilding CXX object CMakeFiles/akari_msgs__rosidl_typesupport_c.dir/rosidl_typesupport_c/akari_msgs/srv/set_dout__type_support.cpp.o[0m
[19.753s] [ 77%] [32mBuilding CXX object CMakeFiles/akari_msgs__rosidl_typesupport_c.dir/rosidl_typesupport_c/akari_msgs/srv/set_pwmout__type_support.cpp.o[0m
[19.753s] [ 78%] [32mBuilding CXX object CMakeFiles/akari_msgs__rosidl_typesupport_c.dir/rosidl_typesupport_c/akari_msgs/srv/trigger__type_support.cpp.o[0m
[19.758s] [ 80%] [32mBuilding CXX object CMakeFiles/akari_msgs__rosidl_typesupport_c.dir/rosidl_typesupport_c/akari_msgs/msg/m5__type_support.cpp.o[0m
[19.870s] [ 81%] [32mBuilding CXX object CMakeFiles/akari_msgs__rosidl_typesupport_c.dir/rosidl_typesupport_c/akari_msgs/action/move_joint__type_support.cpp.o[0m
[19.985s] [ 82%] [32m[1mLinking CXX shared library libakari_msgs__rosidl_typesupport_c.so[0m
[20.047s] [ 82%] Built target akari_msgs__rosidl_typesupport_c
[20.074s] [ 82%] Built target akari_msgs
[20.102s] [ 83%] [34m[1mGenerating Python code for ROS interfaces[0m
[23.161s] [ 83%] Built target akari_msgs__py
[23.192s] [ 85%] [32mBuilding C object CMakeFiles/akari_msgs__rosidl_generator_py.dir/rosidl_generator_py/akari_msgs/srv/_set_display_color_s.c.o[0m
[23.193s] [ 86%] [32mBuilding C object CMakeFiles/akari_msgs__rosidl_generator_py.dir/rosidl_generator_py/akari_msgs/srv/_set_display_image_s.c.o[0m
[23.193s] [ 86%] [32mBuilding C object CMakeFiles/akari_msgs__rosidl_generator_py.dir/rosidl_generator_py/akari_msgs/srv/_set_allout_s.c.o[0m
[23.193s] [ 87%] [32mBuilding C object CMakeFiles/akari_msgs__rosidl_generator_py.dir/rosidl_generator_py/akari_msgs/srv/_set_display_text_s.c.o[0m
[23.484s] [ 88%] [32mBuilding C object CMakeFiles/akari_msgs__rosidl_generator_py.dir/rosidl_generator_py/akari_msgs/srv/_set_dout_s.c.o[0m
[23.490s] [ 89%] [32mBuilding C object CMakeFiles/akari_msgs__rosidl_generator_py.dir/rosidl_generator_py/akari_msgs/srv/_trigger_s.c.o[0m
[23.491s] [ 90%] [32mBuilding C object CMakeFiles/akari_msgs__rosidl_generator_py.dir/rosidl_generator_py/akari_msgs/srv/_set_pwmout_s.c.o[0m
[23.503s] [ 91%] [32mBuilding C object CMakeFiles/akari_msgs__rosidl_generator_py.dir/rosidl_generator_py/akari_msgs/msg/_m5_s.c.o[0m
[23.752s] [ 92%] [32mBuilding C object CMakeFiles/akari_msgs__rosidl_generator_py.dir/rosidl_generator_py/akari_msgs/action/_move_joint_s.c.o[0m
[23.981s] [ 93%] [32m[1mLinking C shared library rosidl_generator_py/akari_msgs/libakari_msgs__rosidl_generator_py.so[0m
[24.047s] [ 93%] Built target akari_msgs__rosidl_generator_py
[24.078s] [ 94%] [32mBuilding C object CMakeFiles/akari_msgs__rosidl_typesupport_introspection_c__pyext.dir/rosidl_generator_py/akari_msgs/_akari_msgs_s.ep.rosidl_typesupport_introspection_c.c.o[0m
[24.085s] [ 96%] [32mBuilding C object CMakeFiles/akari_msgs__rosidl_typesupport_c__pyext.dir/rosidl_generator_py/akari_msgs/_akari_msgs_s.ep.rosidl_typesupport_c.c.o[0m
[24.086s] [ 96%] [32mBuilding C object CMakeFiles/akari_msgs__rosidl_typesupport_fastrtps_c__pyext.dir/rosidl_generator_py/akari_msgs/_akari_msgs_s.ep.rosidl_typesupport_fastrtps_c.c.o[0m
[24.383s] [ 97%] [32m[1mLinking C shared library rosidl_generator_py/akari_msgs/akari_msgs_s__rosidl_typesupport_introspection_c.cpython-310-x86_64-linux-gnu.so[0m
[24.457s] [ 97%] Built target akari_msgs__rosidl_typesupport_introspection_c__pyext
[24.495s] [ 98%] [32m[1mLinking C shared library rosidl_generator_py/akari_msgs/akari_msgs_s__rosidl_typesupport_c.cpython-310-x86_64-linux-gnu.so[0m
[24.496s] [100%] [32m[1mLinking C shared library rosidl_generator_py/akari_msgs/akari_msgs_s__rosidl_typesupport_fastrtps_c.cpython-310-x86_64-linux-gnu.so[0m
[24.562s] [100%] Built target akari_msgs__rosidl_typesupport_c__pyext
[24.565s] [100%] Built target akari_msgs__rosidl_typesupport_fastrtps_c__pyext
[24.586s] Invoked command in '/home/akariros/Akari_ros2_humble/build/akari_msgs' returned '0': CMAKE_PREFIX_PATH=/home/akariros/Akari_ros2_humble/install/py_m5serial:/home/akariros/Akari_ros2_humble/install/py_akari_pubsub:/opt/ros/humble /usr/bin/cmake --build /home/akariros/Akari_ros2_humble/build/akari_msgs -- -j4 -l4
[24.867s] Invoking command in '/home/akariros/Akari_ros2_humble/build/akari_msgs': CMAKE_PREFIX_PATH=/home/akariros/Akari_ros2_humble/install/py_m5serial:/home/akariros/Akari_ros2_humble/install/py_akari_pubsub:/opt/ros/humble /usr/bin/cmake --install /home/akariros/Akari_ros2_humble/build/akari_msgs
[24.878s] -- Install configuration: ""
[24.878s] -- Installing: /home/akariros/Akari_ros2_humble/install/akari_msgs/share/ament_index/resource_index/rosidl_interfaces/akari_msgs
[24.878s] -- Installing: /home/akariros/Akari_ros2_humble/install/akari_msgs/include/akari_msgs/akari_msgs
[24.878s] -- Installing: /home/akariros/Akari_ros2_humble/install/akari_msgs/include/akari_msgs/akari_msgs/srv
[24.879s] -- Installing: /home/akariros/Akari_ros2_humble/install/akari_msgs/include/akari_msgs/akari_msgs/srv/set_pwmout.h
[24.879s] -- Installing: /home/akariros/Akari_ros2_humble/install/akari_msgs/include/akari_msgs/akari_msgs/srv/detail
[24.879s] -- Installing: /home/akariros/Akari_ros2_humble/install/akari_msgs/include/akari_msgs/akari_msgs/srv/detail/trigger__type_support.h
[24.879s] -- Installing: /home/akariros/Akari_ros2_humble/install/akari_msgs/include/akari_msgs/akari_msgs/srv/detail/set_display_color__functions.c
[24.879s] -- Installing: /home/akariros/Akari_ros2_humble/install/akari_msgs/include/akari_msgs/akari_msgs/srv/detail/set_display_text__struct.h
[24.880s] -- Installing: /home/akariros/Akari_ros2_humble/install/akari_msgs/include/akari_msgs/akari_msgs/srv/detail/trigger__functions.c
[24.880s] -- Installing: /home/akariros/Akari_ros2_humble/install/akari_msgs/include/akari_msgs/akari_msgs/srv/detail/set_pwmout__struct.h
[24.880s] -- Installing: /home/akariros/Akari_ros2_humble/install/akari_msgs/include/akari_msgs/akari_msgs/srv/detail/set_pwmout__type_support.h
[24.880s] -- Installing: /home/akariros/Akari_ros2_humble/install/akari_msgs/include/akari_msgs/akari_msgs/srv/detail/set_dout__functions.c
[24.880s] -- Installing: /home/akariros/Akari_ros2_humble/install/akari_msgs/include/akari_msgs/akari_msgs/srv/detail/set_allout__type_support.h
[24.880s] -- Installing: /home/akariros/Akari_ros2_humble/install/akari_msgs/include/akari_msgs/akari_msgs/srv/detail/set_dout__functions.h
[24.881s] -- Installing: /home/akariros/Akari_ros2_humble/install/akari_msgs/include/akari_msgs/akari_msgs/srv/detail/set_display_color__functions.h
[24.881s] -- Installing: /home/akariros/Akari_ros2_humble/install/akari_msgs/include/akari_msgs/akari_msgs/srv/detail/trigger__struct.h
[24.881s] -- Installing: /home/akariros/Akari_ros2_humble/install/akari_msgs/include/akari_msgs/akari_msgs/srv/detail/set_display_text__functions.h
[24.881s] -- Installing: /home/akariros/Akari_ros2_humble/install/akari_msgs/include/akari_msgs/akari_msgs/srv/detail/set_pwmout__functions.h
[24.881s] -- Installing: /home/akariros/Akari_ros2_humble/install/akari_msgs/include/akari_msgs/akari_msgs/srv/detail/set_display_image__functions.h
[24.882s] -- Installing: /home/akariros/Akari_ros2_humble/install/akari_msgs/include/akari_msgs/akari_msgs/srv/detail/set_display_color__type_support.h
[24.882s] -- Installing: /home/akariros/Akari_ros2_humble/install/akari_msgs/include/akari_msgs/akari_msgs/srv/detail/set_display_text__functions.c
[24.882s] -- Installing: /home/akariros/Akari_ros2_humble/install/akari_msgs/include/akari_msgs/akari_msgs/srv/detail/set_dout__struct.h
[24.882s] -- Installing: /home/akariros/Akari_ros2_humble/install/akari_msgs/include/akari_msgs/akari_msgs/srv/detail/set_display_image__type_support.h
[24.882s] -- Installing: /home/akariros/Akari_ros2_humble/install/akari_msgs/include/akari_msgs/akari_msgs/srv/detail/set_allout__struct.h
[24.883s] -- Installing: /home/akariros/Akari_ros2_humble/install/akari_msgs/include/akari_msgs/akari_msgs/srv/detail/set_dout__type_support.h
[24.883s] -- Installing: /home/akariros/Akari_ros2_humble/install/akari_msgs/include/akari_msgs/akari_msgs/srv/detail/set_allout__functions.h
[24.883s] -- Installing: /home/akariros/Akari_ros2_humble/install/akari_msgs/include/akari_msgs/akari_msgs/srv/detail/set_pwmout__functions.c
[24.883s] -- Installing: /home/akariros/Akari_ros2_humble/install/akari_msgs/include/akari_msgs/akari_msgs/srv/detail/set_display_image__struct.h
[24.883s] -- Installing: /home/akariros/Akari_ros2_humble/install/akari_msgs/include/akari_msgs/akari_msgs/srv/detail/set_display_text__type_support.h
[24.884s] -- Installing: /home/akariros/Akari_ros2_humble/install/akari_msgs/include/akari_msgs/akari_msgs/srv/detail/set_allout__functions.c
[24.884s] -- Installing: /home/akariros/Akari_ros2_humble/install/akari_msgs/include/akari_msgs/akari_msgs/srv/detail/set_display_color__struct.h
[24.884s] -- Installing: /home/akariros/Akari_ros2_humble/install/akari_msgs/include/akari_msgs/akari_msgs/srv/detail/set_display_image__functions.c
[24.884s] -- Installing: /home/akariros/Akari_ros2_humble/install/akari_msgs/include/akari_msgs/akari_msgs/srv/detail/trigger__functions.h
[24.884s] -- Installing: /home/akariros/Akari_ros2_humble/install/akari_msgs/include/akari_msgs/akari_msgs/srv/trigger.h
[24.884s] -- Installing: /home/akariros/Akari_ros2_humble/install/akari_msgs/include/akari_msgs/akari_msgs/srv/set_display_text.h
[24.885s] -- Installing: /home/akariros/Akari_ros2_humble/install/akari_msgs/include/akari_msgs/akari_msgs/srv/set_display_image.h
[24.885s] -- Installing: /home/akariros/Akari_ros2_humble/install/akari_msgs/include/akari_msgs/akari_msgs/srv/set_dout.h
[24.885s] -- Installing: /home/akariros/Akari_ros2_humble/install/akari_msgs/include/akari_msgs/akari_msgs/srv/set_display_color.h
[24.885s] -- Installing: /home/akariros/Akari_ros2_humble/install/akari_msgs/include/akari_msgs/akari_msgs/srv/set_allout.h
[24.885s] -- Installing: /home/akariros/Akari_ros2_humble/install/akari_msgs/include/akari_msgs/akari_msgs/msg
[24.885s] -- Installing: /home/akariros/Akari_ros2_humble/install/akari_msgs/include/akari_msgs/akari_msgs/msg/rosidl_generator_c__visibility_control.h
[24.886s] -- Installing: /home/akariros/Akari_ros2_humble/install/akari_msgs/include/akari_msgs/akari_msgs/msg/detail
[24.886s] -- Installing: /home/akariros/Akari_ros2_humble/install/akari_msgs/include/akari_msgs/akari_msgs/msg/detail/m5__functions.c
[24.886s] -- Installing: /home/akariros/Akari_ros2_humble/install/akari_msgs/include/akari_msgs/akari_msgs/msg/detail/m5__struct.h
[24.886s] -- Installing: /home/akariros/Akari_ros2_humble/install/akari_msgs/include/akari_msgs/akari_msgs/msg/detail/m5__type_support.h
[24.886s] -- Installing: /home/akariros/Akari_ros2_humble/install/akari_msgs/include/akari_msgs/akari_msgs/msg/detail/m5__functions.h
[24.887s] -- Installing: /home/akariros/Akari_ros2_humble/install/akari_msgs/include/akari_msgs/akari_msgs/msg/m5.h
[24.887s] -- Installing: /home/akariros/Akari_ros2_humble/install/akari_msgs/include/akari_msgs/akari_msgs/action
[24.887s] -- Installing: /home/akariros/Akari_ros2_humble/install/akari_msgs/include/akari_msgs/akari_msgs/action/move_joint.h
[24.887s] -- Installing: /home/akariros/Akari_ros2_humble/install/akari_msgs/include/akari_msgs/akari_msgs/action/detail
[24.887s] -- Installing: /home/akariros/Akari_ros2_humble/install/akari_msgs/include/akari_msgs/akari_msgs/action/detail/move_joint__functions.c
[24.887s] -- Installing: /home/akariros/Akari_ros2_humble/install/akari_msgs/include/akari_msgs/akari_msgs/action/detail/move_joint__functions.h
[24.888s] -- Installing: /home/akariros/Akari_ros2_humble/install/akari_msgs/include/akari_msgs/akari_msgs/action/detail/move_joint__struct.h
[24.888s] -- Installing: /home/akariros/Akari_ros2_humble/install/akari_msgs/include/akari_msgs/akari_msgs/action/detail/move_joint__type_support.h
[24.888s] -- Installing: /home/akariros/Akari_ros2_humble/install/akari_msgs/share/akari_msgs/environment/library_path.sh
[24.888s] -- Installing: /home/akariros/Akari_ros2_humble/install/akari_msgs/share/akari_msgs/environment/library_path.dsv
[24.889s] -- Installing: /home/akariros/Akari_ros2_humble/install/akari_msgs/lib/libakari_msgs__rosidl_generator_c.so
[24.890s] -- Set runtime path of "/home/akariros/Akari_ros2_humble/install/akari_msgs/lib/libakari_msgs__rosidl_generator_c.so" to ""
[24.890s] -- Up-to-date: /home/akariros/Akari_ros2_humble/install/akari_msgs/include/akari_msgs/akari_msgs
[24.890s] -- Up-to-date: /home/akariros/Akari_ros2_humble/install/akari_msgs/include/akari_msgs/akari_msgs/srv
[24.890s] -- Up-to-date: /home/akariros/Akari_ros2_humble/install/akari_msgs/include/akari_msgs/akari_msgs/srv/detail
[24.890s] -- Installing: /home/akariros/Akari_ros2_humble/install/akari_msgs/include/akari_msgs/akari_msgs/srv/detail/set_display_color__rosidl_typesupport_fastrtps_c.h
[24.891s] -- Installing: /home/akariros/Akari_ros2_humble/install/akari_msgs/include/akari_msgs/akari_msgs/srv/detail/set_allout__rosidl_typesupport_fastrtps_c.h
[24.891s] -- Installing: /home/akariros/Akari_ros2_humble/install/akari_msgs/include/akari_msgs/akari_msgs/srv/detail/set_display_image__rosidl_typesupport_fastrtps_c.h
[24.891s] -- Installing: /home/akariros/Akari_ros2_humble/install/akari_msgs/include/akari_msgs/akari_msgs/srv/detail/set_pwmout__rosidl_typesupport_fastrtps_c.h
[24.891s] -- Installing: /home/akariros/Akari_ros2_humble/install/akari_msgs/include/akari_msgs/akari_msgs/srv/detail/trigger__rosidl_typesupport_fastrtps_c.h
[24.891s] -- Installing: /home/akariros/Akari_ros2_humble/install/akari_msgs/include/akari_msgs/akari_msgs/srv/detail/set_dout__rosidl_typesupport_fastrtps_c.h
[24.891s] -- Installing: /home/akariros/Akari_ros2_humble/install/akari_msgs/include/akari_msgs/akari_msgs/srv/detail/set_display_text__rosidl_typesupport_fastrtps_c.h
[24.892s] -- Up-to-date: /home/akariros/Akari_ros2_humble/install/akari_msgs/include/akari_msgs/akari_msgs/msg
[24.892s] -- Up-to-date: /home/akariros/Akari_ros2_humble/install/akari_msgs/include/akari_msgs/akari_msgs/msg/detail
[24.892s] -- Installing: /home/akariros/Akari_ros2_humble/install/akari_msgs/include/akari_msgs/akari_msgs/msg/detail/m5__rosidl_typesupport_fastrtps_c.h
[24.892s] -- Installing: /home/akariros/Akari_ros2_humble/install/akari_msgs/include/akari_msgs/akari_msgs/msg/rosidl_typesupport_fastrtps_c__visibility_control.h
[24.892s] -- Up-to-date: /home/akariros/Akari_ros2_humble/install/akari_msgs/include/akari_msgs/akari_msgs/action
[24.893s] -- Up-to-date: /home/akariros/Akari_ros2_humble/install/akari_msgs/include/akari_msgs/akari_msgs/action/detail
[24.893s] -- Installing: /home/akariros/Akari_ros2_humble/install/akari_msgs/include/akari_msgs/akari_msgs/action/detail/move_joint__rosidl_typesupport_fastrtps_c.h
[24.893s] -- Installing: /home/akariros/Akari_ros2_humble/install/akari_msgs/lib/libakari_msgs__rosidl_typesupport_fastrtps_c.so
[24.893s] -- Set runtime path of "/home/akariros/Akari_ros2_humble/install/akari_msgs/lib/libakari_msgs__rosidl_typesupport_fastrtps_c.so" to ""
[24.893s] -- Up-to-date: /home/akariros/Akari_ros2_humble/install/akari_msgs/include/akari_msgs/akari_msgs
[24.894s] -- Up-to-date: /home/akariros/Akari_ros2_humble/install/akari_msgs/include/akari_msgs/akari_msgs/srv
[24.894s] -- Installing: /home/akariros/Akari_ros2_humble/install/akari_msgs/include/akari_msgs/akari_msgs/srv/set_display_text.hpp
[24.894s] -- Installing: /home/akariros/Akari_ros2_humble/install/akari_msgs/include/akari_msgs/akari_msgs/srv/set_display_image.hpp
[24.894s] -- Installing: /home/akariros/Akari_ros2_humble/install/akari_msgs/include/akari_msgs/akari_msgs/srv/set_allout.hpp
[24.894s] -- Up-to-date: /home/akariros/Akari_ros2_humble/install/akari_msgs/include/akari_msgs/akari_msgs/srv/detail
[24.894s] -- Installing: /home/akariros/Akari_ros2_humble/install/akari_msgs/include/akari_msgs/akari_msgs/srv/detail/trigger__struct.hpp
[24.895s] -- Installing: /home/akariros/Akari_ros2_humble/install/akari_msgs/include/akari_msgs/akari_msgs/srv/detail/set_display_text__traits.hpp
[24.895s] -- Installing: /home/akariros/Akari_ros2_humble/install/akari_msgs/include/akari_msgs/akari_msgs/srv/detail/set_display_text__builder.hpp
[24.895s] -- Installing: /home/akariros/Akari_ros2_humble/install/akari_msgs/include/akari_msgs/akari_msgs/srv/detail/trigger__builder.hpp
[24.895s] -- Installing: /home/akariros/Akari_ros2_humble/install/akari_msgs/include/akari_msgs/akari_msgs/srv/detail/set_allout__struct.hpp
[24.895s] -- Installing: /home/akariros/Akari_ros2_humble/install/akari_msgs/include/akari_msgs/akari_msgs/srv/detail/set_display_color__struct.hpp
[24.895s] -- Installing: /home/akariros/Akari_ros2_humble/install/akari_msgs/include/akari_msgs/akari_msgs/srv/detail/set_display_text__struct.hpp
[24.896s] -- Installing: /home/akariros/Akari_ros2_humble/install/akari_msgs/include/akari_msgs/akari_msgs/srv/detail/set_dout__struct.hpp
[24.896s] -- Installing: /home/akariros/Akari_ros2_humble/install/akari_msgs/include/akari_msgs/akari_msgs/srv/detail/trigger__traits.hpp
[24.896s] -- Installing: /home/akariros/Akari_ros2_humble/install/akari_msgs/include/akari_msgs/akari_msgs/srv/detail/set_pwmout__struct.hpp
[24.896s] -- Installing: /home/akariros/Akari_ros2_humble/install/akari_msgs/include/akari_msgs/akari_msgs/srv/detail/set_allout__builder.hpp
[24.896s] -- Installing: /home/akariros/Akari_ros2_humble/install/akari_msgs/include/akari_msgs/akari_msgs/srv/detail/set_display_color__builder.hpp
[24.896s] -- Installing: /home/akariros/Akari_ros2_humble/install/akari_msgs/include/akari_msgs/akari_msgs/srv/detail/set_display_image__traits.hpp
[24.897s] -- Installing: /home/akariros/Akari_ros2_humble/install/akari_msgs/include/akari_msgs/akari_msgs/srv/detail/set_dout__builder.hpp
[24.897s] -- Installing: /home/akariros/Akari_ros2_humble/install/akari_msgs/include/akari_msgs/akari_msgs/srv/detail/set_display_color__traits.hpp
[24.897s] -- Installing: /home/akariros/Akari_ros2_humble/install/akari_msgs/include/akari_msgs/akari_msgs/srv/detail/set_display_image__struct.hpp
[24.897s] -- Installing: /home/akariros/Akari_ros2_humble/install/akari_msgs/include/akari_msgs/akari_msgs/srv/detail/set_pwmout__builder.hpp
[24.897s] -- Installing: /home/akariros/Akari_ros2_humble/install/akari_msgs/include/akari_msgs/akari_msgs/srv/detail/set_dout__traits.hpp
[24.898s] -- Installing: /home/akariros/Akari_ros2_humble/install/akari_msgs/include/akari_msgs/akari_msgs/srv/detail/set_allout__traits.hpp
[24.898s] -- Installing: /home/akariros/Akari_ros2_humble/install/akari_msgs/include/akari_msgs/akari_msgs/srv/detail/set_display_image__builder.hpp
[24.898s] -- Installing: /home/akariros/Akari_ros2_humble/install/akari_msgs/include/akari_msgs/akari_msgs/srv/detail/set_pwmout__traits.hpp
[24.898s] -- Installing: /home/akariros/Akari_ros2_humble/install/akari_msgs/include/akari_msgs/akari_msgs/srv/set_display_color.hpp
[24.898s] -- Installing: /home/akariros/Akari_ros2_humble/install/akari_msgs/include/akari_msgs/akari_msgs/srv/set_dout.hpp
[24.899s] -- Installing: /home/akariros/Akari_ros2_humble/install/akari_msgs/include/akari_msgs/akari_msgs/srv/trigger.hpp
[24.899s] -- Installing: /home/akariros/Akari_ros2_humble/install/akari_msgs/include/akari_msgs/akari_msgs/srv/set_pwmout.hpp
[24.899s] -- Up-to-date: /home/akariros/Akari_ros2_humble/install/akari_msgs/include/akari_msgs/akari_msgs/msg
[24.899s] -- Up-to-date: /home/akariros/Akari_ros2_humble/install/akari_msgs/include/akari_msgs/akari_msgs/msg/detail
[24.899s] -- Installing: /home/akariros/Akari_ros2_humble/install/akari_msgs/include/akari_msgs/akari_msgs/msg/detail/m5__traits.hpp
[24.899s] -- Installing: /home/akariros/Akari_ros2_humble/install/akari_msgs/include/akari_msgs/akari_msgs/msg/detail/m5__struct.hpp
[24.900s] -- Installing: /home/akariros/Akari_ros2_humble/install/akari_msgs/include/akari_msgs/akari_msgs/msg/detail/m5__builder.hpp
[24.900s] -- Installing: /home/akariros/Akari_ros2_humble/install/akari_msgs/include/akari_msgs/akari_msgs/msg/m5.hpp
[24.900s] -- Up-to-date: /home/akariros/Akari_ros2_humble/install/akari_msgs/include/akari_msgs/akari_msgs/action
[24.900s] -- Up-to-date: /home/akariros/Akari_ros2_humble/install/akari_msgs/include/akari_msgs/akari_msgs/action/detail
[24.900s] -- Installing: /home/akariros/Akari_ros2_humble/install/akari_msgs/include/akari_msgs/akari_msgs/action/detail/move_joint__traits.hpp
[24.900s] -- Installing: /home/akariros/Akari_ros2_humble/install/akari_msgs/include/akari_msgs/akari_msgs/action/detail/move_joint__builder.hpp
[24.901s] -- Installing: /home/akariros/Akari_ros2_humble/install/akari_msgs/include/akari_msgs/akari_msgs/action/detail/move_joint__struct.hpp
[24.901s] -- Installing: /home/akariros/Akari_ros2_humble/install/akari_msgs/include/akari_msgs/akari_msgs/action/move_joint.hpp
[24.901s] -- Up-to-date: /home/akariros/Akari_ros2_humble/install/akari_msgs/include/akari_msgs/akari_msgs
[24.901s] -- Up-to-date: /home/akariros/Akari_ros2_humble/install/akari_msgs/include/akari_msgs/akari_msgs/srv
[24.901s] -- Up-to-date: /home/akariros/Akari_ros2_humble/install/akari_msgs/include/akari_msgs/akari_msgs/srv/detail
[24.902s] -- Installing: /home/akariros/Akari_ros2_humble/install/akari_msgs/include/akari_msgs/akari_msgs/srv/detail/dds_fastrtps
[24.902s] -- Installing: /home/akariros/Akari_ros2_humble/install/akari_msgs/include/akari_msgs/akari_msgs/srv/detail/set_pwmout__rosidl_typesupport_fastrtps_cpp.hpp
[24.902s] -- Installing: /home/akariros/Akari_ros2_humble/install/akari_msgs/include/akari_msgs/akari_msgs/srv/detail/set_display_text__rosidl_typesupport_fastrtps_cpp.hpp
[24.902s] -- Installing: /home/akariros/Akari_ros2_humble/install/akari_msgs/include/akari_msgs/akari_msgs/srv/detail/trigger__rosidl_typesupport_fastrtps_cpp.hpp
[24.902s] -- Installing: /home/akariros/Akari_ros2_humble/install/akari_msgs/include/akari_msgs/akari_msgs/srv/detail/set_dout__rosidl_typesupport_fastrtps_cpp.hpp
[24.902s] -- Installing: /home/akariros/Akari_ros2_humble/install/akari_msgs/include/akari_msgs/akari_msgs/srv/detail/set_display_image__rosidl_typesupport_fastrtps_cpp.hpp
[24.903s] -- Installing: /home/akariros/Akari_ros2_humble/install/akari_msgs/include/akari_msgs/akari_msgs/srv/detail/set_allout__rosidl_typesupport_fastrtps_cpp.hpp
[24.903s] -- Installing: /home/akariros/Akari_ros2_humble/install/akari_msgs/include/akari_msgs/akari_msgs/srv/detail/set_display_color__rosidl_typesupport_fastrtps_cpp.hpp
[24.903s] -- Up-to-date: /home/akariros/Akari_ros2_humble/install/akari_msgs/include/akari_msgs/akari_msgs/msg
[24.903s] -- Installing: /home/akariros/Akari_ros2_humble/install/akari_msgs/include/akari_msgs/akari_msgs/msg/rosidl_typesupport_fastrtps_cpp__visibility_control.h
[24.903s] -- Up-to-date: /home/akariros/Akari_ros2_humble/install/akari_msgs/include/akari_msgs/akari_msgs/msg/detail
[24.903s] -- Installing: /home/akariros/Akari_ros2_humble/install/akari_msgs/include/akari_msgs/akari_msgs/msg/detail/dds_fastrtps
[24.904s] -- Installing: /home/akariros/Akari_ros2_humble/install/akari_msgs/include/akari_msgs/akari_msgs/msg/detail/m5__rosidl_typesupport_fastrtps_cpp.hpp
[24.904s] -- Up-to-date: /home/akariros/Akari_ros2_humble/install/akari_msgs/include/akari_msgs/akari_msgs/action
[24.904s] -- Up-to-date: /home/akariros/Akari_ros2_humble/install/akari_msgs/include/akari_msgs/akari_msgs/action/detail
[24.904s] -- Installing: /home/akariros/Akari_ros2_humble/install/akari_msgs/include/akari_msgs/akari_msgs/action/detail/dds_fastrtps
[24.904s] -- Installing: /home/akariros/Akari_ros2_humble/install/akari_msgs/include/akari_msgs/akari_msgs/action/detail/move_joint__rosidl_typesupport_fastrtps_cpp.hpp
[24.904s] -- Installing: /home/akariros/Akari_ros2_humble/install/akari_msgs/lib/libakari_msgs__rosidl_typesupport_fastrtps_cpp.so
[24.905s] -- Set runtime path of "/home/akariros/Akari_ros2_humble/install/akari_msgs/lib/libakari_msgs__rosidl_typesupport_fastrtps_cpp.so" to ""
[24.906s] -- Up-to-date: /home/akariros/Akari_ros2_humble/install/akari_msgs/include/akari_msgs/akari_msgs
[24.906s] -- Up-to-date: /home/akariros/Akari_ros2_humble/install/akari_msgs/include/akari_msgs/akari_msgs/srv
[24.906s] -- Up-to-date: /home/akariros/Akari_ros2_humble/install/akari_msgs/include/akari_msgs/akari_msgs/srv/detail
[24.906s] -- Installing: /home/akariros/Akari_ros2_humble/install/akari_msgs/include/akari_msgs/akari_msgs/srv/detail/set_allout__rosidl_typesupport_introspection_c.h
[24.906s] -- Installing: /home/akariros/Akari_ros2_humble/install/akari_msgs/include/akari_msgs/akari_msgs/srv/detail/set_display_image__type_support.c
[24.906s] -- Installing: /home/akariros/Akari_ros2_humble/install/akari_msgs/include/akari_msgs/akari_msgs/srv/detail/trigger__type_support.c
[24.907s] -- Installing: /home/akariros/Akari_ros2_humble/install/akari_msgs/include/akari_msgs/akari_msgs/srv/detail/set_pwmout__type_support.c
[24.907s] -- Installing: /home/akariros/Akari_ros2_humble/install/akari_msgs/include/akari_msgs/akari_msgs/srv/detail/set_pwmout__rosidl_typesupport_introspection_c.h
[24.907s] -- Installing: /home/akariros/Akari_ros2_humble/install/akari_msgs/include/akari_msgs/akari_msgs/srv/detail/set_display_text__rosidl_typesupport_introspection_c.h
[24.907s] -- Installing: /home/akariros/Akari_ros2_humble/install/akari_msgs/include/akari_msgs/akari_msgs/srv/detail/set_display_color__rosidl_typesupport_introspection_c.h
[24.907s] -- Installing: /home/akariros/Akari_ros2_humble/install/akari_msgs/include/akari_msgs/akari_msgs/srv/detail/set_display_text__type_support.c
[24.908s] -- Installing: /home/akariros/Akari_ros2_humble/install/akari_msgs/include/akari_msgs/akari_msgs/srv/detail/set_dout__type_support.c
[24.908s] -- Installing: /home/akariros/Akari_ros2_humble/install/akari_msgs/include/akari_msgs/akari_msgs/srv/detail/trigger__rosidl_typesupport_introspection_c.h
[24.908s] -- Installing: /home/akariros/Akari_ros2_humble/install/akari_msgs/include/akari_msgs/akari_msgs/srv/detail/set_dout__rosidl_typesupport_introspection_c.h
[24.908s] -- Installing: /home/akariros/Akari_ros2_humble/install/akari_msgs/include/akari_msgs/akari_msgs/srv/detail/set_display_color__type_support.c
[24.908s] -- Installing: /home/akariros/Akari_ros2_humble/install/akari_msgs/include/akari_msgs/akari_msgs/srv/detail/set_allout__type_support.c
[24.909s] -- Installing: /home/akariros/Akari_ros2_humble/install/akari_msgs/include/akari_msgs/akari_msgs/srv/detail/set_display_image__rosidl_typesupport_introspection_c.h
[24.909s] -- Up-to-date: /home/akariros/Akari_ros2_humble/install/akari_msgs/include/akari_msgs/akari_msgs/msg
[24.909s] -- Installing: /home/akariros/Akari_ros2_humble/install/akari_msgs/include/akari_msgs/akari_msgs/msg/rosidl_typesupport_introspection_c__visibility_control.h
[24.909s] -- Up-to-date: /home/akariros/Akari_ros2_humble/install/akari_msgs/include/akari_msgs/akari_msgs/msg/detail
[24.909s] -- Installing: /home/akariros/Akari_ros2_humble/install/akari_msgs/include/akari_msgs/akari_msgs/msg/detail/m5__type_support.c
[24.910s] -- Installing: /home/akariros/Akari_ros2_humble/install/akari_msgs/include/akari_msgs/akari_msgs/msg/detail/m5__rosidl_typesupport_introspection_c.h
[24.910s] -- Up-to-date: /home/akariros/Akari_ros2_humble/install/akari_msgs/include/akari_msgs/akari_msgs/action
[24.910s] -- Up-to-date: /home/akariros/Akari_ros2_humble/install/akari_msgs/include/akari_msgs/akari_msgs/action/detail
[24.910s] -- Installing: /home/akariros/Akari_ros2_humble/install/akari_msgs/include/akari_msgs/akari_msgs/action/detail/move_joint__rosidl_typesupport_introspection_c.h
[24.910s] -- Installing: /home/akariros/Akari_ros2_humble/install/akari_msgs/include/akari_msgs/akari_msgs/action/detail/move_joint__type_support.c
[24.910s] -- Installing: /home/akariros/Akari_ros2_humble/install/akari_msgs/lib/libakari_msgs__rosidl_typesupport_introspection_c.so
[24.911s] -- Set runtime path of "/home/akariros/Akari_ros2_humble/install/akari_msgs/lib/libakari_msgs__rosidl_typesupport_introspection_c.so" to ""
[24.911s] -- Installing: /home/akariros/Akari_ros2_humble/install/akari_msgs/lib/libakari_msgs__rosidl_typesupport_c.so
[24.911s] -- Set runtime path of "/home/akariros/Akari_ros2_humble/install/akari_msgs/lib/libakari_msgs__rosidl_typesupport_c.so" to ""
[24.911s] -- Up-to-date: /home/akariros/Akari_ros2_humble/install/akari_msgs/include/akari_msgs/akari_msgs
[24.911s] -- Up-to-date: /home/akariros/Akari_ros2_humble/install/akari_msgs/include/akari_msgs/akari_msgs/srv
[24.912s] -- Up-to-date: /home/akariros/Akari_ros2_humble/install/akari_msgs/include/akari_msgs/akari_msgs/srv/detail
[24.912s] -- Installing: /home/akariros/Akari_ros2_humble/install/akari_msgs/include/akari_msgs/akari_msgs/srv/detail/set_display_color__type_support.cpp
[24.912s] -- Installing: /home/akariros/Akari_ros2_humble/install/akari_msgs/include/akari_msgs/akari_msgs/srv/detail/set_dout__type_support.cpp
[24.912s] -- Installing: /home/akariros/Akari_ros2_humble/install/akari_msgs/include/akari_msgs/akari_msgs/srv/detail/set_allout__type_support.cpp
[24.912s] -- Installing: /home/akariros/Akari_ros2_humble/install/akari_msgs/include/akari_msgs/akari_msgs/srv/detail/set_dout__rosidl_typesupport_introspection_cpp.hpp
[24.913s] -- Installing: /home/akariros/Akari_ros2_humble/install/akari_msgs/include/akari_msgs/akari_msgs/srv/detail/set_pwmout__rosidl_typesupport_introspection_cpp.hpp
[24.913s] -- Installing: /home/akariros/Akari_ros2_humble/install/akari_msgs/include/akari_msgs/akari_msgs/srv/detail/set_display_image__rosidl_typesupport_introspection_cpp.hpp
[24.913s] -- Installing: /home/akariros/Akari_ros2_humble/install/akari_msgs/include/akari_msgs/akari_msgs/srv/detail/set_display_text__type_support.cpp
[24.913s] -- Installing: /home/akariros/Akari_ros2_humble/install/akari_msgs/include/akari_msgs/akari_msgs/srv/detail/set_display_image__type_support.cpp
[24.913s] -- Installing: /home/akariros/Akari_ros2_humble/install/akari_msgs/include/akari_msgs/akari_msgs/srv/detail/set_allout__rosidl_typesupport_introspection_cpp.hpp
[24.914s] -- Installing: /home/akariros/Akari_ros2_humble/install/akari_msgs/include/akari_msgs/akari_msgs/srv/detail/set_display_text__rosidl_typesupport_introspection_cpp.hpp
[24.914s] -- Installing: /home/akariros/Akari_ros2_humble/install/akari_msgs/include/akari_msgs/akari_msgs/srv/detail/set_pwmout__type_support.cpp
[24.914s] -- Installing: /home/akariros/Akari_ros2_humble/install/akari_msgs/include/akari_msgs/akari_msgs/srv/detail/set_display_color__rosidl_typesupport_introspection_cpp.hpp
[24.914s] -- Installing: /home/akariros/Akari_ros2_humble/install/akari_msgs/include/akari_msgs/akari_msgs/srv/detail/trigger__type_support.cpp
[24.914s] -- Installing: /home/akariros/Akari_ros2_humble/install/akari_msgs/include/akari_msgs/akari_msgs/srv/detail/trigger__rosidl_typesupport_introspection_cpp.hpp
[24.915s] -- Up-to-date: /home/akariros/Akari_ros2_humble/install/akari_msgs/include/akari_msgs/akari_msgs/msg
[24.915s] -- Up-to-date: /home/akariros/Akari_ros2_humble/install/akari_msgs/include/akari_msgs/akari_msgs/msg/detail
[24.915s] -- Installing: /home/akariros/Akari_ros2_humble/install/akari_msgs/include/akari_msgs/akari_msgs/msg/detail/m5__type_support.cpp
[24.915s] -- Installing: /home/akariros/Akari_ros2_humble/install/akari_msgs/include/akari_msgs/akari_msgs/msg/detail/m5__rosidl_typesupport_introspection_cpp.hpp
[24.916s] -- Up-to-date: /home/akariros/Akari_ros2_humble/install/akari_msgs/include/akari_msgs/akari_msgs/action
[24.916s] -- Up-to-date: /home/akariros/Akari_ros2_humble/install/akari_msgs/include/akari_msgs/akari_msgs/action/detail
[24.916s] -- Installing: /home/akariros/Akari_ros2_humble/install/akari_msgs/include/akari_msgs/akari_msgs/action/detail/move_joint__type_support.cpp
[24.916s] -- Installing: /home/akariros/Akari_ros2_humble/install/akari_msgs/include/akari_msgs/akari_msgs/action/detail/move_joint__rosidl_typesupport_introspection_cpp.hpp
[24.916s] -- Installing: /home/akariros/Akari_ros2_humble/install/akari_msgs/lib/libakari_msgs__rosidl_typesupport_introspection_cpp.so
[24.917s] -- Set runtime path of "/home/akariros/Akari_ros2_humble/install/akari_msgs/lib/libakari_msgs__rosidl_typesupport_introspection_cpp.so" to ""
[24.917s] -- Installing: /home/akariros/Akari_ros2_humble/install/akari_msgs/lib/libakari_msgs__rosidl_typesupport_cpp.so
[24.917s] -- Set runtime path of "/home/akariros/Akari_ros2_humble/install/akari_msgs/lib/libakari_msgs__rosidl_typesupport_cpp.so" to ""
[24.917s] -- Installing: /home/akariros/Akari_ros2_humble/install/akari_msgs/share/akari_msgs/environment/pythonpath.sh
[24.918s] -- Installing: /home/akariros/Akari_ros2_humble/install/akari_msgs/share/akari_msgs/environment/pythonpath.dsv
[24.918s] -- Installing: /home/akariros/Akari_ros2_humble/install/akari_msgs/local/lib/python3.10/dist-packages/akari_msgs-0.0.0-py3.10.egg-info
[24.918s] -- Installing: /home/akariros/Akari_ros2_humble/install/akari_msgs/local/lib/python3.10/dist-packages/akari_msgs-0.0.0-py3.10.egg-info/SOURCES.txt
[24.919s] -- Installing: /home/akariros/Akari_ros2_humble/install/akari_msgs/local/lib/python3.10/dist-packages/akari_msgs-0.0.0-py3.10.egg-info/top_level.txt
[24.919s] -- Installing: /home/akariros/Akari_ros2_humble/install/akari_msgs/local/lib/python3.10/dist-packages/akari_msgs-0.0.0-py3.10.egg-info/dependency_links.txt
[24.919s] -- Installing: /home/akariros/Akari_ros2_humble/install/akari_msgs/local/lib/python3.10/dist-packages/akari_msgs-0.0.0-py3.10.egg-info/PKG-INFO
[24.919s] -- Installing: /home/akariros/Akari_ros2_humble/install/akari_msgs/local/lib/python3.10/dist-packages/akari_msgs
[24.920s] -- Installing: /home/akariros/Akari_ros2_humble/install/akari_msgs/local/lib/python3.10/dist-packages/akari_msgs/_akari_msgs_s.ep.rosidl_typesupport_fastrtps_c.c
[24.920s] -- Installing: /home/akariros/Akari_ros2_humble/install/akari_msgs/local/lib/python3.10/dist-packages/akari_msgs/srv
[24.920s] -- Installing: /home/akariros/Akari_ros2_humble/install/akari_msgs/local/lib/python3.10/dist-packages/akari_msgs/srv/_set_display_image_s.c
[24.920s] -- Installing: /home/akariros/Akari_ros2_humble/install/akari_msgs/local/lib/python3.10/dist-packages/akari_msgs/srv/__init__.py
[24.920s] -- Installing: /home/akariros/Akari_ros2_humble/install/akari_msgs/local/lib/python3.10/dist-packages/akari_msgs/srv/_set_display_text.py
[24.921s] -- Installing: /home/akariros/Akari_ros2_humble/install/akari_msgs/local/lib/python3.10/dist-packages/akari_msgs/srv/_set_pwmout_s.c
[24.921s] -- Installing: /home/akariros/Akari_ros2_humble/install/akari_msgs/local/lib/python3.10/dist-packages/akari_msgs/srv/_set_allout_s.c
[24.921s] -- Installing: /home/akariros/Akari_ros2_humble/install/akari_msgs/local/lib/python3.10/dist-packages/akari_msgs/srv/_set_display_image.py
[24.921s] -- Installing: /home/akariros/Akari_ros2_humble/install/akari_msgs/local/lib/python3.10/dist-packages/akari_msgs/srv/_trigger.py
[24.922s] -- Installing: /home/akariros/Akari_ros2_humble/install/akari_msgs/local/lib/python3.10/dist-packages/akari_msgs/srv/_set_display_color.py
[24.922s] -- Installing: /home/akariros/Akari_ros2_humble/install/akari_msgs/local/lib/python3.10/dist-packages/akari_msgs/srv/_set_display_text_s.c
[24.922s] -- Installing: /home/akariros/Akari_ros2_humble/install/akari_msgs/local/lib/python3.10/dist-packages/akari_msgs/srv/_set_allout.py
[24.922s] -- Installing: /home/akariros/Akari_ros2_humble/install/akari_msgs/local/lib/python3.10/dist-packages/akari_msgs/srv/_set_dout_s.c
[24.922s] -- Installing: /home/akariros/Akari_ros2_humble/install/akari_msgs/local/lib/python3.10/dist-packages/akari_msgs/srv/_trigger_s.c
[24.923s] -- Installing: /home/akariros/Akari_ros2_humble/install/akari_msgs/local/lib/python3.10/dist-packages/akari_msgs/srv/_set_display_color_s.c
[24.923s] -- Installing: /home/akariros/Akari_ros2_humble/install/akari_msgs/local/lib/python3.10/dist-packages/akari_msgs/srv/_set_pwmout.py
[24.923s] -- Installing: /home/akariros/Akari_ros2_humble/install/akari_msgs/local/lib/python3.10/dist-packages/akari_msgs/srv/_set_dout.py
[24.923s] -- Installing: /home/akariros/Akari_ros2_humble/install/akari_msgs/local/lib/python3.10/dist-packages/akari_msgs/akari_msgs_s__rosidl_typesupport_c.cpython-310-x86_64-linux-gnu.so
[24.923s] -- Installing: /home/akariros/Akari_ros2_humble/install/akari_msgs/local/lib/python3.10/dist-packages/akari_msgs/__init__.py
[24.924s] -- Installing: /home/akariros/Akari_ros2_humble/install/akari_msgs/local/lib/python3.10/dist-packages/akari_msgs/libakari_msgs__rosidl_generator_py.so
[24.924s] -- Installing: /home/akariros/Akari_ros2_humble/install/akari_msgs/local/lib/python3.10/dist-packages/akari_msgs/msg
[24.924s] -- Installing: /home/akariros/Akari_ros2_humble/install/akari_msgs/local/lib/python3.10/dist-packages/akari_msgs/msg/_m5_s.c
[24.924s] -- Installing: /home/akariros/Akari_ros2_humble/install/akari_msgs/local/lib/python3.10/dist-packages/akari_msgs/msg/__init__.py
[24.925s] -- Installing: /home/akariros/Akari_ros2_humble/install/akari_msgs/local/lib/python3.10/dist-packages/akari_msgs/msg/_m5.py
[24.925s] -- Installing: /home/akariros/Akari_ros2_humble/install/akari_msgs/local/lib/python3.10/dist-packages/akari_msgs/_akari_msgs_s.ep.rosidl_typesupport_introspection_c.c
[24.925s] -- Installing: /home/akariros/Akari_ros2_humble/install/akari_msgs/local/lib/python3.10/dist-packages/akari_msgs/akari_msgs_s__rosidl_typesupport_fastrtps_c.cpython-310-x86_64-linux-gnu.so
[24.925s] -- Installing: /home/akariros/Akari_ros2_humble/install/akari_msgs/local/lib/python3.10/dist-packages/akari_msgs/akari_msgs_s__rosidl_typesupport_introspection_c.cpython-310-x86_64-linux-gnu.so
[24.925s] -- Installing: /home/akariros/Akari_ros2_humble/install/akari_msgs/local/lib/python3.10/dist-packages/akari_msgs/action
[24.926s] -- Installing: /home/akariros/Akari_ros2_humble/install/akari_msgs/local/lib/python3.10/dist-packages/akari_msgs/action/_move_joint.py
[24.926s] -- Installing: /home/akariros/Akari_ros2_humble/install/akari_msgs/local/lib/python3.10/dist-packages/akari_msgs/action/__init__.py
[24.926s] -- Installing: /home/akariros/Akari_ros2_humble/install/akari_msgs/local/lib/python3.10/dist-packages/akari_msgs/action/_move_joint_s.c
[24.926s] -- Installing: /home/akariros/Akari_ros2_humble/install/akari_msgs/local/lib/python3.10/dist-packages/akari_msgs/_akari_msgs_s.ep.rosidl_typesupport_c.c
[25.007s] Listing '/home/akariros/Akari_ros2_humble/install/akari_msgs/local/lib/python3.10/dist-packages/akari_msgs'...
[25.007s] Compiling '/home/akariros/Akari_ros2_humble/install/akari_msgs/local/lib/python3.10/dist-packages/akari_msgs/__init__.py'...
[25.007s] Listing '/home/akariros/Akari_ros2_humble/install/akari_msgs/local/lib/python3.10/dist-packages/akari_msgs/action'...
[25.007s] Compiling '/home/akariros/Akari_ros2_humble/install/akari_msgs/local/lib/python3.10/dist-packages/akari_msgs/action/__init__.py'...
[25.007s] Compiling '/home/akariros/Akari_ros2_humble/install/akari_msgs/local/lib/python3.10/dist-packages/akari_msgs/action/_move_joint.py'...
[25.007s] Listing '/home/akariros/Akari_ros2_humble/install/akari_msgs/local/lib/python3.10/dist-packages/akari_msgs/msg'...
[25.008s] Compiling '/home/akariros/Akari_ros2_humble/install/akari_msgs/local/lib/python3.10/dist-packages/akari_msgs/msg/__init__.py'...
[25.008s] Compiling '/home/akariros/Akari_ros2_humble/install/akari_msgs/local/lib/python3.10/dist-packages/akari_msgs/msg/_m5.py'...
[25.008s] Listing '/home/akariros/Akari_ros2_humble/install/akari_msgs/local/lib/python3.10/dist-packages/akari_msgs/srv'...
[25.008s] Compiling '/home/akariros/Akari_ros2_humble/install/akari_msgs/local/lib/python3.10/dist-packages/akari_msgs/srv/__init__.py'...
[25.008s] Compiling '/home/akariros/Akari_ros2_humble/install/akari_msgs/local/lib/python3.10/dist-packages/akari_msgs/srv/_set_allout.py'...
[25.008s] Compiling '/home/akariros/Akari_ros2_humble/install/akari_msgs/local/lib/python3.10/dist-packages/akari_msgs/srv/_set_display_color.py'...
[25.008s] Compiling '/home/akariros/Akari_ros2_humble/install/akari_msgs/local/lib/python3.10/dist-packages/akari_msgs/srv/_set_display_image.py'...
[25.008s] Compiling '/home/akariros/Akari_ros2_humble/install/akari_msgs/local/lib/python3.10/dist-packages/akari_msgs/srv/_set_display_text.py'...
[25.008s] Compiling '/home/akariros/Akari_ros2_humble/install/akari_msgs/local/lib/python3.10/dist-packages/akari_msgs/srv/_set_dout.py'...
[25.008s] Compiling '/home/akariros/Akari_ros2_humble/install/akari_msgs/local/lib/python3.10/dist-packages/akari_msgs/srv/_set_pwmout.py'...
[25.008s] Compiling '/home/akariros/Akari_ros2_humble/install/akari_msgs/local/lib/python3.10/dist-packages/akari_msgs/srv/_trigger.py'...
[25.014s] -- Installing: /home/akariros/Akari_ros2_humble/install/akari_msgs/local/lib/python3.10/dist-packages/akari_msgs/akari_msgs_s__rosidl_typesupport_fastrtps_c.cpython-310-x86_64-linux-gnu.so
[25.015s] -- Set runtime path of "/home/akariros/Akari_ros2_humble/install/akari_msgs/local/lib/python3.10/dist-packages/akari_msgs/akari_msgs_s__rosidl_typesupport_fastrtps_c.cpython-310-x86_64-linux-gnu.so" to ""
[25.015s] -- Installing: /home/akariros/Akari_ros2_humble/install/akari_msgs/local/lib/python3.10/dist-packages/akari_msgs/akari_msgs_s__rosidl_typesupport_introspection_c.cpython-310-x86_64-linux-gnu.so
[25.016s] -- Set runtime path of "/home/akariros/Akari_ros2_humble/install/akari_msgs/local/lib/python3.10/dist-packages/akari_msgs/akari_msgs_s__rosidl_typesupport_introspection_c.cpython-310-x86_64-linux-gnu.so" to ""
[25.016s] -- Installing: /home/akariros/Akari_ros2_humble/install/akari_msgs/local/lib/python3.10/dist-packages/akari_msgs/akari_msgs_s__rosidl_typesupport_c.cpython-310-x86_64-linux-gnu.so
[25.017s] -- Set runtime path of "/home/akariros/Akari_ros2_humble/install/akari_msgs/local/lib/python3.10/dist-packages/akari_msgs/akari_msgs_s__rosidl_typesupport_c.cpython-310-x86_64-linux-gnu.so" to ""
[25.017s] -- Installing: /home/akariros/Akari_ros2_humble/install/akari_msgs/lib/libakari_msgs__rosidl_generator_py.so
[25.018s] -- Set runtime path of "/home/akariros/Akari_ros2_humble/install/akari_msgs/lib/libakari_msgs__rosidl_generator_py.so" to ""
[25.018s] -- Installing: /home/akariros/Akari_ros2_humble/install/akari_msgs/share/akari_msgs/srv/SetAllout.idl
[25.018s] -- Installing: /home/akariros/Akari_ros2_humble/install/akari_msgs/share/akari_msgs/srv/SetDisplayColor.idl
[25.019s] -- Installing: /home/akariros/Akari_ros2_humble/install/akari_msgs/share/akari_msgs/srv/SetDisplayImage.idl
[25.019s] -- Installing: /home/akariros/Akari_ros2_humble/install/akari_msgs/share/akari_msgs/srv/SetDisplayText.idl
[25.019s] -- Installing: /home/akariros/Akari_ros2_humble/install/akari_msgs/share/akari_msgs/srv/SetDout.idl
[25.019s] -- Installing: /home/akariros/Akari_ros2_humble/install/akari_msgs/share/akari_msgs/srv/SetPwmout.idl
[25.020s] -- Installing: /home/akariros/Akari_ros2_humble/install/akari_msgs/share/akari_msgs/srv/Trigger.idl
[25.020s] -- Installing: /home/akariros/Akari_ros2_humble/install/akari_msgs/share/akari_msgs/msg/M5.idl
[25.020s] -- Installing: /home/akariros/Akari_ros2_humble/install/akari_msgs/share/akari_msgs/action/MoveJoint.idl
[25.020s] -- Installing: /home/akariros/Akari_ros2_humble/install/akari_msgs/share/akari_msgs/srv/SetAllout.srv
[25.021s] -- Installing: /home/akariros/Akari_ros2_humble/install/akari_msgs/share/akari_msgs/srv/SetAllout_Request.msg
[25.021s] -- Installing: /home/akariros/Akari_ros2_humble/install/akari_msgs/share/akari_msgs/srv/SetAllout_Response.msg
[25.021s] -- Installing: /home/akariros/Akari_ros2_humble/install/akari_msgs/share/akari_msgs/srv/SetDisplayColor.srv
[25.021s] -- Installing: /home/akariros/Akari_ros2_humble/install/akari_msgs/share/akari_msgs/srv/SetDisplayColor_Request.msg
[25.022s] -- Installing: /home/akariros/Akari_ros2_humble/install/akari_msgs/share/akari_msgs/srv/SetDisplayColor_Response.msg
[25.022s] -- Installing: /home/akariros/Akari_ros2_humble/install/akari_msgs/share/akari_msgs/srv/SetDisplayImage.srv
[25.022s] -- Installing: /home/akariros/Akari_ros2_humble/install/akari_msgs/share/akari_msgs/srv/SetDisplayImage_Request.msg
[25.022s] -- Installing: /home/akariros/Akari_ros2_humble/install/akari_msgs/share/akari_msgs/srv/SetDisplayImage_Response.msg
[25.023s] -- Installing: /home/akariros/Akari_ros2_humble/install/akari_msgs/share/akari_msgs/srv/SetDisplayText.srv
[25.023s] -- Installing: /home/akariros/Akari_ros2_humble/install/akari_msgs/share/akari_msgs/srv/SetDisplayText_Request.msg
[25.023s] -- Installing: /home/akariros/Akari_ros2_humble/install/akari_msgs/share/akari_msgs/srv/SetDisplayText_Response.msg
[25.023s] -- Installing: /home/akariros/Akari_ros2_humble/install/akari_msgs/share/akari_msgs/srv/SetDout.srv
[25.023s] -- Installing: /home/akariros/Akari_ros2_humble/install/akari_msgs/share/akari_msgs/srv/SetDout_Request.msg
[25.024s] -- Installing: /home/akariros/Akari_ros2_humble/install/akari_msgs/share/akari_msgs/srv/SetDout_Response.msg
[25.024s] -- Installing: /home/akariros/Akari_ros2_humble/install/akari_msgs/share/akari_msgs/srv/SetPwmout.srv
[25.024s] -- Installing: /home/akariros/Akari_ros2_humble/install/akari_msgs/share/akari_msgs/srv/SetPwmout_Request.msg
[25.024s] -- Installing: /home/akariros/Akari_ros2_humble/install/akari_msgs/share/akari_msgs/srv/SetPwmout_Response.msg
[25.025s] -- Installing: /home/akariros/Akari_ros2_humble/install/akari_msgs/share/akari_msgs/srv/Trigger.srv
[25.025s] -- Installing: /home/akariros/Akari_ros2_humble/install/akari_msgs/share/akari_msgs/srv/Trigger_Request.msg
[25.025s] -- Installing: /home/akariros/Akari_ros2_humble/install/akari_msgs/share/akari_msgs/srv/Trigger_Response.msg
[25.025s] -- Installing: /home/akariros/Akari_ros2_humble/install/akari_msgs/share/akari_msgs/msg/M5.msg
[25.025s] -- Installing: /home/akariros/Akari_ros2_humble/install/akari_msgs/share/akari_msgs/action/MoveJoint.action
[25.026s] -- Installing: /home/akariros/Akari_ros2_humble/install/akari_msgs/share/ament_index/resource_index/package_run_dependencies/akari_msgs
[25.026s] -- Installing: /home/akariros/Akari_ros2_humble/install/akari_msgs/share/ament_index/resource_index/parent_prefix_path/akari_msgs
[25.026s] -- Installing: /home/akariros/Akari_ros2_humble/install/akari_msgs/share/akari_msgs/environment/ament_prefix_path.sh
[25.026s] -- Installing: /home/akariros/Akari_ros2_humble/install/akari_msgs/share/akari_msgs/environment/ament_prefix_path.dsv
[25.027s] -- Installing: /home/akariros/Akari_ros2_humble/install/akari_msgs/share/akari_msgs/environment/path.sh
[25.027s] -- Installing: /home/akariros/Akari_ros2_humble/install/akari_msgs/share/akari_msgs/environment/path.dsv
[25.027s] -- Installing: /home/akariros/Akari_ros2_humble/install/akari_msgs/share/akari_msgs/local_setup.bash
[25.027s] -- Installing: /home/akariros/Akari_ros2_humble/install/akari_msgs/share/akari_msgs/local_setup.sh
[25.028s] -- Installing: /home/akariros/Akari_ros2_humble/install/akari_msgs/share/akari_msgs/local_setup.zsh
[25.028s] -- Installing: /home/akariros/Akari_ros2_humble/install/akari_msgs/share/akari_msgs/local_setup.dsv
[25.028s] -- Installing: /home/akariros/Akari_ros2_humble/install/akari_msgs/share/akari_msgs/package.dsv
[25.028s] -- Installing: /home/akariros/Akari_ros2_humble/install/akari_msgs/share/ament_index/resource_index/packages/akari_msgs
[25.029s] -- Installing: /home/akariros/Akari_ros2_humble/install/akari_msgs/share/akari_msgs/cmake/export_akari_msgs__rosidl_generator_cExport.cmake
[25.029s] -- Installing: /home/akariros/Akari_ros2_humble/install/akari_msgs/share/akari_msgs/cmake/export_akari_msgs__rosidl_generator_cExport-noconfig.cmake
[25.029s] -- Installing: /home/akariros/Akari_ros2_humble/install/akari_msgs/share/akari_msgs/cmake/export_akari_msgs__rosidl_typesupport_fastrtps_cExport.cmake
[25.029s] -- Installing: /home/akariros/Akari_ros2_humble/install/akari_msgs/share/akari_msgs/cmake/export_akari_msgs__rosidl_typesupport_fastrtps_cExport-noconfig.cmake
[25.030s] -- Installing: /home/akariros/Akari_ros2_humble/install/akari_msgs/share/akari_msgs/cmake/export_akari_msgs__rosidl_generator_cppExport.cmake
[25.030s] -- Installing: /home/akariros/Akari_ros2_humble/install/akari_msgs/share/akari_msgs/cmake/export_akari_msgs__rosidl_typesupport_fastrtps_cppExport.cmake
[25.030s] -- Installing: /home/akariros/Akari_ros2_humble/install/akari_msgs/share/akari_msgs/cmake/export_akari_msgs__rosidl_typesupport_fastrtps_cppExport-noconfig.cmake
[25.030s] -- Installing: /home/akariros/Akari_ros2_humble/install/akari_msgs/share/akari_msgs/cmake/akari_msgs__rosidl_typesupport_introspection_cExport.cmake
[25.031s] -- Installing: /home/akariros/Akari_ros2_humble/install/akari_msgs/share/akari_msgs/cmake/akari_msgs__rosidl_typesupport_introspection_cExport-noconfig.cmake
[25.031s] -- Installing: /home/akariros/Akari_ros2_humble/install/akari_msgs/share/akari_msgs/cmake/akari_msgs__rosidl_typesupport_cExport.cmake
[25.031s] -- Installing: /home/akariros/Akari_ros2_humble/install/akari_msgs/share/akari_msgs/cmake/akari_msgs__rosidl_typesupport_cExport-noconfig.cmake
[25.031s] -- Installing: /home/akariros/Akari_ros2_humble/install/akari_msgs/share/akari_msgs/cmake/akari_msgs__rosidl_typesupport_introspection_cppExport.cmake
[25.031s] -- Installing: /home/akariros/Akari_ros2_humble/install/akari_msgs/share/akari_msgs/cmake/akari_msgs__rosidl_typesupport_introspection_cppExport-noconfig.cmake
[25.032s] -- Installing: /home/akariros/Akari_ros2_humble/install/akari_msgs/share/akari_msgs/cmake/akari_msgs__rosidl_typesupport_cppExport.cmake
[25.032s] -- Installing: /home/akariros/Akari_ros2_humble/install/akari_msgs/share/akari_msgs/cmake/akari_msgs__rosidl_typesupport_cppExport-noconfig.cmake
[25.032s] -- Installing: /home/akariros/Akari_ros2_humble/install/akari_msgs/share/akari_msgs/cmake/export_akari_msgs__rosidl_generator_pyExport.cmake
[25.032s] -- Installing: /home/akariros/Akari_ros2_humble/install/akari_msgs/share/akari_msgs/cmake/export_akari_msgs__rosidl_generator_pyExport-noconfig.cmake
[25.033s] -- Installing: /home/akariros/Akari_ros2_humble/install/akari_msgs/share/akari_msgs/cmake/rosidl_cmake-extras.cmake
[25.033s] -- Installing: /home/akariros/Akari_ros2_humble/install/akari_msgs/share/akari_msgs/cmake/ament_cmake_export_dependencies-extras.cmake
[25.033s] -- Installing: /home/akariros/Akari_ros2_humble/install/akari_msgs/share/akari_msgs/cmake/ament_cmake_export_include_directories-extras.cmake
[25.033s] -- Installing: /home/akariros/Akari_ros2_humble/install/akari_msgs/share/akari_msgs/cmake/ament_cmake_export_libraries-extras.cmake
[25.034s] -- Installing: /home/akariros/Akari_ros2_humble/install/akari_msgs/share/akari_msgs/cmake/ament_cmake_export_targets-extras.cmake
[25.034s] -- Installing: /home/akariros/Akari_ros2_humble/install/akari_msgs/share/akari_msgs/cmake/rosidl_cmake_export_typesupport_targets-extras.cmake
[25.034s] -- Installing: /home/akariros/Akari_ros2_humble/install/akari_msgs/share/akari_msgs/cmake/rosidl_cmake_export_typesupport_libraries-extras.cmake
[25.035s] -- Installing: /home/akariros/Akari_ros2_humble/install/akari_msgs/share/akari_msgs/cmake/akari_msgsConfig.cmake
[25.035s] -- Installing: /home/akariros/Akari_ros2_humble/install/akari_msgs/share/akari_msgs/cmake/akari_msgsConfig-version.cmake
[25.035s] -- Installing: /home/akariros/Akari_ros2_humble/install/akari_msgs/share/akari_msgs/package.xml
[25.043s] Invoked command in '/home/akariros/Akari_ros2_humble/build/akari_msgs' returned '0': CMAKE_PREFIX_PATH=/home/akariros/Akari_ros2_humble/install/py_m5serial:/home/akariros/Akari_ros2_humble/install/py_akari_pubsub:/opt/ros/humble /usr/bin/cmake --install /home/akariros/Akari_ros2_humble/build/akari_msgs
