[1.039s] Invoking command in '/home/akariros/Akari_ros2_humble/build/akari_msgs': CMAKE_PREFIX_PATH=${CMAKE_PREFIX_PATH}:/home/akariros/Akari_ros2_humble/install/servo_server:/home/akariros/Akari_ros2_humble/install/m5_server:/home/akariros/Akari_ros2_humble/install/akari_state_publisher:/home/akariros/Akari_ros2_humble/install/akari_setting_publisher:/home/akariros/Akari_ros2_humble/install/akari_launch:/home/akariros/Akari_ros2_humble/install/akari_client_example:/opt/ros/humble /usr/bin/cmake --build /home/akariros/Akari_ros2_humble/build/akari_msgs -- -j4 -l4
[1.143s] [35m[1mConsolidate compiler generated dependencies of target akari_msgs__rosidl_generator_c[0m
[1.168s] [  0%] Built target akari_msgs__cpp
[1.207s] [ 12%] Built target akari_msgs__rosidl_generator_c
[1.252s] [35m[1mConsolidate compiler generated dependencies of target akari_msgs__rosidl_typesupport_fastrtps_cpp[0m
[1.260s] [ 12%] Built target ament_cmake_python_copy_akari_msgs
[1.303s] [35m[1mConsolidate compiler generated dependencies of target akari_msgs__rosidl_typesupport_introspection_cpp[0m
[1.342s] [ 23%] Built target akari_msgs__rosidl_typesupport_fastrtps_cpp
[1.370s] [ 35%] Built target akari_msgs__rosidl_typesupport_introspection_cpp
[1.384s] [35m[1mConsolidate compiler generated dependencies of target akari_msgs__rosidl_typesupport_fastrtps_c[0m
[1.408s] [35m[1mConsolidate compiler generated dependencies of target akari_msgs__rosidl_typesupport_introspection_c[0m
[1.457s] [ 47%] Built target akari_msgs__rosidl_typesupport_introspection_c
[1.477s] [ 59%] Built target akari_msgs__rosidl_typesupport_fastrtps_c
[1.489s] [35m[1mConsolidate compiler generated dependencies of target akari_msgs__rosidl_typesupport_c[0m
[1.533s] [ 71%] Built target akari_msgs__rosidl_typesupport_c
[1.599s] [35m[1mConsolidate compiler generated dependencies of target akari_msgs__rosidl_typesupport_cpp[0m
[1.655s] [ 83%] Built target akari_msgs__rosidl_typesupport_cpp
[1.727s] [ 83%] Built target akari_msgs
[1.778s] [ 84%] Built target akari_msgs__py
[1.818s] [35m[1mConsolidate compiler generated dependencies of target akari_msgs__rosidl_generator_py[0m
[1.881s] [ 95%] Built target akari_msgs__rosidl_generator_py
[1.909s] [35m[1mConsolidate compiler generated dependencies of target akari_msgs__rosidl_typesupport_fastrtps_c__pyext[0m
[1.944s] [ 97%] Built target akari_msgs__rosidl_typesupport_fastrtps_c__pyext
[1.978s] [35m[1mConsolidate compiler generated dependencies of target akari_msgs__rosidl_typesupport_c__pyext[0m
[2.060s] [ 98%] Built target akari_msgs__rosidl_typesupport_c__pyext
[2.155s] [35m[1mConsolidate compiler generated dependencies of target akari_msgs__rosidl_typesupport_introspection_c__pyext[0m
[2.247s] [100%] Built target akari_msgs__rosidl_typesupport_introspection_c__pyext
[2.405s] running egg_info
[2.406s] writing akari_msgs.egg-info/PKG-INFO
[2.408s] writing dependency_links to akari_msgs.egg-info/dependency_links.txt
[2.408s] writing top-level names to akari_msgs.egg-info/top_level.txt
[2.417s] reading manifest file 'akari_msgs.egg-info/SOURCES.txt'
[2.420s] writing manifest file 'akari_msgs.egg-info/SOURCES.txt'
[2.509s] [100%] Built target ament_cmake_python_build_akari_msgs_egg
[2.590s] Invoked command in '/home/akariros/Akari_ros2_humble/build/akari_msgs' returned '0': CMAKE_PREFIX_PATH=${CMAKE_PREFIX_PATH}:/home/akariros/Akari_ros2_humble/install/servo_server:/home/akariros/Akari_ros2_humble/install/m5_server:/home/akariros/Akari_ros2_humble/install/akari_state_publisher:/home/akariros/Akari_ros2_humble/install/akari_setting_publisher:/home/akariros/Akari_ros2_humble/install/akari_launch:/home/akariros/Akari_ros2_humble/install/akari_client_example:/opt/ros/humble /usr/bin/cmake --build /home/akariros/Akari_ros2_humble/build/akari_msgs -- -j4 -l4
[5.250s] Invoking command in '/home/akariros/Akari_ros2_humble/build/akari_msgs': CMAKE_PREFIX_PATH=${CMAKE_PREFIX_PATH}:/home/akariros/Akari_ros2_humble/install/servo_server:/home/akariros/Akari_ros2_humble/install/m5_server:/home/akariros/Akari_ros2_humble/install/akari_state_publisher:/home/akariros/Akari_ros2_humble/install/akari_setting_publisher:/home/akariros/Akari_ros2_humble/install/akari_launch:/home/akariros/Akari_ros2_humble/install/akari_client_example:/opt/ros/humble /usr/bin/cmake --install /home/akariros/Akari_ros2_humble/build/akari_msgs
[5.923s] -- Install configuration: ""
[5.923s] -- Up-to-date: /home/akariros/Akari_ros2_humble/install/akari_msgs/share/ament_index/resource_index/rosidl_interfaces/akari_msgs
[5.924s] -- Up-to-date: /home/akariros/Akari_ros2_humble/install/akari_msgs/include/akari_msgs/akari_msgs
[5.924s] -- Up-to-date: /home/akariros/Akari_ros2_humble/install/akari_msgs/include/akari_msgs/akari_msgs/srv
[5.924s] -- Up-to-date: /home/akariros/Akari_ros2_humble/install/akari_msgs/include/akari_msgs/akari_msgs/srv/set_pwmout.h
[5.924s] -- Up-to-date: /home/akariros/Akari_ros2_humble/install/akari_msgs/include/akari_msgs/akari_msgs/srv/detail
[5.925s] -- Up-to-date: /home/akariros/Akari_ros2_humble/install/akari_msgs/include/akari_msgs/akari_msgs/srv/detail/set_joint_float__functions.h
[5.925s] -- Up-to-date: /home/akariros/Akari_ros2_humble/install/akari_msgs/include/akari_msgs/akari_msgs/srv/detail/trigger__type_support.h
[5.925s] -- Up-to-date: /home/akariros/Akari_ros2_humble/install/akari_msgs/include/akari_msgs/akari_msgs/srv/detail/set_display_color__functions.c
[5.926s] -- Up-to-date: /home/akariros/Akari_ros2_humble/install/akari_msgs/include/akari_msgs/akari_msgs/srv/detail/set_display_text__struct.h
[5.926s] -- Up-to-date: /home/akariros/Akari_ros2_humble/install/akari_msgs/include/akari_msgs/akari_msgs/srv/detail/trigger__functions.c
[5.926s] -- Up-to-date: /home/akariros/Akari_ros2_humble/install/akari_msgs/include/akari_msgs/akari_msgs/srv/detail/set_joint_float__type_support.h
[5.927s] -- Up-to-date: /home/akariros/Akari_ros2_humble/install/akari_msgs/include/akari_msgs/akari_msgs/srv/detail/set_pwmout__struct.h
[5.927s] -- Up-to-date: /home/akariros/Akari_ros2_humble/install/akari_msgs/include/akari_msgs/akari_msgs/srv/detail/set_pwmout__type_support.h
[5.927s] -- Up-to-date: /home/akariros/Akari_ros2_humble/install/akari_msgs/include/akari_msgs/akari_msgs/srv/detail/set_dout__functions.c
[5.927s] -- Up-to-date: /home/akariros/Akari_ros2_humble/install/akari_msgs/include/akari_msgs/akari_msgs/srv/detail/set_allout__type_support.h
[5.927s] -- Up-to-date: /home/akariros/Akari_ros2_humble/install/akari_msgs/include/akari_msgs/akari_msgs/srv/detail/set_dout__functions.h
[5.928s] -- Up-to-date: /home/akariros/Akari_ros2_humble/install/akari_msgs/include/akari_msgs/akari_msgs/srv/detail/set_display_color__functions.h
[5.928s] -- Up-to-date: /home/akariros/Akari_ros2_humble/install/akari_msgs/include/akari_msgs/akari_msgs/srv/detail/trigger__struct.h
[5.928s] -- Up-to-date: /home/akariros/Akari_ros2_humble/install/akari_msgs/include/akari_msgs/akari_msgs/srv/detail/set_display_text__functions.h
[5.928s] -- Up-to-date: /home/akariros/Akari_ros2_humble/install/akari_msgs/include/akari_msgs/akari_msgs/srv/detail/set_joint_float__struct.h
[5.929s] -- Up-to-date: /home/akariros/Akari_ros2_humble/install/akari_msgs/include/akari_msgs/akari_msgs/srv/detail/set_pwmout__functions.h
[5.929s] -- Up-to-date: /home/akariros/Akari_ros2_humble/install/akari_msgs/include/akari_msgs/akari_msgs/srv/detail/set_joint_bool__type_support.h
[5.929s] -- Up-to-date: /home/akariros/Akari_ros2_humble/install/akari_msgs/include/akari_msgs/akari_msgs/srv/detail/set_display_image__functions.h
[5.929s] -- Up-to-date: /home/akariros/Akari_ros2_humble/install/akari_msgs/include/akari_msgs/akari_msgs/srv/detail/set_joint_float__functions.c
[5.929s] -- Up-to-date: /home/akariros/Akari_ros2_humble/install/akari_msgs/include/akari_msgs/akari_msgs/srv/detail/set_display_color__type_support.h
[5.929s] -- Up-to-date: /home/akariros/Akari_ros2_humble/install/akari_msgs/include/akari_msgs/akari_msgs/srv/detail/set_display_text__functions.c
[5.930s] -- Up-to-date: /home/akariros/Akari_ros2_humble/install/akari_msgs/include/akari_msgs/akari_msgs/srv/detail/set_joint_bool__struct.h
[5.930s] -- Up-to-date: /home/akariros/Akari_ros2_humble/install/akari_msgs/include/akari_msgs/akari_msgs/srv/detail/set_joint_bool__functions.c
[5.931s] -- Up-to-date: /home/akariros/Akari_ros2_humble/install/akari_msgs/include/akari_msgs/akari_msgs/srv/detail/set_dout__struct.h
[5.931s] -- Up-to-date: /home/akariros/Akari_ros2_humble/install/akari_msgs/include/akari_msgs/akari_msgs/srv/detail/set_display_image__type_support.h
[5.931s] -- Up-to-date: /home/akariros/Akari_ros2_humble/install/akari_msgs/include/akari_msgs/akari_msgs/srv/detail/set_allout__struct.h
[5.931s] -- Up-to-date: /home/akariros/Akari_ros2_humble/install/akari_msgs/include/akari_msgs/akari_msgs/srv/detail/set_dout__type_support.h
[5.931s] -- Up-to-date: /home/akariros/Akari_ros2_humble/install/akari_msgs/include/akari_msgs/akari_msgs/srv/detail/set_allout__functions.h
[5.931s] -- Up-to-date: /home/akariros/Akari_ros2_humble/install/akari_msgs/include/akari_msgs/akari_msgs/srv/detail/set_pwmout__functions.c
[5.932s] -- Up-to-date: /home/akariros/Akari_ros2_humble/install/akari_msgs/include/akari_msgs/akari_msgs/srv/detail/set_display_image__struct.h
[5.932s] -- Up-to-date: /home/akariros/Akari_ros2_humble/install/akari_msgs/include/akari_msgs/akari_msgs/srv/detail/set_display_text__type_support.h
[5.932s] -- Up-to-date: /home/akariros/Akari_ros2_humble/install/akari_msgs/include/akari_msgs/akari_msgs/srv/detail/set_allout__functions.c
[5.932s] -- Up-to-date: /home/akariros/Akari_ros2_humble/install/akari_msgs/include/akari_msgs/akari_msgs/srv/detail/set_display_color__struct.h
[5.932s] -- Up-to-date: /home/akariros/Akari_ros2_humble/install/akari_msgs/include/akari_msgs/akari_msgs/srv/detail/set_display_image__functions.c
[5.932s] -- Up-to-date: /home/akariros/Akari_ros2_humble/install/akari_msgs/include/akari_msgs/akari_msgs/srv/detail/set_joint_bool__functions.h
[5.932s] -- Up-to-date: /home/akariros/Akari_ros2_humble/install/akari_msgs/include/akari_msgs/akari_msgs/srv/detail/trigger__functions.h
[5.933s] -- Up-to-date: /home/akariros/Akari_ros2_humble/install/akari_msgs/include/akari_msgs/akari_msgs/srv/trigger.h
[5.935s] -- Up-to-date: /home/akariros/Akari_ros2_humble/install/akari_msgs/include/akari_msgs/akari_msgs/srv/set_display_text.h
[5.936s] -- Up-to-date: /home/akariros/Akari_ros2_humble/install/akari_msgs/include/akari_msgs/akari_msgs/srv/set_display_image.h
[5.936s] -- Up-to-date: /home/akariros/Akari_ros2_humble/install/akari_msgs/include/akari_msgs/akari_msgs/srv/set_dout.h
[5.936s] -- Up-to-date: /home/akariros/Akari_ros2_humble/install/akari_msgs/include/akari_msgs/akari_msgs/srv/set_display_color.h
[5.936s] -- Up-to-date: /home/akariros/Akari_ros2_humble/install/akari_msgs/include/akari_msgs/akari_msgs/srv/set_allout.h
[5.936s] -- Up-to-date: /home/akariros/Akari_ros2_humble/install/akari_msgs/include/akari_msgs/akari_msgs/srv/set_joint_float.h
[5.937s] -- Up-to-date: /home/akariros/Akari_ros2_humble/install/akari_msgs/include/akari_msgs/akari_msgs/srv/set_joint_bool.h
[5.937s] -- Up-to-date: /home/akariros/Akari_ros2_humble/install/akari_msgs/include/akari_msgs/akari_msgs/msg
[5.937s] -- Up-to-date: /home/akariros/Akari_ros2_humble/install/akari_msgs/include/akari_msgs/akari_msgs/msg/rosidl_generator_c__visibility_control.h
[5.937s] -- Up-to-date: /home/akariros/Akari_ros2_humble/install/akari_msgs/include/akari_msgs/akari_msgs/msg/detail
[5.937s] -- Up-to-date: /home/akariros/Akari_ros2_humble/install/akari_msgs/include/akari_msgs/akari_msgs/msg/detail/m5__functions.c
[5.937s] -- Up-to-date: /home/akariros/Akari_ros2_humble/install/akari_msgs/include/akari_msgs/akari_msgs/msg/detail/akarisetting__functions.h
[5.937s] -- Up-to-date: /home/akariros/Akari_ros2_humble/install/akari_msgs/include/akari_msgs/akari_msgs/msg/detail/m5__struct.h
[5.938s] -- Up-to-date: /home/akariros/Akari_ros2_humble/install/akari_msgs/include/akari_msgs/akari_msgs/msg/detail/m5__type_support.h
[5.938s] -- Up-to-date: /home/akariros/Akari_ros2_humble/install/akari_msgs/include/akari_msgs/akari_msgs/msg/detail/m5__functions.h
[5.938s] -- Up-to-date: /home/akariros/Akari_ros2_humble/install/akari_msgs/include/akari_msgs/akari_msgs/msg/detail/akarisetting__functions.c
[5.938s] -- Up-to-date: /home/akariros/Akari_ros2_humble/install/akari_msgs/include/akari_msgs/akari_msgs/msg/detail/akarisetting__type_support.h
[5.938s] -- Up-to-date: /home/akariros/Akari_ros2_humble/install/akari_msgs/include/akari_msgs/akari_msgs/msg/detail/akarisetting__struct.h
[5.938s] -- Up-to-date: /home/akariros/Akari_ros2_humble/install/akari_msgs/include/akari_msgs/akari_msgs/msg/m5.h
[5.938s] -- Up-to-date: /home/akariros/Akari_ros2_humble/install/akari_msgs/include/akari_msgs/akari_msgs/msg/akarisetting.h
[5.939s] -- Up-to-date: /home/akariros/Akari_ros2_humble/install/akari_msgs/include/akari_msgs/akari_msgs/action
[5.939s] -- Up-to-date: /home/akariros/Akari_ros2_humble/install/akari_msgs/include/akari_msgs/akari_msgs/action/move_joint.h
[5.939s] -- Up-to-date: /home/akariros/Akari_ros2_humble/install/akari_msgs/include/akari_msgs/akari_msgs/action/detail
[5.939s] -- Up-to-date: /home/akariros/Akari_ros2_humble/install/akari_msgs/include/akari_msgs/akari_msgs/action/detail/move_joint__functions.c
[5.939s] -- Up-to-date: /home/akariros/Akari_ros2_humble/install/akari_msgs/include/akari_msgs/akari_msgs/action/detail/move_joint__functions.h
[5.939s] -- Up-to-date: /home/akariros/Akari_ros2_humble/install/akari_msgs/include/akari_msgs/akari_msgs/action/detail/move_joint__struct.h
[5.940s] -- Up-to-date: /home/akariros/Akari_ros2_humble/install/akari_msgs/include/akari_msgs/akari_msgs/action/detail/move_joint__type_support.h
[5.940s] -- Up-to-date: /home/akariros/Akari_ros2_humble/install/akari_msgs/share/akari_msgs/environment/library_path.sh
[5.951s] -- Up-to-date: /home/akariros/Akari_ros2_humble/install/akari_msgs/share/akari_msgs/environment/library_path.dsv
[5.951s] -- Up-to-date: /home/akariros/Akari_ros2_humble/install/akari_msgs/lib/libakari_msgs__rosidl_generator_c.so
[5.951s] -- Up-to-date: /home/akariros/Akari_ros2_humble/install/akari_msgs/include/akari_msgs/akari_msgs
[5.952s] -- Up-to-date: /home/akariros/Akari_ros2_humble/install/akari_msgs/include/akari_msgs/akari_msgs/srv
[5.952s] -- Up-to-date: /home/akariros/Akari_ros2_humble/install/akari_msgs/include/akari_msgs/akari_msgs/srv/detail
[5.952s] -- Up-to-date: /home/akariros/Akari_ros2_humble/install/akari_msgs/include/akari_msgs/akari_msgs/srv/detail/set_display_color__rosidl_typesupport_fastrtps_c.h
[5.952s] -- Up-to-date: /home/akariros/Akari_ros2_humble/install/akari_msgs/include/akari_msgs/akari_msgs/srv/detail/set_allout__rosidl_typesupport_fastrtps_c.h
[5.953s] -- Up-to-date: /home/akariros/Akari_ros2_humble/install/akari_msgs/include/akari_msgs/akari_msgs/srv/detail/set_display_image__rosidl_typesupport_fastrtps_c.h
[5.953s] -- Up-to-date: /home/akariros/Akari_ros2_humble/install/akari_msgs/include/akari_msgs/akari_msgs/srv/detail/set_joint_bool__rosidl_typesupport_fastrtps_c.h
[5.953s] -- Up-to-date: /home/akariros/Akari_ros2_humble/install/akari_msgs/include/akari_msgs/akari_msgs/srv/detail/set_pwmout__rosidl_typesupport_fastrtps_c.h
[5.953s] -- Up-to-date: /home/akariros/Akari_ros2_humble/install/akari_msgs/include/akari_msgs/akari_msgs/srv/detail/trigger__rosidl_typesupport_fastrtps_c.h
[5.953s] -- Up-to-date: /home/akariros/Akari_ros2_humble/install/akari_msgs/include/akari_msgs/akari_msgs/srv/detail/set_dout__rosidl_typesupport_fastrtps_c.h
[5.953s] -- Up-to-date: /home/akariros/Akari_ros2_humble/install/akari_msgs/include/akari_msgs/akari_msgs/srv/detail/set_joint_float__rosidl_typesupport_fastrtps_c.h
[5.954s] -- Up-to-date: /home/akariros/Akari_ros2_humble/install/akari_msgs/include/akari_msgs/akari_msgs/srv/detail/set_display_text__rosidl_typesupport_fastrtps_c.h
[5.954s] -- Up-to-date: /home/akariros/Akari_ros2_humble/install/akari_msgs/include/akari_msgs/akari_msgs/msg
[5.954s] -- Up-to-date: /home/akariros/Akari_ros2_humble/install/akari_msgs/include/akari_msgs/akari_msgs/msg/detail
[5.954s] -- Up-to-date: /home/akariros/Akari_ros2_humble/install/akari_msgs/include/akari_msgs/akari_msgs/msg/detail/m5__rosidl_typesupport_fastrtps_c.h
[5.954s] -- Up-to-date: /home/akariros/Akari_ros2_humble/install/akari_msgs/include/akari_msgs/akari_msgs/msg/detail/akarisetting__rosidl_typesupport_fastrtps_c.h
[5.955s] -- Up-to-date: /home/akariros/Akari_ros2_humble/install/akari_msgs/include/akari_msgs/akari_msgs/msg/rosidl_typesupport_fastrtps_c__visibility_control.h
[5.955s] -- Up-to-date: /home/akariros/Akari_ros2_humble/install/akari_msgs/include/akari_msgs/akari_msgs/action
[5.955s] -- Up-to-date: /home/akariros/Akari_ros2_humble/install/akari_msgs/include/akari_msgs/akari_msgs/action/detail
[5.955s] -- Up-to-date: /home/akariros/Akari_ros2_humble/install/akari_msgs/include/akari_msgs/akari_msgs/action/detail/move_joint__rosidl_typesupport_fastrtps_c.h
[5.955s] -- Up-to-date: /home/akariros/Akari_ros2_humble/install/akari_msgs/lib/libakari_msgs__rosidl_typesupport_fastrtps_c.so
[5.956s] -- Up-to-date: /home/akariros/Akari_ros2_humble/install/akari_msgs/include/akari_msgs/akari_msgs
[5.956s] -- Up-to-date: /home/akariros/Akari_ros2_humble/install/akari_msgs/include/akari_msgs/akari_msgs/srv
[5.956s] -- Up-to-date: /home/akariros/Akari_ros2_humble/install/akari_msgs/include/akari_msgs/akari_msgs/srv/set_display_text.hpp
[5.956s] -- Up-to-date: /home/akariros/Akari_ros2_humble/install/akari_msgs/include/akari_msgs/akari_msgs/srv/set_display_image.hpp
[5.956s] -- Up-to-date: /home/akariros/Akari_ros2_humble/install/akari_msgs/include/akari_msgs/akari_msgs/srv/set_joint_bool.hpp
[5.956s] -- Up-to-date: /home/akariros/Akari_ros2_humble/install/akari_msgs/include/akari_msgs/akari_msgs/srv/set_allout.hpp
[5.957s] -- Up-to-date: /home/akariros/Akari_ros2_humble/install/akari_msgs/include/akari_msgs/akari_msgs/srv/detail
[5.957s] -- Up-to-date: /home/akariros/Akari_ros2_humble/install/akari_msgs/include/akari_msgs/akari_msgs/srv/detail/trigger__struct.hpp
[5.957s] -- Up-to-date: /home/akariros/Akari_ros2_humble/install/akari_msgs/include/akari_msgs/akari_msgs/srv/detail/set_display_text__traits.hpp
[5.957s] -- Up-to-date: /home/akariros/Akari_ros2_humble/install/akari_msgs/include/akari_msgs/akari_msgs/srv/detail/set_display_text__builder.hpp
[5.957s] -- Up-to-date: /home/akariros/Akari_ros2_humble/install/akari_msgs/include/akari_msgs/akari_msgs/srv/detail/trigger__builder.hpp
[5.957s] -- Up-to-date: /home/akariros/Akari_ros2_humble/install/akari_msgs/include/akari_msgs/akari_msgs/srv/detail/set_allout__struct.hpp
[5.958s] -- Up-to-date: /home/akariros/Akari_ros2_humble/install/akari_msgs/include/akari_msgs/akari_msgs/srv/detail/set_joint_float__builder.hpp
[5.958s] -- Up-to-date: /home/akariros/Akari_ros2_humble/install/akari_msgs/include/akari_msgs/akari_msgs/srv/detail/set_display_color__struct.hpp
[5.958s] -- Up-to-date: /home/akariros/Akari_ros2_humble/install/akari_msgs/include/akari_msgs/akari_msgs/srv/detail/set_display_text__struct.hpp
[5.958s] -- Up-to-date: /home/akariros/Akari_ros2_humble/install/akari_msgs/include/akari_msgs/akari_msgs/srv/detail/set_dout__struct.hpp
[5.958s] -- Up-to-date: /home/akariros/Akari_ros2_humble/install/akari_msgs/include/akari_msgs/akari_msgs/srv/detail/trigger__traits.hpp
[5.959s] -- Up-to-date: /home/akariros/Akari_ros2_humble/install/akari_msgs/include/akari_msgs/akari_msgs/srv/detail/set_pwmout__struct.hpp
[5.959s] -- Up-to-date: /home/akariros/Akari_ros2_humble/install/akari_msgs/include/akari_msgs/akari_msgs/srv/detail/set_allout__builder.hpp
[5.959s] -- Up-to-date: /home/akariros/Akari_ros2_humble/install/akari_msgs/include/akari_msgs/akari_msgs/srv/detail/set_display_color__builder.hpp
[5.959s] -- Up-to-date: /home/akariros/Akari_ros2_humble/install/akari_msgs/include/akari_msgs/akari_msgs/srv/detail/set_display_image__traits.hpp
[5.959s] -- Up-to-date: /home/akariros/Akari_ros2_humble/install/akari_msgs/include/akari_msgs/akari_msgs/srv/detail/set_dout__builder.hpp
[5.959s] -- Up-to-date: /home/akariros/Akari_ros2_humble/install/akari_msgs/include/akari_msgs/akari_msgs/srv/detail/set_display_color__traits.hpp
[5.960s] -- Up-to-date: /home/akariros/Akari_ros2_humble/install/akari_msgs/include/akari_msgs/akari_msgs/srv/detail/set_display_image__struct.hpp
[5.960s] -- Up-to-date: /home/akariros/Akari_ros2_humble/install/akari_msgs/include/akari_msgs/akari_msgs/srv/detail/set_joint_float__traits.hpp
[5.960s] -- Up-to-date: /home/akariros/Akari_ros2_humble/install/akari_msgs/include/akari_msgs/akari_msgs/srv/detail/set_joint_bool__traits.hpp
[5.960s] -- Up-to-date: /home/akariros/Akari_ros2_humble/install/akari_msgs/include/akari_msgs/akari_msgs/srv/detail/set_joint_bool__builder.hpp
[5.960s] -- Up-to-date: /home/akariros/Akari_ros2_humble/install/akari_msgs/include/akari_msgs/akari_msgs/srv/detail/set_joint_bool__struct.hpp
[5.960s] -- Up-to-date: /home/akariros/Akari_ros2_humble/install/akari_msgs/include/akari_msgs/akari_msgs/srv/detail/set_pwmout__builder.hpp
[5.961s] -- Up-to-date: /home/akariros/Akari_ros2_humble/install/akari_msgs/include/akari_msgs/akari_msgs/srv/detail/set_dout__traits.hpp
[5.961s] -- Up-to-date: /home/akariros/Akari_ros2_humble/install/akari_msgs/include/akari_msgs/akari_msgs/srv/detail/set_allout__traits.hpp
[5.961s] -- Up-to-date: /home/akariros/Akari_ros2_humble/install/akari_msgs/include/akari_msgs/akari_msgs/srv/detail/set_display_image__builder.hpp
[5.961s] -- Up-to-date: /home/akariros/Akari_ros2_humble/install/akari_msgs/include/akari_msgs/akari_msgs/srv/detail/set_joint_float__struct.hpp
[5.961s] -- Up-to-date: /home/akariros/Akari_ros2_humble/install/akari_msgs/include/akari_msgs/akari_msgs/srv/detail/set_pwmout__traits.hpp
[5.963s] -- Up-to-date: /home/akariros/Akari_ros2_humble/install/akari_msgs/include/akari_msgs/akari_msgs/srv/set_display_color.hpp
[5.963s] -- Up-to-date: /home/akariros/Akari_ros2_humble/install/akari_msgs/include/akari_msgs/akari_msgs/srv/set_dout.hpp
[5.963s] -- Up-to-date: /home/akariros/Akari_ros2_humble/install/akari_msgs/include/akari_msgs/akari_msgs/srv/trigger.hpp
[5.963s] -- Up-to-date: /home/akariros/Akari_ros2_humble/install/akari_msgs/include/akari_msgs/akari_msgs/srv/set_pwmout.hpp
[5.963s] -- Up-to-date: /home/akariros/Akari_ros2_humble/install/akari_msgs/include/akari_msgs/akari_msgs/srv/set_joint_float.hpp
[5.964s] -- Up-to-date: /home/akariros/Akari_ros2_humble/install/akari_msgs/include/akari_msgs/akari_msgs/msg
[5.964s] -- Up-to-date: /home/akariros/Akari_ros2_humble/install/akari_msgs/include/akari_msgs/akari_msgs/msg/akarisetting.hpp
[5.964s] -- Up-to-date: /home/akariros/Akari_ros2_humble/install/akari_msgs/include/akari_msgs/akari_msgs/msg/detail
[5.964s] -- Up-to-date: /home/akariros/Akari_ros2_humble/install/akari_msgs/include/akari_msgs/akari_msgs/msg/detail/m5__traits.hpp
[5.964s] -- Up-to-date: /home/akariros/Akari_ros2_humble/install/akari_msgs/include/akari_msgs/akari_msgs/msg/detail/m5__struct.hpp
[5.965s] -- Up-to-date: /home/akariros/Akari_ros2_humble/install/akari_msgs/include/akari_msgs/akari_msgs/msg/detail/m5__builder.hpp
[5.965s] -- Up-to-date: /home/akariros/Akari_ros2_humble/install/akari_msgs/include/akari_msgs/akari_msgs/msg/detail/akarisetting__traits.hpp
[5.965s] -- Up-to-date: /home/akariros/Akari_ros2_humble/install/akari_msgs/include/akari_msgs/akari_msgs/msg/detail/akarisetting__struct.hpp
[5.965s] -- Up-to-date: /home/akariros/Akari_ros2_humble/install/akari_msgs/include/akari_msgs/akari_msgs/msg/detail/akarisetting__builder.hpp
[5.965s] -- Up-to-date: /home/akariros/Akari_ros2_humble/install/akari_msgs/include/akari_msgs/akari_msgs/msg/m5.hpp
[5.966s] -- Up-to-date: /home/akariros/Akari_ros2_humble/install/akari_msgs/include/akari_msgs/akari_msgs/action
[5.966s] -- Up-to-date: /home/akariros/Akari_ros2_humble/install/akari_msgs/include/akari_msgs/akari_msgs/action/detail
[5.967s] -- Up-to-date: /home/akariros/Akari_ros2_humble/install/akari_msgs/include/akari_msgs/akari_msgs/action/detail/move_joint__traits.hpp
[5.967s] -- Up-to-date: /home/akariros/Akari_ros2_humble/install/akari_msgs/include/akari_msgs/akari_msgs/action/detail/move_joint__builder.hpp
[5.967s] -- Up-to-date: /home/akariros/Akari_ros2_humble/install/akari_msgs/include/akari_msgs/akari_msgs/action/detail/move_joint__struct.hpp
[5.967s] -- Up-to-date: /home/akariros/Akari_ros2_humble/install/akari_msgs/include/akari_msgs/akari_msgs/action/move_joint.hpp
[5.968s] -- Up-to-date: /home/akariros/Akari_ros2_humble/install/akari_msgs/include/akari_msgs/akari_msgs
[5.968s] -- Up-to-date: /home/akariros/Akari_ros2_humble/install/akari_msgs/include/akari_msgs/akari_msgs/srv
[5.968s] -- Up-to-date: /home/akariros/Akari_ros2_humble/install/akari_msgs/include/akari_msgs/akari_msgs/srv/detail
[5.968s] -- Up-to-date: /home/akariros/Akari_ros2_humble/install/akari_msgs/include/akari_msgs/akari_msgs/srv/detail/dds_fastrtps
[5.968s] -- Up-to-date: /home/akariros/Akari_ros2_humble/install/akari_msgs/include/akari_msgs/akari_msgs/srv/detail/set_pwmout__rosidl_typesupport_fastrtps_cpp.hpp
[5.968s] -- Up-to-date: /home/akariros/Akari_ros2_humble/install/akari_msgs/include/akari_msgs/akari_msgs/srv/detail/set_display_text__rosidl_typesupport_fastrtps_cpp.hpp
[5.969s] -- Up-to-date: /home/akariros/Akari_ros2_humble/install/akari_msgs/include/akari_msgs/akari_msgs/srv/detail/trigger__rosidl_typesupport_fastrtps_cpp.hpp
[5.969s] -- Up-to-date: /home/akariros/Akari_ros2_humble/install/akari_msgs/include/akari_msgs/akari_msgs/srv/detail/set_dout__rosidl_typesupport_fastrtps_cpp.hpp
[5.969s] -- Up-to-date: /home/akariros/Akari_ros2_humble/install/akari_msgs/include/akari_msgs/akari_msgs/srv/detail/set_joint_bool__rosidl_typesupport_fastrtps_cpp.hpp
[5.969s] -- Up-to-date: /home/akariros/Akari_ros2_humble/install/akari_msgs/include/akari_msgs/akari_msgs/srv/detail/set_display_image__rosidl_typesupport_fastrtps_cpp.hpp
[5.969s] -- Up-to-date: /home/akariros/Akari_ros2_humble/install/akari_msgs/include/akari_msgs/akari_msgs/srv/detail/set_allout__rosidl_typesupport_fastrtps_cpp.hpp
[5.970s] -- Up-to-date: /home/akariros/Akari_ros2_humble/install/akari_msgs/include/akari_msgs/akari_msgs/srv/detail/set_display_color__rosidl_typesupport_fastrtps_cpp.hpp
[5.970s] -- Up-to-date: /home/akariros/Akari_ros2_humble/install/akari_msgs/include/akari_msgs/akari_msgs/srv/detail/set_joint_float__rosidl_typesupport_fastrtps_cpp.hpp
[5.970s] -- Up-to-date: /home/akariros/Akari_ros2_humble/install/akari_msgs/include/akari_msgs/akari_msgs/msg
[5.970s] -- Up-to-date: /home/akariros/Akari_ros2_humble/install/akari_msgs/include/akari_msgs/akari_msgs/msg/rosidl_typesupport_fastrtps_cpp__visibility_control.h
[5.970s] -- Up-to-date: /home/akariros/Akari_ros2_humble/install/akari_msgs/include/akari_msgs/akari_msgs/msg/detail
[5.970s] -- Up-to-date: /home/akariros/Akari_ros2_humble/install/akari_msgs/include/akari_msgs/akari_msgs/msg/detail/dds_fastrtps
[5.971s] -- Up-to-date: /home/akariros/Akari_ros2_humble/install/akari_msgs/include/akari_msgs/akari_msgs/msg/detail/akarisetting__rosidl_typesupport_fastrtps_cpp.hpp
[5.971s] -- Up-to-date: /home/akariros/Akari_ros2_humble/install/akari_msgs/include/akari_msgs/akari_msgs/msg/detail/m5__rosidl_typesupport_fastrtps_cpp.hpp
[5.971s] -- Up-to-date: /home/akariros/Akari_ros2_humble/install/akari_msgs/include/akari_msgs/akari_msgs/action
[5.971s] -- Up-to-date: /home/akariros/Akari_ros2_humble/install/akari_msgs/include/akari_msgs/akari_msgs/action/detail
[5.971s] -- Up-to-date: /home/akariros/Akari_ros2_humble/install/akari_msgs/include/akari_msgs/akari_msgs/action/detail/dds_fastrtps
[5.971s] -- Up-to-date: /home/akariros/Akari_ros2_humble/install/akari_msgs/include/akari_msgs/akari_msgs/action/detail/move_joint__rosidl_typesupport_fastrtps_cpp.hpp
[5.972s] -- Up-to-date: /home/akariros/Akari_ros2_humble/install/akari_msgs/lib/libakari_msgs__rosidl_typesupport_fastrtps_cpp.so
[5.972s] -- Up-to-date: /home/akariros/Akari_ros2_humble/install/akari_msgs/include/akari_msgs/akari_msgs
[5.972s] -- Up-to-date: /home/akariros/Akari_ros2_humble/install/akari_msgs/include/akari_msgs/akari_msgs/srv
[5.972s] -- Up-to-date: /home/akariros/Akari_ros2_humble/install/akari_msgs/include/akari_msgs/akari_msgs/srv/detail
[5.973s] -- Up-to-date: /home/akariros/Akari_ros2_humble/install/akari_msgs/include/akari_msgs/akari_msgs/srv/detail/set_allout__rosidl_typesupport_introspection_c.h
[5.973s] -- Up-to-date: /home/akariros/Akari_ros2_humble/install/akari_msgs/include/akari_msgs/akari_msgs/srv/detail/set_display_image__type_support.c
[5.973s] -- Up-to-date: /home/akariros/Akari_ros2_humble/install/akari_msgs/include/akari_msgs/akari_msgs/srv/detail/set_joint_bool__type_support.c
[5.973s] -- Up-to-date: /home/akariros/Akari_ros2_humble/install/akari_msgs/include/akari_msgs/akari_msgs/srv/detail/set_joint_float__rosidl_typesupport_introspection_c.h
[5.973s] -- Up-to-date: /home/akariros/Akari_ros2_humble/install/akari_msgs/include/akari_msgs/akari_msgs/srv/detail/trigger__type_support.c
[5.973s] -- Up-to-date: /home/akariros/Akari_ros2_humble/install/akari_msgs/include/akari_msgs/akari_msgs/srv/detail/set_pwmout__type_support.c
[5.974s] -- Up-to-date: /home/akariros/Akari_ros2_humble/install/akari_msgs/include/akari_msgs/akari_msgs/srv/detail/set_pwmout__rosidl_typesupport_introspection_c.h
[5.974s] -- Up-to-date: /home/akariros/Akari_ros2_humble/install/akari_msgs/include/akari_msgs/akari_msgs/srv/detail/set_display_text__rosidl_typesupport_introspection_c.h
[5.974s] -- Up-to-date: /home/akariros/Akari_ros2_humble/install/akari_msgs/include/akari_msgs/akari_msgs/srv/detail/set_display_color__rosidl_typesupport_introspection_c.h
[5.974s] -- Up-to-date: /home/akariros/Akari_ros2_humble/install/akari_msgs/include/akari_msgs/akari_msgs/srv/detail/set_display_text__type_support.c
[5.974s] -- Up-to-date: /home/akariros/Akari_ros2_humble/install/akari_msgs/include/akari_msgs/akari_msgs/srv/detail/set_dout__type_support.c
[5.975s] -- Up-to-date: /home/akariros/Akari_ros2_humble/install/akari_msgs/include/akari_msgs/akari_msgs/srv/detail/trigger__rosidl_typesupport_introspection_c.h
[5.975s] -- Up-to-date: /home/akariros/Akari_ros2_humble/install/akari_msgs/include/akari_msgs/akari_msgs/srv/detail/set_dout__rosidl_typesupport_introspection_c.h
[5.975s] -- Up-to-date: /home/akariros/Akari_ros2_humble/install/akari_msgs/include/akari_msgs/akari_msgs/srv/detail/set_joint_bool__rosidl_typesupport_introspection_c.h
[5.975s] -- Up-to-date: /home/akariros/Akari_ros2_humble/install/akari_msgs/include/akari_msgs/akari_msgs/srv/detail/set_joint_float__type_support.c
[5.975s] -- Up-to-date: /home/akariros/Akari_ros2_humble/install/akari_msgs/include/akari_msgs/akari_msgs/srv/detail/set_display_color__type_support.c
[5.975s] -- Up-to-date: /home/akariros/Akari_ros2_humble/install/akari_msgs/include/akari_msgs/akari_msgs/srv/detail/set_allout__type_support.c
[5.976s] -- Up-to-date: /home/akariros/Akari_ros2_humble/install/akari_msgs/include/akari_msgs/akari_msgs/srv/detail/set_display_image__rosidl_typesupport_introspection_c.h
[5.976s] -- Up-to-date: /home/akariros/Akari_ros2_humble/install/akari_msgs/include/akari_msgs/akari_msgs/msg
[5.976s] -- Up-to-date: /home/akariros/Akari_ros2_humble/install/akari_msgs/include/akari_msgs/akari_msgs/msg/rosidl_typesupport_introspection_c__visibility_control.h
[5.976s] -- Up-to-date: /home/akariros/Akari_ros2_humble/install/akari_msgs/include/akari_msgs/akari_msgs/msg/detail
[5.977s] -- Up-to-date: /home/akariros/Akari_ros2_humble/install/akari_msgs/include/akari_msgs/akari_msgs/msg/detail/m5__type_support.c
[5.977s] -- Up-to-date: /home/akariros/Akari_ros2_humble/install/akari_msgs/include/akari_msgs/akari_msgs/msg/detail/akarisetting__type_support.c
[5.977s] -- Up-to-date: /home/akariros/Akari_ros2_humble/install/akari_msgs/include/akari_msgs/akari_msgs/msg/detail/akarisetting__rosidl_typesupport_introspection_c.h
[5.977s] -- Up-to-date: /home/akariros/Akari_ros2_humble/install/akari_msgs/include/akari_msgs/akari_msgs/msg/detail/m5__rosidl_typesupport_introspection_c.h
[5.978s] -- Up-to-date: /home/akariros/Akari_ros2_humble/install/akari_msgs/include/akari_msgs/akari_msgs/action
[5.978s] -- Up-to-date: /home/akariros/Akari_ros2_humble/install/akari_msgs/include/akari_msgs/akari_msgs/action/detail
[5.978s] -- Up-to-date: /home/akariros/Akari_ros2_humble/install/akari_msgs/include/akari_msgs/akari_msgs/action/detail/move_joint__rosidl_typesupport_introspection_c.h
[5.978s] -- Up-to-date: /home/akariros/Akari_ros2_humble/install/akari_msgs/include/akari_msgs/akari_msgs/action/detail/move_joint__type_support.c
[5.978s] -- Up-to-date: /home/akariros/Akari_ros2_humble/install/akari_msgs/lib/libakari_msgs__rosidl_typesupport_introspection_c.so
[5.979s] -- Up-to-date: /home/akariros/Akari_ros2_humble/install/akari_msgs/lib/libakari_msgs__rosidl_typesupport_c.so
[5.979s] -- Up-to-date: /home/akariros/Akari_ros2_humble/install/akari_msgs/include/akari_msgs/akari_msgs
[5.980s] -- Up-to-date: /home/akariros/Akari_ros2_humble/install/akari_msgs/include/akari_msgs/akari_msgs/srv
[5.980s] -- Up-to-date: /home/akariros/Akari_ros2_humble/install/akari_msgs/include/akari_msgs/akari_msgs/srv/detail
[5.980s] -- Up-to-date: /home/akariros/Akari_ros2_humble/install/akari_msgs/include/akari_msgs/akari_msgs/srv/detail/set_display_color__type_support.cpp
[5.985s] -- Up-to-date: /home/akariros/Akari_ros2_humble/install/akari_msgs/include/akari_msgs/akari_msgs/srv/detail/set_dout__type_support.cpp
[5.986s] -- Up-to-date: /home/akariros/Akari_ros2_humble/install/akari_msgs/include/akari_msgs/akari_msgs/srv/detail/set_joint_bool__type_support.cpp
[5.986s] -- Up-to-date: /home/akariros/Akari_ros2_humble/install/akari_msgs/include/akari_msgs/akari_msgs/srv/detail/set_allout__type_support.cpp
[5.986s] -- Up-to-date: /home/akariros/Akari_ros2_humble/install/akari_msgs/include/akari_msgs/akari_msgs/srv/detail/set_dout__rosidl_typesupport_introspection_cpp.hpp
[5.986s] -- Up-to-date: /home/akariros/Akari_ros2_humble/install/akari_msgs/include/akari_msgs/akari_msgs/srv/detail/set_pwmout__rosidl_typesupport_introspection_cpp.hpp
[5.986s] -- Up-to-date: /home/akariros/Akari_ros2_humble/install/akari_msgs/include/akari_msgs/akari_msgs/srv/detail/set_display_image__rosidl_typesupport_introspection_cpp.hpp
[5.986s] -- Up-to-date: /home/akariros/Akari_ros2_humble/install/akari_msgs/include/akari_msgs/akari_msgs/srv/detail/set_display_text__type_support.cpp
[5.987s] -- Up-to-date: /home/akariros/Akari_ros2_humble/install/akari_msgs/include/akari_msgs/akari_msgs/srv/detail/set_display_image__type_support.cpp
[5.987s] -- Up-to-date: /home/akariros/Akari_ros2_humble/install/akari_msgs/include/akari_msgs/akari_msgs/srv/detail/set_allout__rosidl_typesupport_introspection_cpp.hpp
[5.987s] -- Up-to-date: /home/akariros/Akari_ros2_humble/install/akari_msgs/include/akari_msgs/akari_msgs/srv/detail/set_display_text__rosidl_typesupport_introspection_cpp.hpp
[5.987s] -- Up-to-date: /home/akariros/Akari_ros2_humble/install/akari_msgs/include/akari_msgs/akari_msgs/srv/detail/set_joint_float__type_support.cpp
[5.987s] -- Up-to-date: /home/akariros/Akari_ros2_humble/install/akari_msgs/include/akari_msgs/akari_msgs/srv/detail/set_joint_float__rosidl_typesupport_introspection_cpp.hpp
[5.988s] -- Up-to-date: /home/akariros/Akari_ros2_humble/install/akari_msgs/include/akari_msgs/akari_msgs/srv/detail/set_pwmout__type_support.cpp
[5.988s] -- Up-to-date: /home/akariros/Akari_ros2_humble/install/akari_msgs/include/akari_msgs/akari_msgs/srv/detail/set_display_color__rosidl_typesupport_introspection_cpp.hpp
[5.988s] -- Up-to-date: /home/akariros/Akari_ros2_humble/install/akari_msgs/include/akari_msgs/akari_msgs/srv/detail/trigger__type_support.cpp
[5.988s] -- Up-to-date: /home/akariros/Akari_ros2_humble/install/akari_msgs/include/akari_msgs/akari_msgs/srv/detail/set_joint_bool__rosidl_typesupport_introspection_cpp.hpp
[5.988s] -- Up-to-date: /home/akariros/Akari_ros2_humble/install/akari_msgs/include/akari_msgs/akari_msgs/srv/detail/trigger__rosidl_typesupport_introspection_cpp.hpp
[5.988s] -- Up-to-date: /home/akariros/Akari_ros2_humble/install/akari_msgs/include/akari_msgs/akari_msgs/msg
[5.989s] -- Up-to-date: /home/akariros/Akari_ros2_humble/install/akari_msgs/include/akari_msgs/akari_msgs/msg/detail
[5.989s] -- Up-to-date: /home/akariros/Akari_ros2_humble/install/akari_msgs/include/akari_msgs/akari_msgs/msg/detail/m5__type_support.cpp
[5.989s] -- Up-to-date: /home/akariros/Akari_ros2_humble/install/akari_msgs/include/akari_msgs/akari_msgs/msg/detail/m5__rosidl_typesupport_introspection_cpp.hpp
[5.989s] -- Up-to-date: /home/akariros/Akari_ros2_humble/install/akari_msgs/include/akari_msgs/akari_msgs/msg/detail/akarisetting__rosidl_typesupport_introspection_cpp.hpp
[5.989s] -- Up-to-date: /home/akariros/Akari_ros2_humble/install/akari_msgs/include/akari_msgs/akari_msgs/msg/detail/akarisetting__type_support.cpp
[5.989s] -- Up-to-date: /home/akariros/Akari_ros2_humble/install/akari_msgs/include/akari_msgs/akari_msgs/action
[5.990s] -- Up-to-date: /home/akariros/Akari_ros2_humble/install/akari_msgs/include/akari_msgs/akari_msgs/action/detail
[5.990s] -- Up-to-date: /home/akariros/Akari_ros2_humble/install/akari_msgs/include/akari_msgs/akari_msgs/action/detail/move_joint__type_support.cpp
[5.990s] -- Up-to-date: /home/akariros/Akari_ros2_humble/install/akari_msgs/include/akari_msgs/akari_msgs/action/detail/move_joint__rosidl_typesupport_introspection_cpp.hpp
[5.990s] -- Up-to-date: /home/akariros/Akari_ros2_humble/install/akari_msgs/lib/libakari_msgs__rosidl_typesupport_introspection_cpp.so
[5.990s] -- Up-to-date: /home/akariros/Akari_ros2_humble/install/akari_msgs/lib/libakari_msgs__rosidl_typesupport_cpp.so
[5.990s] -- Up-to-date: /home/akariros/Akari_ros2_humble/install/akari_msgs/share/akari_msgs/environment/pythonpath.sh
[5.991s] -- Up-to-date: /home/akariros/Akari_ros2_humble/install/akari_msgs/share/akari_msgs/environment/pythonpath.dsv
[5.991s] -- Up-to-date: /home/akariros/Akari_ros2_humble/install/akari_msgs/local/lib/python3.10/dist-packages/akari_msgs-0.0.0-py3.10.egg-info
[5.991s] -- Installing: /home/akariros/Akari_ros2_humble/install/akari_msgs/local/lib/python3.10/dist-packages/akari_msgs-0.0.0-py3.10.egg-info/SOURCES.txt
[5.991s] -- Installing: /home/akariros/Akari_ros2_humble/install/akari_msgs/local/lib/python3.10/dist-packages/akari_msgs-0.0.0-py3.10.egg-info/top_level.txt
[5.991s] -- Installing: /home/akariros/Akari_ros2_humble/install/akari_msgs/local/lib/python3.10/dist-packages/akari_msgs-0.0.0-py3.10.egg-info/dependency_links.txt
[5.991s] -- Installing: /home/akariros/Akari_ros2_humble/install/akari_msgs/local/lib/python3.10/dist-packages/akari_msgs-0.0.0-py3.10.egg-info/PKG-INFO
[5.992s] -- Up-to-date: /home/akariros/Akari_ros2_humble/install/akari_msgs/local/lib/python3.10/dist-packages/akari_msgs
[5.992s] -- Up-to-date: /home/akariros/Akari_ros2_humble/install/akari_msgs/local/lib/python3.10/dist-packages/akari_msgs/_akari_msgs_s.ep.rosidl_typesupport_fastrtps_c.c
[5.992s] -- Up-to-date: /home/akariros/Akari_ros2_humble/install/akari_msgs/local/lib/python3.10/dist-packages/akari_msgs/srv
[5.992s] -- Up-to-date: /home/akariros/Akari_ros2_humble/install/akari_msgs/local/lib/python3.10/dist-packages/akari_msgs/srv/_set_display_image_s.c
[5.992s] -- Up-to-date: /home/akariros/Akari_ros2_humble/install/akari_msgs/local/lib/python3.10/dist-packages/akari_msgs/srv/__init__.py
[5.992s] -- Up-to-date: /home/akariros/Akari_ros2_humble/install/akari_msgs/local/lib/python3.10/dist-packages/akari_msgs/srv/_set_display_text.py
[5.996s] -- Up-to-date: /home/akariros/Akari_ros2_humble/install/akari_msgs/local/lib/python3.10/dist-packages/akari_msgs/srv/_set_pwmout_s.c
[5.996s] -- Up-to-date: /home/akariros/Akari_ros2_humble/install/akari_msgs/local/lib/python3.10/dist-packages/akari_msgs/srv/_set_allout_s.c
[5.997s] -- Up-to-date: /home/akariros/Akari_ros2_humble/install/akari_msgs/local/lib/python3.10/dist-packages/akari_msgs/srv/_set_joint_float_s.c
[5.997s] -- Up-to-date: /home/akariros/Akari_ros2_humble/install/akari_msgs/local/lib/python3.10/dist-packages/akari_msgs/srv/_set_display_image.py
[5.997s] -- Up-to-date: /home/akariros/Akari_ros2_humble/install/akari_msgs/local/lib/python3.10/dist-packages/akari_msgs/srv/_set_joint_bool_s.c
[5.997s] -- Up-to-date: /home/akariros/Akari_ros2_humble/install/akari_msgs/local/lib/python3.10/dist-packages/akari_msgs/srv/_trigger.py
[5.997s] -- Up-to-date: /home/akariros/Akari_ros2_humble/install/akari_msgs/local/lib/python3.10/dist-packages/akari_msgs/srv/_set_display_color.py
[5.997s] -- Up-to-date: /home/akariros/Akari_ros2_humble/install/akari_msgs/local/lib/python3.10/dist-packages/akari_msgs/srv/_set_display_text_s.c
[5.998s] -- Up-to-date: /home/akariros/Akari_ros2_humble/install/akari_msgs/local/lib/python3.10/dist-packages/akari_msgs/srv/_set_allout.py
[5.998s] -- Up-to-date: /home/akariros/Akari_ros2_humble/install/akari_msgs/local/lib/python3.10/dist-packages/akari_msgs/srv/_set_joint_bool.py
[5.998s] -- Up-to-date: /home/akariros/Akari_ros2_humble/install/akari_msgs/local/lib/python3.10/dist-packages/akari_msgs/srv/_set_dout_s.c
[5.998s] -- Up-to-date: /home/akariros/Akari_ros2_humble/install/akari_msgs/local/lib/python3.10/dist-packages/akari_msgs/srv/_trigger_s.c
[5.998s] -- Up-to-date: /home/akariros/Akari_ros2_humble/install/akari_msgs/local/lib/python3.10/dist-packages/akari_msgs/srv/_set_joint_float.py
[5.999s] -- Up-to-date: /home/akariros/Akari_ros2_humble/install/akari_msgs/local/lib/python3.10/dist-packages/akari_msgs/srv/_set_display_color_s.c
[5.999s] -- Up-to-date: /home/akariros/Akari_ros2_humble/install/akari_msgs/local/lib/python3.10/dist-packages/akari_msgs/srv/_set_pwmout.py
[5.999s] -- Up-to-date: /home/akariros/Akari_ros2_humble/install/akari_msgs/local/lib/python3.10/dist-packages/akari_msgs/srv/_set_dout.py
[5.999s] -- Up-to-date: /home/akariros/Akari_ros2_humble/install/akari_msgs/local/lib/python3.10/dist-packages/akari_msgs/akari_msgs_s__rosidl_typesupport_c.cpython-310-x86_64-linux-gnu.so
[5.999s] -- Up-to-date: /home/akariros/Akari_ros2_humble/install/akari_msgs/local/lib/python3.10/dist-packages/akari_msgs/__init__.py
[5.999s] -- Up-to-date: /home/akariros/Akari_ros2_humble/install/akari_msgs/local/lib/python3.10/dist-packages/akari_msgs/libakari_msgs__rosidl_generator_py.so
[6.000s] -- Up-to-date: /home/akariros/Akari_ros2_humble/install/akari_msgs/local/lib/python3.10/dist-packages/akari_msgs/msg
[6.000s] -- Up-to-date: /home/akariros/Akari_ros2_humble/install/akari_msgs/local/lib/python3.10/dist-packages/akari_msgs/msg/_m5_s.c
[6.000s] -- Up-to-date: /home/akariros/Akari_ros2_humble/install/akari_msgs/local/lib/python3.10/dist-packages/akari_msgs/msg/_akarisetting.py
[6.000s] -- Up-to-date: /home/akariros/Akari_ros2_humble/install/akari_msgs/local/lib/python3.10/dist-packages/akari_msgs/msg/__init__.py
[6.000s] -- Up-to-date: /home/akariros/Akari_ros2_humble/install/akari_msgs/local/lib/python3.10/dist-packages/akari_msgs/msg/_m5.py
[6.000s] -- Up-to-date: /home/akariros/Akari_ros2_humble/install/akari_msgs/local/lib/python3.10/dist-packages/akari_msgs/msg/_akarisetting_s.c
[6.001s] -- Up-to-date: /home/akariros/Akari_ros2_humble/install/akari_msgs/local/lib/python3.10/dist-packages/akari_msgs/_akari_msgs_s.ep.rosidl_typesupport_introspection_c.c
[6.001s] -- Up-to-date: /home/akariros/Akari_ros2_humble/install/akari_msgs/local/lib/python3.10/dist-packages/akari_msgs/akari_msgs_s__rosidl_typesupport_fastrtps_c.cpython-310-x86_64-linux-gnu.so
[6.001s] -- Up-to-date: /home/akariros/Akari_ros2_humble/install/akari_msgs/local/lib/python3.10/dist-packages/akari_msgs/akari_msgs_s__rosidl_typesupport_introspection_c.cpython-310-x86_64-linux-gnu.so
[6.001s] -- Up-to-date: /home/akariros/Akari_ros2_humble/install/akari_msgs/local/lib/python3.10/dist-packages/akari_msgs/action
[6.001s] -- Up-to-date: /home/akariros/Akari_ros2_humble/install/akari_msgs/local/lib/python3.10/dist-packages/akari_msgs/action/_move_joint.py
[6.001s] -- Up-to-date: /home/akariros/Akari_ros2_humble/install/akari_msgs/local/lib/python3.10/dist-packages/akari_msgs/action/__init__.py
[6.002s] -- Up-to-date: /home/akariros/Akari_ros2_humble/install/akari_msgs/local/lib/python3.10/dist-packages/akari_msgs/action/_move_joint_s.c
[6.002s] -- Up-to-date: /home/akariros/Akari_ros2_humble/install/akari_msgs/local/lib/python3.10/dist-packages/akari_msgs/_akari_msgs_s.ep.rosidl_typesupport_c.c
[6.031s] Listing '/home/akariros/Akari_ros2_humble/install/akari_msgs/local/lib/python3.10/dist-packages/akari_msgs'...
[6.032s] Listing '/home/akariros/Akari_ros2_humble/install/akari_msgs/local/lib/python3.10/dist-packages/akari_msgs/action'...
[6.032s] Listing '/home/akariros/Akari_ros2_humble/install/akari_msgs/local/lib/python3.10/dist-packages/akari_msgs/msg'...
[6.032s] Listing '/home/akariros/Akari_ros2_humble/install/akari_msgs/local/lib/python3.10/dist-packages/akari_msgs/srv'...
[6.038s] -- Up-to-date: /home/akariros/Akari_ros2_humble/install/akari_msgs/local/lib/python3.10/dist-packages/akari_msgs/akari_msgs_s__rosidl_typesupport_fastrtps_c.cpython-310-x86_64-linux-gnu.so
[6.038s] -- Up-to-date: /home/akariros/Akari_ros2_humble/install/akari_msgs/local/lib/python3.10/dist-packages/akari_msgs/akari_msgs_s__rosidl_typesupport_introspection_c.cpython-310-x86_64-linux-gnu.so
[6.038s] -- Up-to-date: /home/akariros/Akari_ros2_humble/install/akari_msgs/local/lib/python3.10/dist-packages/akari_msgs/akari_msgs_s__rosidl_typesupport_c.cpython-310-x86_64-linux-gnu.so
[6.038s] -- Up-to-date: /home/akariros/Akari_ros2_humble/install/akari_msgs/lib/libakari_msgs__rosidl_generator_py.so
[6.038s] -- Up-to-date: /home/akariros/Akari_ros2_humble/install/akari_msgs/share/akari_msgs/srv/SetAllout.idl
[6.039s] -- Up-to-date: /home/akariros/Akari_ros2_humble/install/akari_msgs/share/akari_msgs/srv/SetDisplayColor.idl
[6.039s] -- Up-to-date: /home/akariros/Akari_ros2_humble/install/akari_msgs/share/akari_msgs/srv/SetDisplayImage.idl
[6.039s] -- Up-to-date: /home/akariros/Akari_ros2_humble/install/akari_msgs/share/akari_msgs/srv/SetDisplayText.idl
[6.039s] -- Up-to-date: /home/akariros/Akari_ros2_humble/install/akari_msgs/share/akari_msgs/srv/SetDout.idl
[6.039s] -- Up-to-date: /home/akariros/Akari_ros2_humble/install/akari_msgs/share/akari_msgs/srv/SetPwmout.idl
[6.040s] -- Up-to-date: /home/akariros/Akari_ros2_humble/install/akari_msgs/share/akari_msgs/srv/Trigger.idl
[6.040s] -- Up-to-date: /home/akariros/Akari_ros2_humble/install/akari_msgs/share/akari_msgs/srv/SetJointFloat.idl
[6.044s] -- Up-to-date: /home/akariros/Akari_ros2_humble/install/akari_msgs/share/akari_msgs/srv/SetJointBool.idl
[6.044s] -- Up-to-date: /home/akariros/Akari_ros2_humble/install/akari_msgs/share/akari_msgs/msg/M5.idl
[6.044s] -- Up-to-date: /home/akariros/Akari_ros2_humble/install/akari_msgs/share/akari_msgs/msg/Akarisetting.idl
[6.044s] -- Up-to-date: /home/akariros/Akari_ros2_humble/install/akari_msgs/share/akari_msgs/action/MoveJoint.idl
[6.044s] -- Up-to-date: /home/akariros/Akari_ros2_humble/install/akari_msgs/share/akari_msgs/srv/SetAllout.srv
[6.044s] -- Up-to-date: /home/akariros/Akari_ros2_humble/install/akari_msgs/share/akari_msgs/srv/SetAllout_Request.msg
[6.045s] -- Up-to-date: /home/akariros/Akari_ros2_humble/install/akari_msgs/share/akari_msgs/srv/SetAllout_Response.msg
[6.045s] -- Up-to-date: /home/akariros/Akari_ros2_humble/install/akari_msgs/share/akari_msgs/srv/SetDisplayColor.srv
[6.045s] -- Up-to-date: /home/akariros/Akari_ros2_humble/install/akari_msgs/share/akari_msgs/srv/SetDisplayColor_Request.msg
[6.045s] -- Up-to-date: /home/akariros/Akari_ros2_humble/install/akari_msgs/share/akari_msgs/srv/SetDisplayColor_Response.msg
[6.045s] -- Up-to-date: /home/akariros/Akari_ros2_humble/install/akari_msgs/share/akari_msgs/srv/SetDisplayImage.srv
[6.046s] -- Up-to-date: /home/akariros/Akari_ros2_humble/install/akari_msgs/share/akari_msgs/srv/SetDisplayImage_Request.msg
[6.046s] -- Up-to-date: /home/akariros/Akari_ros2_humble/install/akari_msgs/share/akari_msgs/srv/SetDisplayImage_Response.msg
[6.046s] -- Up-to-date: /home/akariros/Akari_ros2_humble/install/akari_msgs/share/akari_msgs/srv/SetDisplayText.srv
[6.046s] -- Up-to-date: /home/akariros/Akari_ros2_humble/install/akari_msgs/share/akari_msgs/srv/SetDisplayText_Request.msg
[6.046s] -- Up-to-date: /home/akariros/Akari_ros2_humble/install/akari_msgs/share/akari_msgs/srv/SetDisplayText_Response.msg
[6.051s] -- Up-to-date: /home/akariros/Akari_ros2_humble/install/akari_msgs/share/akari_msgs/srv/SetDout.srv
[6.051s] -- Up-to-date: /home/akariros/Akari_ros2_humble/install/akari_msgs/share/akari_msgs/srv/SetDout_Request.msg
[6.051s] -- Up-to-date: /home/akariros/Akari_ros2_humble/install/akari_msgs/share/akari_msgs/srv/SetDout_Response.msg
[6.051s] -- Up-to-date: /home/akariros/Akari_ros2_humble/install/akari_msgs/share/akari_msgs/srv/SetPwmout.srv
[6.052s] -- Up-to-date: /home/akariros/Akari_ros2_humble/install/akari_msgs/share/akari_msgs/srv/SetPwmout_Request.msg
[6.052s] -- Up-to-date: /home/akariros/Akari_ros2_humble/install/akari_msgs/share/akari_msgs/srv/SetPwmout_Response.msg
[6.052s] -- Up-to-date: /home/akariros/Akari_ros2_humble/install/akari_msgs/share/akari_msgs/srv/Trigger.srv
[6.052s] -- Up-to-date: /home/akariros/Akari_ros2_humble/install/akari_msgs/share/akari_msgs/srv/Trigger_Request.msg
[6.052s] -- Up-to-date: /home/akariros/Akari_ros2_humble/install/akari_msgs/share/akari_msgs/srv/Trigger_Response.msg
[6.053s] -- Up-to-date: /home/akariros/Akari_ros2_humble/install/akari_msgs/share/akari_msgs/srv/SetJointFloat.srv
[6.053s] -- Up-to-date: /home/akariros/Akari_ros2_humble/install/akari_msgs/share/akari_msgs/srv/SetJointFloat_Request.msg
[6.053s] -- Up-to-date: /home/akariros/Akari_ros2_humble/install/akari_msgs/share/akari_msgs/srv/SetJointFloat_Response.msg
[6.053s] -- Up-to-date: /home/akariros/Akari_ros2_humble/install/akari_msgs/share/akari_msgs/srv/SetJointBool.srv
[6.053s] -- Up-to-date: /home/akariros/Akari_ros2_humble/install/akari_msgs/share/akari_msgs/srv/SetJointBool_Request.msg
[6.058s] -- Up-to-date: /home/akariros/Akari_ros2_humble/install/akari_msgs/share/akari_msgs/srv/SetJointBool_Response.msg
[6.058s] -- Up-to-date: /home/akariros/Akari_ros2_humble/install/akari_msgs/share/akari_msgs/msg/M5.msg
[6.058s] -- Up-to-date: /home/akariros/Akari_ros2_humble/install/akari_msgs/share/akari_msgs/msg/Akarisetting.msg
[6.058s] -- Up-to-date: /home/akariros/Akari_ros2_humble/install/akari_msgs/share/akari_msgs/action/MoveJoint.action
[6.059s] -- Up-to-date: /home/akariros/Akari_ros2_humble/install/akari_msgs/share/ament_index/resource_index/package_run_dependencies/akari_msgs
[6.059s] -- Up-to-date: /home/akariros/Akari_ros2_humble/install/akari_msgs/share/ament_index/resource_index/parent_prefix_path/akari_msgs
[6.059s] -- Up-to-date: /home/akariros/Akari_ros2_humble/install/akari_msgs/share/akari_msgs/environment/ament_prefix_path.sh
[6.059s] -- Up-to-date: /home/akariros/Akari_ros2_humble/install/akari_msgs/share/akari_msgs/environment/ament_prefix_path.dsv
[6.059s] -- Up-to-date: /home/akariros/Akari_ros2_humble/install/akari_msgs/share/akari_msgs/environment/path.sh
[6.059s] -- Up-to-date: /home/akariros/Akari_ros2_humble/install/akari_msgs/share/akari_msgs/environment/path.dsv
[6.060s] -- Up-to-date: /home/akariros/Akari_ros2_humble/install/akari_msgs/share/akari_msgs/local_setup.bash
[6.060s] -- Up-to-date: /home/akariros/Akari_ros2_humble/install/akari_msgs/share/akari_msgs/local_setup.sh
[6.060s] -- Up-to-date: /home/akariros/Akari_ros2_humble/install/akari_msgs/share/akari_msgs/local_setup.zsh
[6.060s] -- Up-to-date: /home/akariros/Akari_ros2_humble/install/akari_msgs/share/akari_msgs/local_setup.dsv
[6.060s] -- Installing: /home/akariros/Akari_ros2_humble/install/akari_msgs/share/akari_msgs/package.dsv
[6.060s] -- Up-to-date: /home/akariros/Akari_ros2_humble/install/akari_msgs/share/ament_index/resource_index/packages/akari_msgs
[6.061s] -- Up-to-date: /home/akariros/Akari_ros2_humble/install/akari_msgs/share/akari_msgs/cmake/export_akari_msgs__rosidl_generator_cExport.cmake
[6.061s] -- Up-to-date: /home/akariros/Akari_ros2_humble/install/akari_msgs/share/akari_msgs/cmake/export_akari_msgs__rosidl_generator_cExport-noconfig.cmake
[6.061s] -- Up-to-date: /home/akariros/Akari_ros2_humble/install/akari_msgs/share/akari_msgs/cmake/export_akari_msgs__rosidl_typesupport_fastrtps_cExport.cmake
[6.061s] -- Up-to-date: /home/akariros/Akari_ros2_humble/install/akari_msgs/share/akari_msgs/cmake/export_akari_msgs__rosidl_typesupport_fastrtps_cExport-noconfig.cmake
[6.066s] -- Up-to-date: /home/akariros/Akari_ros2_humble/install/akari_msgs/share/akari_msgs/cmake/export_akari_msgs__rosidl_generator_cppExport.cmake
[6.066s] -- Up-to-date: /home/akariros/Akari_ros2_humble/install/akari_msgs/share/akari_msgs/cmake/export_akari_msgs__rosidl_typesupport_fastrtps_cppExport.cmake
[6.066s] -- Up-to-date: /home/akariros/Akari_ros2_humble/install/akari_msgs/share/akari_msgs/cmake/export_akari_msgs__rosidl_typesupport_fastrtps_cppExport-noconfig.cmake
[6.066s] -- Up-to-date: /home/akariros/Akari_ros2_humble/install/akari_msgs/share/akari_msgs/cmake/akari_msgs__rosidl_typesupport_introspection_cExport.cmake
[6.067s] -- Up-to-date: /home/akariros/Akari_ros2_humble/install/akari_msgs/share/akari_msgs/cmake/akari_msgs__rosidl_typesupport_introspection_cExport-noconfig.cmake
[6.067s] -- Up-to-date: /home/akariros/Akari_ros2_humble/install/akari_msgs/share/akari_msgs/cmake/akari_msgs__rosidl_typesupport_cExport.cmake
[6.067s] -- Up-to-date: /home/akariros/Akari_ros2_humble/install/akari_msgs/share/akari_msgs/cmake/akari_msgs__rosidl_typesupport_cExport-noconfig.cmake
[6.067s] -- Up-to-date: /home/akariros/Akari_ros2_humble/install/akari_msgs/share/akari_msgs/cmake/akari_msgs__rosidl_typesupport_introspection_cppExport.cmake
[6.067s] -- Up-to-date: /home/akariros/Akari_ros2_humble/install/akari_msgs/share/akari_msgs/cmake/akari_msgs__rosidl_typesupport_introspection_cppExport-noconfig.cmake
[6.067s] -- Up-to-date: /home/akariros/Akari_ros2_humble/install/akari_msgs/share/akari_msgs/cmake/akari_msgs__rosidl_typesupport_cppExport.cmake
[6.068s] -- Up-to-date: /home/akariros/Akari_ros2_humble/install/akari_msgs/share/akari_msgs/cmake/akari_msgs__rosidl_typesupport_cppExport-noconfig.cmake
[6.068s] -- Up-to-date: /home/akariros/Akari_ros2_humble/install/akari_msgs/share/akari_msgs/cmake/export_akari_msgs__rosidl_generator_pyExport.cmake
[6.068s] -- Up-to-date: /home/akariros/Akari_ros2_humble/install/akari_msgs/share/akari_msgs/cmake/export_akari_msgs__rosidl_generator_pyExport-noconfig.cmake
[6.068s] -- Up-to-date: /home/akariros/Akari_ros2_humble/install/akari_msgs/share/akari_msgs/cmake/rosidl_cmake-extras.cmake
[6.068s] -- Up-to-date: /home/akariros/Akari_ros2_humble/install/akari_msgs/share/akari_msgs/cmake/ament_cmake_export_dependencies-extras.cmake
[6.068s] -- Up-to-date: /home/akariros/Akari_ros2_humble/install/akari_msgs/share/akari_msgs/cmake/ament_cmake_export_include_directories-extras.cmake
[6.074s] -- Up-to-date: /home/akariros/Akari_ros2_humble/install/akari_msgs/share/akari_msgs/cmake/ament_cmake_export_libraries-extras.cmake
[6.074s] -- Up-to-date: /home/akariros/Akari_ros2_humble/install/akari_msgs/share/akari_msgs/cmake/ament_cmake_export_targets-extras.cmake
[6.074s] -- Up-to-date: /home/akariros/Akari_ros2_humble/install/akari_msgs/share/akari_msgs/cmake/rosidl_cmake_export_typesupport_targets-extras.cmake
[6.075s] -- Up-to-date: /home/akariros/Akari_ros2_humble/install/akari_msgs/share/akari_msgs/cmake/rosidl_cmake_export_typesupport_libraries-extras.cmake
[6.075s] -- Up-to-date: /home/akariros/Akari_ros2_humble/install/akari_msgs/share/akari_msgs/cmake/akari_msgsConfig.cmake
[6.075s] -- Up-to-date: /home/akariros/Akari_ros2_humble/install/akari_msgs/share/akari_msgs/cmake/akari_msgsConfig-version.cmake
[6.075s] -- Up-to-date: /home/akariros/Akari_ros2_humble/install/akari_msgs/share/akari_msgs/package.xml
[6.860s] Invoked command in '/home/akariros/Akari_ros2_humble/build/akari_msgs' returned '0': CMAKE_PREFIX_PATH=${CMAKE_PREFIX_PATH}:/home/akariros/Akari_ros2_humble/install/servo_server:/home/akariros/Akari_ros2_humble/install/m5_server:/home/akariros/Akari_ros2_humble/install/akari_state_publisher:/home/akariros/Akari_ros2_humble/install/akari_setting_publisher:/home/akariros/Akari_ros2_humble/install/akari_launch:/home/akariros/Akari_ros2_humble/install/akari_client_example:/opt/ros/humble /usr/bin/cmake --install /home/akariros/Akari_ros2_humble/build/akari_msgs
