[2.339s] Invoking command in '/home/akariros/Akari_ros2_humble/akari_state_publisher': PYTHONPATH=/home/akariros/Akari_ros2_humble/build/akari_state_publisher/prefix_override:/home/akariros/Akari_ros2_humble/install/akari_state_publisher/lib/python3.10/site-packages:${PYTHONPATH} /usr/bin/python3 setup.py egg_info --egg-base ../build/akari_state_publisher build --build-base /home/akariros/Akari_ros2_humble/build/akari_state_publisher/build install --record /home/akariros/Akari_ros2_humble/build/akari_state_publisher/install.log --single-version-externally-managed
[3.322s] running egg_info
[3.324s] writing ../build/akari_state_publisher/akari_state_publisher.egg-info/PKG-INFO
[3.325s] writing dependency_links to ../build/akari_state_publisher/akari_state_publisher.egg-info/dependency_links.txt
[3.326s] writing entry points to ../build/akari_state_publisher/akari_state_publisher.egg-info/entry_points.txt
[3.326s] writing requirements to ../build/akari_state_publisher/akari_state_publisher.egg-info/requires.txt
[3.327s] writing top-level names to ../build/akari_state_publisher/akari_state_publisher.egg-info/top_level.txt
[3.331s] reading manifest file '../build/akari_state_publisher/akari_state_publisher.egg-info/SOURCES.txt'
[3.334s] writing manifest file '../build/akari_state_publisher/akari_state_publisher.egg-info/SOURCES.txt'
[3.334s] running build
[3.334s] running build_py
[3.334s] running install
[3.335s] /usr/lib/python3/dist-packages/setuptools/command/install.py:34: SetuptoolsDeprecationWarning: setup.py install is deprecated. Use build and pip and other standards-based tools.
[3.335s]   warnings.warn(
[3.336s] running install_lib
[3.341s] running install_data
[3.342s] running install_egg_info
[3.351s] removing '/home/akariros/Akari_ros2_humble/install/akari_state_publisher/lib/python3.10/site-packages/akari_state_publisher-0.0.0-py3.10.egg-info' (and everything under it)
[3.352s] Copying ../build/akari_state_publisher/akari_state_publisher.egg-info to /home/akariros/Akari_ros2_humble/install/akari_state_publisher/lib/python3.10/site-packages/akari_state_publisher-0.0.0-py3.10.egg-info
[3.355s] running install_scripts
[3.417s] Installing joint_state_publisher script to /home/akariros/Akari_ros2_humble/install/akari_state_publisher/lib/akari_state_publisher
[3.418s] writing list of installed files to '/home/akariros/Akari_ros2_humble/build/akari_state_publisher/install.log'
[3.491s] Invoked command in '/home/akariros/Akari_ros2_humble/akari_state_publisher' returned '0': PYTHONPATH=/home/akariros/Akari_ros2_humble/build/akari_state_publisher/prefix_override:/home/akariros/Akari_ros2_humble/install/akari_state_publisher/lib/python3.10/site-packages:${PYTHONPATH} /usr/bin/python3 setup.py egg_info --egg-base ../build/akari_state_publisher build --build-base /home/akariros/Akari_ros2_humble/build/akari_state_publisher/build install --record /home/akariros/Akari_ros2_humble/build/akari_state_publisher/install.log --single-version-externally-managed
