[1.212s] Invoking command in '/home/akariros/Akari_ros2_humble/build/akari_msgs': CMAKE_PREFIX_PATH=${CMAKE_PREFIX_PATH}:/home/akariros/Akari_ros2_humble/install/servo_server:/home/akariros/Akari_ros2_humble/install/m5_server:/home/akariros/Akari_ros2_humble/install/akari_state_publisher:/home/akariros/Akari_ros2_humble/install/akari_setting_publisher:/home/akariros/Akari_ros2_humble/install/akari_launch:/home/akariros/Akari_ros2_humble/install/akari_client_example:/opt/ros/humble /usr/bin/cmake --build /home/akariros/Akari_ros2_humble/build/akari_msgs -- -j4 -l4
[1.354s] [  0%] Built target akari_msgs__cpp
[1.398s] [ 12%] Built target akari_msgs__rosidl_generator_c
[1.435s] [ 12%] Built target ament_cmake_python_copy_akari_msgs
[1.461s] [ 24%] Built target akari_msgs__rosidl_typesupport_cpp
[1.475s] [ 35%] Built target akari_msgs__rosidl_typesupport_fastrtps_cpp
[1.544s] [ 47%] Built target akari_msgs__rosidl_typesupport_introspection_cpp
[1.566s] [ 59%] Built target akari_msgs__rosidl_typesupport_fastrtps_c
[1.578s] [ 71%] Built target akari_msgs__rosidl_typesupport_c
[1.588s] [ 83%] Built target akari_msgs__rosidl_typesupport_introspection_c
[1.630s] [ 83%] Built target akari_msgs
[1.674s] [ 84%] Built target akari_msgs__py
[1.753s] [ 95%] Built target akari_msgs__rosidl_generator_py
[1.858s] [ 96%] Built target akari_msgs__rosidl_typesupport_c__pyext
[1.860s] [ 98%] Built target akari_msgs__rosidl_typesupport_fastrtps_c__pyext
[1.874s] [100%] Built target akari_msgs__rosidl_typesupport_introspection_c__pyext
[2.467s] running egg_info
[2.480s] writing akari_msgs.egg-info/PKG-INFO
[2.482s] writing dependency_links to akari_msgs.egg-info/dependency_links.txt
[2.482s] writing top-level names to akari_msgs.egg-info/top_level.txt
[2.488s] reading manifest file 'akari_msgs.egg-info/SOURCES.txt'
[2.490s] writing manifest file 'akari_msgs.egg-info/SOURCES.txt'
[2.610s] [100%] Built target ament_cmake_python_build_akari_msgs_egg
[2.673s] Invoked command in '/home/akariros/Akari_ros2_humble/build/akari_msgs' returned '0': CMAKE_PREFIX_PATH=${CMAKE_PREFIX_PATH}:/home/akariros/Akari_ros2_humble/install/servo_server:/home/akariros/Akari_ros2_humble/install/m5_server:/home/akariros/Akari_ros2_humble/install/akari_state_publisher:/home/akariros/Akari_ros2_humble/install/akari_setting_publisher:/home/akariros/Akari_ros2_humble/install/akari_launch:/home/akariros/Akari_ros2_humble/install/akari_client_example:/opt/ros/humble /usr/bin/cmake --build /home/akariros/Akari_ros2_humble/build/akari_msgs -- -j4 -l4
[4.829s] Invoking command in '/home/akariros/Akari_ros2_humble/build/akari_msgs': CMAKE_PREFIX_PATH=${CMAKE_PREFIX_PATH}:/home/akariros/Akari_ros2_humble/install/servo_server:/home/akariros/Akari_ros2_humble/install/m5_server:/home/akariros/Akari_ros2_humble/install/akari_state_publisher:/home/akariros/Akari_ros2_humble/install/akari_setting_publisher:/home/akariros/Akari_ros2_humble/install/akari_launch:/home/akariros/Akari_ros2_humble/install/akari_client_example:/opt/ros/humble /usr/bin/cmake --install /home/akariros/Akari_ros2_humble/build/akari_msgs
[4.887s] -- Install configuration: ""
[4.887s] -- Up-to-date: /home/akariros/Akari_ros2_humble/install/akari_msgs/share/ament_index/resource_index/rosidl_interfaces/akari_msgs
[4.887s] -- Up-to-date: /home/akariros/Akari_ros2_humble/install/akari_msgs/include/akari_msgs/akari_msgs
[4.887s] -- Up-to-date: /home/akariros/Akari_ros2_humble/install/akari_msgs/include/akari_msgs/akari_msgs/srv
[4.887s] -- Up-to-date: /home/akariros/Akari_ros2_humble/install/akari_msgs/include/akari_msgs/akari_msgs/srv/set_pwmout.h
[4.887s] -- Up-to-date: /home/akariros/Akari_ros2_humble/install/akari_msgs/include/akari_msgs/akari_msgs/srv/detail
[4.888s] -- Up-to-date: /home/akariros/Akari_ros2_humble/install/akari_msgs/include/akari_msgs/akari_msgs/srv/detail/set_joint_float__functions.h
[4.888s] -- Up-to-date: /home/akariros/Akari_ros2_humble/install/akari_msgs/include/akari_msgs/akari_msgs/srv/detail/trigger__type_support.h
[4.888s] -- Up-to-date: /home/akariros/Akari_ros2_humble/install/akari_msgs/include/akari_msgs/akari_msgs/srv/detail/set_display_color__functions.c
[4.888s] -- Up-to-date: /home/akariros/Akari_ros2_humble/install/akari_msgs/include/akari_msgs/akari_msgs/srv/detail/set_display_text__struct.h
[4.888s] -- Up-to-date: /home/akariros/Akari_ros2_humble/install/akari_msgs/include/akari_msgs/akari_msgs/srv/detail/trigger__functions.c
[4.888s] -- Up-to-date: /home/akariros/Akari_ros2_humble/install/akari_msgs/include/akari_msgs/akari_msgs/srv/detail/set_joint_float__type_support.h
[4.888s] -- Up-to-date: /home/akariros/Akari_ros2_humble/install/akari_msgs/include/akari_msgs/akari_msgs/srv/detail/set_pwmout__struct.h
[4.888s] -- Up-to-date: /home/akariros/Akari_ros2_humble/install/akari_msgs/include/akari_msgs/akari_msgs/srv/detail/set_pwmout__type_support.h
[4.889s] -- Up-to-date: /home/akariros/Akari_ros2_humble/install/akari_msgs/include/akari_msgs/akari_msgs/srv/detail/set_dout__functions.c
[4.889s] -- Up-to-date: /home/akariros/Akari_ros2_humble/install/akari_msgs/include/akari_msgs/akari_msgs/srv/detail/set_allout__type_support.h
[4.889s] -- Up-to-date: /home/akariros/Akari_ros2_humble/install/akari_msgs/include/akari_msgs/akari_msgs/srv/detail/set_dout__functions.h
[4.889s] -- Up-to-date: /home/akariros/Akari_ros2_humble/install/akari_msgs/include/akari_msgs/akari_msgs/srv/detail/set_display_color__functions.h
[4.889s] -- Up-to-date: /home/akariros/Akari_ros2_humble/install/akari_msgs/include/akari_msgs/akari_msgs/srv/detail/trigger__struct.h
[4.889s] -- Up-to-date: /home/akariros/Akari_ros2_humble/install/akari_msgs/include/akari_msgs/akari_msgs/srv/detail/set_display_text__functions.h
[4.889s] -- Up-to-date: /home/akariros/Akari_ros2_humble/install/akari_msgs/include/akari_msgs/akari_msgs/srv/detail/set_joint_float__struct.h
[4.890s] -- Up-to-date: /home/akariros/Akari_ros2_humble/install/akari_msgs/include/akari_msgs/akari_msgs/srv/detail/set_pwmout__functions.h
[4.890s] -- Up-to-date: /home/akariros/Akari_ros2_humble/install/akari_msgs/include/akari_msgs/akari_msgs/srv/detail/set_joint_bool__type_support.h
[4.890s] -- Up-to-date: /home/akariros/Akari_ros2_humble/install/akari_msgs/include/akari_msgs/akari_msgs/srv/detail/set_display_image__functions.h
[4.890s] -- Up-to-date: /home/akariros/Akari_ros2_humble/install/akari_msgs/include/akari_msgs/akari_msgs/srv/detail/set_joint_float__functions.c
[4.890s] -- Up-to-date: /home/akariros/Akari_ros2_humble/install/akari_msgs/include/akari_msgs/akari_msgs/srv/detail/set_display_color__type_support.h
[4.891s] -- Up-to-date: /home/akariros/Akari_ros2_humble/install/akari_msgs/include/akari_msgs/akari_msgs/srv/detail/set_display_text__functions.c
[4.892s] -- Up-to-date: /home/akariros/Akari_ros2_humble/install/akari_msgs/include/akari_msgs/akari_msgs/srv/detail/set_joint_bool__struct.h
[4.896s] -- Up-to-date: /home/akariros/Akari_ros2_humble/install/akari_msgs/include/akari_msgs/akari_msgs/srv/detail/set_joint_bool__functions.c
[4.897s] -- Up-to-date: /home/akariros/Akari_ros2_humble/install/akari_msgs/include/akari_msgs/akari_msgs/srv/detail/set_dout__struct.h
[4.897s] -- Up-to-date: /home/akariros/Akari_ros2_humble/install/akari_msgs/include/akari_msgs/akari_msgs/srv/detail/set_display_image__type_support.h
[4.897s] -- Up-to-date: /home/akariros/Akari_ros2_humble/install/akari_msgs/include/akari_msgs/akari_msgs/srv/detail/set_allout__struct.h
[4.897s] -- Up-to-date: /home/akariros/Akari_ros2_humble/install/akari_msgs/include/akari_msgs/akari_msgs/srv/detail/set_dout__type_support.h
[4.897s] -- Up-to-date: /home/akariros/Akari_ros2_humble/install/akari_msgs/include/akari_msgs/akari_msgs/srv/detail/set_allout__functions.h
[4.897s] -- Up-to-date: /home/akariros/Akari_ros2_humble/install/akari_msgs/include/akari_msgs/akari_msgs/srv/detail/set_pwmout__functions.c
[4.898s] -- Up-to-date: /home/akariros/Akari_ros2_humble/install/akari_msgs/include/akari_msgs/akari_msgs/srv/detail/set_display_image__struct.h
[4.898s] -- Up-to-date: /home/akariros/Akari_ros2_humble/install/akari_msgs/include/akari_msgs/akari_msgs/srv/detail/set_display_text__type_support.h
[4.898s] -- Up-to-date: /home/akariros/Akari_ros2_humble/install/akari_msgs/include/akari_msgs/akari_msgs/srv/detail/set_allout__functions.c
[4.899s] -- Up-to-date: /home/akariros/Akari_ros2_humble/install/akari_msgs/include/akari_msgs/akari_msgs/srv/detail/set_display_color__struct.h
[4.899s] -- Up-to-date: /home/akariros/Akari_ros2_humble/install/akari_msgs/include/akari_msgs/akari_msgs/srv/detail/set_display_image__functions.c
[4.900s] -- Up-to-date: /home/akariros/Akari_ros2_humble/install/akari_msgs/include/akari_msgs/akari_msgs/srv/detail/set_joint_bool__functions.h
[4.900s] -- Up-to-date: /home/akariros/Akari_ros2_humble/install/akari_msgs/include/akari_msgs/akari_msgs/srv/detail/trigger__functions.h
[4.900s] -- Up-to-date: /home/akariros/Akari_ros2_humble/install/akari_msgs/include/akari_msgs/akari_msgs/srv/trigger.h
[4.900s] -- Up-to-date: /home/akariros/Akari_ros2_humble/install/akari_msgs/include/akari_msgs/akari_msgs/srv/set_display_text.h
[4.901s] -- Up-to-date: /home/akariros/Akari_ros2_humble/install/akari_msgs/include/akari_msgs/akari_msgs/srv/set_display_image.h
[4.901s] -- Up-to-date: /home/akariros/Akari_ros2_humble/install/akari_msgs/include/akari_msgs/akari_msgs/srv/set_dout.h
[4.901s] -- Up-to-date: /home/akariros/Akari_ros2_humble/install/akari_msgs/include/akari_msgs/akari_msgs/srv/set_display_color.h
[4.902s] -- Up-to-date: /home/akariros/Akari_ros2_humble/install/akari_msgs/include/akari_msgs/akari_msgs/srv/set_allout.h
[4.902s] -- Up-to-date: /home/akariros/Akari_ros2_humble/install/akari_msgs/include/akari_msgs/akari_msgs/srv/set_joint_float.h
[4.902s] -- Up-to-date: /home/akariros/Akari_ros2_humble/install/akari_msgs/include/akari_msgs/akari_msgs/srv/set_joint_bool.h
[4.903s] -- Up-to-date: /home/akariros/Akari_ros2_humble/install/akari_msgs/include/akari_msgs/akari_msgs/msg
[4.903s] -- Up-to-date: /home/akariros/Akari_ros2_humble/install/akari_msgs/include/akari_msgs/akari_msgs/msg/rosidl_generator_c__visibility_control.h
[4.903s] -- Up-to-date: /home/akariros/Akari_ros2_humble/install/akari_msgs/include/akari_msgs/akari_msgs/msg/detail
[4.903s] -- Up-to-date: /home/akariros/Akari_ros2_humble/install/akari_msgs/include/akari_msgs/akari_msgs/msg/detail/m5__functions.c
[4.903s] -- Up-to-date: /home/akariros/Akari_ros2_humble/install/akari_msgs/include/akari_msgs/akari_msgs/msg/detail/akarisetting__functions.h
[4.903s] -- Up-to-date: /home/akariros/Akari_ros2_humble/install/akari_msgs/include/akari_msgs/akari_msgs/msg/detail/m5__struct.h
[4.903s] -- Up-to-date: /home/akariros/Akari_ros2_humble/install/akari_msgs/include/akari_msgs/akari_msgs/msg/detail/m5__type_support.h
[4.904s] -- Up-to-date: /home/akariros/Akari_ros2_humble/install/akari_msgs/include/akari_msgs/akari_msgs/msg/detail/m5__functions.h
[4.904s] -- Up-to-date: /home/akariros/Akari_ros2_humble/install/akari_msgs/include/akari_msgs/akari_msgs/msg/detail/akarisetting__functions.c
[4.904s] -- Up-to-date: /home/akariros/Akari_ros2_humble/install/akari_msgs/include/akari_msgs/akari_msgs/msg/detail/akarisetting__type_support.h
[4.904s] -- Up-to-date: /home/akariros/Akari_ros2_humble/install/akari_msgs/include/akari_msgs/akari_msgs/msg/detail/akarisetting__struct.h
[4.904s] -- Up-to-date: /home/akariros/Akari_ros2_humble/install/akari_msgs/include/akari_msgs/akari_msgs/msg/m5.h
[4.904s] -- Up-to-date: /home/akariros/Akari_ros2_humble/install/akari_msgs/include/akari_msgs/akari_msgs/msg/akarisetting.h
[4.904s] -- Up-to-date: /home/akariros/Akari_ros2_humble/install/akari_msgs/include/akari_msgs/akari_msgs/action
[4.904s] -- Up-to-date: /home/akariros/Akari_ros2_humble/install/akari_msgs/include/akari_msgs/akari_msgs/action/move_joint.h
[4.905s] -- Up-to-date: /home/akariros/Akari_ros2_humble/install/akari_msgs/include/akari_msgs/akari_msgs/action/detail
[4.905s] -- Up-to-date: /home/akariros/Akari_ros2_humble/install/akari_msgs/include/akari_msgs/akari_msgs/action/detail/move_joint__functions.c
[4.905s] -- Up-to-date: /home/akariros/Akari_ros2_humble/install/akari_msgs/include/akari_msgs/akari_msgs/action/detail/move_joint__functions.h
[4.905s] -- Up-to-date: /home/akariros/Akari_ros2_humble/install/akari_msgs/include/akari_msgs/akari_msgs/action/detail/move_joint__struct.h
[4.905s] -- Up-to-date: /home/akariros/Akari_ros2_humble/install/akari_msgs/include/akari_msgs/akari_msgs/action/detail/move_joint__type_support.h
[4.905s] -- Up-to-date: /home/akariros/Akari_ros2_humble/install/akari_msgs/share/akari_msgs/environment/library_path.sh
[4.905s] -- Up-to-date: /home/akariros/Akari_ros2_humble/install/akari_msgs/share/akari_msgs/environment/library_path.dsv
[4.906s] -- Up-to-date: /home/akariros/Akari_ros2_humble/install/akari_msgs/lib/libakari_msgs__rosidl_generator_c.so
[4.906s] -- Up-to-date: /home/akariros/Akari_ros2_humble/install/akari_msgs/include/akari_msgs/akari_msgs
[4.906s] -- Up-to-date: /home/akariros/Akari_ros2_humble/install/akari_msgs/include/akari_msgs/akari_msgs/srv
[4.906s] -- Up-to-date: /home/akariros/Akari_ros2_humble/install/akari_msgs/include/akari_msgs/akari_msgs/srv/detail
[4.906s] -- Up-to-date: /home/akariros/Akari_ros2_humble/install/akari_msgs/include/akari_msgs/akari_msgs/srv/detail/set_display_color__rosidl_typesupport_fastrtps_c.h
[4.906s] -- Up-to-date: /home/akariros/Akari_ros2_humble/install/akari_msgs/include/akari_msgs/akari_msgs/srv/detail/set_allout__rosidl_typesupport_fastrtps_c.h
[4.911s] -- Up-to-date: /home/akariros/Akari_ros2_humble/install/akari_msgs/include/akari_msgs/akari_msgs/srv/detail/set_display_image__rosidl_typesupport_fastrtps_c.h
[4.911s] -- Up-to-date: /home/akariros/Akari_ros2_humble/install/akari_msgs/include/akari_msgs/akari_msgs/srv/detail/set_joint_bool__rosidl_typesupport_fastrtps_c.h
[4.911s] -- Up-to-date: /home/akariros/Akari_ros2_humble/install/akari_msgs/include/akari_msgs/akari_msgs/srv/detail/set_pwmout__rosidl_typesupport_fastrtps_c.h
[4.912s] -- Up-to-date: /home/akariros/Akari_ros2_humble/install/akari_msgs/include/akari_msgs/akari_msgs/srv/detail/trigger__rosidl_typesupport_fastrtps_c.h
[4.912s] -- Up-to-date: /home/akariros/Akari_ros2_humble/install/akari_msgs/include/akari_msgs/akari_msgs/srv/detail/set_dout__rosidl_typesupport_fastrtps_c.h
[4.912s] -- Up-to-date: /home/akariros/Akari_ros2_humble/install/akari_msgs/include/akari_msgs/akari_msgs/srv/detail/set_joint_float__rosidl_typesupport_fastrtps_c.h
[4.912s] -- Up-to-date: /home/akariros/Akari_ros2_humble/install/akari_msgs/include/akari_msgs/akari_msgs/srv/detail/set_display_text__rosidl_typesupport_fastrtps_c.h
[4.913s] -- Up-to-date: /home/akariros/Akari_ros2_humble/install/akari_msgs/include/akari_msgs/akari_msgs/msg
[4.913s] -- Up-to-date: /home/akariros/Akari_ros2_humble/install/akari_msgs/include/akari_msgs/akari_msgs/msg/detail
[4.913s] -- Up-to-date: /home/akariros/Akari_ros2_humble/install/akari_msgs/include/akari_msgs/akari_msgs/msg/detail/m5__rosidl_typesupport_fastrtps_c.h
[4.913s] -- Up-to-date: /home/akariros/Akari_ros2_humble/install/akari_msgs/include/akari_msgs/akari_msgs/msg/detail/akarisetting__rosidl_typesupport_fastrtps_c.h
[4.913s] -- Up-to-date: /home/akariros/Akari_ros2_humble/install/akari_msgs/include/akari_msgs/akari_msgs/msg/rosidl_typesupport_fastrtps_c__visibility_control.h
[4.913s] -- Up-to-date: /home/akariros/Akari_ros2_humble/install/akari_msgs/include/akari_msgs/akari_msgs/action
[4.913s] -- Up-to-date: /home/akariros/Akari_ros2_humble/install/akari_msgs/include/akari_msgs/akari_msgs/action/detail
[4.914s] -- Up-to-date: /home/akariros/Akari_ros2_humble/install/akari_msgs/include/akari_msgs/akari_msgs/action/detail/move_joint__rosidl_typesupport_fastrtps_c.h
[4.914s] -- Up-to-date: /home/akariros/Akari_ros2_humble/install/akari_msgs/lib/libakari_msgs__rosidl_typesupport_fastrtps_c.so
[4.914s] -- Up-to-date: /home/akariros/Akari_ros2_humble/install/akari_msgs/include/akari_msgs/akari_msgs
[4.914s] -- Up-to-date: /home/akariros/Akari_ros2_humble/install/akari_msgs/include/akari_msgs/akari_msgs/srv
[4.914s] -- Up-to-date: /home/akariros/Akari_ros2_humble/install/akari_msgs/include/akari_msgs/akari_msgs/srv/set_display_text.hpp
[4.914s] -- Up-to-date: /home/akariros/Akari_ros2_humble/install/akari_msgs/include/akari_msgs/akari_msgs/srv/set_display_image.hpp
[4.914s] -- Up-to-date: /home/akariros/Akari_ros2_humble/install/akari_msgs/include/akari_msgs/akari_msgs/srv/set_joint_bool.hpp
[4.915s] -- Up-to-date: /home/akariros/Akari_ros2_humble/install/akari_msgs/include/akari_msgs/akari_msgs/srv/set_allout.hpp
[4.915s] -- Up-to-date: /home/akariros/Akari_ros2_humble/install/akari_msgs/include/akari_msgs/akari_msgs/srv/detail
[4.915s] -- Up-to-date: /home/akariros/Akari_ros2_humble/install/akari_msgs/include/akari_msgs/akari_msgs/srv/detail/trigger__struct.hpp
[4.915s] -- Up-to-date: /home/akariros/Akari_ros2_humble/install/akari_msgs/include/akari_msgs/akari_msgs/srv/detail/set_display_text__traits.hpp
[4.915s] -- Up-to-date: /home/akariros/Akari_ros2_humble/install/akari_msgs/include/akari_msgs/akari_msgs/srv/detail/set_display_text__builder.hpp
[4.915s] -- Up-to-date: /home/akariros/Akari_ros2_humble/install/akari_msgs/include/akari_msgs/akari_msgs/srv/detail/trigger__builder.hpp
[4.915s] -- Up-to-date: /home/akariros/Akari_ros2_humble/install/akari_msgs/include/akari_msgs/akari_msgs/srv/detail/set_allout__struct.hpp
[4.916s] -- Up-to-date: /home/akariros/Akari_ros2_humble/install/akari_msgs/include/akari_msgs/akari_msgs/srv/detail/set_joint_float__builder.hpp
[4.916s] -- Up-to-date: /home/akariros/Akari_ros2_humble/install/akari_msgs/include/akari_msgs/akari_msgs/srv/detail/set_display_color__struct.hpp
[4.916s] -- Up-to-date: /home/akariros/Akari_ros2_humble/install/akari_msgs/include/akari_msgs/akari_msgs/srv/detail/set_display_text__struct.hpp
[4.916s] -- Up-to-date: /home/akariros/Akari_ros2_humble/install/akari_msgs/include/akari_msgs/akari_msgs/srv/detail/set_dout__struct.hpp
[4.916s] -- Up-to-date: /home/akariros/Akari_ros2_humble/install/akari_msgs/include/akari_msgs/akari_msgs/srv/detail/trigger__traits.hpp
[4.916s] -- Up-to-date: /home/akariros/Akari_ros2_humble/install/akari_msgs/include/akari_msgs/akari_msgs/srv/detail/set_pwmout__struct.hpp
[4.922s] -- Up-to-date: /home/akariros/Akari_ros2_humble/install/akari_msgs/include/akari_msgs/akari_msgs/srv/detail/set_allout__builder.hpp
[4.924s] -- Up-to-date: /home/akariros/Akari_ros2_humble/install/akari_msgs/include/akari_msgs/akari_msgs/srv/detail/set_display_color__builder.hpp
[4.924s] -- Up-to-date: /home/akariros/Akari_ros2_humble/install/akari_msgs/include/akari_msgs/akari_msgs/srv/detail/set_display_image__traits.hpp
[4.924s] -- Up-to-date: /home/akariros/Akari_ros2_humble/install/akari_msgs/include/akari_msgs/akari_msgs/srv/detail/set_dout__builder.hpp
[4.924s] -- Up-to-date: /home/akariros/Akari_ros2_humble/install/akari_msgs/include/akari_msgs/akari_msgs/srv/detail/set_display_color__traits.hpp
[4.924s] -- Up-to-date: /home/akariros/Akari_ros2_humble/install/akari_msgs/include/akari_msgs/akari_msgs/srv/detail/set_display_image__struct.hpp
[4.924s] -- Up-to-date: /home/akariros/Akari_ros2_humble/install/akari_msgs/include/akari_msgs/akari_msgs/srv/detail/set_joint_float__traits.hpp
[4.925s] -- Up-to-date: /home/akariros/Akari_ros2_humble/install/akari_msgs/include/akari_msgs/akari_msgs/srv/detail/set_joint_bool__traits.hpp
[4.925s] -- Up-to-date: /home/akariros/Akari_ros2_humble/install/akari_msgs/include/akari_msgs/akari_msgs/srv/detail/set_joint_bool__builder.hpp
[4.925s] -- Up-to-date: /home/akariros/Akari_ros2_humble/install/akari_msgs/include/akari_msgs/akari_msgs/srv/detail/set_joint_bool__struct.hpp
[4.925s] -- Up-to-date: /home/akariros/Akari_ros2_humble/install/akari_msgs/include/akari_msgs/akari_msgs/srv/detail/set_pwmout__builder.hpp
[4.925s] -- Up-to-date: /home/akariros/Akari_ros2_humble/install/akari_msgs/include/akari_msgs/akari_msgs/srv/detail/set_dout__traits.hpp
[4.925s] -- Up-to-date: /home/akariros/Akari_ros2_humble/install/akari_msgs/include/akari_msgs/akari_msgs/srv/detail/set_allout__traits.hpp
[4.925s] -- Up-to-date: /home/akariros/Akari_ros2_humble/install/akari_msgs/include/akari_msgs/akari_msgs/srv/detail/set_display_image__builder.hpp
[4.926s] -- Up-to-date: /home/akariros/Akari_ros2_humble/install/akari_msgs/include/akari_msgs/akari_msgs/srv/detail/set_joint_float__struct.hpp
[4.926s] -- Up-to-date: /home/akariros/Akari_ros2_humble/install/akari_msgs/include/akari_msgs/akari_msgs/srv/detail/set_pwmout__traits.hpp
[4.926s] -- Up-to-date: /home/akariros/Akari_ros2_humble/install/akari_msgs/include/akari_msgs/akari_msgs/srv/set_display_color.hpp
[4.926s] -- Up-to-date: /home/akariros/Akari_ros2_humble/install/akari_msgs/include/akari_msgs/akari_msgs/srv/set_dout.hpp
[4.926s] -- Up-to-date: /home/akariros/Akari_ros2_humble/install/akari_msgs/include/akari_msgs/akari_msgs/srv/trigger.hpp
[4.926s] -- Up-to-date: /home/akariros/Akari_ros2_humble/install/akari_msgs/include/akari_msgs/akari_msgs/srv/set_pwmout.hpp
[4.927s] -- Up-to-date: /home/akariros/Akari_ros2_humble/install/akari_msgs/include/akari_msgs/akari_msgs/srv/set_joint_float.hpp
[4.927s] -- Up-to-date: /home/akariros/Akari_ros2_humble/install/akari_msgs/include/akari_msgs/akari_msgs/msg
[4.927s] -- Up-to-date: /home/akariros/Akari_ros2_humble/install/akari_msgs/include/akari_msgs/akari_msgs/msg/akarisetting.hpp
[4.927s] -- Up-to-date: /home/akariros/Akari_ros2_humble/install/akari_msgs/include/akari_msgs/akari_msgs/msg/detail
[4.927s] -- Up-to-date: /home/akariros/Akari_ros2_humble/install/akari_msgs/include/akari_msgs/akari_msgs/msg/detail/m5__traits.hpp
[4.927s] -- Up-to-date: /home/akariros/Akari_ros2_humble/install/akari_msgs/include/akari_msgs/akari_msgs/msg/detail/m5__struct.hpp
[4.927s] -- Up-to-date: /home/akariros/Akari_ros2_humble/install/akari_msgs/include/akari_msgs/akari_msgs/msg/detail/m5__builder.hpp
[4.927s] -- Up-to-date: /home/akariros/Akari_ros2_humble/install/akari_msgs/include/akari_msgs/akari_msgs/msg/detail/akarisetting__traits.hpp
[4.928s] -- Up-to-date: /home/akariros/Akari_ros2_humble/install/akari_msgs/include/akari_msgs/akari_msgs/msg/detail/akarisetting__struct.hpp
[4.928s] -- Up-to-date: /home/akariros/Akari_ros2_humble/install/akari_msgs/include/akari_msgs/akari_msgs/msg/detail/akarisetting__builder.hpp
[4.928s] -- Up-to-date: /home/akariros/Akari_ros2_humble/install/akari_msgs/include/akari_msgs/akari_msgs/msg/m5.hpp
[4.928s] -- Up-to-date: /home/akariros/Akari_ros2_humble/install/akari_msgs/include/akari_msgs/akari_msgs/action
[4.928s] -- Up-to-date: /home/akariros/Akari_ros2_humble/install/akari_msgs/include/akari_msgs/akari_msgs/action/detail
[4.929s] -- Up-to-date: /home/akariros/Akari_ros2_humble/install/akari_msgs/include/akari_msgs/akari_msgs/action/detail/move_joint__traits.hpp
[4.929s] -- Up-to-date: /home/akariros/Akari_ros2_humble/install/akari_msgs/include/akari_msgs/akari_msgs/action/detail/move_joint__builder.hpp
[4.929s] -- Up-to-date: /home/akariros/Akari_ros2_humble/install/akari_msgs/include/akari_msgs/akari_msgs/action/detail/move_joint__struct.hpp
[4.929s] -- Up-to-date: /home/akariros/Akari_ros2_humble/install/akari_msgs/include/akari_msgs/akari_msgs/action/move_joint.hpp
[4.929s] -- Up-to-date: /home/akariros/Akari_ros2_humble/install/akari_msgs/include/akari_msgs/akari_msgs
[4.929s] -- Up-to-date: /home/akariros/Akari_ros2_humble/install/akari_msgs/include/akari_msgs/akari_msgs/srv
[4.930s] -- Up-to-date: /home/akariros/Akari_ros2_humble/install/akari_msgs/include/akari_msgs/akari_msgs/srv/detail
[4.930s] -- Up-to-date: /home/akariros/Akari_ros2_humble/install/akari_msgs/include/akari_msgs/akari_msgs/srv/detail/dds_fastrtps
[4.930s] -- Up-to-date: /home/akariros/Akari_ros2_humble/install/akari_msgs/include/akari_msgs/akari_msgs/srv/detail/set_pwmout__rosidl_typesupport_fastrtps_cpp.hpp
[4.930s] -- Up-to-date: /home/akariros/Akari_ros2_humble/install/akari_msgs/include/akari_msgs/akari_msgs/srv/detail/set_display_text__rosidl_typesupport_fastrtps_cpp.hpp
[4.930s] -- Up-to-date: /home/akariros/Akari_ros2_humble/install/akari_msgs/include/akari_msgs/akari_msgs/srv/detail/trigger__rosidl_typesupport_fastrtps_cpp.hpp
[4.930s] -- Up-to-date: /home/akariros/Akari_ros2_humble/install/akari_msgs/include/akari_msgs/akari_msgs/srv/detail/set_dout__rosidl_typesupport_fastrtps_cpp.hpp
[4.931s] -- Up-to-date: /home/akariros/Akari_ros2_humble/install/akari_msgs/include/akari_msgs/akari_msgs/srv/detail/set_joint_bool__rosidl_typesupport_fastrtps_cpp.hpp
[4.931s] -- Up-to-date: /home/akariros/Akari_ros2_humble/install/akari_msgs/include/akari_msgs/akari_msgs/srv/detail/set_display_image__rosidl_typesupport_fastrtps_cpp.hpp
[4.931s] -- Up-to-date: /home/akariros/Akari_ros2_humble/install/akari_msgs/include/akari_msgs/akari_msgs/srv/detail/set_allout__rosidl_typesupport_fastrtps_cpp.hpp
[4.931s] -- Up-to-date: /home/akariros/Akari_ros2_humble/install/akari_msgs/include/akari_msgs/akari_msgs/srv/detail/set_display_color__rosidl_typesupport_fastrtps_cpp.hpp
[4.931s] -- Up-to-date: /home/akariros/Akari_ros2_humble/install/akari_msgs/include/akari_msgs/akari_msgs/srv/detail/set_joint_float__rosidl_typesupport_fastrtps_cpp.hpp
[4.931s] -- Up-to-date: /home/akariros/Akari_ros2_humble/install/akari_msgs/include/akari_msgs/akari_msgs/msg
[4.931s] -- Up-to-date: /home/akariros/Akari_ros2_humble/install/akari_msgs/include/akari_msgs/akari_msgs/msg/rosidl_typesupport_fastrtps_cpp__visibility_control.h
[4.932s] -- Up-to-date: /home/akariros/Akari_ros2_humble/install/akari_msgs/include/akari_msgs/akari_msgs/msg/detail
[4.932s] -- Up-to-date: /home/akariros/Akari_ros2_humble/install/akari_msgs/include/akari_msgs/akari_msgs/msg/detail/dds_fastrtps
[4.932s] -- Up-to-date: /home/akariros/Akari_ros2_humble/install/akari_msgs/include/akari_msgs/akari_msgs/msg/detail/akarisetting__rosidl_typesupport_fastrtps_cpp.hpp
[4.932s] -- Up-to-date: /home/akariros/Akari_ros2_humble/install/akari_msgs/include/akari_msgs/akari_msgs/msg/detail/m5__rosidl_typesupport_fastrtps_cpp.hpp
[4.932s] -- Up-to-date: /home/akariros/Akari_ros2_humble/install/akari_msgs/include/akari_msgs/akari_msgs/action
[4.935s] -- Up-to-date: /home/akariros/Akari_ros2_humble/install/akari_msgs/include/akari_msgs/akari_msgs/action/detail
[4.936s] -- Up-to-date: /home/akariros/Akari_ros2_humble/install/akari_msgs/include/akari_msgs/akari_msgs/action/detail/dds_fastrtps
[4.936s] -- Up-to-date: /home/akariros/Akari_ros2_humble/install/akari_msgs/include/akari_msgs/akari_msgs/action/detail/move_joint__rosidl_typesupport_fastrtps_cpp.hpp
[4.936s] -- Up-to-date: /home/akariros/Akari_ros2_humble/install/akari_msgs/lib/libakari_msgs__rosidl_typesupport_fastrtps_cpp.so
[4.938s] -- Up-to-date: /home/akariros/Akari_ros2_humble/install/akari_msgs/include/akari_msgs/akari_msgs
[4.938s] -- Up-to-date: /home/akariros/Akari_ros2_humble/install/akari_msgs/include/akari_msgs/akari_msgs/srv
[4.939s] -- Up-to-date: /home/akariros/Akari_ros2_humble/install/akari_msgs/include/akari_msgs/akari_msgs/srv/detail
[4.939s] -- Up-to-date: /home/akariros/Akari_ros2_humble/install/akari_msgs/include/akari_msgs/akari_msgs/srv/detail/set_allout__rosidl_typesupport_introspection_c.h
[4.939s] -- Up-to-date: /home/akariros/Akari_ros2_humble/install/akari_msgs/include/akari_msgs/akari_msgs/srv/detail/set_display_image__type_support.c
[4.939s] -- Up-to-date: /home/akariros/Akari_ros2_humble/install/akari_msgs/include/akari_msgs/akari_msgs/srv/detail/set_joint_bool__type_support.c
[4.940s] -- Up-to-date: /home/akariros/Akari_ros2_humble/install/akari_msgs/include/akari_msgs/akari_msgs/srv/detail/set_joint_float__rosidl_typesupport_introspection_c.h
[4.941s] -- Up-to-date: /home/akariros/Akari_ros2_humble/install/akari_msgs/include/akari_msgs/akari_msgs/srv/detail/trigger__type_support.c
[4.941s] -- Up-to-date: /home/akariros/Akari_ros2_humble/install/akari_msgs/include/akari_msgs/akari_msgs/srv/detail/set_pwmout__type_support.c
[4.941s] -- Up-to-date: /home/akariros/Akari_ros2_humble/install/akari_msgs/include/akari_msgs/akari_msgs/srv/detail/set_pwmout__rosidl_typesupport_introspection_c.h
[4.941s] -- Up-to-date: /home/akariros/Akari_ros2_humble/install/akari_msgs/include/akari_msgs/akari_msgs/srv/detail/set_display_text__rosidl_typesupport_introspection_c.h
[4.942s] -- Up-to-date: /home/akariros/Akari_ros2_humble/install/akari_msgs/include/akari_msgs/akari_msgs/srv/detail/set_display_color__rosidl_typesupport_introspection_c.h
[4.942s] -- Up-to-date: /home/akariros/Akari_ros2_humble/install/akari_msgs/include/akari_msgs/akari_msgs/srv/detail/set_display_text__type_support.c
[4.942s] -- Up-to-date: /home/akariros/Akari_ros2_humble/install/akari_msgs/include/akari_msgs/akari_msgs/srv/detail/set_dout__type_support.c
[4.943s] -- Up-to-date: /home/akariros/Akari_ros2_humble/install/akari_msgs/include/akari_msgs/akari_msgs/srv/detail/trigger__rosidl_typesupport_introspection_c.h
[4.943s] -- Up-to-date: /home/akariros/Akari_ros2_humble/install/akari_msgs/include/akari_msgs/akari_msgs/srv/detail/set_dout__rosidl_typesupport_introspection_c.h
[4.943s] -- Up-to-date: /home/akariros/Akari_ros2_humble/install/akari_msgs/include/akari_msgs/akari_msgs/srv/detail/set_joint_bool__rosidl_typesupport_introspection_c.h
[4.943s] -- Up-to-date: /home/akariros/Akari_ros2_humble/install/akari_msgs/include/akari_msgs/akari_msgs/srv/detail/set_joint_float__type_support.c
[4.944s] -- Up-to-date: /home/akariros/Akari_ros2_humble/install/akari_msgs/include/akari_msgs/akari_msgs/srv/detail/set_display_color__type_support.c
[4.944s] -- Up-to-date: /home/akariros/Akari_ros2_humble/install/akari_msgs/include/akari_msgs/akari_msgs/srv/detail/set_allout__type_support.c
[4.944s] -- Up-to-date: /home/akariros/Akari_ros2_humble/install/akari_msgs/include/akari_msgs/akari_msgs/srv/detail/set_display_image__rosidl_typesupport_introspection_c.h
[4.944s] -- Up-to-date: /home/akariros/Akari_ros2_humble/install/akari_msgs/include/akari_msgs/akari_msgs/msg
[4.945s] -- Up-to-date: /home/akariros/Akari_ros2_humble/install/akari_msgs/include/akari_msgs/akari_msgs/msg/rosidl_typesupport_introspection_c__visibility_control.h
[4.945s] -- Up-to-date: /home/akariros/Akari_ros2_humble/install/akari_msgs/include/akari_msgs/akari_msgs/msg/detail
[4.946s] -- Up-to-date: /home/akariros/Akari_ros2_humble/install/akari_msgs/include/akari_msgs/akari_msgs/msg/detail/m5__type_support.c
[4.946s] -- Up-to-date: /home/akariros/Akari_ros2_humble/install/akari_msgs/include/akari_msgs/akari_msgs/msg/detail/akarisetting__type_support.c
[4.948s] -- Up-to-date: /home/akariros/Akari_ros2_humble/install/akari_msgs/include/akari_msgs/akari_msgs/msg/detail/akarisetting__rosidl_typesupport_introspection_c.h
[4.948s] -- Up-to-date: /home/akariros/Akari_ros2_humble/install/akari_msgs/include/akari_msgs/akari_msgs/msg/detail/m5__rosidl_typesupport_introspection_c.h
[4.948s] -- Up-to-date: /home/akariros/Akari_ros2_humble/install/akari_msgs/include/akari_msgs/akari_msgs/action
[4.948s] -- Up-to-date: /home/akariros/Akari_ros2_humble/install/akari_msgs/include/akari_msgs/akari_msgs/action/detail
[4.948s] -- Up-to-date: /home/akariros/Akari_ros2_humble/install/akari_msgs/include/akari_msgs/akari_msgs/action/detail/move_joint__rosidl_typesupport_introspection_c.h
[4.948s] -- Up-to-date: /home/akariros/Akari_ros2_humble/install/akari_msgs/include/akari_msgs/akari_msgs/action/detail/move_joint__type_support.c
[4.949s] -- Up-to-date: /home/akariros/Akari_ros2_humble/install/akari_msgs/lib/libakari_msgs__rosidl_typesupport_introspection_c.so
[4.949s] -- Up-to-date: /home/akariros/Akari_ros2_humble/install/akari_msgs/lib/libakari_msgs__rosidl_typesupport_c.so
[4.949s] -- Up-to-date: /home/akariros/Akari_ros2_humble/install/akari_msgs/include/akari_msgs/akari_msgs
[4.949s] -- Up-to-date: /home/akariros/Akari_ros2_humble/install/akari_msgs/include/akari_msgs/akari_msgs/srv
[4.949s] -- Up-to-date: /home/akariros/Akari_ros2_humble/install/akari_msgs/include/akari_msgs/akari_msgs/srv/detail
[4.949s] -- Up-to-date: /home/akariros/Akari_ros2_humble/install/akari_msgs/include/akari_msgs/akari_msgs/srv/detail/set_display_color__type_support.cpp
[4.949s] -- Up-to-date: /home/akariros/Akari_ros2_humble/install/akari_msgs/include/akari_msgs/akari_msgs/srv/detail/set_dout__type_support.cpp
[4.950s] -- Up-to-date: /home/akariros/Akari_ros2_humble/install/akari_msgs/include/akari_msgs/akari_msgs/srv/detail/set_joint_bool__type_support.cpp
[4.950s] -- Up-to-date: /home/akariros/Akari_ros2_humble/install/akari_msgs/include/akari_msgs/akari_msgs/srv/detail/set_allout__type_support.cpp
[4.950s] -- Up-to-date: /home/akariros/Akari_ros2_humble/install/akari_msgs/include/akari_msgs/akari_msgs/srv/detail/set_dout__rosidl_typesupport_introspection_cpp.hpp
[4.950s] -- Up-to-date: /home/akariros/Akari_ros2_humble/install/akari_msgs/include/akari_msgs/akari_msgs/srv/detail/set_pwmout__rosidl_typesupport_introspection_cpp.hpp
[4.950s] -- Up-to-date: /home/akariros/Akari_ros2_humble/install/akari_msgs/include/akari_msgs/akari_msgs/srv/detail/set_display_image__rosidl_typesupport_introspection_cpp.hpp
[4.951s] -- Up-to-date: /home/akariros/Akari_ros2_humble/install/akari_msgs/include/akari_msgs/akari_msgs/srv/detail/set_display_text__type_support.cpp
[4.951s] -- Up-to-date: /home/akariros/Akari_ros2_humble/install/akari_msgs/include/akari_msgs/akari_msgs/srv/detail/set_display_image__type_support.cpp
[4.952s] -- Up-to-date: /home/akariros/Akari_ros2_humble/install/akari_msgs/include/akari_msgs/akari_msgs/srv/detail/set_allout__rosidl_typesupport_introspection_cpp.hpp
[4.952s] -- Up-to-date: /home/akariros/Akari_ros2_humble/install/akari_msgs/include/akari_msgs/akari_msgs/srv/detail/set_display_text__rosidl_typesupport_introspection_cpp.hpp
[4.952s] -- Up-to-date: /home/akariros/Akari_ros2_humble/install/akari_msgs/include/akari_msgs/akari_msgs/srv/detail/set_joint_float__type_support.cpp
[4.952s] -- Up-to-date: /home/akariros/Akari_ros2_humble/install/akari_msgs/include/akari_msgs/akari_msgs/srv/detail/set_joint_float__rosidl_typesupport_introspection_cpp.hpp
[4.952s] -- Up-to-date: /home/akariros/Akari_ros2_humble/install/akari_msgs/include/akari_msgs/akari_msgs/srv/detail/set_pwmout__type_support.cpp
[4.952s] -- Up-to-date: /home/akariros/Akari_ros2_humble/install/akari_msgs/include/akari_msgs/akari_msgs/srv/detail/set_display_color__rosidl_typesupport_introspection_cpp.hpp
[4.952s] -- Up-to-date: /home/akariros/Akari_ros2_humble/install/akari_msgs/include/akari_msgs/akari_msgs/srv/detail/trigger__type_support.cpp
[4.953s] -- Up-to-date: /home/akariros/Akari_ros2_humble/install/akari_msgs/include/akari_msgs/akari_msgs/srv/detail/set_joint_bool__rosidl_typesupport_introspection_cpp.hpp
[4.953s] -- Up-to-date: /home/akariros/Akari_ros2_humble/install/akari_msgs/include/akari_msgs/akari_msgs/srv/detail/trigger__rosidl_typesupport_introspection_cpp.hpp
[4.953s] -- Up-to-date: /home/akariros/Akari_ros2_humble/install/akari_msgs/include/akari_msgs/akari_msgs/msg
[4.953s] -- Up-to-date: /home/akariros/Akari_ros2_humble/install/akari_msgs/include/akari_msgs/akari_msgs/msg/detail
[4.953s] -- Up-to-date: /home/akariros/Akari_ros2_humble/install/akari_msgs/include/akari_msgs/akari_msgs/msg/detail/m5__type_support.cpp
[4.953s] -- Up-to-date: /home/akariros/Akari_ros2_humble/install/akari_msgs/include/akari_msgs/akari_msgs/msg/detail/m5__rosidl_typesupport_introspection_cpp.hpp
[4.953s] -- Up-to-date: /home/akariros/Akari_ros2_humble/install/akari_msgs/include/akari_msgs/akari_msgs/msg/detail/akarisetting__rosidl_typesupport_introspection_cpp.hpp
[4.954s] -- Up-to-date: /home/akariros/Akari_ros2_humble/install/akari_msgs/include/akari_msgs/akari_msgs/msg/detail/akarisetting__type_support.cpp
[4.954s] -- Up-to-date: /home/akariros/Akari_ros2_humble/install/akari_msgs/include/akari_msgs/akari_msgs/action
[4.954s] -- Up-to-date: /home/akariros/Akari_ros2_humble/install/akari_msgs/include/akari_msgs/akari_msgs/action/detail
[4.954s] -- Up-to-date: /home/akariros/Akari_ros2_humble/install/akari_msgs/include/akari_msgs/akari_msgs/action/detail/move_joint__type_support.cpp
[4.954s] -- Up-to-date: /home/akariros/Akari_ros2_humble/install/akari_msgs/include/akari_msgs/akari_msgs/action/detail/move_joint__rosidl_typesupport_introspection_cpp.hpp
[4.954s] -- Up-to-date: /home/akariros/Akari_ros2_humble/install/akari_msgs/lib/libakari_msgs__rosidl_typesupport_introspection_cpp.so
[4.954s] -- Up-to-date: /home/akariros/Akari_ros2_humble/install/akari_msgs/lib/libakari_msgs__rosidl_typesupport_cpp.so
[4.955s] -- Up-to-date: /home/akariros/Akari_ros2_humble/install/akari_msgs/share/akari_msgs/environment/pythonpath.sh
[4.955s] -- Up-to-date: /home/akariros/Akari_ros2_humble/install/akari_msgs/share/akari_msgs/environment/pythonpath.dsv
[4.955s] -- Up-to-date: /home/akariros/Akari_ros2_humble/install/akari_msgs/local/lib/python3.10/dist-packages/akari_msgs-0.0.0-py3.10.egg-info
[4.955s] -- Installing: /home/akariros/Akari_ros2_humble/install/akari_msgs/local/lib/python3.10/dist-packages/akari_msgs-0.0.0-py3.10.egg-info/SOURCES.txt
[4.955s] -- Installing: /home/akariros/Akari_ros2_humble/install/akari_msgs/local/lib/python3.10/dist-packages/akari_msgs-0.0.0-py3.10.egg-info/top_level.txt
[4.956s] -- Installing: /home/akariros/Akari_ros2_humble/install/akari_msgs/local/lib/python3.10/dist-packages/akari_msgs-0.0.0-py3.10.egg-info/dependency_links.txt
[4.960s] -- Installing: /home/akariros/Akari_ros2_humble/install/akari_msgs/local/lib/python3.10/dist-packages/akari_msgs-0.0.0-py3.10.egg-info/PKG-INFO
[4.960s] -- Up-to-date: /home/akariros/Akari_ros2_humble/install/akari_msgs/local/lib/python3.10/dist-packages/akari_msgs
[4.961s] -- Up-to-date: /home/akariros/Akari_ros2_humble/install/akari_msgs/local/lib/python3.10/dist-packages/akari_msgs/_akari_msgs_s.ep.rosidl_typesupport_fastrtps_c.c
[4.961s] -- Up-to-date: /home/akariros/Akari_ros2_humble/install/akari_msgs/local/lib/python3.10/dist-packages/akari_msgs/srv
[4.961s] -- Up-to-date: /home/akariros/Akari_ros2_humble/install/akari_msgs/local/lib/python3.10/dist-packages/akari_msgs/srv/_set_display_image_s.c
[4.962s] -- Up-to-date: /home/akariros/Akari_ros2_humble/install/akari_msgs/local/lib/python3.10/dist-packages/akari_msgs/srv/__init__.py
[4.962s] -- Up-to-date: /home/akariros/Akari_ros2_humble/install/akari_msgs/local/lib/python3.10/dist-packages/akari_msgs/srv/_set_display_text.py
[4.962s] -- Up-to-date: /home/akariros/Akari_ros2_humble/install/akari_msgs/local/lib/python3.10/dist-packages/akari_msgs/srv/_set_pwmout_s.c
[4.962s] -- Up-to-date: /home/akariros/Akari_ros2_humble/install/akari_msgs/local/lib/python3.10/dist-packages/akari_msgs/srv/_set_allout_s.c
[4.962s] -- Up-to-date: /home/akariros/Akari_ros2_humble/install/akari_msgs/local/lib/python3.10/dist-packages/akari_msgs/srv/_set_joint_float_s.c
[4.962s] -- Up-to-date: /home/akariros/Akari_ros2_humble/install/akari_msgs/local/lib/python3.10/dist-packages/akari_msgs/srv/_set_display_image.py
[4.962s] -- Up-to-date: /home/akariros/Akari_ros2_humble/install/akari_msgs/local/lib/python3.10/dist-packages/akari_msgs/srv/_set_joint_bool_s.c
[4.963s] -- Up-to-date: /home/akariros/Akari_ros2_humble/install/akari_msgs/local/lib/python3.10/dist-packages/akari_msgs/srv/_trigger.py
[4.963s] -- Up-to-date: /home/akariros/Akari_ros2_humble/install/akari_msgs/local/lib/python3.10/dist-packages/akari_msgs/srv/_set_display_color.py
[4.963s] -- Up-to-date: /home/akariros/Akari_ros2_humble/install/akari_msgs/local/lib/python3.10/dist-packages/akari_msgs/srv/_set_display_text_s.c
[4.963s] -- Up-to-date: /home/akariros/Akari_ros2_humble/install/akari_msgs/local/lib/python3.10/dist-packages/akari_msgs/srv/_set_allout.py
[4.963s] -- Up-to-date: /home/akariros/Akari_ros2_humble/install/akari_msgs/local/lib/python3.10/dist-packages/akari_msgs/srv/_set_joint_bool.py
[4.963s] -- Up-to-date: /home/akariros/Akari_ros2_humble/install/akari_msgs/local/lib/python3.10/dist-packages/akari_msgs/srv/_set_dout_s.c
[4.963s] -- Up-to-date: /home/akariros/Akari_ros2_humble/install/akari_msgs/local/lib/python3.10/dist-packages/akari_msgs/srv/_trigger_s.c
[4.964s] -- Up-to-date: /home/akariros/Akari_ros2_humble/install/akari_msgs/local/lib/python3.10/dist-packages/akari_msgs/srv/_set_joint_float.py
[4.964s] -- Up-to-date: /home/akariros/Akari_ros2_humble/install/akari_msgs/local/lib/python3.10/dist-packages/akari_msgs/srv/_set_display_color_s.c
[4.964s] -- Up-to-date: /home/akariros/Akari_ros2_humble/install/akari_msgs/local/lib/python3.10/dist-packages/akari_msgs/srv/_set_pwmout.py
[4.964s] -- Up-to-date: /home/akariros/Akari_ros2_humble/install/akari_msgs/local/lib/python3.10/dist-packages/akari_msgs/srv/_set_dout.py
[4.964s] -- Up-to-date: /home/akariros/Akari_ros2_humble/install/akari_msgs/local/lib/python3.10/dist-packages/akari_msgs/akari_msgs_s__rosidl_typesupport_c.cpython-310-x86_64-linux-gnu.so
[4.964s] -- Up-to-date: /home/akariros/Akari_ros2_humble/install/akari_msgs/local/lib/python3.10/dist-packages/akari_msgs/__init__.py
[4.964s] -- Up-to-date: /home/akariros/Akari_ros2_humble/install/akari_msgs/local/lib/python3.10/dist-packages/akari_msgs/libakari_msgs__rosidl_generator_py.so
[4.965s] -- Up-to-date: /home/akariros/Akari_ros2_humble/install/akari_msgs/local/lib/python3.10/dist-packages/akari_msgs/msg
[4.965s] -- Up-to-date: /home/akariros/Akari_ros2_humble/install/akari_msgs/local/lib/python3.10/dist-packages/akari_msgs/msg/_m5_s.c
[4.965s] -- Up-to-date: /home/akariros/Akari_ros2_humble/install/akari_msgs/local/lib/python3.10/dist-packages/akari_msgs/msg/_akarisetting.py
[4.965s] -- Up-to-date: /home/akariros/Akari_ros2_humble/install/akari_msgs/local/lib/python3.10/dist-packages/akari_msgs/msg/__init__.py
[4.965s] -- Up-to-date: /home/akariros/Akari_ros2_humble/install/akari_msgs/local/lib/python3.10/dist-packages/akari_msgs/msg/_m5.py
[4.965s] -- Up-to-date: /home/akariros/Akari_ros2_humble/install/akari_msgs/local/lib/python3.10/dist-packages/akari_msgs/msg/_akarisetting_s.c
[4.965s] -- Up-to-date: /home/akariros/Akari_ros2_humble/install/akari_msgs/local/lib/python3.10/dist-packages/akari_msgs/_akari_msgs_s.ep.rosidl_typesupport_introspection_c.c
[4.966s] -- Up-to-date: /home/akariros/Akari_ros2_humble/install/akari_msgs/local/lib/python3.10/dist-packages/akari_msgs/akari_msgs_s__rosidl_typesupport_fastrtps_c.cpython-310-x86_64-linux-gnu.so
[4.966s] -- Up-to-date: /home/akariros/Akari_ros2_humble/install/akari_msgs/local/lib/python3.10/dist-packages/akari_msgs/akari_msgs_s__rosidl_typesupport_introspection_c.cpython-310-x86_64-linux-gnu.so
[4.966s] -- Up-to-date: /home/akariros/Akari_ros2_humble/install/akari_msgs/local/lib/python3.10/dist-packages/akari_msgs/action
[4.966s] -- Up-to-date: /home/akariros/Akari_ros2_humble/install/akari_msgs/local/lib/python3.10/dist-packages/akari_msgs/action/_move_joint.py
[4.966s] -- Up-to-date: /home/akariros/Akari_ros2_humble/install/akari_msgs/local/lib/python3.10/dist-packages/akari_msgs/action/__init__.py
[4.966s] -- Up-to-date: /home/akariros/Akari_ros2_humble/install/akari_msgs/local/lib/python3.10/dist-packages/akari_msgs/action/_move_joint_s.c
[4.967s] -- Up-to-date: /home/akariros/Akari_ros2_humble/install/akari_msgs/local/lib/python3.10/dist-packages/akari_msgs/_akari_msgs_s.ep.rosidl_typesupport_c.c
[4.999s] Listing '/home/akariros/Akari_ros2_humble/install/akari_msgs/local/lib/python3.10/dist-packages/akari_msgs'...
[4.999s] Listing '/home/akariros/Akari_ros2_humble/install/akari_msgs/local/lib/python3.10/dist-packages/akari_msgs/action'...
[4.999s] Listing '/home/akariros/Akari_ros2_humble/install/akari_msgs/local/lib/python3.10/dist-packages/akari_msgs/msg'...
[4.999s] Listing '/home/akariros/Akari_ros2_humble/install/akari_msgs/local/lib/python3.10/dist-packages/akari_msgs/srv'...
[5.011s] -- Up-to-date: /home/akariros/Akari_ros2_humble/install/akari_msgs/local/lib/python3.10/dist-packages/akari_msgs/akari_msgs_s__rosidl_typesupport_fastrtps_c.cpython-310-x86_64-linux-gnu.so
[5.012s] -- Up-to-date: /home/akariros/Akari_ros2_humble/install/akari_msgs/local/lib/python3.10/dist-packages/akari_msgs/akari_msgs_s__rosidl_typesupport_introspection_c.cpython-310-x86_64-linux-gnu.so
[5.014s] -- Up-to-date: /home/akariros/Akari_ros2_humble/install/akari_msgs/local/lib/python3.10/dist-packages/akari_msgs/akari_msgs_s__rosidl_typesupport_c.cpython-310-x86_64-linux-gnu.so
[5.016s] -- Up-to-date: /home/akariros/Akari_ros2_humble/install/akari_msgs/lib/libakari_msgs__rosidl_generator_py.so
[5.017s] -- Up-to-date: /home/akariros/Akari_ros2_humble/install/akari_msgs/share/akari_msgs/srv/SetAllout.idl
[5.017s] -- Up-to-date: /home/akariros/Akari_ros2_humble/install/akari_msgs/share/akari_msgs/srv/SetDisplayColor.idl
[5.018s] -- Up-to-date: /home/akariros/Akari_ros2_humble/install/akari_msgs/share/akari_msgs/srv/SetDisplayImage.idl
[5.018s] -- Up-to-date: /home/akariros/Akari_ros2_humble/install/akari_msgs/share/akari_msgs/srv/SetDisplayText.idl
[5.019s] -- Up-to-date: /home/akariros/Akari_ros2_humble/install/akari_msgs/share/akari_msgs/srv/SetDout.idl
[5.019s] -- Up-to-date: /home/akariros/Akari_ros2_humble/install/akari_msgs/share/akari_msgs/srv/SetPwmout.idl
[5.020s] -- Up-to-date: /home/akariros/Akari_ros2_humble/install/akari_msgs/share/akari_msgs/srv/Trigger.idl
[5.020s] -- Up-to-date: /home/akariros/Akari_ros2_humble/install/akari_msgs/share/akari_msgs/srv/SetJointFloat.idl
[5.021s] -- Up-to-date: /home/akariros/Akari_ros2_humble/install/akari_msgs/share/akari_msgs/srv/SetJointBool.idl
[5.021s] -- Up-to-date: /home/akariros/Akari_ros2_humble/install/akari_msgs/share/akari_msgs/msg/M5.idl
[5.022s] -- Up-to-date: /home/akariros/Akari_ros2_humble/install/akari_msgs/share/akari_msgs/msg/Akarisetting.idl
[5.022s] -- Up-to-date: /home/akariros/Akari_ros2_humble/install/akari_msgs/share/akari_msgs/action/MoveJoint.idl
[5.023s] -- Up-to-date: /home/akariros/Akari_ros2_humble/install/akari_msgs/share/akari_msgs/srv/SetAllout.srv
[5.024s] -- Up-to-date: /home/akariros/Akari_ros2_humble/install/akari_msgs/share/akari_msgs/srv/SetAllout_Request.msg
[5.024s] -- Up-to-date: /home/akariros/Akari_ros2_humble/install/akari_msgs/share/akari_msgs/srv/SetAllout_Response.msg
[5.025s] -- Up-to-date: /home/akariros/Akari_ros2_humble/install/akari_msgs/share/akari_msgs/srv/SetDisplayColor.srv
[5.025s] -- Up-to-date: /home/akariros/Akari_ros2_humble/install/akari_msgs/share/akari_msgs/srv/SetDisplayColor_Request.msg
[5.026s] -- Up-to-date: /home/akariros/Akari_ros2_humble/install/akari_msgs/share/akari_msgs/srv/SetDisplayColor_Response.msg
[5.026s] -- Up-to-date: /home/akariros/Akari_ros2_humble/install/akari_msgs/share/akari_msgs/srv/SetDisplayImage.srv
[5.027s] -- Up-to-date: /home/akariros/Akari_ros2_humble/install/akari_msgs/share/akari_msgs/srv/SetDisplayImage_Request.msg
[5.027s] -- Up-to-date: /home/akariros/Akari_ros2_humble/install/akari_msgs/share/akari_msgs/srv/SetDisplayImage_Response.msg
[5.028s] -- Up-to-date: /home/akariros/Akari_ros2_humble/install/akari_msgs/share/akari_msgs/srv/SetDisplayText.srv
[5.028s] -- Up-to-date: /home/akariros/Akari_ros2_humble/install/akari_msgs/share/akari_msgs/srv/SetDisplayText_Request.msg
[5.029s] -- Up-to-date: /home/akariros/Akari_ros2_humble/install/akari_msgs/share/akari_msgs/srv/SetDisplayText_Response.msg
[5.029s] -- Up-to-date: /home/akariros/Akari_ros2_humble/install/akari_msgs/share/akari_msgs/srv/SetDout.srv
[5.030s] -- Up-to-date: /home/akariros/Akari_ros2_humble/install/akari_msgs/share/akari_msgs/srv/SetDout_Request.msg
[5.030s] -- Up-to-date: /home/akariros/Akari_ros2_humble/install/akari_msgs/share/akari_msgs/srv/SetDout_Response.msg
[5.031s] -- Up-to-date: /home/akariros/Akari_ros2_humble/install/akari_msgs/share/akari_msgs/srv/SetPwmout.srv
[5.031s] -- Up-to-date: /home/akariros/Akari_ros2_humble/install/akari_msgs/share/akari_msgs/srv/SetPwmout_Request.msg
[5.032s] -- Up-to-date: /home/akariros/Akari_ros2_humble/install/akari_msgs/share/akari_msgs/srv/SetPwmout_Response.msg
[5.032s] -- Up-to-date: /home/akariros/Akari_ros2_humble/install/akari_msgs/share/akari_msgs/srv/Trigger.srv
[5.033s] -- Up-to-date: /home/akariros/Akari_ros2_humble/install/akari_msgs/share/akari_msgs/srv/Trigger_Request.msg
[5.033s] -- Up-to-date: /home/akariros/Akari_ros2_humble/install/akari_msgs/share/akari_msgs/srv/Trigger_Response.msg
[5.034s] -- Up-to-date: /home/akariros/Akari_ros2_humble/install/akari_msgs/share/akari_msgs/srv/SetJointFloat.srv
[5.034s] -- Up-to-date: /home/akariros/Akari_ros2_humble/install/akari_msgs/share/akari_msgs/srv/SetJointFloat_Request.msg
[5.035s] -- Up-to-date: /home/akariros/Akari_ros2_humble/install/akari_msgs/share/akari_msgs/srv/SetJointFloat_Response.msg
[5.036s] -- Up-to-date: /home/akariros/Akari_ros2_humble/install/akari_msgs/share/akari_msgs/srv/SetJointBool.srv
[5.036s] -- Up-to-date: /home/akariros/Akari_ros2_humble/install/akari_msgs/share/akari_msgs/srv/SetJointBool_Request.msg
[5.037s] -- Up-to-date: /home/akariros/Akari_ros2_humble/install/akari_msgs/share/akari_msgs/srv/SetJointBool_Response.msg
[5.037s] -- Up-to-date: /home/akariros/Akari_ros2_humble/install/akari_msgs/share/akari_msgs/msg/M5.msg
[5.038s] -- Up-to-date: /home/akariros/Akari_ros2_humble/install/akari_msgs/share/akari_msgs/msg/Akarisetting.msg
[5.038s] -- Up-to-date: /home/akariros/Akari_ros2_humble/install/akari_msgs/share/akari_msgs/action/MoveJoint.action
[5.039s] -- Up-to-date: /home/akariros/Akari_ros2_humble/install/akari_msgs/share/ament_index/resource_index/package_run_dependencies/akari_msgs
[5.039s] -- Up-to-date: /home/akariros/Akari_ros2_humble/install/akari_msgs/share/ament_index/resource_index/parent_prefix_path/akari_msgs
[5.040s] -- Up-to-date: /home/akariros/Akari_ros2_humble/install/akari_msgs/share/akari_msgs/environment/ament_prefix_path.sh
[5.041s] -- Up-to-date: /home/akariros/Akari_ros2_humble/install/akari_msgs/share/akari_msgs/environment/ament_prefix_path.dsv
[5.041s] -- Up-to-date: /home/akariros/Akari_ros2_humble/install/akari_msgs/share/akari_msgs/environment/path.sh
[5.042s] -- Up-to-date: /home/akariros/Akari_ros2_humble/install/akari_msgs/share/akari_msgs/environment/path.dsv
[5.042s] -- Up-to-date: /home/akariros/Akari_ros2_humble/install/akari_msgs/share/akari_msgs/local_setup.bash
[5.043s] -- Up-to-date: /home/akariros/Akari_ros2_humble/install/akari_msgs/share/akari_msgs/local_setup.sh
[5.044s] -- Up-to-date: /home/akariros/Akari_ros2_humble/install/akari_msgs/share/akari_msgs/local_setup.zsh
[5.044s] -- Up-to-date: /home/akariros/Akari_ros2_humble/install/akari_msgs/share/akari_msgs/local_setup.dsv
[5.045s] -- Installing: /home/akariros/Akari_ros2_humble/install/akari_msgs/share/akari_msgs/package.dsv
[5.045s] -- Up-to-date: /home/akariros/Akari_ros2_humble/install/akari_msgs/share/ament_index/resource_index/packages/akari_msgs
[5.046s] -- Up-to-date: /home/akariros/Akari_ros2_humble/install/akari_msgs/share/akari_msgs/cmake/export_akari_msgs__rosidl_generator_cExport.cmake
[5.046s] -- Up-to-date: /home/akariros/Akari_ros2_humble/install/akari_msgs/share/akari_msgs/cmake/export_akari_msgs__rosidl_generator_cExport-noconfig.cmake
[5.047s] -- Up-to-date: /home/akariros/Akari_ros2_humble/install/akari_msgs/share/akari_msgs/cmake/export_akari_msgs__rosidl_typesupport_fastrtps_cExport.cmake
[5.048s] -- Up-to-date: /home/akariros/Akari_ros2_humble/install/akari_msgs/share/akari_msgs/cmake/export_akari_msgs__rosidl_typesupport_fastrtps_cExport-noconfig.cmake
[5.049s] -- Up-to-date: /home/akariros/Akari_ros2_humble/install/akari_msgs/share/akari_msgs/cmake/export_akari_msgs__rosidl_generator_cppExport.cmake
[5.049s] -- Up-to-date: /home/akariros/Akari_ros2_humble/install/akari_msgs/share/akari_msgs/cmake/export_akari_msgs__rosidl_typesupport_fastrtps_cppExport.cmake
[5.052s] -- Up-to-date: /home/akariros/Akari_ros2_humble/install/akari_msgs/share/akari_msgs/cmake/export_akari_msgs__rosidl_typesupport_fastrtps_cppExport-noconfig.cmake
[5.053s] -- Up-to-date: /home/akariros/Akari_ros2_humble/install/akari_msgs/share/akari_msgs/cmake/akari_msgs__rosidl_typesupport_introspection_cExport.cmake
[5.053s] -- Up-to-date: /home/akariros/Akari_ros2_humble/install/akari_msgs/share/akari_msgs/cmake/akari_msgs__rosidl_typesupport_introspection_cExport-noconfig.cmake
[5.054s] -- Up-to-date: /home/akariros/Akari_ros2_humble/install/akari_msgs/share/akari_msgs/cmake/akari_msgs__rosidl_typesupport_cExport.cmake
[5.055s] -- Up-to-date: /home/akariros/Akari_ros2_humble/install/akari_msgs/share/akari_msgs/cmake/akari_msgs__rosidl_typesupport_cExport-noconfig.cmake
[5.056s] -- Up-to-date: /home/akariros/Akari_ros2_humble/install/akari_msgs/share/akari_msgs/cmake/akari_msgs__rosidl_typesupport_introspection_cppExport.cmake
[5.056s] -- Up-to-date: /home/akariros/Akari_ros2_humble/install/akari_msgs/share/akari_msgs/cmake/akari_msgs__rosidl_typesupport_introspection_cppExport-noconfig.cmake
[5.057s] -- Up-to-date: /home/akariros/Akari_ros2_humble/install/akari_msgs/share/akari_msgs/cmake/akari_msgs__rosidl_typesupport_cppExport.cmake
[5.057s] -- Up-to-date: /home/akariros/Akari_ros2_humble/install/akari_msgs/share/akari_msgs/cmake/akari_msgs__rosidl_typesupport_cppExport-noconfig.cmake
[5.058s] -- Up-to-date: /home/akariros/Akari_ros2_humble/install/akari_msgs/share/akari_msgs/cmake/export_akari_msgs__rosidl_generator_pyExport.cmake
[5.058s] -- Up-to-date: /home/akariros/Akari_ros2_humble/install/akari_msgs/share/akari_msgs/cmake/export_akari_msgs__rosidl_generator_pyExport-noconfig.cmake
[5.059s] -- Up-to-date: /home/akariros/Akari_ros2_humble/install/akari_msgs/share/akari_msgs/cmake/rosidl_cmake-extras.cmake
[5.060s] -- Up-to-date: /home/akariros/Akari_ros2_humble/install/akari_msgs/share/akari_msgs/cmake/ament_cmake_export_dependencies-extras.cmake
[5.060s] -- Up-to-date: /home/akariros/Akari_ros2_humble/install/akari_msgs/share/akari_msgs/cmake/ament_cmake_export_include_directories-extras.cmake
[5.060s] -- Up-to-date: /home/akariros/Akari_ros2_humble/install/akari_msgs/share/akari_msgs/cmake/ament_cmake_export_libraries-extras.cmake
[5.061s] -- Up-to-date: /home/akariros/Akari_ros2_humble/install/akari_msgs/share/akari_msgs/cmake/ament_cmake_export_targets-extras.cmake
[5.061s] -- Up-to-date: /home/akariros/Akari_ros2_humble/install/akari_msgs/share/akari_msgs/cmake/rosidl_cmake_export_typesupport_targets-extras.cmake
[5.062s] -- Up-to-date: /home/akariros/Akari_ros2_humble/install/akari_msgs/share/akari_msgs/cmake/rosidl_cmake_export_typesupport_libraries-extras.cmake
[5.063s] -- Up-to-date: /home/akariros/Akari_ros2_humble/install/akari_msgs/share/akari_msgs/cmake/akari_msgsConfig.cmake
[5.063s] -- Up-to-date: /home/akariros/Akari_ros2_humble/install/akari_msgs/share/akari_msgs/cmake/akari_msgsConfig-version.cmake
[5.064s] -- Up-to-date: /home/akariros/Akari_ros2_humble/install/akari_msgs/share/akari_msgs/package.xml
[6.314s] Invoked command in '/home/akariros/Akari_ros2_humble/build/akari_msgs' returned '0': CMAKE_PREFIX_PATH=${CMAKE_PREFIX_PATH}:/home/akariros/Akari_ros2_humble/install/servo_server:/home/akariros/Akari_ros2_humble/install/m5_server:/home/akariros/Akari_ros2_humble/install/akari_state_publisher:/home/akariros/Akari_ros2_humble/install/akari_setting_publisher:/home/akariros/Akari_ros2_humble/install/akari_launch:/home/akariros/Akari_ros2_humble/install/akari_client_example:/opt/ros/humble /usr/bin/cmake --install /home/akariros/Akari_ros2_humble/build/akari_msgs
