[2.306s] Invoking command in '/home/akariros/Akari_ros2_humble/py_m5serial': PYTHONPATH=/home/akariros/Akari_ros2_humble/build/py_m5serial/prefix_override:/home/akariros/Akari_ros2_humble/install/py_m5serial/lib/python3.10/site-packages:${PYTHONPATH} /usr/bin/python3 setup.py egg_info --egg-base ../build/py_m5serial build --build-base /home/akariros/Akari_ros2_humble/build/py_m5serial/build install --record /home/akariros/Akari_ros2_humble/build/py_m5serial/install.log --single-version-externally-managed
[2.931s] running egg_info
[2.932s] creating ../build/py_m5serial/py_m5serial.egg-info
[2.933s] writing ../build/py_m5serial/py_m5serial.egg-info/PKG-INFO
[2.933s] writing dependency_links to ../build/py_m5serial/py_m5serial.egg-info/dependency_links.txt
[2.934s] writing entry points to ../build/py_m5serial/py_m5serial.egg-info/entry_points.txt
[2.934s] writing requirements to ../build/py_m5serial/py_m5serial.egg-info/requires.txt
[2.934s] writing top-level names to ../build/py_m5serial/py_m5serial.egg-info/top_level.txt
[2.934s] writing manifest file '../build/py_m5serial/py_m5serial.egg-info/SOURCES.txt'
[2.938s] reading manifest file '../build/py_m5serial/py_m5serial.egg-info/SOURCES.txt'
[2.941s] writing manifest file '../build/py_m5serial/py_m5serial.egg-info/SOURCES.txt'
[2.941s] running build
[2.942s] running build_py
[2.942s] creating /home/akariros/Akari_ros2_humble/build/py_m5serial/build
[2.942s] creating /home/akariros/Akari_ros2_humble/build/py_m5serial/build/lib
[2.943s] creating /home/akariros/Akari_ros2_humble/build/py_m5serial/build/lib/py_m5serial
[2.943s] copying py_m5serial/py_m5client_reset_allout.py -> /home/akariros/Akari_ros2_humble/build/py_m5serial/build/lib/py_m5serial
[2.943s] copying py_m5serial/py_m5client_set_dout.py -> /home/akariros/Akari_ros2_humble/build/py_m5serial/build/lib/py_m5serial
[2.943s] copying py_m5serial/__init__.py -> /home/akariros/Akari_ros2_humble/build/py_m5serial/build/lib/py_m5serial
[2.943s] copying py_m5serial/m5stack_publisher.py -> /home/akariros/Akari_ros2_humble/build/py_m5serial/build/lib/py_m5serial
[2.944s] copying py_m5serial/py_m5client_display_reset.py -> /home/akariros/Akari_ros2_humble/build/py_m5serial/build/lib/py_m5serial
[2.944s] copying py_m5serial/py_m5client_move_joints_actionclient.py -> /home/akariros/Akari_ros2_humble/build/py_m5serial/build/lib/py_m5serial
[2.945s] copying py_m5serial/py_m5server.py -> /home/akariros/Akari_ros2_humble/build/py_m5serial/build/lib/py_m5serial
[2.945s] copying py_m5serial/py_m5client_set_pwmout.py -> /home/akariros/Akari_ros2_humble/build/py_m5serial/build/lib/py_m5serial
[2.945s] copying py_m5serial/py_m5client_set_allout.py -> /home/akariros/Akari_ros2_humble/build/py_m5serial/build/lib/py_m5serial
[2.945s] copying py_m5serial/py_m5client_display_color.py -> /home/akariros/Akari_ros2_humble/build/py_m5serial/build/lib/py_m5serial
[2.946s] copying py_m5serial/py_m5client_display_image.py -> /home/akariros/Akari_ros2_humble/build/py_m5serial/build/lib/py_m5serial
[2.946s] copying py_m5serial/py_m5client_display_text.py -> /home/akariros/Akari_ros2_humble/build/py_m5serial/build/lib/py_m5serial
[2.953s] running install
[2.953s] running install_lib
[2.953s] /usr/lib/python3/dist-packages/setuptools/command/install.py:34: SetuptoolsDeprecationWarning: setup.py install is deprecated. Use build and pip and other standards-based tools.
[2.954s]   warnings.warn(
[2.954s] creating /home/akariros/Akari_ros2_humble/install/py_m5serial/lib/python3.10/site-packages/py_m5serial
[2.954s] copying /home/akariros/Akari_ros2_humble/build/py_m5serial/build/lib/py_m5serial/py_m5client_reset_allout.py -> /home/akariros/Akari_ros2_humble/install/py_m5serial/lib/python3.10/site-packages/py_m5serial
[2.954s] copying /home/akariros/Akari_ros2_humble/build/py_m5serial/build/lib/py_m5serial/py_m5client_set_dout.py -> /home/akariros/Akari_ros2_humble/install/py_m5serial/lib/python3.10/site-packages/py_m5serial
[2.955s] copying /home/akariros/Akari_ros2_humble/build/py_m5serial/build/lib/py_m5serial/__init__.py -> /home/akariros/Akari_ros2_humble/install/py_m5serial/lib/python3.10/site-packages/py_m5serial
[2.955s] copying /home/akariros/Akari_ros2_humble/build/py_m5serial/build/lib/py_m5serial/m5stack_publisher.py -> /home/akariros/Akari_ros2_humble/install/py_m5serial/lib/python3.10/site-packages/py_m5serial
[2.955s] copying /home/akariros/Akari_ros2_humble/build/py_m5serial/build/lib/py_m5serial/py_m5client_display_reset.py -> /home/akariros/Akari_ros2_humble/install/py_m5serial/lib/python3.10/site-packages/py_m5serial
[2.955s] copying /home/akariros/Akari_ros2_humble/build/py_m5serial/build/lib/py_m5serial/py_m5client_move_joints_actionclient.py -> /home/akariros/Akari_ros2_humble/install/py_m5serial/lib/python3.10/site-packages/py_m5serial
[2.956s] copying /home/akariros/Akari_ros2_humble/build/py_m5serial/build/lib/py_m5serial/py_m5server.py -> /home/akariros/Akari_ros2_humble/install/py_m5serial/lib/python3.10/site-packages/py_m5serial
[2.957s] copying /home/akariros/Akari_ros2_humble/build/py_m5serial/build/lib/py_m5serial/py_m5client_set_pwmout.py -> /home/akariros/Akari_ros2_humble/install/py_m5serial/lib/python3.10/site-packages/py_m5serial
[2.957s] copying /home/akariros/Akari_ros2_humble/build/py_m5serial/build/lib/py_m5serial/py_m5client_set_allout.py -> /home/akariros/Akari_ros2_humble/install/py_m5serial/lib/python3.10/site-packages/py_m5serial
[2.957s] copying /home/akariros/Akari_ros2_humble/build/py_m5serial/build/lib/py_m5serial/py_m5client_display_color.py -> /home/akariros/Akari_ros2_humble/install/py_m5serial/lib/python3.10/site-packages/py_m5serial
[2.958s] copying /home/akariros/Akari_ros2_humble/build/py_m5serial/build/lib/py_m5serial/py_m5client_display_image.py -> /home/akariros/Akari_ros2_humble/install/py_m5serial/lib/python3.10/site-packages/py_m5serial
[2.958s] copying /home/akariros/Akari_ros2_humble/build/py_m5serial/build/lib/py_m5serial/py_m5client_display_text.py -> /home/akariros/Akari_ros2_humble/install/py_m5serial/lib/python3.10/site-packages/py_m5serial
[2.958s] byte-compiling /home/akariros/Akari_ros2_humble/install/py_m5serial/lib/python3.10/site-packages/py_m5serial/py_m5client_reset_allout.py to py_m5client_reset_allout.cpython-310.pyc
[2.958s] byte-compiling /home/akariros/Akari_ros2_humble/install/py_m5serial/lib/python3.10/site-packages/py_m5serial/py_m5client_set_dout.py to py_m5client_set_dout.cpython-310.pyc
[2.959s] byte-compiling /home/akariros/Akari_ros2_humble/install/py_m5serial/lib/python3.10/site-packages/py_m5serial/__init__.py to __init__.cpython-310.pyc
[2.959s] byte-compiling /home/akariros/Akari_ros2_humble/install/py_m5serial/lib/python3.10/site-packages/py_m5serial/m5stack_publisher.py to m5stack_publisher.cpython-310.pyc
[2.959s] byte-compiling /home/akariros/Akari_ros2_humble/install/py_m5serial/lib/python3.10/site-packages/py_m5serial/py_m5client_display_reset.py to py_m5client_display_reset.cpython-310.pyc
[2.960s] byte-compiling /home/akariros/Akari_ros2_humble/install/py_m5serial/lib/python3.10/site-packages/py_m5serial/py_m5client_move_joints_actionclient.py to py_m5client_move_joints_actionclient.cpython-310.pyc
[2.960s] byte-compiling /home/akariros/Akari_ros2_humble/install/py_m5serial/lib/python3.10/site-packages/py_m5serial/py_m5server.py to py_m5server.cpython-310.pyc
[2.966s] byte-compiling /home/akariros/Akari_ros2_humble/install/py_m5serial/lib/python3.10/site-packages/py_m5serial/py_m5client_set_pwmout.py to py_m5client_set_pwmout.cpython-310.pyc
[2.977s] byte-compiling /home/akariros/Akari_ros2_humble/install/py_m5serial/lib/python3.10/site-packages/py_m5serial/py_m5client_set_allout.py to py_m5client_set_allout.cpython-310.pyc
[2.977s] byte-compiling /home/akariros/Akari_ros2_humble/install/py_m5serial/lib/python3.10/site-packages/py_m5serial/py_m5client_display_color.py to py_m5client_display_color.cpython-310.pyc
[2.978s] byte-compiling /home/akariros/Akari_ros2_humble/install/py_m5serial/lib/python3.10/site-packages/py_m5serial/py_m5client_display_image.py to py_m5client_display_image.cpython-310.pyc
[2.978s] byte-compiling /home/akariros/Akari_ros2_humble/install/py_m5serial/lib/python3.10/site-packages/py_m5serial/py_m5client_display_text.py to py_m5client_display_text.cpython-310.pyc
[2.978s] running install_data
[2.978s] creating /home/akariros/Akari_ros2_humble/install/py_m5serial/share/ament_index
[2.978s] creating /home/akariros/Akari_ros2_humble/install/py_m5serial/share/ament_index/resource_index
[2.979s] creating /home/akariros/Akari_ros2_humble/install/py_m5serial/share/ament_index/resource_index/packages
[2.979s] copying resource/py_m5serial -> /home/akariros/Akari_ros2_humble/install/py_m5serial/share/ament_index/resource_index/packages
[2.979s] copying package.xml -> /home/akariros/Akari_ros2_humble/install/py_m5serial/share/py_m5serial
[2.979s] creating /home/akariros/Akari_ros2_humble/install/py_m5serial/share/py_m5serial/launch
[2.979s] copying launch/akariserver_launch.py -> /home/akariros/Akari_ros2_humble/install/py_m5serial/share/py_m5serial/launch
[2.981s] running install_egg_info
[2.981s] Copying ../build/py_m5serial/py_m5serial.egg-info to /home/akariros/Akari_ros2_humble/install/py_m5serial/lib/python3.10/site-packages/py_m5serial-0.0.0-py3.10.egg-info
[2.981s] running install_scripts
[3.031s] Installing m5client_display_color script to /home/akariros/Akari_ros2_humble/install/py_m5serial/lib/py_m5serial
[3.032s] Installing m5client_display_image script to /home/akariros/Akari_ros2_humble/install/py_m5serial/lib/py_m5serial
[3.032s] Installing m5client_display_reset script to /home/akariros/Akari_ros2_humble/install/py_m5serial/lib/py_m5serial
[3.032s] Installing m5client_display_text script to /home/akariros/Akari_ros2_humble/install/py_m5serial/lib/py_m5serial
[3.033s] Installing m5client_move_joints_actionclient script to /home/akariros/Akari_ros2_humble/install/py_m5serial/lib/py_m5serial
[3.033s] Installing m5client_reset_allout script to /home/akariros/Akari_ros2_humble/install/py_m5serial/lib/py_m5serial
[3.033s] Installing m5client_set_allout script to /home/akariros/Akari_ros2_humble/install/py_m5serial/lib/py_m5serial
[3.033s] Installing m5client_set_dout script to /home/akariros/Akari_ros2_humble/install/py_m5serial/lib/py_m5serial
[3.034s] Installing m5client_set_pwmout script to /home/akariros/Akari_ros2_humble/install/py_m5serial/lib/py_m5serial
[3.034s] Installing m5publisher script to /home/akariros/Akari_ros2_humble/install/py_m5serial/lib/py_m5serial
[3.034s] Installing m5server script to /home/akariros/Akari_ros2_humble/install/py_m5serial/lib/py_m5serial
[3.034s] Installing m5servoserver script to /home/akariros/Akari_ros2_humble/install/py_m5serial/lib/py_m5serial
[3.036s] writing list of installed files to '/home/akariros/Akari_ros2_humble/build/py_m5serial/install.log'
[3.135s] Invoked command in '/home/akariros/Akari_ros2_humble/py_m5serial' returned '0': PYTHONPATH=/home/akariros/Akari_ros2_humble/build/py_m5serial/prefix_override:/home/akariros/Akari_ros2_humble/install/py_m5serial/lib/python3.10/site-packages:${PYTHONPATH} /usr/bin/python3 setup.py egg_info --egg-base ../build/py_m5serial build --build-base /home/akariros/Akari_ros2_humble/build/py_m5serial/build install --record /home/akariros/Akari_ros2_humble/build/py_m5serial/install.log --single-version-externally-managed
