[3.172s] Invoking command in '/home/akariros/Akari_ros2_humble/akari_client_example': PYTHONPATH=/home/akariros/Akari_ros2_humble/build/akari_client_example/prefix_override:/home/akariros/Akari_ros2_humble/install/akari_client_example/lib/python3.10/site-packages:${PYTHONPATH} /usr/bin/python3 setup.py egg_info --egg-base ../build/akari_client_example build --build-base /home/akariros/Akari_ros2_humble/build/akari_client_example/build install --record /home/akariros/Akari_ros2_humble/build/akari_client_example/install.log --single-version-externally-managed
[3.946s] running egg_info
[3.948s] writing ../build/akari_client_example/akari_client_example.egg-info/PKG-INFO
[3.949s] writing dependency_links to ../build/akari_client_example/akari_client_example.egg-info/dependency_links.txt
[3.950s] writing entry points to ../build/akari_client_example/akari_client_example.egg-info/entry_points.txt
[3.950s] writing requirements to ../build/akari_client_example/akari_client_example.egg-info/requires.txt
[3.950s] writing top-level names to ../build/akari_client_example/akari_client_example.egg-info/top_level.txt
[3.955s] reading manifest file '../build/akari_client_example/akari_client_example.egg-info/SOURCES.txt'
[3.957s] writing manifest file '../build/akari_client_example/akari_client_example.egg-info/SOURCES.txt'
[3.958s] running build
[3.958s] running build_py
[3.958s] copying akari_client_example/reset_allout.py -> /home/akariros/Akari_ros2_humble/build/akari_client_example/build/lib/akari_client_example
[3.958s] copying akari_client_example/display_reset.py -> /home/akariros/Akari_ros2_humble/build/akari_client_example/build/lib/akari_client_example
[3.959s] copying akari_client_example/display_image.py -> /home/akariros/Akari_ros2_humble/build/akari_client_example/build/lib/akari_client_example
[3.959s] copying akari_client_example/servo_acc_set_client.py -> /home/akariros/Akari_ros2_humble/build/akari_client_example/build/lib/akari_client_example
[3.959s] copying akari_client_example/display_text.py -> /home/akariros/Akari_ros2_humble/build/akari_client_example/build/lib/akari_client_example
[3.960s] copying akari_client_example/servo_enable_set_client.py -> /home/akariros/Akari_ros2_humble/build/akari_client_example/build/lib/akari_client_example
[3.961s] copying akari_client_example/move_joints_action_client.py -> /home/akariros/Akari_ros2_humble/build/akari_client_example/build/lib/akari_client_example
[3.961s] copying akari_client_example/set_pwmout.py -> /home/akariros/Akari_ros2_humble/build/akari_client_example/build/lib/akari_client_example
[3.962s] copying akari_client_example/display_color.py -> /home/akariros/Akari_ros2_humble/build/akari_client_example/build/lib/akari_client_example
[3.963s] running install
[3.963s] /usr/lib/python3/dist-packages/setuptools/command/install.py:34: SetuptoolsDeprecationWarning: setup.py install is deprecated. Use build and pip and other standards-based tools.
[3.963s]   warnings.warn(
[3.964s] running install_lib
[3.966s] copying /home/akariros/Akari_ros2_humble/build/akari_client_example/build/lib/akari_client_example/reset_allout.py -> /home/akariros/Akari_ros2_humble/install/akari_client_example/lib/python3.10/site-packages/akari_client_example
[3.967s] copying /home/akariros/Akari_ros2_humble/build/akari_client_example/build/lib/akari_client_example/display_reset.py -> /home/akariros/Akari_ros2_humble/install/akari_client_example/lib/python3.10/site-packages/akari_client_example
[3.967s] copying /home/akariros/Akari_ros2_humble/build/akari_client_example/build/lib/akari_client_example/display_image.py -> /home/akariros/Akari_ros2_humble/install/akari_client_example/lib/python3.10/site-packages/akari_client_example
[3.974s] copying /home/akariros/Akari_ros2_humble/build/akari_client_example/build/lib/akari_client_example/servo_acc_set_client.py -> /home/akariros/Akari_ros2_humble/install/akari_client_example/lib/python3.10/site-packages/akari_client_example
[3.974s] copying /home/akariros/Akari_ros2_humble/build/akari_client_example/build/lib/akari_client_example/display_text.py -> /home/akariros/Akari_ros2_humble/install/akari_client_example/lib/python3.10/site-packages/akari_client_example
[3.976s] copying /home/akariros/Akari_ros2_humble/build/akari_client_example/build/lib/akari_client_example/servo_enable_set_client.py -> /home/akariros/Akari_ros2_humble/install/akari_client_example/lib/python3.10/site-packages/akari_client_example
[3.977s] copying /home/akariros/Akari_ros2_humble/build/akari_client_example/build/lib/akari_client_example/move_joints_action_client.py -> /home/akariros/Akari_ros2_humble/install/akari_client_example/lib/python3.10/site-packages/akari_client_example
[3.977s] copying /home/akariros/Akari_ros2_humble/build/akari_client_example/build/lib/akari_client_example/set_pwmout.py -> /home/akariros/Akari_ros2_humble/install/akari_client_example/lib/python3.10/site-packages/akari_client_example
[3.977s] copying /home/akariros/Akari_ros2_humble/build/akari_client_example/build/lib/akari_client_example/display_color.py -> /home/akariros/Akari_ros2_humble/install/akari_client_example/lib/python3.10/site-packages/akari_client_example
[3.977s] byte-compiling /home/akariros/Akari_ros2_humble/install/akari_client_example/lib/python3.10/site-packages/akari_client_example/reset_allout.py to reset_allout.cpython-310.pyc
[3.977s] byte-compiling /home/akariros/Akari_ros2_humble/install/akari_client_example/lib/python3.10/site-packages/akari_client_example/display_reset.py to display_reset.cpython-310.pyc
[3.978s] byte-compiling /home/akariros/Akari_ros2_humble/install/akari_client_example/lib/python3.10/site-packages/akari_client_example/display_image.py to display_image.cpython-310.pyc
[3.978s] byte-compiling /home/akariros/Akari_ros2_humble/install/akari_client_example/lib/python3.10/site-packages/akari_client_example/servo_acc_set_client.py to servo_acc_set_client.cpython-310.pyc
[3.978s] byte-compiling /home/akariros/Akari_ros2_humble/install/akari_client_example/lib/python3.10/site-packages/akari_client_example/display_text.py to display_text.cpython-310.pyc
[3.978s] byte-compiling /home/akariros/Akari_ros2_humble/install/akari_client_example/lib/python3.10/site-packages/akari_client_example/servo_enable_set_client.py to servo_enable_set_client.cpython-310.pyc
[3.979s] byte-compiling /home/akariros/Akari_ros2_humble/install/akari_client_example/lib/python3.10/site-packages/akari_client_example/move_joints_action_client.py to move_joints_action_client.cpython-310.pyc
[3.981s] byte-compiling /home/akariros/Akari_ros2_humble/install/akari_client_example/lib/python3.10/site-packages/akari_client_example/set_pwmout.py to set_pwmout.cpython-310.pyc
[3.982s] byte-compiling /home/akariros/Akari_ros2_humble/install/akari_client_example/lib/python3.10/site-packages/akari_client_example/display_color.py to display_color.cpython-310.pyc
[3.983s] running install_data
[3.985s] running install_egg_info
[4.000s] removing '/home/akariros/Akari_ros2_humble/install/akari_client_example/lib/python3.10/site-packages/akari_client_example-0.0.0-py3.10.egg-info' (and everything under it)
[4.000s] Copying ../build/akari_client_example/akari_client_example.egg-info to /home/akariros/Akari_ros2_humble/install/akari_client_example/lib/python3.10/site-packages/akari_client_example-0.0.0-py3.10.egg-info
[4.000s] running install_scripts
[4.048s] Installing display_color script to /home/akariros/Akari_ros2_humble/install/akari_client_example/lib/akari_client_example
[4.048s] Installing display_image script to /home/akariros/Akari_ros2_humble/install/akari_client_example/lib/akari_client_example
[4.049s] Installing display_reset script to /home/akariros/Akari_ros2_humble/install/akari_client_example/lib/akari_client_example
[4.049s] Installing display_text script to /home/akariros/Akari_ros2_humble/install/akari_client_example/lib/akari_client_example
[4.049s] Installing m5publisher script to /home/akariros/Akari_ros2_humble/install/akari_client_example/lib/akari_client_example
[4.050s] Installing move_joints_action_client script to /home/akariros/Akari_ros2_humble/install/akari_client_example/lib/akari_client_example
[4.050s] Installing reset_allout script to /home/akariros/Akari_ros2_humble/install/akari_client_example/lib/akari_client_example
[4.050s] Installing servo_acc_set_client script to /home/akariros/Akari_ros2_humble/install/akari_client_example/lib/akari_client_example
[4.050s] Installing servo_enable_set_client script to /home/akariros/Akari_ros2_humble/install/akari_client_example/lib/akari_client_example
[4.051s] Installing servo_vel_set_client script to /home/akariros/Akari_ros2_humble/install/akari_client_example/lib/akari_client_example
[4.051s] Installing set_allout script to /home/akariros/Akari_ros2_humble/install/akari_client_example/lib/akari_client_example
[4.051s] Installing set_dout script to /home/akariros/Akari_ros2_humble/install/akari_client_example/lib/akari_client_example
[4.051s] Installing set_pwmout script to /home/akariros/Akari_ros2_humble/install/akari_client_example/lib/akari_client_example
[4.052s] writing list of installed files to '/home/akariros/Akari_ros2_humble/build/akari_client_example/install.log'
[4.493s] Invoked command in '/home/akariros/Akari_ros2_humble/akari_client_example' returned '0': PYTHONPATH=/home/akariros/Akari_ros2_humble/build/akari_client_example/prefix_override:/home/akariros/Akari_ros2_humble/install/akari_client_example/lib/python3.10/site-packages:${PYTHONPATH} /usr/bin/python3 setup.py egg_info --egg-base ../build/akari_client_example build --build-base /home/akariros/Akari_ros2_humble/build/akari_client_example/build install --record /home/akariros/Akari_ros2_humble/build/akari_client_example/install.log --single-version-externally-managed
