[2.582s] Invoking command in '/home/akariros/Akari_ros2_humble/py_m5serial': PYTHONPATH=/home/akariros/Akari_ros2_humble/build/py_m5serial/prefix_override:/home/akariros/Akari_ros2_humble/install/py_m5serial/lib/python3.10/site-packages:${PYTHONPATH} /usr/bin/python3 setup.py egg_info --egg-base ../build/py_m5serial build --build-base /home/akariros/Akari_ros2_humble/build/py_m5serial/build install --record /home/akariros/Akari_ros2_humble/build/py_m5serial/install.log --single-version-externally-managed
[3.347s] running egg_info
[3.349s] writing ../build/py_m5serial/py_m5serial.egg-info/PKG-INFO
[3.350s] writing dependency_links to ../build/py_m5serial/py_m5serial.egg-info/dependency_links.txt
[3.350s] writing entry points to ../build/py_m5serial/py_m5serial.egg-info/entry_points.txt
[3.350s] writing requirements to ../build/py_m5serial/py_m5serial.egg-info/requires.txt
[3.351s] writing top-level names to ../build/py_m5serial/py_m5serial.egg-info/top_level.txt
[3.355s] reading manifest file '../build/py_m5serial/py_m5serial.egg-info/SOURCES.txt'
[3.358s] writing manifest file '../build/py_m5serial/py_m5serial.egg-info/SOURCES.txt'
[3.358s] running build
[3.358s] running build_py
[3.360s] running install
[3.362s] /usr/lib/python3/dist-packages/setuptools/command/install.py:34: SetuptoolsDeprecationWarning: setup.py install is deprecated. Use build and pip and other standards-based tools.
[3.362s]   warnings.warn(
[3.362s] running install_lib
[3.365s] running install_data
[3.366s] running install_egg_info
[3.370s] removing '/home/akariros/Akari_ros2_humble/install/py_m5serial/lib/python3.10/site-packages/py_m5serial-0.0.0-py3.10.egg-info' (and everything under it)
[3.371s] Copying ../build/py_m5serial/py_m5serial.egg-info to /home/akariros/Akari_ros2_humble/install/py_m5serial/lib/python3.10/site-packages/py_m5serial-0.0.0-py3.10.egg-info
[3.372s] running install_scripts
[3.420s] Installing m5client_display_color script to /home/akariros/Akari_ros2_humble/install/py_m5serial/lib/py_m5serial
[3.420s] Installing m5client_display_image script to /home/akariros/Akari_ros2_humble/install/py_m5serial/lib/py_m5serial
[3.420s] Installing m5client_display_reset script to /home/akariros/Akari_ros2_humble/install/py_m5serial/lib/py_m5serial
[3.420s] Installing m5client_display_text script to /home/akariros/Akari_ros2_humble/install/py_m5serial/lib/py_m5serial
[3.421s] Installing m5client_move_joints_actionclient script to /home/akariros/Akari_ros2_humble/install/py_m5serial/lib/py_m5serial
[3.421s] Installing m5client_reset_allout script to /home/akariros/Akari_ros2_humble/install/py_m5serial/lib/py_m5serial
[3.421s] Installing m5client_set_allout script to /home/akariros/Akari_ros2_humble/install/py_m5serial/lib/py_m5serial
[3.421s] Installing m5client_set_dout script to /home/akariros/Akari_ros2_humble/install/py_m5serial/lib/py_m5serial
[3.421s] Installing m5client_set_pwmout script to /home/akariros/Akari_ros2_humble/install/py_m5serial/lib/py_m5serial
[3.422s] Installing m5publisher script to /home/akariros/Akari_ros2_humble/install/py_m5serial/lib/py_m5serial
[3.422s] Installing m5server script to /home/akariros/Akari_ros2_humble/install/py_m5serial/lib/py_m5serial
[3.423s] writing list of installed files to '/home/akariros/Akari_ros2_humble/build/py_m5serial/install.log'
[3.501s] Invoked command in '/home/akariros/Akari_ros2_humble/py_m5serial' returned '0': PYTHONPATH=/home/akariros/Akari_ros2_humble/build/py_m5serial/prefix_override:/home/akariros/Akari_ros2_humble/install/py_m5serial/lib/python3.10/site-packages:${PYTHONPATH} /usr/bin/python3 setup.py egg_info --egg-base ../build/py_m5serial build --build-base /home/akariros/Akari_ros2_humble/build/py_m5serial/build install --record /home/akariros/Akari_ros2_humble/build/py_m5serial/install.log --single-version-externally-managed
