running egg_info
writing ../build/akari_state_publisher/akari_state_publisher.egg-info/PKG-INFO
writing dependency_links to ../build/akari_state_publisher/akari_state_publisher.egg-info/dependency_links.txt
writing entry points to ../build/akari_state_publisher/akari_state_publisher.egg-info/entry_points.txt
writing requirements to ../build/akari_state_publisher/akari_state_publisher.egg-info/requires.txt
writing top-level names to ../build/akari_state_publisher/akari_state_publisher.egg-info/top_level.txt
reading manifest file '../build/akari_state_publisher/akari_state_publisher.egg-info/SOURCES.txt'
writing manifest file '../build/akari_state_publisher/akari_state_publisher.egg-info/SOURCES.txt'
running build
running build_py
/usr/lib/python3/dist-packages/setuptools/command/install.py:34: SetuptoolsDeprecationWarning: setup.py install is deprecated. Use build and pip and other standards-based tools.
  warnings.warn(
running install
running install_lib
running install_data
running install_egg_info
removing '/home/akariros/Akari_ros2_humble/install/akari_state_publisher/lib/python3.10/site-packages/akari_state_publisher-0.0.0-py3.10.egg-info' (and everything under it)
Copying ../build/akari_state_publisher/akari_state_publisher.egg-info to /home/akariros/Akari_ros2_humble/install/akari_state_publisher/lib/python3.10/site-packages/akari_state_publisher-0.0.0-py3.10.egg-info
running install_scripts
Installing joint_state_publisher script to /home/akariros/Akari_ros2_humble/install/akari_state_publisher/lib/akari_state_publisher
writing list of installed files to '/home/akariros/Akari_ros2_humble/build/akari_state_publisher/install.log'
