[2.068s] Invoking command in '/home/akariros/Akari_ros2_humble/servo_server': PYTHONPATH=/home/akariros/Akari_ros2_humble/build/servo_server/prefix_override:/home/akariros/Akari_ros2_humble/install/servo_server/lib/python3.10/site-packages:${PYTHONPATH} /usr/bin/python3 setup.py egg_info --egg-base ../build/servo_server build --build-base /home/akariros/Akari_ros2_humble/build/servo_server/build install --record /home/akariros/Akari_ros2_humble/build/servo_server/install.log --single-version-externally-managed
[2.932s] running egg_info
[2.933s] creating ../build/servo_server/servo_server.egg-info
[2.933s] writing ../build/servo_server/servo_server.egg-info/PKG-INFO
[2.933s] writing dependency_links to ../build/servo_server/servo_server.egg-info/dependency_links.txt
[2.934s] writing entry points to ../build/servo_server/servo_server.egg-info/entry_points.txt
[2.934s] writing requirements to ../build/servo_server/servo_server.egg-info/requires.txt
[2.934s] writing top-level names to ../build/servo_server/servo_server.egg-info/top_level.txt
[2.934s] writing manifest file '../build/servo_server/servo_server.egg-info/SOURCES.txt'
[2.941s] reading manifest file '../build/servo_server/servo_server.egg-info/SOURCES.txt'
[2.943s] writing manifest file '../build/servo_server/servo_server.egg-info/SOURCES.txt'
[2.943s] running build
[2.943s] running build_py
[2.944s] creating /home/akariros/Akari_ros2_humble/build/servo_server/build
[2.944s] creating /home/akariros/Akari_ros2_humble/build/servo_server/build/lib
[2.944s] creating /home/akariros/Akari_ros2_humble/build/servo_server/build/lib/servo_server
[2.944s] copying servo_server/servo_server.py -> /home/akariros/Akari_ros2_humble/build/servo_server/build/lib/servo_server
[2.945s] copying servo_server/__init__.py -> /home/akariros/Akari_ros2_humble/build/servo_server/build/lib/servo_server
[2.945s] copying servo_server/servo_set_vel_server.py -> /home/akariros/Akari_ros2_humble/build/servo_server/build/lib/servo_server
[2.945s] copying servo_server/servo_set_enable_server.py -> /home/akariros/Akari_ros2_humble/build/servo_server/build/lib/servo_server
[2.945s] copying servo_server/servo_set.py -> /home/akariros/Akari_ros2_humble/build/servo_server/build/lib/servo_server
[2.945s] copying servo_server/servo_set_acc_server.py -> /home/akariros/Akari_ros2_humble/build/servo_server/build/lib/servo_server
[2.946s] running install
[2.946s] /usr/lib/python3/dist-packages/setuptools/command/install.py:34: SetuptoolsDeprecationWarning: setup.py install is deprecated. Use build and pip and other standards-based tools.
[2.946s]   warnings.warn(
[2.947s] running install_lib
[2.948s] creating /home/akariros/Akari_ros2_humble/install/servo_server/lib/python3.10/site-packages/servo_server
[2.949s] copying /home/akariros/Akari_ros2_humble/build/servo_server/build/lib/servo_server/servo_server.py -> /home/akariros/Akari_ros2_humble/install/servo_server/lib/python3.10/site-packages/servo_server
[2.949s] copying /home/akariros/Akari_ros2_humble/build/servo_server/build/lib/servo_server/__init__.py -> /home/akariros/Akari_ros2_humble/install/servo_server/lib/python3.10/site-packages/servo_server
[2.949s] copying /home/akariros/Akari_ros2_humble/build/servo_server/build/lib/servo_server/servo_set_vel_server.py -> /home/akariros/Akari_ros2_humble/install/servo_server/lib/python3.10/site-packages/servo_server
[2.949s] copying /home/akariros/Akari_ros2_humble/build/servo_server/build/lib/servo_server/servo_set_enable_server.py -> /home/akariros/Akari_ros2_humble/install/servo_server/lib/python3.10/site-packages/servo_server
[2.949s] copying /home/akariros/Akari_ros2_humble/build/servo_server/build/lib/servo_server/servo_set.py -> /home/akariros/Akari_ros2_humble/install/servo_server/lib/python3.10/site-packages/servo_server
[2.950s] copying /home/akariros/Akari_ros2_humble/build/servo_server/build/lib/servo_server/servo_set_acc_server.py -> /home/akariros/Akari_ros2_humble/install/servo_server/lib/python3.10/site-packages/servo_server
[2.951s] byte-compiling /home/akariros/Akari_ros2_humble/install/servo_server/lib/python3.10/site-packages/servo_server/servo_server.py to servo_server.cpython-310.pyc
[2.953s] byte-compiling /home/akariros/Akari_ros2_humble/install/servo_server/lib/python3.10/site-packages/servo_server/__init__.py to __init__.cpython-310.pyc
[2.953s] byte-compiling /home/akariros/Akari_ros2_humble/install/servo_server/lib/python3.10/site-packages/servo_server/servo_set_vel_server.py to servo_set_vel_server.cpython-310.pyc
[2.954s] byte-compiling /home/akariros/Akari_ros2_humble/install/servo_server/lib/python3.10/site-packages/servo_server/servo_set_enable_server.py to servo_set_enable_server.cpython-310.pyc
[2.957s] byte-compiling /home/akariros/Akari_ros2_humble/install/servo_server/lib/python3.10/site-packages/servo_server/servo_set.py to servo_set.cpython-310.pyc
[2.959s] byte-compiling /home/akariros/Akari_ros2_humble/install/servo_server/lib/python3.10/site-packages/servo_server/servo_set_acc_server.py to servo_set_acc_server.cpython-310.pyc
[2.960s] running install_data
[2.961s] creating /home/akariros/Akari_ros2_humble/install/servo_server/share/ament_index
[2.962s] creating /home/akariros/Akari_ros2_humble/install/servo_server/share/ament_index/resource_index
[2.962s] creating /home/akariros/Akari_ros2_humble/install/servo_server/share/ament_index/resource_index/packages
[2.962s] copying resource/servo_server -> /home/akariros/Akari_ros2_humble/install/servo_server/share/ament_index/resource_index/packages
[2.962s] copying package.xml -> /home/akariros/Akari_ros2_humble/install/servo_server/share/servo_server
[2.963s] creating /home/akariros/Akari_ros2_humble/install/servo_server/share/servo_server/launch
[2.963s] running install_egg_info
[2.965s] Copying ../build/servo_server/servo_server.egg-info to /home/akariros/Akari_ros2_humble/install/servo_server/lib/python3.10/site-packages/servo_server-0.0.0-py3.10.egg-info
[2.967s] running install_scripts
[3.013s] Installing servo_acc script to /home/akariros/Akari_ros2_humble/install/servo_server/lib/servo_server
[3.013s] Installing servo_enable script to /home/akariros/Akari_ros2_humble/install/servo_server/lib/servo_server
[3.013s] Installing servo_server script to /home/akariros/Akari_ros2_humble/install/servo_server/lib/servo_server
[3.013s] Installing servo_set script to /home/akariros/Akari_ros2_humble/install/servo_server/lib/servo_server
[3.014s] Installing servo_vel script to /home/akariros/Akari_ros2_humble/install/servo_server/lib/servo_server
[3.014s] writing list of installed files to '/home/akariros/Akari_ros2_humble/build/servo_server/install.log'
[3.067s] Invoked command in '/home/akariros/Akari_ros2_humble/servo_server' returned '0': PYTHONPATH=/home/akariros/Akari_ros2_humble/build/servo_server/prefix_override:/home/akariros/Akari_ros2_humble/install/servo_server/lib/python3.10/site-packages:${PYTHONPATH} /usr/bin/python3 setup.py egg_info --egg-base ../build/servo_server build --build-base /home/akariros/Akari_ros2_humble/build/servo_server/build install --record /home/akariros/Akari_ros2_humble/build/servo_server/install.log --single-version-externally-managed
