running egg_info
creating ../build/akari_client_example/akari_client_example.egg-info
writing ../build/akari_client_example/akari_client_example.egg-info/PKG-INFO
writing dependency_links to ../build/akari_client_example/akari_client_example.egg-info/dependency_links.txt
writing entry points to ../build/akari_client_example/akari_client_example.egg-info/entry_points.txt
writing requirements to ../build/akari_client_example/akari_client_example.egg-info/requires.txt
writing top-level names to ../build/akari_client_example/akari_client_example.egg-info/top_level.txt
writing manifest file '../build/akari_client_example/akari_client_example.egg-info/SOURCES.txt'
reading manifest file '../build/akari_client_example/akari_client_example.egg-info/SOURCES.txt'
writing manifest file '../build/akari_client_example/akari_client_example.egg-info/SOURCES.txt'
running build
running build_py
creating /home/akariros/Akari_ros2_humble/build/akari_client_example/build
creating /home/akariros/Akari_ros2_humble/build/akari_client_example/build/lib
creating /home/akariros/Akari_ros2_humble/build/akari_client_example/build/lib/akari_client_example
copying akari_client_example/reset_allout.py -> /home/akariros/Akari_ros2_humble/build/akari_client_example/build/lib/akari_client_example
copying akari_client_example/__init__.py -> /home/akariros/Akari_ros2_humble/build/akari_client_example/build/lib/akari_client_example
copying akari_client_example/m5stack_publisher.py -> /home/akariros/Akari_ros2_humble/build/akari_client_example/build/lib/akari_client_example
copying akari_client_example/set_allout.py -> /home/akariros/Akari_ros2_humble/build/akari_client_example/build/lib/akari_client_example
copying akari_client_example/display_reset.py -> /home/akariros/Akari_ros2_humble/build/akari_client_example/build/lib/akari_client_example
copying akari_client_example/display_image.py -> /home/akariros/Akari_ros2_humble/build/akari_client_example/build/lib/akari_client_example
copying akari_client_example/display_text.py -> /home/akariros/Akari_ros2_humble/build/akari_client_example/build/lib/akari_client_example
copying akari_client_example/servo_set.py -> /home/akariros/Akari_ros2_humble/build/akari_client_example/build/lib/akari_client_example
copying akari_client_example/move_joints_action_client.py -> /home/akariros/Akari_ros2_humble/build/akari_client_example/build/lib/akari_client_example
copying akari_client_example/set_pwmout.py -> /home/akariros/Akari_ros2_humble/build/akari_client_example/build/lib/akari_client_example
copying akari_client_example/servo_setting.py -> /home/akariros/Akari_ros2_humble/build/akari_client_example/build/lib/akari_client_example
copying akari_client_example/display_color.py -> /home/akariros/Akari_ros2_humble/build/akari_client_example/build/lib/akari_client_example
copying akari_client_example/set_dout.py -> /home/akariros/Akari_ros2_humble/build/akari_client_example/build/lib/akari_client_example
running install
running install_lib
creating /home/akariros/Akari_ros2_humble/install/akari_client_example/lib/python3.10/site-packages/akari_client_example
copying /home/akariros/Akari_ros2_humble/build/akari_client_example/build/lib/akari_client_example/reset_allout.py -> /home/akariros/Akari_ros2_humble/install/akari_client_example/lib/python3.10/site-packages/akari_client_example
copying /home/akariros/Akari_ros2_humble/build/akari_client_example/build/lib/akari_client_example/__init__.py -> /home/akariros/Akari_ros2_humble/install/akari_client_example/lib/python3.10/site-packages/akari_client_example
copying /home/akariros/Akari_ros2_humble/build/akari_client_example/build/lib/akari_client_example/m5stack_publisher.py -> /home/akariros/Akari_ros2_humble/install/akari_client_example/lib/python3.10/site-packages/akari_client_example
copying /home/akariros/Akari_ros2_humble/build/akari_client_example/build/lib/akari_client_example/set_allout.py -> /home/akariros/Akari_ros2_humble/install/akari_client_example/lib/python3.10/site-packages/akari_client_example
copying /home/akariros/Akari_ros2_humble/build/akari_client_example/build/lib/akari_client_example/display_reset.py -> /home/akariros/Akari_ros2_humble/install/akari_client_example/lib/python3.10/site-packages/akari_client_example
copying /home/akariros/Akari_ros2_humble/build/akari_client_example/build/lib/akari_client_example/display_image.py -> /home/akariros/Akari_ros2_humble/install/akari_client_example/lib/python3.10/site-packages/akari_client_example
copying /home/akariros/Akari_ros2_humble/build/akari_client_example/build/lib/akari_client_example/display_text.py -> /home/akariros/Akari_ros2_humble/install/akari_client_example/lib/python3.10/site-packages/akari_client_example
copying /home/akariros/Akari_ros2_humble/build/akari_client_example/build/lib/akari_client_example/servo_set.py -> /home/akariros/Akari_ros2_humble/install/akari_client_example/lib/python3.10/site-packages/akari_client_example
copying /home/akariros/Akari_ros2_humble/build/akari_client_example/build/lib/akari_client_example/move_joints_action_client.py -> /home/akariros/Akari_ros2_humble/install/akari_client_example/lib/python3.10/site-packages/akari_client_example
copying /home/akariros/Akari_ros2_humble/build/akari_client_example/build/lib/akari_client_example/set_pwmout.py -> /home/akariros/Akari_ros2_humble/install/akari_client_example/lib/python3.10/site-packages/akari_client_example
copying /home/akariros/Akari_ros2_humble/build/akari_client_example/build/lib/akari_client_example/servo_setting.py -> /home/akariros/Akari_ros2_humble/install/akari_client_example/lib/python3.10/site-packages/akari_client_example
copying /home/akariros/Akari_ros2_humble/build/akari_client_example/build/lib/akari_client_example/display_color.py -> /home/akariros/Akari_ros2_humble/install/akari_client_example/lib/python3.10/site-packages/akari_client_example
copying /home/akariros/Akari_ros2_humble/build/akari_client_example/build/lib/akari_client_example/set_dout.py -> /home/akariros/Akari_ros2_humble/install/akari_client_example/lib/python3.10/site-packages/akari_client_example
byte-compiling /home/akariros/Akari_ros2_humble/install/akari_client_example/lib/python3.10/site-packages/akari_client_example/reset_allout.py to reset_allout.cpython-310.pyc
byte-compiling /home/akariros/Akari_ros2_humble/install/akari_client_example/lib/python3.10/site-packages/akari_client_example/__init__.py to __init__.cpython-310.pyc
byte-compiling /home/akariros/Akari_ros2_humble/install/akari_client_example/lib/python3.10/site-packages/akari_client_example/m5stack_publisher.py to m5stack_publisher.cpython-310.pyc
byte-compiling /home/akariros/Akari_ros2_humble/install/akari_client_example/lib/python3.10/site-packages/akari_client_example/set_allout.py to set_allout.cpython-310.pyc
byte-compiling /home/akariros/Akari_ros2_humble/install/akari_client_example/lib/python3.10/site-packages/akari_client_example/display_reset.py to display_reset.cpython-310.pyc
byte-compiling /home/akariros/Akari_ros2_humble/install/akari_client_example/lib/python3.10/site-packages/akari_client_example/display_image.py to display_image.cpython-310.pyc
byte-compiling /home/akariros/Akari_ros2_humble/install/akari_client_example/lib/python3.10/site-packages/akari_client_example/display_text.py to display_text.cpython-310.pyc
byte-compiling /home/akariros/Akari_ros2_humble/install/akari_client_example/lib/python3.10/site-packages/akari_client_example/servo_set.py to servo_set.cpython-310.pyc
byte-compiling /home/akariros/Akari_ros2_humble/install/akari_client_example/lib/python3.10/site-packages/akari_client_example/move_joints_action_client.py to move_joints_action_client.cpython-310.pyc
byte-compiling /home/akariros/Akari_ros2_humble/install/akari_client_example/lib/python3.10/site-packages/akari_client_example/set_pwmout.py to set_pwmout.cpython-310.pyc
byte-compiling /home/akariros/Akari_ros2_humble/install/akari_client_example/lib/python3.10/site-packages/akari_client_example/servo_setting.py to servo_setting.cpython-310.pyc
byte-compiling /home/akariros/Akari_ros2_humble/install/akari_client_example/lib/python3.10/site-packages/akari_client_example/display_color.py to display_color.cpython-310.pyc
byte-compiling /home/akariros/Akari_ros2_humble/install/akari_client_example/lib/python3.10/site-packages/akari_client_example/set_dout.py to set_dout.cpython-310.pyc
running install_data
creating /home/akariros/Akari_ros2_humble/install/akari_client_example/share/ament_index
creating /home/akariros/Akari_ros2_humble/install/akari_client_example/share/ament_index/resource_index
creating /home/akariros/Akari_ros2_humble/install/akari_client_example/share/ament_index/resource_index/packages
copying resource/akari_client_example -> /home/akariros/Akari_ros2_humble/install/akari_client_example/share/ament_index/resource_index/packages
copying package.xml -> /home/akariros/Akari_ros2_humble/install/akari_client_example/share/akari_client_example
creating /home/akariros/Akari_ros2_humble/install/akari_client_example/share/akari_client_example/launch
running install_egg_info
Copying ../build/akari_client_example/akari_client_example.egg-info to /home/akariros/Akari_ros2_humble/install/akari_client_example/lib/python3.10/site-packages/akari_client_example-0.0.0-py3.10.egg-info
running install_scripts
Installing display_color script to /home/akariros/Akari_ros2_humble/install/akari_client_example/lib/akari_client_example
Installing display_image script to /home/akariros/Akari_ros2_humble/install/akari_client_example/lib/akari_client_example
Installing display_reset script to /home/akariros/Akari_ros2_humble/install/akari_client_example/lib/akari_client_example
Installing display_text script to /home/akariros/Akari_ros2_humble/install/akari_client_example/lib/akari_client_example
Installing m5publisher script to /home/akariros/Akari_ros2_humble/install/akari_client_example/lib/akari_client_example
Installing move_joints_action_client script to /home/akariros/Akari_ros2_humble/install/akari_client_example/lib/akari_client_example
Installing reset_allout script to /home/akariros/Akari_ros2_humble/install/akari_client_example/lib/akari_client_example
Installing servo_set script to /home/akariros/Akari_ros2_humble/install/akari_client_example/lib/akari_client_example
Installing set_allout script to /home/akariros/Akari_ros2_humble/install/akari_client_example/lib/akari_client_example
Installing set_dout script to /home/akariros/Akari_ros2_humble/install/akari_client_example/lib/akari_client_example
Installing set_pwmout script to /home/akariros/Akari_ros2_humble/install/akari_client_example/lib/akari_client_example
writing list of installed files to '/home/akariros/Akari_ros2_humble/build/akari_client_example/install.log'
