[2.400s] Invoking command in '/home/akariros/Akari_ros2_humble/akari_client_example': PYTHONPATH=/home/akariros/Akari_ros2_humble/build/akari_client_example/prefix_override:/home/akariros/Akari_ros2_humble/install/akari_client_example/lib/python3.10/site-packages:${PYTHONPATH} /usr/bin/python3 setup.py egg_info --egg-base ../build/akari_client_example build --build-base /home/akariros/Akari_ros2_humble/build/akari_client_example/build install --record /home/akariros/Akari_ros2_humble/build/akari_client_example/install.log --single-version-externally-managed
[3.022s] running egg_info
[3.024s] creating ../build/akari_client_example/akari_client_example.egg-info
[3.025s] writing ../build/akari_client_example/akari_client_example.egg-info/PKG-INFO
[3.025s] writing dependency_links to ../build/akari_client_example/akari_client_example.egg-info/dependency_links.txt
[3.026s] writing entry points to ../build/akari_client_example/akari_client_example.egg-info/entry_points.txt
[3.027s] writing requirements to ../build/akari_client_example/akari_client_example.egg-info/requires.txt
[3.027s] writing top-level names to ../build/akari_client_example/akari_client_example.egg-info/top_level.txt
[3.028s] writing manifest file '../build/akari_client_example/akari_client_example.egg-info/SOURCES.txt'
[3.030s] reading manifest file '../build/akari_client_example/akari_client_example.egg-info/SOURCES.txt'
[3.031s] writing manifest file '../build/akari_client_example/akari_client_example.egg-info/SOURCES.txt'
[3.033s] running build
[3.034s] running build_py
[3.034s] creating /home/akariros/Akari_ros2_humble/build/akari_client_example/build
[3.041s] creating /home/akariros/Akari_ros2_humble/build/akari_client_example/build/lib
[3.047s] creating /home/akariros/Akari_ros2_humble/build/akari_client_example/build/lib/akari_client_example
[3.048s] copying akari_client_example/reset_allout.py -> /home/akariros/Akari_ros2_humble/build/akari_client_example/build/lib/akari_client_example
[3.048s] copying akari_client_example/__init__.py -> /home/akariros/Akari_ros2_humble/build/akari_client_example/build/lib/akari_client_example
[3.048s] copying akari_client_example/m5stack_publisher.py -> /home/akariros/Akari_ros2_humble/build/akari_client_example/build/lib/akari_client_example
[3.048s] copying akari_client_example/set_allout.py -> /home/akariros/Akari_ros2_humble/build/akari_client_example/build/lib/akari_client_example
[3.049s] copying akari_client_example/display_reset.py -> /home/akariros/Akari_ros2_humble/build/akari_client_example/build/lib/akari_client_example
[3.049s] copying akari_client_example/display_image.py -> /home/akariros/Akari_ros2_humble/build/akari_client_example/build/lib/akari_client_example
[3.050s] copying akari_client_example/display_text.py -> /home/akariros/Akari_ros2_humble/build/akari_client_example/build/lib/akari_client_example
[3.052s] copying akari_client_example/servo_set.py -> /home/akariros/Akari_ros2_humble/build/akari_client_example/build/lib/akari_client_example
[3.052s] copying akari_client_example/move_joints_action_client.py -> /home/akariros/Akari_ros2_humble/build/akari_client_example/build/lib/akari_client_example
[3.054s] copying akari_client_example/set_pwmout.py -> /home/akariros/Akari_ros2_humble/build/akari_client_example/build/lib/akari_client_example
[3.054s] copying akari_client_example/servo_setting.py -> /home/akariros/Akari_ros2_humble/build/akari_client_example/build/lib/akari_client_example
[3.055s] /usr/lib/python3/dist-packages/setuptools/command/install.py:34: SetuptoolsDeprecationWarning: setup.py install is deprecated. Use build and pip and other standards-based tools.
[3.055s]   warnings.warn(
[3.055s] copying akari_client_example/display_color.py -> /home/akariros/Akari_ros2_humble/build/akari_client_example/build/lib/akari_client_example
[3.055s] copying akari_client_example/set_dout.py -> /home/akariros/Akari_ros2_humble/build/akari_client_example/build/lib/akari_client_example
[3.055s] running install
[3.056s] running install_lib
[3.056s] creating /home/akariros/Akari_ros2_humble/install/akari_client_example/lib/python3.10/site-packages/akari_client_example
[3.056s] copying /home/akariros/Akari_ros2_humble/build/akari_client_example/build/lib/akari_client_example/reset_allout.py -> /home/akariros/Akari_ros2_humble/install/akari_client_example/lib/python3.10/site-packages/akari_client_example
[3.056s] copying /home/akariros/Akari_ros2_humble/build/akari_client_example/build/lib/akari_client_example/__init__.py -> /home/akariros/Akari_ros2_humble/install/akari_client_example/lib/python3.10/site-packages/akari_client_example
[3.056s] copying /home/akariros/Akari_ros2_humble/build/akari_client_example/build/lib/akari_client_example/m5stack_publisher.py -> /home/akariros/Akari_ros2_humble/install/akari_client_example/lib/python3.10/site-packages/akari_client_example
[3.057s] copying /home/akariros/Akari_ros2_humble/build/akari_client_example/build/lib/akari_client_example/set_allout.py -> /home/akariros/Akari_ros2_humble/install/akari_client_example/lib/python3.10/site-packages/akari_client_example
[3.057s] copying /home/akariros/Akari_ros2_humble/build/akari_client_example/build/lib/akari_client_example/display_reset.py -> /home/akariros/Akari_ros2_humble/install/akari_client_example/lib/python3.10/site-packages/akari_client_example
[3.058s] copying /home/akariros/Akari_ros2_humble/build/akari_client_example/build/lib/akari_client_example/display_image.py -> /home/akariros/Akari_ros2_humble/install/akari_client_example/lib/python3.10/site-packages/akari_client_example
[3.058s] copying /home/akariros/Akari_ros2_humble/build/akari_client_example/build/lib/akari_client_example/display_text.py -> /home/akariros/Akari_ros2_humble/install/akari_client_example/lib/python3.10/site-packages/akari_client_example
[3.058s] copying /home/akariros/Akari_ros2_humble/build/akari_client_example/build/lib/akari_client_example/servo_set.py -> /home/akariros/Akari_ros2_humble/install/akari_client_example/lib/python3.10/site-packages/akari_client_example
[3.058s] copying /home/akariros/Akari_ros2_humble/build/akari_client_example/build/lib/akari_client_example/move_joints_action_client.py -> /home/akariros/Akari_ros2_humble/install/akari_client_example/lib/python3.10/site-packages/akari_client_example
[3.059s] copying /home/akariros/Akari_ros2_humble/build/akari_client_example/build/lib/akari_client_example/set_pwmout.py -> /home/akariros/Akari_ros2_humble/install/akari_client_example/lib/python3.10/site-packages/akari_client_example
[3.059s] copying /home/akariros/Akari_ros2_humble/build/akari_client_example/build/lib/akari_client_example/servo_setting.py -> /home/akariros/Akari_ros2_humble/install/akari_client_example/lib/python3.10/site-packages/akari_client_example
[3.059s] copying /home/akariros/Akari_ros2_humble/build/akari_client_example/build/lib/akari_client_example/display_color.py -> /home/akariros/Akari_ros2_humble/install/akari_client_example/lib/python3.10/site-packages/akari_client_example
[3.059s] copying /home/akariros/Akari_ros2_humble/build/akari_client_example/build/lib/akari_client_example/set_dout.py -> /home/akariros/Akari_ros2_humble/install/akari_client_example/lib/python3.10/site-packages/akari_client_example
[3.059s] byte-compiling /home/akariros/Akari_ros2_humble/install/akari_client_example/lib/python3.10/site-packages/akari_client_example/reset_allout.py to reset_allout.cpython-310.pyc
[3.060s] byte-compiling /home/akariros/Akari_ros2_humble/install/akari_client_example/lib/python3.10/site-packages/akari_client_example/__init__.py to __init__.cpython-310.pyc
[3.060s] byte-compiling /home/akariros/Akari_ros2_humble/install/akari_client_example/lib/python3.10/site-packages/akari_client_example/m5stack_publisher.py to m5stack_publisher.cpython-310.pyc
[3.060s] byte-compiling /home/akariros/Akari_ros2_humble/install/akari_client_example/lib/python3.10/site-packages/akari_client_example/set_allout.py to set_allout.cpython-310.pyc
[3.060s] byte-compiling /home/akariros/Akari_ros2_humble/install/akari_client_example/lib/python3.10/site-packages/akari_client_example/display_reset.py to display_reset.cpython-310.pyc
[3.060s] byte-compiling /home/akariros/Akari_ros2_humble/install/akari_client_example/lib/python3.10/site-packages/akari_client_example/display_image.py to display_image.cpython-310.pyc
[3.061s] byte-compiling /home/akariros/Akari_ros2_humble/install/akari_client_example/lib/python3.10/site-packages/akari_client_example/display_text.py to display_text.cpython-310.pyc
[3.061s] byte-compiling /home/akariros/Akari_ros2_humble/install/akari_client_example/lib/python3.10/site-packages/akari_client_example/servo_set.py to servo_set.cpython-310.pyc
[3.061s] byte-compiling /home/akariros/Akari_ros2_humble/install/akari_client_example/lib/python3.10/site-packages/akari_client_example/move_joints_action_client.py to move_joints_action_client.cpython-310.pyc
[3.062s] byte-compiling /home/akariros/Akari_ros2_humble/install/akari_client_example/lib/python3.10/site-packages/akari_client_example/set_pwmout.py to set_pwmout.cpython-310.pyc
[3.063s] byte-compiling /home/akariros/Akari_ros2_humble/install/akari_client_example/lib/python3.10/site-packages/akari_client_example/servo_setting.py to servo_setting.cpython-310.pyc
[3.064s] byte-compiling /home/akariros/Akari_ros2_humble/install/akari_client_example/lib/python3.10/site-packages/akari_client_example/display_color.py to display_color.cpython-310.pyc
[3.065s] byte-compiling /home/akariros/Akari_ros2_humble/install/akari_client_example/lib/python3.10/site-packages/akari_client_example/set_dout.py to set_dout.cpython-310.pyc
[3.067s] running install_data
[3.068s] creating /home/akariros/Akari_ros2_humble/install/akari_client_example/share/ament_index
[3.068s] creating /home/akariros/Akari_ros2_humble/install/akari_client_example/share/ament_index/resource_index
[3.069s] creating /home/akariros/Akari_ros2_humble/install/akari_client_example/share/ament_index/resource_index/packages
[3.069s] copying resource/akari_client_example -> /home/akariros/Akari_ros2_humble/install/akari_client_example/share/ament_index/resource_index/packages
[3.069s] copying package.xml -> /home/akariros/Akari_ros2_humble/install/akari_client_example/share/akari_client_example
[3.069s] creating /home/akariros/Akari_ros2_humble/install/akari_client_example/share/akari_client_example/launch
[3.069s] running install_egg_info
[3.072s] Copying ../build/akari_client_example/akari_client_example.egg-info to /home/akariros/Akari_ros2_humble/install/akari_client_example/lib/python3.10/site-packages/akari_client_example-0.0.0-py3.10.egg-info
[3.074s] running install_scripts
[3.126s] Installing display_color script to /home/akariros/Akari_ros2_humble/install/akari_client_example/lib/akari_client_example
[3.126s] Installing display_image script to /home/akariros/Akari_ros2_humble/install/akari_client_example/lib/akari_client_example
[3.126s] Installing display_reset script to /home/akariros/Akari_ros2_humble/install/akari_client_example/lib/akari_client_example
[3.126s] Installing display_text script to /home/akariros/Akari_ros2_humble/install/akari_client_example/lib/akari_client_example
[3.127s] Installing m5publisher script to /home/akariros/Akari_ros2_humble/install/akari_client_example/lib/akari_client_example
[3.127s] Installing move_joints_action_client script to /home/akariros/Akari_ros2_humble/install/akari_client_example/lib/akari_client_example
[3.127s] Installing reset_allout script to /home/akariros/Akari_ros2_humble/install/akari_client_example/lib/akari_client_example
[3.127s] Installing servo_set script to /home/akariros/Akari_ros2_humble/install/akari_client_example/lib/akari_client_example
[3.127s] Installing set_allout script to /home/akariros/Akari_ros2_humble/install/akari_client_example/lib/akari_client_example
[3.128s] Installing set_dout script to /home/akariros/Akari_ros2_humble/install/akari_client_example/lib/akari_client_example
[3.128s] Installing set_pwmout script to /home/akariros/Akari_ros2_humble/install/akari_client_example/lib/akari_client_example
[3.129s] writing list of installed files to '/home/akariros/Akari_ros2_humble/build/akari_client_example/install.log'
[3.277s] Invoked command in '/home/akariros/Akari_ros2_humble/akari_client_example' returned '0': PYTHONPATH=/home/akariros/Akari_ros2_humble/build/akari_client_example/prefix_override:/home/akariros/Akari_ros2_humble/install/akari_client_example/lib/python3.10/site-packages:${PYTHONPATH} /usr/bin/python3 setup.py egg_info --egg-base ../build/akari_client_example build --build-base /home/akariros/Akari_ros2_humble/build/akari_client_example/build install --record /home/akariros/Akari_ros2_humble/build/akari_client_example/install.log --single-version-externally-managed
