[3.712s] Invoking command in '/home/akariros/Akari_ros2_humble/akari_client_example': PYTHONPATH=/home/akariros/Akari_ros2_humble/build/akari_client_example/prefix_override:/home/akariros/Akari_ros2_humble/install/akari_client_example/lib/python3.10/site-packages:${PYTHONPATH} /usr/bin/python3 setup.py egg_info --egg-base ../build/akari_client_example build --build-base /home/akariros/Akari_ros2_humble/build/akari_client_example/build install --record /home/akariros/Akari_ros2_humble/build/akari_client_example/install.log --single-version-externally-managed
[4.708s] running egg_info
[4.711s] writing ../build/akari_client_example/akari_client_example.egg-info/PKG-INFO
[4.712s] writing dependency_links to ../build/akari_client_example/akari_client_example.egg-info/dependency_links.txt
[4.713s] writing entry points to ../build/akari_client_example/akari_client_example.egg-info/entry_points.txt
[4.714s] writing requirements to ../build/akari_client_example/akari_client_example.egg-info/requires.txt
[4.715s] writing top-level names to ../build/akari_client_example/akari_client_example.egg-info/top_level.txt
[4.737s] reading manifest file '../build/akari_client_example/akari_client_example.egg-info/SOURCES.txt'
[4.739s] writing manifest file '../build/akari_client_example/akari_client_example.egg-info/SOURCES.txt'
[4.739s] running build
[4.739s] running build_py
[4.739s] copying akari_client_example/servo_acc_set_client.py -> /home/akariros/Akari_ros2_humble/build/akari_client_example/build/lib/akari_client_example
[4.739s] copying akari_client_example/servo_enable_set_client.py -> /home/akariros/Akari_ros2_humble/build/akari_client_example/build/lib/akari_client_example
[4.740s] copying akari_client_example/servo_vel_set_client.py -> /home/akariros/Akari_ros2_humble/build/akari_client_example/build/lib/akari_client_example
[4.740s] running install
[4.746s] running install_lib
[4.746s] /usr/lib/python3/dist-packages/setuptools/command/install.py:34: SetuptoolsDeprecationWarning: setup.py install is deprecated. Use build and pip and other standards-based tools.
[4.746s]   warnings.warn(
[4.746s] copying /home/akariros/Akari_ros2_humble/build/akari_client_example/build/lib/akari_client_example/servo_acc_set_client.py -> /home/akariros/Akari_ros2_humble/install/akari_client_example/lib/python3.10/site-packages/akari_client_example
[4.749s] copying /home/akariros/Akari_ros2_humble/build/akari_client_example/build/lib/akari_client_example/servo_enable_set_client.py -> /home/akariros/Akari_ros2_humble/install/akari_client_example/lib/python3.10/site-packages/akari_client_example
[4.749s] copying /home/akariros/Akari_ros2_humble/build/akari_client_example/build/lib/akari_client_example/servo_vel_set_client.py -> /home/akariros/Akari_ros2_humble/install/akari_client_example/lib/python3.10/site-packages/akari_client_example
[4.750s] byte-compiling /home/akariros/Akari_ros2_humble/install/akari_client_example/lib/python3.10/site-packages/akari_client_example/servo_acc_set_client.py to servo_acc_set_client.cpython-310.pyc
[4.750s] byte-compiling /home/akariros/Akari_ros2_humble/install/akari_client_example/lib/python3.10/site-packages/akari_client_example/servo_enable_set_client.py to servo_enable_set_client.cpython-310.pyc
[4.750s] byte-compiling /home/akariros/Akari_ros2_humble/install/akari_client_example/lib/python3.10/site-packages/akari_client_example/servo_vel_set_client.py to servo_vel_set_client.cpython-310.pyc
[4.750s] running install_data
[4.750s] running install_egg_info
[4.752s] removing '/home/akariros/Akari_ros2_humble/install/akari_client_example/lib/python3.10/site-packages/akari_client_example-0.0.0-py3.10.egg-info' (and everything under it)
[4.753s] Copying ../build/akari_client_example/akari_client_example.egg-info to /home/akariros/Akari_ros2_humble/install/akari_client_example/lib/python3.10/site-packages/akari_client_example-0.0.0-py3.10.egg-info
[4.756s] running install_scripts
[4.823s] Installing display_color script to /home/akariros/Akari_ros2_humble/install/akari_client_example/lib/akari_client_example
[4.824s] Installing display_image script to /home/akariros/Akari_ros2_humble/install/akari_client_example/lib/akari_client_example
[4.824s] Installing display_reset script to /home/akariros/Akari_ros2_humble/install/akari_client_example/lib/akari_client_example
[4.824s] Installing display_text script to /home/akariros/Akari_ros2_humble/install/akari_client_example/lib/akari_client_example
[4.824s] Installing m5publisher script to /home/akariros/Akari_ros2_humble/install/akari_client_example/lib/akari_client_example
[4.824s] Installing move_joints_action_client script to /home/akariros/Akari_ros2_humble/install/akari_client_example/lib/akari_client_example
[4.826s] Installing reset_allout script to /home/akariros/Akari_ros2_humble/install/akari_client_example/lib/akari_client_example
[4.826s] Installing servo_acc_set_client script to /home/akariros/Akari_ros2_humble/install/akari_client_example/lib/akari_client_example
[4.826s] Installing servo_enable_set_client script to /home/akariros/Akari_ros2_humble/install/akari_client_example/lib/akari_client_example
[4.827s] Installing servo_vel_set_client script to /home/akariros/Akari_ros2_humble/install/akari_client_example/lib/akari_client_example
[4.827s] Installing set_allout script to /home/akariros/Akari_ros2_humble/install/akari_client_example/lib/akari_client_example
[4.828s] Installing set_dout script to /home/akariros/Akari_ros2_humble/install/akari_client_example/lib/akari_client_example
[4.828s] Installing set_pwmout script to /home/akariros/Akari_ros2_humble/install/akari_client_example/lib/akari_client_example
[4.829s] writing list of installed files to '/home/akariros/Akari_ros2_humble/build/akari_client_example/install.log'
[5.664s] Invoked command in '/home/akariros/Akari_ros2_humble/akari_client_example' returned '0': PYTHONPATH=/home/akariros/Akari_ros2_humble/build/akari_client_example/prefix_override:/home/akariros/Akari_ros2_humble/install/akari_client_example/lib/python3.10/site-packages:${PYTHONPATH} /usr/bin/python3 setup.py egg_info --egg-base ../build/akari_client_example build --build-base /home/akariros/Akari_ros2_humble/build/akari_client_example/build install --record /home/akariros/Akari_ros2_humble/build/akari_client_example/install.log --single-version-externally-managed
