[4.294s] Invoking command in '/home/akariros/Akari_ros2_humble/servo_server': PYTHONPATH=/home/akariros/Akari_ros2_humble/build/servo_server/prefix_override:/home/akariros/Akari_ros2_humble/install/servo_server/lib/python3.10/site-packages:${PYTHONPATH} /usr/bin/python3 setup.py egg_info --egg-base ../build/servo_server build --build-base /home/akariros/Akari_ros2_humble/build/servo_server/build install --record /home/akariros/Akari_ros2_humble/build/servo_server/install.log --single-version-externally-managed
[5.236s] running egg_info
[5.238s] writing ../build/servo_server/servo_server.egg-info/PKG-INFO
[5.239s] writing dependency_links to ../build/servo_server/servo_server.egg-info/dependency_links.txt
[5.240s] writing entry points to ../build/servo_server/servo_server.egg-info/entry_points.txt
[5.241s] writing requirements to ../build/servo_server/servo_server.egg-info/requires.txt
[5.242s] writing top-level names to ../build/servo_server/servo_server.egg-info/top_level.txt
[5.247s] reading manifest file '../build/servo_server/servo_server.egg-info/SOURCES.txt'
[5.250s] writing manifest file '../build/servo_server/servo_server.egg-info/SOURCES.txt'
[5.251s] running build
[5.252s] running build_py
[5.252s] running install
[5.253s] /usr/lib/python3/dist-packages/setuptools/command/install.py:34: SetuptoolsDeprecationWarning: setup.py install is deprecated. Use build and pip and other standards-based tools.
[5.253s]   warnings.warn(
[5.253s] running install_lib
[5.257s] running install_data
[5.259s] running install_egg_info
[5.264s] removing '/home/akariros/Akari_ros2_humble/install/servo_server/lib/python3.10/site-packages/servo_server-0.0.0-py3.10.egg-info' (and everything under it)
[5.265s] Copying ../build/servo_server/servo_server.egg-info to /home/akariros/Akari_ros2_humble/install/servo_server/lib/python3.10/site-packages/servo_server-0.0.0-py3.10.egg-info
[5.266s] running install_scripts
[5.329s] Installing servo_server script to /home/akariros/Akari_ros2_humble/install/servo_server/lib/servo_server
[5.330s] writing list of installed files to '/home/akariros/Akari_ros2_humble/build/servo_server/install.log'
[5.413s] Invoked command in '/home/akariros/Akari_ros2_humble/servo_server' returned '0': PYTHONPATH=/home/akariros/Akari_ros2_humble/build/servo_server/prefix_override:/home/akariros/Akari_ros2_humble/install/servo_server/lib/python3.10/site-packages:${PYTHONPATH} /usr/bin/python3 setup.py egg_info --egg-base ../build/servo_server build --build-base /home/akariros/Akari_ros2_humble/build/servo_server/build install --record /home/akariros/Akari_ros2_humble/build/servo_server/install.log --single-version-externally-managed
