[2.239s] Invoking command in '/home/akariros/Akari_ros2_humble/servo_server': PYTHONPATH=/home/akariros/Akari_ros2_humble/build/servo_server/prefix_override:/home/akariros/Akari_ros2_humble/install/servo_server/lib/python3.10/site-packages:${PYTHONPATH} /usr/bin/python3 setup.py egg_info --egg-base ../build/servo_server build --build-base /home/akariros/Akari_ros2_humble/build/servo_server/build install --record /home/akariros/Akari_ros2_humble/build/servo_server/install.log --single-version-externally-managed
[2.768s] running egg_info
[2.769s] writing ../build/servo_server/servo_server.egg-info/PKG-INFO
[2.770s] writing dependency_links to ../build/servo_server/servo_server.egg-info/dependency_links.txt
[2.770s] writing entry points to ../build/servo_server/servo_server.egg-info/entry_points.txt
[2.770s] writing requirements to ../build/servo_server/servo_server.egg-info/requires.txt
[2.770s] writing top-level names to ../build/servo_server/servo_server.egg-info/top_level.txt
[2.773s] reading manifest file '../build/servo_server/servo_server.egg-info/SOURCES.txt'
[2.775s] writing manifest file '../build/servo_server/servo_server.egg-info/SOURCES.txt'
[2.775s] running build
[2.775s] running build_py
[2.775s] running install
[2.775s] /usr/lib/python3/dist-packages/setuptools/command/install.py:34: SetuptoolsDeprecationWarning: setup.py install is deprecated. Use build and pip and other standards-based tools.
[2.776s]   warnings.warn(
[2.776s] running install_lib
[2.778s] running install_data
[2.779s] running install_egg_info
[2.782s] removing '/home/akariros/Akari_ros2_humble/install/servo_server/lib/python3.10/site-packages/servo_server-0.0.0-py3.10.egg-info' (and everything under it)
[2.783s] Copying ../build/servo_server/servo_server.egg-info to /home/akariros/Akari_ros2_humble/install/servo_server/lib/python3.10/site-packages/servo_server-0.0.0-py3.10.egg-info
[2.785s] running install_scripts
[2.825s] Installing servo_server script to /home/akariros/Akari_ros2_humble/install/servo_server/lib/servo_server
[2.826s] writing list of installed files to '/home/akariros/Akari_ros2_humble/build/servo_server/install.log'
[2.874s] Invoked command in '/home/akariros/Akari_ros2_humble/servo_server' returned '0': PYTHONPATH=/home/akariros/Akari_ros2_humble/build/servo_server/prefix_override:/home/akariros/Akari_ros2_humble/install/servo_server/lib/python3.10/site-packages:${PYTHONPATH} /usr/bin/python3 setup.py egg_info --egg-base ../build/servo_server build --build-base /home/akariros/Akari_ros2_humble/build/servo_server/build install --record /home/akariros/Akari_ros2_humble/build/servo_server/install.log --single-version-externally-managed
