running egg_info
creating ../build/m5displayserver/m5displayserver.egg-info
writing ../build/m5displayserver/m5displayserver.egg-info/PKG-INFO
writing dependency_links to ../build/m5displayserver/m5displayserver.egg-info/dependency_links.txt
writing entry points to ../build/m5displayserver/m5displayserver.egg-info/entry_points.txt
writing requirements to ../build/m5displayserver/m5displayserver.egg-info/requires.txt
writing top-level names to ../build/m5displayserver/m5displayserver.egg-info/top_level.txt
writing manifest file '../build/m5displayserver/m5displayserver.egg-info/SOURCES.txt'
reading manifest file '../build/m5displayserver/m5displayserver.egg-info/SOURCES.txt'
writing manifest file '../build/m5displayserver/m5displayserver.egg-info/SOURCES.txt'
running build
running build_py
creating /home/akariros/Akari_ros2_humble/build/m5displayserver/build
creating /home/akariros/Akari_ros2_humble/build/m5displayserver/build/lib
creating /home/akariros/Akari_ros2_humble/build/m5displayserver/build/lib/m5displayserver
copying m5displayserver/__init__.py -> /home/akariros/Akari_ros2_humble/build/m5displayserver/build/lib/m5displayserver
copying m5displayserver/py_displayserver.py -> /home/akariros/Akari_ros2_humble/build/m5displayserver/build/lib/m5displayserver
running install
running install_lib
creating /home/akariros/Akari_ros2_humble/install/m5displayserver/lib/python3.10/site-packages/m5displayserver
copying /home/akariros/Akari_ros2_humble/build/m5displayserver/build/lib/m5displayserver/__init__.py -> /home/akariros/Akari_ros2_humble/install/m5displayserver/lib/python3.10/site-packages/m5displayserver
copying /home/akariros/Akari_ros2_humble/build/m5displayserver/build/lib/m5displayserver/py_displayserver.py -> /home/akariros/Akari_ros2_humble/install/m5displayserver/lib/python3.10/site-packages/m5displayserver
byte-compiling /home/akariros/Akari_ros2_humble/install/m5displayserver/lib/python3.10/site-packages/m5displayserver/__init__.py to __init__.cpython-310.pyc
byte-compiling /home/akariros/Akari_ros2_humble/install/m5displayserver/lib/python3.10/site-packages/m5displayserver/py_displayserver.py to py_displayserver.cpython-310.pyc
running install_data
creating /home/akariros/Akari_ros2_humble/install/m5displayserver/share/ament_index
creating /home/akariros/Akari_ros2_humble/install/m5displayserver/share/ament_index/resource_index
creating /home/akariros/Akari_ros2_humble/install/m5displayserver/share/ament_index/resource_index/packages
copying resource/m5displayserver -> /home/akariros/Akari_ros2_humble/install/m5displayserver/share/ament_index/resource_index/packages
copying package.xml -> /home/akariros/Akari_ros2_humble/install/m5displayserver/share/m5displayserver
running install_egg_info
Copying ../build/m5displayserver/m5displayserver.egg-info to /home/akariros/Akari_ros2_humble/install/m5displayserver/lib/python3.10/site-packages/m5displayserver-0.0.0-py3.10.egg-info
running install_scripts
Installing m5displayserver script to /home/akariros/Akari_ros2_humble/install/m5displayserver/lib/m5displayserver
writing list of installed files to '/home/akariros/Akari_ros2_humble/build/m5displayserver/install.log'
