[2.324s] Invoking command in '/home/akariros/Akari_ros2_humble/m5displayserver': PYTHONPATH=/home/akariros/Akari_ros2_humble/build/m5displayserver/prefix_override:/home/akariros/Akari_ros2_humble/install/m5displayserver/lib/python3.10/site-packages:${PYTHONPATH} /usr/bin/python3 setup.py egg_info --egg-base ../build/m5displayserver build --build-base /home/akariros/Akari_ros2_humble/build/m5displayserver/build install --record /home/akariros/Akari_ros2_humble/build/m5displayserver/install.log --single-version-externally-managed
[2.941s] running egg_info
[2.942s] creating ../build/m5displayserver/m5displayserver.egg-info
[2.942s] writing ../build/m5displayserver/m5displayserver.egg-info/PKG-INFO
[2.943s] writing dependency_links to ../build/m5displayserver/m5displayserver.egg-info/dependency_links.txt
[2.943s] writing entry points to ../build/m5displayserver/m5displayserver.egg-info/entry_points.txt
[2.943s] writing requirements to ../build/m5displayserver/m5displayserver.egg-info/requires.txt
[2.943s] writing top-level names to ../build/m5displayserver/m5displayserver.egg-info/top_level.txt
[2.944s] writing manifest file '../build/m5displayserver/m5displayserver.egg-info/SOURCES.txt'
[2.948s] reading manifest file '../build/m5displayserver/m5displayserver.egg-info/SOURCES.txt'
[2.949s] writing manifest file '../build/m5displayserver/m5displayserver.egg-info/SOURCES.txt'
[2.950s] running build
[2.950s] running build_py
[2.950s] creating /home/akariros/Akari_ros2_humble/build/m5displayserver/build
[2.951s] creating /home/akariros/Akari_ros2_humble/build/m5displayserver/build/lib
[2.951s] creating /home/akariros/Akari_ros2_humble/build/m5displayserver/build/lib/m5displayserver
[2.951s] copying m5displayserver/__init__.py -> /home/akariros/Akari_ros2_humble/build/m5displayserver/build/lib/m5displayserver
[2.952s] copying m5displayserver/py_displayserver.py -> /home/akariros/Akari_ros2_humble/build/m5displayserver/build/lib/m5displayserver
[2.952s] running install
[2.974s] running install_lib
[2.974s] /usr/lib/python3/dist-packages/setuptools/command/install.py:34: SetuptoolsDeprecationWarning: setup.py install is deprecated. Use build and pip and other standards-based tools.
[2.974s]   warnings.warn(
[2.975s] creating /home/akariros/Akari_ros2_humble/install/m5displayserver/lib/python3.10/site-packages/m5displayserver
[2.976s] copying /home/akariros/Akari_ros2_humble/build/m5displayserver/build/lib/m5displayserver/__init__.py -> /home/akariros/Akari_ros2_humble/install/m5displayserver/lib/python3.10/site-packages/m5displayserver
[2.976s] copying /home/akariros/Akari_ros2_humble/build/m5displayserver/build/lib/m5displayserver/py_displayserver.py -> /home/akariros/Akari_ros2_humble/install/m5displayserver/lib/python3.10/site-packages/m5displayserver
[2.978s] byte-compiling /home/akariros/Akari_ros2_humble/install/m5displayserver/lib/python3.10/site-packages/m5displayserver/__init__.py to __init__.cpython-310.pyc
[2.979s] byte-compiling /home/akariros/Akari_ros2_humble/install/m5displayserver/lib/python3.10/site-packages/m5displayserver/py_displayserver.py to py_displayserver.cpython-310.pyc
[2.980s] running install_data
[2.981s] creating /home/akariros/Akari_ros2_humble/install/m5displayserver/share/ament_index
[2.981s] creating /home/akariros/Akari_ros2_humble/install/m5displayserver/share/ament_index/resource_index
[2.981s] creating /home/akariros/Akari_ros2_humble/install/m5displayserver/share/ament_index/resource_index/packages
[2.982s] copying resource/m5displayserver -> /home/akariros/Akari_ros2_humble/install/m5displayserver/share/ament_index/resource_index/packages
[2.982s] copying package.xml -> /home/akariros/Akari_ros2_humble/install/m5displayserver/share/m5displayserver
[2.982s] running install_egg_info
[2.992s] Copying ../build/m5displayserver/m5displayserver.egg-info to /home/akariros/Akari_ros2_humble/install/m5displayserver/lib/python3.10/site-packages/m5displayserver-0.0.0-py3.10.egg-info
[2.999s] running install_scripts
[3.034s] Installing m5displayserver script to /home/akariros/Akari_ros2_humble/install/m5displayserver/lib/m5displayserver
[3.035s] writing list of installed files to '/home/akariros/Akari_ros2_humble/build/m5displayserver/install.log'
[3.094s] Invoked command in '/home/akariros/Akari_ros2_humble/m5displayserver' returned '0': PYTHONPATH=/home/akariros/Akari_ros2_humble/build/m5displayserver/prefix_override:/home/akariros/Akari_ros2_humble/install/m5displayserver/lib/python3.10/site-packages:${PYTHONPATH} /usr/bin/python3 setup.py egg_info --egg-base ../build/m5displayserver build --build-base /home/akariros/Akari_ros2_humble/build/m5displayserver/build install --record /home/akariros/Akari_ros2_humble/build/m5displayserver/install.log --single-version-externally-managed
