[3.183s] Invoking command in '/home/akariros/Akari_ros2_humble/akari_setting_publisher': PYTHONPATH=/home/akariros/Akari_ros2_humble/build/akari_setting_publisher/prefix_override:/home/akariros/Akari_ros2_humble/install/akari_setting_publisher/lib/python3.10/site-packages:${PYTHONPATH} /usr/bin/python3 setup.py egg_info --egg-base ../build/akari_setting_publisher build --build-base /home/akariros/Akari_ros2_humble/build/akari_setting_publisher/build install --record /home/akariros/Akari_ros2_humble/build/akari_setting_publisher/install.log --single-version-externally-managed
[3.835s] running egg_info
[3.837s] writing ../build/akari_setting_publisher/akari_setting_publisher.egg-info/PKG-INFO
[3.838s] writing dependency_links to ../build/akari_setting_publisher/akari_setting_publisher.egg-info/dependency_links.txt
[3.838s] writing entry points to ../build/akari_setting_publisher/akari_setting_publisher.egg-info/entry_points.txt
[3.838s] writing requirements to ../build/akari_setting_publisher/akari_setting_publisher.egg-info/requires.txt
[3.839s] writing top-level names to ../build/akari_setting_publisher/akari_setting_publisher.egg-info/top_level.txt
[3.842s] reading manifest file '../build/akari_setting_publisher/akari_setting_publisher.egg-info/SOURCES.txt'
[3.845s] writing manifest file '../build/akari_setting_publisher/akari_setting_publisher.egg-info/SOURCES.txt'
[3.845s] running build
[3.845s] running build_py
[3.846s] running install
[3.846s] /usr/lib/python3/dist-packages/setuptools/command/install.py:34: SetuptoolsDeprecationWarning: setup.py install is deprecated. Use build and pip and other standards-based tools.
[3.846s]   warnings.warn(
[3.846s] running install_lib
[3.850s] running install_data
[3.851s] running install_egg_info
[3.855s] removing '/home/akariros/Akari_ros2_humble/install/akari_setting_publisher/lib/python3.10/site-packages/akari_setting_publisher-0.0.0-py3.10.egg-info' (and everything under it)
[3.855s] Copying ../build/akari_setting_publisher/akari_setting_publisher.egg-info to /home/akariros/Akari_ros2_humble/install/akari_setting_publisher/lib/python3.10/site-packages/akari_setting_publisher-0.0.0-py3.10.egg-info
[3.857s] running install_scripts
[3.908s] Installing setting_publisher script to /home/akariros/Akari_ros2_humble/install/akari_setting_publisher/lib/akari_setting_publisher
[3.908s] writing list of installed files to '/home/akariros/Akari_ros2_humble/build/akari_setting_publisher/install.log'
[3.963s] Invoked command in '/home/akariros/Akari_ros2_humble/akari_setting_publisher' returned '0': PYTHONPATH=/home/akariros/Akari_ros2_humble/build/akari_setting_publisher/prefix_override:/home/akariros/Akari_ros2_humble/install/akari_setting_publisher/lib/python3.10/site-packages:${PYTHONPATH} /usr/bin/python3 setup.py egg_info --egg-base ../build/akari_setting_publisher build --build-base /home/akariros/Akari_ros2_humble/build/akari_setting_publisher/build install --record /home/akariros/Akari_ros2_humble/build/akari_setting_publisher/install.log --single-version-externally-managed
