[0.065s] Invoking command in '/home/akariros/Akari_ros2_humble/build/akari_msgs': CMAKE_PREFIX_PATH=${CMAKE_PREFIX_PATH}:/home/akariros/Akari_ros2_humble/install/py_m5serial:/home/akariros/Akari_ros2_humble/install/py_akari_pubsub:/home/akariros/Akari_ros2_humble/install/m5displayserver:/opt/ros/humble /usr/bin/cmake --build /home/akariros/Akari_ros2_humble/build/akari_msgs -- -j4 -l4
[1.172s] [  1%] Built target akari_msgs__cpp
[1.173s] [ 12%] Built target akari_msgs__rosidl_generator_c
[1.173s] [ 12%] Built target ament_cmake_python_copy_akari_msgs
[1.173s] [ 24%] Built target akari_msgs__rosidl_typesupport_cpp
[1.173s] [ 35%] Built target akari_msgs__rosidl_typesupport_introspection_cpp
[1.173s] [ 47%] Built target akari_msgs__rosidl_typesupport_fastrtps_cpp
[1.174s] [ 58%] Built target akari_msgs__rosidl_typesupport_fastrtps_c
[1.174s] [ 70%] Built target akari_msgs__rosidl_typesupport_introspection_c
[1.174s] [ 82%] Built target akari_msgs__rosidl_typesupport_c
[1.174s] [ 82%] Built target akari_msgs
[1.174s] [ 83%] Built target akari_msgs__py
[1.174s] [ 93%] Built target akari_msgs__rosidl_generator_py
[1.174s] [ 95%] Built target akari_msgs__rosidl_typesupport_c__pyext
[1.175s] [ 97%] Built target akari_msgs__rosidl_typesupport_fastrtps_c__pyext
[1.175s] [100%] Built target akari_msgs__rosidl_typesupport_introspection_c__pyext
[1.175s] running egg_info
[1.175s] writing akari_msgs.egg-info/PKG-INFO
[1.175s] writing dependency_links to akari_msgs.egg-info/dependency_links.txt
[1.175s] writing top-level names to akari_msgs.egg-info/top_level.txt
[1.175s] reading manifest file 'akari_msgs.egg-info/SOURCES.txt'
[1.176s] writing manifest file 'akari_msgs.egg-info/SOURCES.txt'
[1.176s] [100%] Built target ament_cmake_python_build_akari_msgs_egg
