/home/akariros/Akari_ros2_humble/install/py_m5serial/lib/python3.10/site-packages/py_m5serial/py_m5client_reset_allout.py
/home/akariros/Akari_ros2_humble/install/py_m5serial/lib/python3.10/site-packages/py_m5serial/py_m5client_set_dout.py
/home/akariros/Akari_ros2_humble/install/py_m5serial/lib/python3.10/site-packages/py_m5serial/__init__.py
/home/akariros/Akari_ros2_humble/install/py_m5serial/lib/python3.10/site-packages/py_m5serial/m5stack_publisher.py
/home/akariros/Akari_ros2_humble/install/py_m5serial/lib/python3.10/site-packages/py_m5serial/py_m5client_display_reset.py
/home/akariros/Akari_ros2_humble/install/py_m5serial/lib/python3.10/site-packages/py_m5serial/py_m5client_move_joints_actionclient.py
/home/akariros/Akari_ros2_humble/install/py_m5serial/lib/python3.10/site-packages/py_m5serial/py_m5server.py
/home/akariros/Akari_ros2_humble/install/py_m5serial/lib/python3.10/site-packages/py_m5serial/py_m5client_set_pwmout.py
/home/akariros/Akari_ros2_humble/install/py_m5serial/lib/python3.10/site-packages/py_m5serial/py_m5client_set_allout.py
/home/akariros/Akari_ros2_humble/install/py_m5serial/lib/python3.10/site-packages/py_m5serial/py_m5client_display_color.py
/home/akariros/Akari_ros2_humble/install/py_m5serial/lib/python3.10/site-packages/py_m5serial/py_m5client_display_image.py
/home/akariros/Akari_ros2_humble/install/py_m5serial/lib/python3.10/site-packages/py_m5serial/py_m5client_display_text.py
/home/akariros/Akari_ros2_humble/install/py_m5serial/lib/python3.10/site-packages/py_m5serial/__pycache__/py_m5client_reset_allout.cpython-310.pyc
/home/akariros/Akari_ros2_humble/install/py_m5serial/lib/python3.10/site-packages/py_m5serial/__pycache__/py_m5client_set_dout.cpython-310.pyc
/home/akariros/Akari_ros2_humble/install/py_m5serial/lib/python3.10/site-packages/py_m5serial/__pycache__/__init__.cpython-310.pyc
/home/akariros/Akari_ros2_humble/install/py_m5serial/lib/python3.10/site-packages/py_m5serial/__pycache__/m5stack_publisher.cpython-310.pyc
/home/akariros/Akari_ros2_humble/install/py_m5serial/lib/python3.10/site-packages/py_m5serial/__pycache__/py_m5client_display_reset.cpython-310.pyc
/home/akariros/Akari_ros2_humble/install/py_m5serial/lib/python3.10/site-packages/py_m5serial/__pycache__/py_m5client_move_joints_actionclient.cpython-310.pyc
/home/akariros/Akari_ros2_humble/install/py_m5serial/lib/python3.10/site-packages/py_m5serial/__pycache__/py_m5server.cpython-310.pyc
/home/akariros/Akari_ros2_humble/install/py_m5serial/lib/python3.10/site-packages/py_m5serial/__pycache__/py_m5client_set_pwmout.cpython-310.pyc
/home/akariros/Akari_ros2_humble/install/py_m5serial/lib/python3.10/site-packages/py_m5serial/__pycache__/py_m5client_set_allout.cpython-310.pyc
/home/akariros/Akari_ros2_humble/install/py_m5serial/lib/python3.10/site-packages/py_m5serial/__pycache__/py_m5client_display_color.cpython-310.pyc
/home/akariros/Akari_ros2_humble/install/py_m5serial/lib/python3.10/site-packages/py_m5serial/__pycache__/py_m5client_display_image.cpython-310.pyc
/home/akariros/Akari_ros2_humble/install/py_m5serial/lib/python3.10/site-packages/py_m5serial/__pycache__/py_m5client_display_text.cpython-310.pyc
/home/akariros/Akari_ros2_humble/install/py_m5serial/share/ament_index/resource_index/packages/py_m5serial
/home/akariros/Akari_ros2_humble/install/py_m5serial/share/py_m5serial/package.xml
/home/akariros/Akari_ros2_humble/install/py_m5serial/share/py_m5serial/launch/akariserver_launch.py
/home/akariros/Akari_ros2_humble/install/py_m5serial/lib/python3.10/site-packages/py_m5serial-0.0.0-py3.10.egg-info/entry_points.txt
/home/akariros/Akari_ros2_humble/install/py_m5serial/lib/python3.10/site-packages/py_m5serial-0.0.0-py3.10.egg-info/SOURCES.txt
/home/akariros/Akari_ros2_humble/install/py_m5serial/lib/python3.10/site-packages/py_m5serial-0.0.0-py3.10.egg-info/top_level.txt
/home/akariros/Akari_ros2_humble/install/py_m5serial/lib/python3.10/site-packages/py_m5serial-0.0.0-py3.10.egg-info/zip-safe
/home/akariros/Akari_ros2_humble/install/py_m5serial/lib/python3.10/site-packages/py_m5serial-0.0.0-py3.10.egg-info/requires.txt
/home/akariros/Akari_ros2_humble/install/py_m5serial/lib/python3.10/site-packages/py_m5serial-0.0.0-py3.10.egg-info/dependency_links.txt
/home/akariros/Akari_ros2_humble/install/py_m5serial/lib/python3.10/site-packages/py_m5serial-0.0.0-py3.10.egg-info/PKG-INFO
/home/akariros/Akari_ros2_humble/install/py_m5serial/lib/py_m5serial/m5client_display_color
/home/akariros/Akari_ros2_humble/install/py_m5serial/lib/py_m5serial/m5client_display_image
/home/akariros/Akari_ros2_humble/install/py_m5serial/lib/py_m5serial/m5client_display_reset
/home/akariros/Akari_ros2_humble/install/py_m5serial/lib/py_m5serial/m5client_display_text
/home/akariros/Akari_ros2_humble/install/py_m5serial/lib/py_m5serial/m5client_move_joints_actionclient
/home/akariros/Akari_ros2_humble/install/py_m5serial/lib/py_m5serial/m5client_reset_allout
/home/akariros/Akari_ros2_humble/install/py_m5serial/lib/py_m5serial/m5client_set_allout
/home/akariros/Akari_ros2_humble/install/py_m5serial/lib/py_m5serial/m5client_set_dout
/home/akariros/Akari_ros2_humble/install/py_m5serial/lib/py_m5serial/m5client_set_pwmout
/home/akariros/Akari_ros2_humble/install/py_m5serial/lib/py_m5serial/m5publisher
/home/akariros/Akari_ros2_humble/install/py_m5serial/lib/py_m5serial/m5server
