[2.899s] Invoking command in '/home/akariros/Akari_ros2_humble/m5_server': PYTHONPATH=/home/akariros/Akari_ros2_humble/build/m5_server/prefix_override:/home/akariros/Akari_ros2_humble/install/m5_server/lib/python3.10/site-packages:${PYTHONPATH} /usr/bin/python3 setup.py egg_info --egg-base ../build/m5_server build --build-base /home/akariros/Akari_ros2_humble/build/m5_server/build install --record /home/akariros/Akari_ros2_humble/build/m5_server/install.log --single-version-externally-managed
[3.805s] running egg_info
[3.807s] writing ../build/m5_server/m5_server.egg-info/PKG-INFO
[3.808s] writing dependency_links to ../build/m5_server/m5_server.egg-info/dependency_links.txt
[3.809s] writing entry points to ../build/m5_server/m5_server.egg-info/entry_points.txt
[3.809s] writing requirements to ../build/m5_server/m5_server.egg-info/requires.txt
[3.810s] writing top-level names to ../build/m5_server/m5_server.egg-info/top_level.txt
[3.815s] reading manifest file '../build/m5_server/m5_server.egg-info/SOURCES.txt'
[3.819s] writing manifest file '../build/m5_server/m5_server.egg-info/SOURCES.txt'
[3.819s] running build
[3.819s] running build_py
[3.820s] running install
[3.820s] /usr/lib/python3/dist-packages/setuptools/command/install.py:34: SetuptoolsDeprecationWarning: setup.py install is deprecated. Use build and pip and other standards-based tools.
[3.821s]   warnings.warn(
[3.821s] running install_lib
[3.826s] running install_data
[3.827s] running install_egg_info
[3.831s] removing '/home/akariros/Akari_ros2_humble/install/m5_server/lib/python3.10/site-packages/m5_server-0.0.0-py3.10.egg-info' (and everything under it)
[3.831s] Copying ../build/m5_server/m5_server.egg-info to /home/akariros/Akari_ros2_humble/install/m5_server/lib/python3.10/site-packages/m5_server-0.0.0-py3.10.egg-info
[3.833s] running install_scripts
[3.890s] Installing m5_server script to /home/akariros/Akari_ros2_humble/install/m5_server/lib/m5_server
[3.891s] writing list of installed files to '/home/akariros/Akari_ros2_humble/build/m5_server/install.log'
[3.961s] Invoked command in '/home/akariros/Akari_ros2_humble/m5_server' returned '0': PYTHONPATH=/home/akariros/Akari_ros2_humble/build/m5_server/prefix_override:/home/akariros/Akari_ros2_humble/install/m5_server/lib/python3.10/site-packages:${PYTHONPATH} /usr/bin/python3 setup.py egg_info --egg-base ../build/m5_server build --build-base /home/akariros/Akari_ros2_humble/build/m5_server/build install --record /home/akariros/Akari_ros2_humble/build/m5_server/install.log --single-version-externally-managed
