running egg_info
creating ../build/servo_server/servo_server.egg-info
writing ../build/servo_server/servo_server.egg-info/PKG-INFO
writing dependency_links to ../build/servo_server/servo_server.egg-info/dependency_links.txt
writing entry points to ../build/servo_server/servo_server.egg-info/entry_points.txt
writing requirements to ../build/servo_server/servo_server.egg-info/requires.txt
writing top-level names to ../build/servo_server/servo_server.egg-info/top_level.txt
writing manifest file '../build/servo_server/servo_server.egg-info/SOURCES.txt'
reading manifest file '../build/servo_server/servo_server.egg-info/SOURCES.txt'
writing manifest file '../build/servo_server/servo_server.egg-info/SOURCES.txt'
running build
running build_py
creating /home/akariros/Akari_ros2_humble/build/servo_server/build
creating /home/akariros/Akari_ros2_humble/build/servo_server/build/lib
creating /home/akariros/Akari_ros2_humble/build/servo_server/build/lib/servo_server
copying servo_server/servo_server.py -> /home/akariros/Akari_ros2_humble/build/servo_server/build/lib/servo_server
copying servo_server/__init__.py -> /home/akariros/Akari_ros2_humble/build/servo_server/build/lib/servo_server
copying servo_server/servo_set.py -> /home/akariros/Akari_ros2_humble/build/servo_server/build/lib/servo_server
running install
/usr/lib/python3/dist-packages/setuptools/command/install.py:34: SetuptoolsDeprecationWarning: setup.py install is deprecated. Use build and pip and other standards-based tools.
  warnings.warn(
running install_lib
creating /home/akariros/Akari_ros2_humble/install/servo_server/lib/python3.10/site-packages/servo_server
copying /home/akariros/Akari_ros2_humble/build/servo_server/build/lib/servo_server/servo_server.py -> /home/akariros/Akari_ros2_humble/install/servo_server/lib/python3.10/site-packages/servo_server
copying /home/akariros/Akari_ros2_humble/build/servo_server/build/lib/servo_server/__init__.py -> /home/akariros/Akari_ros2_humble/install/servo_server/lib/python3.10/site-packages/servo_server
copying /home/akariros/Akari_ros2_humble/build/servo_server/build/lib/servo_server/servo_set.py -> /home/akariros/Akari_ros2_humble/install/servo_server/lib/python3.10/site-packages/servo_server
byte-compiling /home/akariros/Akari_ros2_humble/install/servo_server/lib/python3.10/site-packages/servo_server/servo_server.py to servo_server.cpython-310.pyc
byte-compiling /home/akariros/Akari_ros2_humble/install/servo_server/lib/python3.10/site-packages/servo_server/__init__.py to __init__.cpython-310.pyc
byte-compiling /home/akariros/Akari_ros2_humble/install/servo_server/lib/python3.10/site-packages/servo_server/servo_set.py to servo_set.cpython-310.pyc
running install_data
creating /home/akariros/Akari_ros2_humble/install/servo_server/share/ament_index
creating /home/akariros/Akari_ros2_humble/install/servo_server/share/ament_index/resource_index
creating /home/akariros/Akari_ros2_humble/install/servo_server/share/ament_index/resource_index/packages
copying resource/servo_server -> /home/akariros/Akari_ros2_humble/install/servo_server/share/ament_index/resource_index/packages
copying package.xml -> /home/akariros/Akari_ros2_humble/install/servo_server/share/servo_server
creating /home/akariros/Akari_ros2_humble/install/servo_server/share/servo_server/launch
running install_egg_info
Copying ../build/servo_server/servo_server.egg-info to /home/akariros/Akari_ros2_humble/install/servo_server/lib/python3.10/site-packages/servo_server-0.0.0-py3.10.egg-info
running install_scripts
Installing servo_server script to /home/akariros/Akari_ros2_humble/install/servo_server/lib/servo_server
Installing servo_set script to /home/akariros/Akari_ros2_humble/install/servo_server/lib/servo_server
writing list of installed files to '/home/akariros/Akari_ros2_humble/build/servo_server/install.log'
