[2.260s] Invoking command in '/home/akariros/Akari_ros2_humble/servo_server': PYTHONPATH=/home/akariros/Akari_ros2_humble/build/servo_server/prefix_override:/home/akariros/Akari_ros2_humble/install/servo_server/lib/python3.10/site-packages:${PYTHONPATH} /usr/bin/python3 setup.py egg_info --egg-base ../build/servo_server build --build-base /home/akariros/Akari_ros2_humble/build/servo_server/build install --record /home/akariros/Akari_ros2_humble/build/servo_server/install.log --single-version-externally-managed
[2.888s] running egg_info
[2.889s] creating ../build/servo_server/servo_server.egg-info
[2.890s] writing ../build/servo_server/servo_server.egg-info/PKG-INFO
[2.890s] writing dependency_links to ../build/servo_server/servo_server.egg-info/dependency_links.txt
[2.890s] writing entry points to ../build/servo_server/servo_server.egg-info/entry_points.txt
[2.891s] writing requirements to ../build/servo_server/servo_server.egg-info/requires.txt
[2.891s] writing top-level names to ../build/servo_server/servo_server.egg-info/top_level.txt
[2.892s] writing manifest file '../build/servo_server/servo_server.egg-info/SOURCES.txt'
[2.896s] reading manifest file '../build/servo_server/servo_server.egg-info/SOURCES.txt'
[2.897s] writing manifest file '../build/servo_server/servo_server.egg-info/SOURCES.txt'
[2.897s] running build
[2.898s] running build_py
[2.898s] creating /home/akariros/Akari_ros2_humble/build/servo_server/build
[2.898s] creating /home/akariros/Akari_ros2_humble/build/servo_server/build/lib
[2.899s] creating /home/akariros/Akari_ros2_humble/build/servo_server/build/lib/servo_server
[2.899s] copying servo_server/servo_server.py -> /home/akariros/Akari_ros2_humble/build/servo_server/build/lib/servo_server
[2.902s] copying servo_server/__init__.py -> /home/akariros/Akari_ros2_humble/build/servo_server/build/lib/servo_server
[2.902s] copying servo_server/servo_set.py -> /home/akariros/Akari_ros2_humble/build/servo_server/build/lib/servo_server
[2.902s] running install
[2.903s] /usr/lib/python3/dist-packages/setuptools/command/install.py:34: SetuptoolsDeprecationWarning: setup.py install is deprecated. Use build and pip and other standards-based tools.
[2.903s]   warnings.warn(
[2.904s] running install_lib
[2.904s] creating /home/akariros/Akari_ros2_humble/install/servo_server/lib/python3.10/site-packages/servo_server
[2.905s] copying /home/akariros/Akari_ros2_humble/build/servo_server/build/lib/servo_server/servo_server.py -> /home/akariros/Akari_ros2_humble/install/servo_server/lib/python3.10/site-packages/servo_server
[2.905s] copying /home/akariros/Akari_ros2_humble/build/servo_server/build/lib/servo_server/__init__.py -> /home/akariros/Akari_ros2_humble/install/servo_server/lib/python3.10/site-packages/servo_server
[2.908s] copying /home/akariros/Akari_ros2_humble/build/servo_server/build/lib/servo_server/servo_set.py -> /home/akariros/Akari_ros2_humble/install/servo_server/lib/python3.10/site-packages/servo_server
[2.908s] byte-compiling /home/akariros/Akari_ros2_humble/install/servo_server/lib/python3.10/site-packages/servo_server/servo_server.py to servo_server.cpython-310.pyc
[2.909s] byte-compiling /home/akariros/Akari_ros2_humble/install/servo_server/lib/python3.10/site-packages/servo_server/__init__.py to __init__.cpython-310.pyc
[2.909s] byte-compiling /home/akariros/Akari_ros2_humble/install/servo_server/lib/python3.10/site-packages/servo_server/servo_set.py to servo_set.cpython-310.pyc
[2.909s] running install_data
[2.910s] creating /home/akariros/Akari_ros2_humble/install/servo_server/share/ament_index
[2.911s] creating /home/akariros/Akari_ros2_humble/install/servo_server/share/ament_index/resource_index
[2.911s] creating /home/akariros/Akari_ros2_humble/install/servo_server/share/ament_index/resource_index/packages
[2.911s] copying resource/servo_server -> /home/akariros/Akari_ros2_humble/install/servo_server/share/ament_index/resource_index/packages
[2.920s] copying package.xml -> /home/akariros/Akari_ros2_humble/install/servo_server/share/servo_server
[2.920s] creating /home/akariros/Akari_ros2_humble/install/servo_server/share/servo_server/launch
[2.920s] running install_egg_info
[2.921s] Copying ../build/servo_server/servo_server.egg-info to /home/akariros/Akari_ros2_humble/install/servo_server/lib/python3.10/site-packages/servo_server-0.0.0-py3.10.egg-info
[2.921s] running install_scripts
[2.964s] Installing servo_server script to /home/akariros/Akari_ros2_humble/install/servo_server/lib/servo_server
[2.965s] Installing servo_set script to /home/akariros/Akari_ros2_humble/install/servo_server/lib/servo_server
[2.966s] writing list of installed files to '/home/akariros/Akari_ros2_humble/build/servo_server/install.log'
[3.050s] Invoked command in '/home/akariros/Akari_ros2_humble/servo_server' returned '0': PYTHONPATH=/home/akariros/Akari_ros2_humble/build/servo_server/prefix_override:/home/akariros/Akari_ros2_humble/install/servo_server/lib/python3.10/site-packages:${PYTHONPATH} /usr/bin/python3 setup.py egg_info --egg-base ../build/servo_server build --build-base /home/akariros/Akari_ros2_humble/build/servo_server/build install --record /home/akariros/Akari_ros2_humble/build/servo_server/install.log --single-version-externally-managed
