[1.986s] Invoking command in '/home/akariros/Akari_ros2_humble/py_m5serial': PYTHONPATH=/home/akariros/Akari_ros2_humble/build/py_m5serial/prefix_override:/home/akariros/Akari_ros2_humble/install/py_m5serial/lib/python3.10/site-packages:${PYTHONPATH} /usr/bin/python3 setup.py egg_info --egg-base ../build/py_m5serial build --build-base /home/akariros/Akari_ros2_humble/build/py_m5serial/build install --record /home/akariros/Akari_ros2_humble/build/py_m5serial/install.log --single-version-externally-managed
[2.451s] running egg_info
[2.452s] writing ../build/py_m5serial/py_m5serial.egg-info/PKG-INFO
[2.453s] writing dependency_links to ../build/py_m5serial/py_m5serial.egg-info/dependency_links.txt
[2.453s] writing entry points to ../build/py_m5serial/py_m5serial.egg-info/entry_points.txt
[2.453s] writing requirements to ../build/py_m5serial/py_m5serial.egg-info/requires.txt
[2.454s] writing top-level names to ../build/py_m5serial/py_m5serial.egg-info/top_level.txt
[2.457s] reading manifest file '../build/py_m5serial/py_m5serial.egg-info/SOURCES.txt'
[2.458s] writing manifest file '../build/py_m5serial/py_m5serial.egg-info/SOURCES.txt'
[2.458s] running build
[2.458s] running build_py
[2.459s] running install
[2.460s] /usr/lib/python3/dist-packages/setuptools/command/install.py:34: SetuptoolsDeprecationWarning: setup.py install is deprecated. Use build and pip and other standards-based tools.
[2.460s]   warnings.warn(
[2.460s] running install_lib
[2.463s] running install_data
[2.464s] copying package.xml -> /home/akariros/Akari_ros2_humble/install/py_m5serial/share/py_m5serial
[2.464s] creating /home/akariros/Akari_ros2_humble/install/py_m5serial/share/py_m5serial/launch
[2.465s] copying launch/akariserver_launch.py -> /home/akariros/Akari_ros2_humble/install/py_m5serial/share/py_m5serial/launch
[2.465s] running install_egg_info
[2.467s] removing '/home/akariros/Akari_ros2_humble/install/py_m5serial/lib/python3.10/site-packages/py_m5serial-0.0.0-py3.10.egg-info' (and everything under it)
[2.467s] Copying ../build/py_m5serial/py_m5serial.egg-info to /home/akariros/Akari_ros2_humble/install/py_m5serial/lib/python3.10/site-packages/py_m5serial-0.0.0-py3.10.egg-info
[2.469s] running install_scripts
[2.504s] Installing m5client_display_color script to /home/akariros/Akari_ros2_humble/install/py_m5serial/lib/py_m5serial
[2.504s] Installing m5client_display_image script to /home/akariros/Akari_ros2_humble/install/py_m5serial/lib/py_m5serial
[2.505s] Installing m5client_display_reset script to /home/akariros/Akari_ros2_humble/install/py_m5serial/lib/py_m5serial
[2.506s] Installing m5client_display_text script to /home/akariros/Akari_ros2_humble/install/py_m5serial/lib/py_m5serial
[2.506s] Installing m5client_move_joints_actionclient script to /home/akariros/Akari_ros2_humble/install/py_m5serial/lib/py_m5serial
[2.506s] Installing m5client_reset_allout script to /home/akariros/Akari_ros2_humble/install/py_m5serial/lib/py_m5serial
[2.506s] Installing m5client_set_allout script to /home/akariros/Akari_ros2_humble/install/py_m5serial/lib/py_m5serial
[2.507s] Installing m5client_set_dout script to /home/akariros/Akari_ros2_humble/install/py_m5serial/lib/py_m5serial
[2.507s] Installing m5client_set_pwmout script to /home/akariros/Akari_ros2_humble/install/py_m5serial/lib/py_m5serial
[2.507s] Installing m5publisher script to /home/akariros/Akari_ros2_humble/install/py_m5serial/lib/py_m5serial
[2.507s] Installing m5server script to /home/akariros/Akari_ros2_humble/install/py_m5serial/lib/py_m5serial
[2.508s] writing list of installed files to '/home/akariros/Akari_ros2_humble/build/py_m5serial/install.log'
[2.551s] Invoked command in '/home/akariros/Akari_ros2_humble/py_m5serial' returned '0': PYTHONPATH=/home/akariros/Akari_ros2_humble/build/py_m5serial/prefix_override:/home/akariros/Akari_ros2_humble/install/py_m5serial/lib/python3.10/site-packages:${PYTHONPATH} /usr/bin/python3 setup.py egg_info --egg-base ../build/py_m5serial build --build-base /home/akariros/Akari_ros2_humble/build/py_m5serial/build install --record /home/akariros/Akari_ros2_humble/build/py_m5serial/install.log --single-version-externally-managed
