[2.119s] Invoking command in '/home/akariros/Akari_ros2_humble/akari_launch': PYTHONPATH=/home/akariros/Akari_ros2_humble/build/akari_launch/prefix_override:/home/akariros/Akari_ros2_humble/install/akari_launch/lib/python3.10/site-packages:${PYTHONPATH} /usr/bin/python3 setup.py egg_info --egg-base ../build/akari_launch build --build-base /home/akariros/Akari_ros2_humble/build/akari_launch/build install --record /home/akariros/Akari_ros2_humble/build/akari_launch/install.log --single-version-externally-managed
[2.736s] running egg_info
[2.738s] writing ../build/akari_launch/akari_launch.egg-info/PKG-INFO
[2.739s] writing dependency_links to ../build/akari_launch/akari_launch.egg-info/dependency_links.txt
[2.740s] writing entry points to ../build/akari_launch/akari_launch.egg-info/entry_points.txt
[2.740s] writing requirements to ../build/akari_launch/akari_launch.egg-info/requires.txt
[2.741s] writing top-level names to ../build/akari_launch/akari_launch.egg-info/top_level.txt
[2.745s] reading manifest file '../build/akari_launch/akari_launch.egg-info/SOURCES.txt'
[2.748s] writing manifest file '../build/akari_launch/akari_launch.egg-info/SOURCES.txt'
[2.748s] running build
[2.749s] running build_py
[2.750s] running install
[2.750s] /usr/lib/python3/dist-packages/setuptools/command/install.py:34: SetuptoolsDeprecationWarning: setup.py install is deprecated. Use build and pip and other standards-based tools.
[2.751s]   warnings.warn(
[2.752s] running install_lib
[2.755s] running install_data
[2.757s] running install_egg_info
[2.761s] removing '/home/akariros/Akari_ros2_humble/install/akari_launch/lib/python3.10/site-packages/akari_launch-0.0.0-py3.10.egg-info' (and everything under it)
[2.762s] Copying ../build/akari_launch/akari_launch.egg-info to /home/akariros/Akari_ros2_humble/install/akari_launch/lib/python3.10/site-packages/akari_launch-0.0.0-py3.10.egg-info
[2.764s] running install_scripts
[2.813s] writing list of installed files to '/home/akariros/Akari_ros2_humble/build/akari_launch/install.log'
[2.870s] Invoked command in '/home/akariros/Akari_ros2_humble/akari_launch' returned '0': PYTHONPATH=/home/akariros/Akari_ros2_humble/build/akari_launch/prefix_override:/home/akariros/Akari_ros2_humble/install/akari_launch/lib/python3.10/site-packages:${PYTHONPATH} /usr/bin/python3 setup.py egg_info --egg-base ../build/akari_launch build --build-base /home/akariros/Akari_ros2_humble/build/akari_launch/build install --record /home/akariros/Akari_ros2_humble/build/akari_launch/install.log --single-version-externally-managed
