[2.987s] Invoking command in '/home/akariros/Akari_ros2_humble/akari_launch': PYTHONPATH=/home/akariros/Akari_ros2_humble/build/akari_launch/prefix_override:/home/akariros/Akari_ros2_humble/install/akari_launch/lib/python3.10/site-packages:${PYTHONPATH} /usr/bin/python3 setup.py egg_info --egg-base ../build/akari_launch build --build-base /home/akariros/Akari_ros2_humble/build/akari_launch/build install --record /home/akariros/Akari_ros2_humble/build/akari_launch/install.log --single-version-externally-managed
[3.808s] running egg_info
[3.810s] writing ../build/akari_launch/akari_launch.egg-info/PKG-INFO
[3.810s] writing dependency_links to ../build/akari_launch/akari_launch.egg-info/dependency_links.txt
[3.811s] writing entry points to ../build/akari_launch/akari_launch.egg-info/entry_points.txt
[3.811s] writing requirements to ../build/akari_launch/akari_launch.egg-info/requires.txt
[3.811s] writing top-level names to ../build/akari_launch/akari_launch.egg-info/top_level.txt
[3.815s] reading manifest file '../build/akari_launch/akari_launch.egg-info/SOURCES.txt'
[3.822s] writing manifest file '../build/akari_launch/akari_launch.egg-info/SOURCES.txt'
[3.822s] running build
[3.823s] running build_py
[3.824s] running install
[3.825s] /usr/lib/python3/dist-packages/setuptools/command/install.py:34: SetuptoolsDeprecationWarning: setup.py install is deprecated. Use build and pip and other standards-based tools.
[3.826s]   warnings.warn(
[3.827s] running install_lib
[3.831s] running install_data
[3.834s] running install_egg_info
[3.840s] removing '/home/akariros/Akari_ros2_humble/install/akari_launch/lib/python3.10/site-packages/akari_launch-0.0.0-py3.10.egg-info' (and everything under it)
[3.840s] Copying ../build/akari_launch/akari_launch.egg-info to /home/akariros/Akari_ros2_humble/install/akari_launch/lib/python3.10/site-packages/akari_launch-0.0.0-py3.10.egg-info
[3.844s] running install_scripts
[3.904s] writing list of installed files to '/home/akariros/Akari_ros2_humble/build/akari_launch/install.log'
[4.030s] Invoked command in '/home/akariros/Akari_ros2_humble/akari_launch' returned '0': PYTHONPATH=/home/akariros/Akari_ros2_humble/build/akari_launch/prefix_override:/home/akariros/Akari_ros2_humble/install/akari_launch/lib/python3.10/site-packages:${PYTHONPATH} /usr/bin/python3 setup.py egg_info --egg-base ../build/akari_launch build --build-base /home/akariros/Akari_ros2_humble/build/akari_launch/build install --record /home/akariros/Akari_ros2_humble/build/akari_launch/install.log --single-version-externally-managed
