[0.606s] DEBUG:colcon:Command line arguments: ['/usr/bin/colcon', 'build']
[0.606s] DEBUG:colcon:Parsed command line arguments: Namespace(log_base=None, log_level=None, verb_name='build', build_base='build', install_base='install', merge_install=False, symlink_install=False, test_result_base=None, continue_on_error=False, executor='parallel', parallel_workers=4, event_handlers=None, ignore_user_meta=False, metas=['./colcon.meta'], base_paths=['.'], packages_ignore=None, packages_ignore_regex=None, paths=None, packages_up_to=None, packages_up_to_regex=None, packages_above=None, packages_above_and_dependencies=None, packages_above_depth=None, packages_select_by_dep=None, packages_skip_by_dep=None, packages_skip_up_to=None, packages_select_build_failed=False, packages_skip_build_finished=False, packages_select_test_failures=False, packages_skip_test_passed=False, packages_select=None, packages_skip=None, packages_select_regex=None, packages_skip_regex=None, packages_start=None, packages_end=None, allow_overriding=[], cmake_args=None, cmake_target=None, cmake_target_skip_unavailable=False, cmake_clean_cache=False, cmake_clean_first=False, cmake_force_configure=False, ament_cmake_args=None, catkin_cmake_args=None, catkin_skip_building_tests=False, verb_parser=<colcon_defaults.argument_parser.defaults.DefaultArgumentsDecorator object at 0x7fdd9d8f65c0>, verb_extension=<colcon_core.verb.build.BuildVerb object at 0x7fdd9e080ac0>, main=<bound method BuildVerb.main of <colcon_core.verb.build.BuildVerb object at 0x7fdd9e080ac0>>)
[0.650s] Level 1:colcon.colcon_core.package_discovery:discover_packages(colcon_meta) check parameters
[0.650s] Level 1:colcon.colcon_core.package_discovery:discover_packages(recursive) check parameters
[0.650s] Level 1:colcon.colcon_core.package_discovery:discover_packages(ignore) check parameters
[0.650s] Level 1:colcon.colcon_core.package_discovery:discover_packages(path) check parameters
[0.650s] Level 1:colcon.colcon_core.package_discovery:discover_packages(colcon_meta) discover
[0.650s] Level 1:colcon.colcon_core.package_discovery:discover_packages(recursive) discover
[0.650s] INFO:colcon.colcon_core.package_discovery:Crawling recursively for packages in '/home/akariros/Akari_ros2_humble'
[0.650s] Level 1:colcon.colcon_core.package_identification:_identify(.) by extensions ['ignore', 'ignore_ament_install']
[0.651s] Level 1:colcon.colcon_core.package_identification:_identify(.) by extension 'ignore'
[0.651s] Level 1:colcon.colcon_core.package_identification:_identify(.) by extension 'ignore_ament_install'
[0.651s] Level 1:colcon.colcon_core.package_identification:_identify(.) by extensions ['colcon_pkg']
[0.651s] Level 1:colcon.colcon_core.package_identification:_identify(.) by extension 'colcon_pkg'
[0.651s] Level 1:colcon.colcon_core.package_identification:_identify(.) by extensions ['colcon_meta']
[0.651s] Level 1:colcon.colcon_core.package_identification:_identify(.) by extension 'colcon_meta'
[0.651s] Level 1:colcon.colcon_core.package_identification:_identify(.) by extensions ['ros']
[0.651s] Level 1:colcon.colcon_core.package_identification:_identify(.) by extension 'ros'
[0.668s] Level 1:colcon.colcon_core.package_identification:_identify(.) by extensions ['cmake', 'python']
[0.668s] Level 1:colcon.colcon_core.package_identification:_identify(.) by extension 'cmake'
[0.668s] Level 1:colcon.colcon_core.package_identification:_identify(.) by extension 'python'
[0.668s] Level 1:colcon.colcon_core.package_identification:_identify(.) by extensions ['python_setup_py']
[0.668s] Level 1:colcon.colcon_core.package_identification:_identify(.) by extension 'python_setup_py'
[0.669s] Level 1:colcon.colcon_core.package_identification:_identify(akari_client_example) by extensions ['ignore', 'ignore_ament_install']
[0.669s] Level 1:colcon.colcon_core.package_identification:_identify(akari_client_example) by extension 'ignore'
[0.669s] Level 1:colcon.colcon_core.package_identification:_identify(akari_client_example) by extension 'ignore_ament_install'
[0.669s] Level 1:colcon.colcon_core.package_identification:_identify(akari_client_example) by extensions ['colcon_pkg']
[0.669s] Level 1:colcon.colcon_core.package_identification:_identify(akari_client_example) by extension 'colcon_pkg'
[0.669s] Level 1:colcon.colcon_core.package_identification:_identify(akari_client_example) by extensions ['colcon_meta']
[0.669s] Level 1:colcon.colcon_core.package_identification:_identify(akari_client_example) by extension 'colcon_meta'
[0.669s] Level 1:colcon.colcon_core.package_identification:_identify(akari_client_example) by extensions ['ros']
[0.669s] Level 1:colcon.colcon_core.package_identification:_identify(akari_client_example) by extension 'ros'
[0.673s] DEBUG:colcon.colcon_core.package_identification:Package 'akari_client_example' with type 'ros.ament_python' and name 'akari_client_example'
[0.673s] Level 1:colcon.colcon_core.package_identification:_identify(akari_launch) by extensions ['ignore', 'ignore_ament_install']
[0.673s] Level 1:colcon.colcon_core.package_identification:_identify(akari_launch) by extension 'ignore'
[0.673s] Level 1:colcon.colcon_core.package_identification:_identify(akari_launch) by extension 'ignore_ament_install'
[0.674s] Level 1:colcon.colcon_core.package_identification:_identify(akari_launch) by extensions ['colcon_pkg']
[0.674s] Level 1:colcon.colcon_core.package_identification:_identify(akari_launch) by extension 'colcon_pkg'
[0.674s] Level 1:colcon.colcon_core.package_identification:_identify(akari_launch) by extensions ['colcon_meta']
[0.674s] Level 1:colcon.colcon_core.package_identification:_identify(akari_launch) by extension 'colcon_meta'
[0.674s] Level 1:colcon.colcon_core.package_identification:_identify(akari_launch) by extensions ['ros']
[0.674s] Level 1:colcon.colcon_core.package_identification:_identify(akari_launch) by extension 'ros'
[0.675s] DEBUG:colcon.colcon_core.package_identification:Package 'akari_launch' with type 'ros.ament_python' and name 'akari_launch'
[0.675s] Level 1:colcon.colcon_core.package_identification:_identify(akari_msgs) by extensions ['ignore', 'ignore_ament_install']
[0.676s] Level 1:colcon.colcon_core.package_identification:_identify(akari_msgs) by extension 'ignore'
[0.676s] Level 1:colcon.colcon_core.package_identification:_identify(akari_msgs) by extension 'ignore_ament_install'
[0.676s] Level 1:colcon.colcon_core.package_identification:_identify(akari_msgs) by extensions ['colcon_pkg']
[0.676s] Level 1:colcon.colcon_core.package_identification:_identify(akari_msgs) by extension 'colcon_pkg'
[0.676s] Level 1:colcon.colcon_core.package_identification:_identify(akari_msgs) by extensions ['colcon_meta']
[0.676s] Level 1:colcon.colcon_core.package_identification:_identify(akari_msgs) by extension 'colcon_meta'
[0.676s] Level 1:colcon.colcon_core.package_identification:_identify(akari_msgs) by extensions ['ros']
[0.676s] Level 1:colcon.colcon_core.package_identification:_identify(akari_msgs) by extension 'ros'
[0.677s] DEBUG:colcon.colcon_core.package_identification:Package 'akari_msgs' with type 'ros.ament_cmake' and name 'akari_msgs'
[0.677s] Level 1:colcon.colcon_core.package_identification:_identify(akari_setting_publisher) by extensions ['ignore', 'ignore_ament_install']
[0.677s] Level 1:colcon.colcon_core.package_identification:_identify(akari_setting_publisher) by extension 'ignore'
[0.677s] Level 1:colcon.colcon_core.package_identification:_identify(akari_setting_publisher) by extension 'ignore_ament_install'
[0.677s] Level 1:colcon.colcon_core.package_identification:_identify(akari_setting_publisher) by extensions ['colcon_pkg']
[0.678s] Level 1:colcon.colcon_core.package_identification:_identify(akari_setting_publisher) by extension 'colcon_pkg'
[0.678s] Level 1:colcon.colcon_core.package_identification:_identify(akari_setting_publisher) by extensions ['colcon_meta']
[0.678s] Level 1:colcon.colcon_core.package_identification:_identify(akari_setting_publisher) by extension 'colcon_meta'
[0.678s] Level 1:colcon.colcon_core.package_identification:_identify(akari_setting_publisher) by extensions ['ros']
[0.678s] Level 1:colcon.colcon_core.package_identification:_identify(akari_setting_publisher) by extension 'ros'
[0.679s] DEBUG:colcon.colcon_core.package_identification:Package 'akari_setting_publisher' with type 'ros.ament_python' and name 'akari_setting_publisher'
[0.679s] Level 1:colcon.colcon_core.package_identification:_identify(akari_state_publisher) by extensions ['ignore', 'ignore_ament_install']
[0.679s] Level 1:colcon.colcon_core.package_identification:_identify(akari_state_publisher) by extension 'ignore'
[0.679s] Level 1:colcon.colcon_core.package_identification:_identify(akari_state_publisher) by extension 'ignore_ament_install'
[0.679s] Level 1:colcon.colcon_core.package_identification:_identify(akari_state_publisher) by extensions ['colcon_pkg']
[0.679s] Level 1:colcon.colcon_core.package_identification:_identify(akari_state_publisher) by extension 'colcon_pkg'
[0.679s] Level 1:colcon.colcon_core.package_identification:_identify(akari_state_publisher) by extensions ['colcon_meta']
[0.679s] Level 1:colcon.colcon_core.package_identification:_identify(akari_state_publisher) by extension 'colcon_meta'
[0.680s] Level 1:colcon.colcon_core.package_identification:_identify(akari_state_publisher) by extensions ['ros']
[0.680s] Level 1:colcon.colcon_core.package_identification:_identify(akari_state_publisher) by extension 'ros'
[0.681s] DEBUG:colcon.colcon_core.package_identification:Package 'akari_state_publisher' with type 'ros.ament_python' and name 'akari_state_publisher'
[0.681s] Level 1:colcon.colcon_core.package_identification:_identify(build) by extensions ['ignore', 'ignore_ament_install']
[0.681s] Level 1:colcon.colcon_core.package_identification:_identify(build) by extension 'ignore'
[0.681s] Level 1:colcon.colcon_core.package_identification:_identify(build) ignored
[0.681s] Level 1:colcon.colcon_core.package_identification:_identify(install) by extensions ['ignore', 'ignore_ament_install']
[0.681s] Level 1:colcon.colcon_core.package_identification:_identify(install) by extension 'ignore'
[0.681s] Level 1:colcon.colcon_core.package_identification:_identify(install) ignored
[0.682s] Level 1:colcon.colcon_core.package_identification:_identify(log) by extensions ['ignore', 'ignore_ament_install']
[0.682s] Level 1:colcon.colcon_core.package_identification:_identify(log) by extension 'ignore'
[0.682s] Level 1:colcon.colcon_core.package_identification:_identify(log) ignored
[0.682s] Level 1:colcon.colcon_core.package_identification:_identify(m5_server) by extensions ['ignore', 'ignore_ament_install']
[0.682s] Level 1:colcon.colcon_core.package_identification:_identify(m5_server) by extension 'ignore'
[0.682s] Level 1:colcon.colcon_core.package_identification:_identify(m5_server) by extension 'ignore_ament_install'
[0.682s] Level 1:colcon.colcon_core.package_identification:_identify(m5_server) by extensions ['colcon_pkg']
[0.682s] Level 1:colcon.colcon_core.package_identification:_identify(m5_server) by extension 'colcon_pkg'
[0.682s] Level 1:colcon.colcon_core.package_identification:_identify(m5_server) by extensions ['colcon_meta']
[0.682s] Level 1:colcon.colcon_core.package_identification:_identify(m5_server) by extension 'colcon_meta'
[0.682s] Level 1:colcon.colcon_core.package_identification:_identify(m5_server) by extensions ['ros']
[0.682s] Level 1:colcon.colcon_core.package_identification:_identify(m5_server) by extension 'ros'
[0.684s] DEBUG:colcon.colcon_core.package_identification:Package 'm5_server' with type 'ros.ament_python' and name 'm5_server'
[0.684s] Level 1:colcon.colcon_core.package_identification:_identify(servo_server) by extensions ['ignore', 'ignore_ament_install']
[0.685s] Level 1:colcon.colcon_core.package_identification:_identify(servo_server) by extension 'ignore'
[0.685s] Level 1:colcon.colcon_core.package_identification:_identify(servo_server) by extension 'ignore_ament_install'
[0.685s] Level 1:colcon.colcon_core.package_identification:_identify(servo_server) by extensions ['colcon_pkg']
[0.685s] Level 1:colcon.colcon_core.package_identification:_identify(servo_server) by extension 'colcon_pkg'
[0.685s] Level 1:colcon.colcon_core.package_identification:_identify(servo_server) by extensions ['colcon_meta']
[0.685s] Level 1:colcon.colcon_core.package_identification:_identify(servo_server) by extension 'colcon_meta'
[0.685s] Level 1:colcon.colcon_core.package_identification:_identify(servo_server) by extensions ['ros']
[0.685s] Level 1:colcon.colcon_core.package_identification:_identify(servo_server) by extension 'ros'
[0.689s] DEBUG:colcon.colcon_core.package_identification:Package 'servo_server' with type 'ros.ament_python' and name 'servo_server'
[0.689s] Level 1:colcon.colcon_core.package_discovery:discover_packages(recursive) using defaults
[0.689s] Level 1:colcon.colcon_core.package_discovery:discover_packages(ignore) discover
[0.690s] Level 1:colcon.colcon_core.package_discovery:discover_packages(ignore) using defaults
[0.690s] Level 1:colcon.colcon_core.package_discovery:discover_packages(path) discover
[0.690s] Level 1:colcon.colcon_core.package_discovery:discover_packages(path) using defaults
[0.734s] Level 1:colcon.colcon_core.package_discovery:discover_packages(prefix_path) check parameters
[0.734s] Level 1:colcon.colcon_core.package_discovery:discover_packages(prefix_path) discover
[0.738s] DEBUG:colcon.colcon_installed_package_information.package_discovery:Found 7 installed packages in /home/akariros/Akari_ros2_humble/install
[0.741s] DEBUG:colcon.colcon_installed_package_information.package_discovery:Found 272 installed packages in /opt/ros/humble
[0.743s] Level 1:colcon.colcon_core.package_discovery:discover_packages(prefix_path) using defaults
[0.840s] Level 5:colcon.colcon_core.verb:set package 'akari_client_example' build argument 'cmake_args' from command line to 'None'
[0.840s] Level 5:colcon.colcon_core.verb:set package 'akari_client_example' build argument 'cmake_target' from command line to 'None'
[0.840s] Level 5:colcon.colcon_core.verb:set package 'akari_client_example' build argument 'cmake_target_skip_unavailable' from command line to 'False'
[0.840s] Level 5:colcon.colcon_core.verb:set package 'akari_client_example' build argument 'cmake_clean_cache' from command line to 'False'
[0.840s] Level 5:colcon.colcon_core.verb:set package 'akari_client_example' build argument 'cmake_clean_first' from command line to 'False'
[0.840s] Level 5:colcon.colcon_core.verb:set package 'akari_client_example' build argument 'cmake_force_configure' from command line to 'False'
[0.840s] Level 5:colcon.colcon_core.verb:set package 'akari_client_example' build argument 'ament_cmake_args' from command line to 'None'
[0.840s] Level 5:colcon.colcon_core.verb:set package 'akari_client_example' build argument 'catkin_cmake_args' from command line to 'None'
[0.840s] Level 5:colcon.colcon_core.verb:set package 'akari_client_example' build argument 'catkin_skip_building_tests' from command line to 'False'
[0.840s] DEBUG:colcon.colcon_core.verb:Building package 'akari_client_example' with the following arguments: {'ament_cmake_args': None, 'build_base': '/home/akariros/Akari_ros2_humble/build/akari_client_example', 'catkin_cmake_args': None, 'catkin_skip_building_tests': False, 'cmake_args': None, 'cmake_clean_cache': False, 'cmake_clean_first': False, 'cmake_force_configure': False, 'cmake_target': None, 'cmake_target_skip_unavailable': False, 'install_base': '/home/akariros/Akari_ros2_humble/install/akari_client_example', 'merge_install': False, 'path': '/home/akariros/Akari_ros2_humble/akari_client_example', 'symlink_install': False, 'test_result_base': None}
[0.842s] Level 5:colcon.colcon_core.verb:set package 'akari_launch' build argument 'cmake_args' from command line to 'None'
[0.842s] Level 5:colcon.colcon_core.verb:set package 'akari_launch' build argument 'cmake_target' from command line to 'None'
[0.842s] Level 5:colcon.colcon_core.verb:set package 'akari_launch' build argument 'cmake_target_skip_unavailable' from command line to 'False'
[0.842s] Level 5:colcon.colcon_core.verb:set package 'akari_launch' build argument 'cmake_clean_cache' from command line to 'False'
[0.842s] Level 5:colcon.colcon_core.verb:set package 'akari_launch' build argument 'cmake_clean_first' from command line to 'False'
[0.842s] Level 5:colcon.colcon_core.verb:set package 'akari_launch' build argument 'cmake_force_configure' from command line to 'False'
[0.842s] Level 5:colcon.colcon_core.verb:set package 'akari_launch' build argument 'ament_cmake_args' from command line to 'None'
[0.842s] Level 5:colcon.colcon_core.verb:set package 'akari_launch' build argument 'catkin_cmake_args' from command line to 'None'
[0.842s] Level 5:colcon.colcon_core.verb:set package 'akari_launch' build argument 'catkin_skip_building_tests' from command line to 'False'
[0.842s] DEBUG:colcon.colcon_core.verb:Building package 'akari_launch' with the following arguments: {'ament_cmake_args': None, 'build_base': '/home/akariros/Akari_ros2_humble/build/akari_launch', 'catkin_cmake_args': None, 'catkin_skip_building_tests': False, 'cmake_args': None, 'cmake_clean_cache': False, 'cmake_clean_first': False, 'cmake_force_configure': False, 'cmake_target': None, 'cmake_target_skip_unavailable': False, 'install_base': '/home/akariros/Akari_ros2_humble/install/akari_launch', 'merge_install': False, 'path': '/home/akariros/Akari_ros2_humble/akari_launch', 'symlink_install': False, 'test_result_base': None}
[0.844s] Level 5:colcon.colcon_core.verb:set package 'akari_msgs' build argument 'cmake_args' from command line to 'None'
[0.844s] Level 5:colcon.colcon_core.verb:set package 'akari_msgs' build argument 'cmake_target' from command line to 'None'
[0.844s] Level 5:colcon.colcon_core.verb:set package 'akari_msgs' build argument 'cmake_target_skip_unavailable' from command line to 'False'
[0.844s] Level 5:colcon.colcon_core.verb:set package 'akari_msgs' build argument 'cmake_clean_cache' from command line to 'False'
[0.844s] Level 5:colcon.colcon_core.verb:set package 'akari_msgs' build argument 'cmake_clean_first' from command line to 'False'
[0.844s] Level 5:colcon.colcon_core.verb:set package 'akari_msgs' build argument 'cmake_force_configure' from command line to 'False'
[0.844s] Level 5:colcon.colcon_core.verb:set package 'akari_msgs' build argument 'ament_cmake_args' from command line to 'None'
[0.844s] Level 5:colcon.colcon_core.verb:set package 'akari_msgs' build argument 'catkin_cmake_args' from command line to 'None'
[0.844s] Level 5:colcon.colcon_core.verb:set package 'akari_msgs' build argument 'catkin_skip_building_tests' from command line to 'False'
[0.844s] DEBUG:colcon.colcon_core.verb:Building package 'akari_msgs' with the following arguments: {'ament_cmake_args': None, 'build_base': '/home/akariros/Akari_ros2_humble/build/akari_msgs', 'catkin_cmake_args': None, 'catkin_skip_building_tests': False, 'cmake_args': None, 'cmake_clean_cache': False, 'cmake_clean_first': False, 'cmake_force_configure': False, 'cmake_target': None, 'cmake_target_skip_unavailable': False, 'install_base': '/home/akariros/Akari_ros2_humble/install/akari_msgs', 'merge_install': False, 'path': '/home/akariros/Akari_ros2_humble/akari_msgs', 'symlink_install': False, 'test_result_base': None}
[0.845s] Level 5:colcon.colcon_core.verb:set package 'akari_setting_publisher' build argument 'cmake_args' from command line to 'None'
[0.845s] Level 5:colcon.colcon_core.verb:set package 'akari_setting_publisher' build argument 'cmake_target' from command line to 'None'
[0.845s] Level 5:colcon.colcon_core.verb:set package 'akari_setting_publisher' build argument 'cmake_target_skip_unavailable' from command line to 'False'
[0.845s] Level 5:colcon.colcon_core.verb:set package 'akari_setting_publisher' build argument 'cmake_clean_cache' from command line to 'False'
[0.846s] Level 5:colcon.colcon_core.verb:set package 'akari_setting_publisher' build argument 'cmake_clean_first' from command line to 'False'
[0.846s] Level 5:colcon.colcon_core.verb:set package 'akari_setting_publisher' build argument 'cmake_force_configure' from command line to 'False'
[0.846s] Level 5:colcon.colcon_core.verb:set package 'akari_setting_publisher' build argument 'ament_cmake_args' from command line to 'None'
[0.846s] Level 5:colcon.colcon_core.verb:set package 'akari_setting_publisher' build argument 'catkin_cmake_args' from command line to 'None'
[0.846s] Level 5:colcon.colcon_core.verb:set package 'akari_setting_publisher' build argument 'catkin_skip_building_tests' from command line to 'False'
[0.846s] DEBUG:colcon.colcon_core.verb:Building package 'akari_setting_publisher' with the following arguments: {'ament_cmake_args': None, 'build_base': '/home/akariros/Akari_ros2_humble/build/akari_setting_publisher', 'catkin_cmake_args': None, 'catkin_skip_building_tests': False, 'cmake_args': None, 'cmake_clean_cache': False, 'cmake_clean_first': False, 'cmake_force_configure': False, 'cmake_target': None, 'cmake_target_skip_unavailable': False, 'install_base': '/home/akariros/Akari_ros2_humble/install/akari_setting_publisher', 'merge_install': False, 'path': '/home/akariros/Akari_ros2_humble/akari_setting_publisher', 'symlink_install': False, 'test_result_base': None}
[0.847s] Level 5:colcon.colcon_core.verb:set package 'akari_state_publisher' build argument 'cmake_args' from command line to 'None'
[0.847s] Level 5:colcon.colcon_core.verb:set package 'akari_state_publisher' build argument 'cmake_target' from command line to 'None'
[0.847s] Level 5:colcon.colcon_core.verb:set package 'akari_state_publisher' build argument 'cmake_target_skip_unavailable' from command line to 'False'
[0.847s] Level 5:colcon.colcon_core.verb:set package 'akari_state_publisher' build argument 'cmake_clean_cache' from command line to 'False'
[0.847s] Level 5:colcon.colcon_core.verb:set package 'akari_state_publisher' build argument 'cmake_clean_first' from command line to 'False'
[0.847s] Level 5:colcon.colcon_core.verb:set package 'akari_state_publisher' build argument 'cmake_force_configure' from command line to 'False'
[0.847s] Level 5:colcon.colcon_core.verb:set package 'akari_state_publisher' build argument 'ament_cmake_args' from command line to 'None'
[0.847s] Level 5:colcon.colcon_core.verb:set package 'akari_state_publisher' build argument 'catkin_cmake_args' from command line to 'None'
[0.847s] Level 5:colcon.colcon_core.verb:set package 'akari_state_publisher' build argument 'catkin_skip_building_tests' from command line to 'False'
[0.847s] DEBUG:colcon.colcon_core.verb:Building package 'akari_state_publisher' with the following arguments: {'ament_cmake_args': None, 'build_base': '/home/akariros/Akari_ros2_humble/build/akari_state_publisher', 'catkin_cmake_args': None, 'catkin_skip_building_tests': False, 'cmake_args': None, 'cmake_clean_cache': False, 'cmake_clean_first': False, 'cmake_force_configure': False, 'cmake_target': None, 'cmake_target_skip_unavailable': False, 'install_base': '/home/akariros/Akari_ros2_humble/install/akari_state_publisher', 'merge_install': False, 'path': '/home/akariros/Akari_ros2_humble/akari_state_publisher', 'symlink_install': False, 'test_result_base': None}
[0.849s] Level 5:colcon.colcon_core.verb:set package 'm5_server' build argument 'cmake_args' from command line to 'None'
[0.849s] Level 5:colcon.colcon_core.verb:set package 'm5_server' build argument 'cmake_target' from command line to 'None'
[0.849s] Level 5:colcon.colcon_core.verb:set package 'm5_server' build argument 'cmake_target_skip_unavailable' from command line to 'False'
[0.849s] Level 5:colcon.colcon_core.verb:set package 'm5_server' build argument 'cmake_clean_cache' from command line to 'False'
[0.849s] Level 5:colcon.colcon_core.verb:set package 'm5_server' build argument 'cmake_clean_first' from command line to 'False'
[0.849s] Level 5:colcon.colcon_core.verb:set package 'm5_server' build argument 'cmake_force_configure' from command line to 'False'
[0.849s] Level 5:colcon.colcon_core.verb:set package 'm5_server' build argument 'ament_cmake_args' from command line to 'None'
[0.849s] Level 5:colcon.colcon_core.verb:set package 'm5_server' build argument 'catkin_cmake_args' from command line to 'None'
[0.849s] Level 5:colcon.colcon_core.verb:set package 'm5_server' build argument 'catkin_skip_building_tests' from command line to 'False'
[0.849s] DEBUG:colcon.colcon_core.verb:Building package 'm5_server' with the following arguments: {'ament_cmake_args': None, 'build_base': '/home/akariros/Akari_ros2_humble/build/m5_server', 'catkin_cmake_args': None, 'catkin_skip_building_tests': False, 'cmake_args': None, 'cmake_clean_cache': False, 'cmake_clean_first': False, 'cmake_force_configure': False, 'cmake_target': None, 'cmake_target_skip_unavailable': False, 'install_base': '/home/akariros/Akari_ros2_humble/install/m5_server', 'merge_install': False, 'path': '/home/akariros/Akari_ros2_humble/m5_server', 'symlink_install': False, 'test_result_base': None}
[0.850s] Level 5:colcon.colcon_core.verb:set package 'servo_server' build argument 'cmake_args' from command line to 'None'
[0.850s] Level 5:colcon.colcon_core.verb:set package 'servo_server' build argument 'cmake_target' from command line to 'None'
[0.851s] Level 5:colcon.colcon_core.verb:set package 'servo_server' build argument 'cmake_target_skip_unavailable' from command line to 'False'
[0.851s] Level 5:colcon.colcon_core.verb:set package 'servo_server' build argument 'cmake_clean_cache' from command line to 'False'
[0.851s] Level 5:colcon.colcon_core.verb:set package 'servo_server' build argument 'cmake_clean_first' from command line to 'False'
[0.851s] Level 5:colcon.colcon_core.verb:set package 'servo_server' build argument 'cmake_force_configure' from command line to 'False'
[0.851s] Level 5:colcon.colcon_core.verb:set package 'servo_server' build argument 'ament_cmake_args' from command line to 'None'
[0.851s] Level 5:colcon.colcon_core.verb:set package 'servo_server' build argument 'catkin_cmake_args' from command line to 'None'
[0.851s] Level 5:colcon.colcon_core.verb:set package 'servo_server' build argument 'catkin_skip_building_tests' from command line to 'False'
[0.851s] DEBUG:colcon.colcon_core.verb:Building package 'servo_server' with the following arguments: {'ament_cmake_args': None, 'build_base': '/home/akariros/Akari_ros2_humble/build/servo_server', 'catkin_cmake_args': None, 'catkin_skip_building_tests': False, 'cmake_args': None, 'cmake_clean_cache': False, 'cmake_clean_first': False, 'cmake_force_configure': False, 'cmake_target': None, 'cmake_target_skip_unavailable': False, 'install_base': '/home/akariros/Akari_ros2_humble/install/servo_server', 'merge_install': False, 'path': '/home/akariros/Akari_ros2_humble/servo_server', 'symlink_install': False, 'test_result_base': None}
[0.852s] INFO:colcon.colcon_core.executor:Executing jobs using 'parallel' executor
[0.857s] DEBUG:colcon.colcon_parallel_executor.executor.parallel:run_until_complete
[0.857s] INFO:colcon.colcon_ros.task.ament_python.build:Building ROS package in '/home/akariros/Akari_ros2_humble/akari_client_example' with build type 'ament_python'
[0.858s] Level 1:colcon.colcon_core.shell:create_environment_hook('akari_client_example', 'ament_prefix_path')
[0.866s] INFO:colcon.colcon_core.plugin_system:Skipping extension 'colcon_core.shell.bat': Not used on non-Windows systems
[0.866s] INFO:colcon.colcon_core.shell:Creating environment hook '/home/akariros/Akari_ros2_humble/install/akari_client_example/share/akari_client_example/hook/ament_prefix_path.ps1'
[0.867s] INFO:colcon.colcon_core.shell:Creating environment descriptor '/home/akariros/Akari_ros2_humble/install/akari_client_example/share/akari_client_example/hook/ament_prefix_path.dsv'
[0.868s] INFO:colcon.colcon_core.shell:Creating environment hook '/home/akariros/Akari_ros2_humble/install/akari_client_example/share/akari_client_example/hook/ament_prefix_path.sh'
[0.871s] INFO:colcon.colcon_core.shell:Skip shell extension 'powershell' for command environment: Not usable outside of PowerShell
[0.871s] DEBUG:colcon.colcon_core.shell:Skip shell extension 'dsv' for command environment
[0.879s] INFO:colcon.colcon_ros.task.ament_python.build:Building ROS package in '/home/akariros/Akari_ros2_humble/akari_launch' with build type 'ament_python'
[0.880s] Level 1:colcon.colcon_core.shell:create_environment_hook('akari_launch', 'ament_prefix_path')
[0.883s] INFO:colcon.colcon_core.shell:Creating environment hook '/home/akariros/Akari_ros2_humble/install/akari_launch/share/akari_launch/hook/ament_prefix_path.ps1'
[0.884s] INFO:colcon.colcon_core.shell:Creating environment descriptor '/home/akariros/Akari_ros2_humble/install/akari_launch/share/akari_launch/hook/ament_prefix_path.dsv'
[0.885s] INFO:colcon.colcon_core.shell:Creating environment hook '/home/akariros/Akari_ros2_humble/install/akari_launch/share/akari_launch/hook/ament_prefix_path.sh'
[0.889s] INFO:colcon.colcon_core.shell:Skip shell extension 'powershell' for command environment: Not usable outside of PowerShell
[0.889s] DEBUG:colcon.colcon_core.shell:Skip shell extension 'dsv' for command environment
[0.899s] INFO:colcon.colcon_ros.task.ament_cmake.build:Building ROS package in '/home/akariros/Akari_ros2_humble/akari_msgs' with build type 'ament_cmake'
[0.899s] INFO:colcon.colcon_cmake.task.cmake.build:Building CMake package in '/home/akariros/Akari_ros2_humble/akari_msgs'
[0.903s] INFO:colcon.colcon_core.shell:Skip shell extension 'powershell' for command environment: Not usable outside of PowerShell
[0.903s] DEBUG:colcon.colcon_core.shell:Skip shell extension 'dsv' for command environment
[0.910s] INFO:colcon.colcon_ros.task.ament_python.build:Building ROS package in '/home/akariros/Akari_ros2_humble/akari_setting_publisher' with build type 'ament_python'
[0.911s] Level 1:colcon.colcon_core.shell:create_environment_hook('akari_setting_publisher', 'ament_prefix_path')
[0.913s] INFO:colcon.colcon_core.shell:Creating environment hook '/home/akariros/Akari_ros2_humble/install/akari_setting_publisher/share/akari_setting_publisher/hook/ament_prefix_path.ps1'
[0.914s] INFO:colcon.colcon_core.shell:Creating environment descriptor '/home/akariros/Akari_ros2_humble/install/akari_setting_publisher/share/akari_setting_publisher/hook/ament_prefix_path.dsv'
[0.914s] INFO:colcon.colcon_core.shell:Creating environment hook '/home/akariros/Akari_ros2_humble/install/akari_setting_publisher/share/akari_setting_publisher/hook/ament_prefix_path.sh'
[0.917s] INFO:colcon.colcon_core.shell:Skip shell extension 'powershell' for command environment: Not usable outside of PowerShell
[0.917s] DEBUG:colcon.colcon_core.shell:Skip shell extension 'dsv' for command environment
[1.402s] INFO:colcon.colcon_core.task.python.build:Building Python package in '/home/akariros/Akari_ros2_humble/akari_client_example'
[1.404s] INFO:colcon.colcon_core.shell:Skip shell extension 'powershell' for command environment: Not usable outside of PowerShell
[1.404s] DEBUG:colcon.colcon_core.shell:Skip shell extension 'dsv' for command environment
[1.918s] INFO:colcon.colcon_core.task.python.build:Building Python package in '/home/akariros/Akari_ros2_humble/akari_launch'
[1.921s] INFO:colcon.colcon_core.shell:Skip shell extension 'powershell' for command environment: Not usable outside of PowerShell
[1.921s] DEBUG:colcon.colcon_core.shell:Skip shell extension 'dsv' for command environment
[1.939s] DEBUG:colcon.colcon_core.event_handler.log_command:Invoking command in '/home/akariros/Akari_ros2_humble/build/akari_msgs': CMAKE_PREFIX_PATH=${CMAKE_PREFIX_PATH}:/home/akariros/Akari_ros2_humble/install/servo_server:/home/akariros/Akari_ros2_humble/install/m5_server:/home/akariros/Akari_ros2_humble/install/akari_state_publisher:/home/akariros/Akari_ros2_humble/install/akari_setting_publisher:/home/akariros/Akari_ros2_humble/install/akari_launch:/home/akariros/Akari_ros2_humble/install/akari_client_example:/opt/ros/humble /usr/bin/cmake --build /home/akariros/Akari_ros2_humble/build/akari_msgs -- -j4 -l4
[2.834s] INFO:colcon.colcon_core.task.python.build:Building Python package in '/home/akariros/Akari_ros2_humble/akari_setting_publisher'
[2.838s] INFO:colcon.colcon_core.shell:Skip shell extension 'powershell' for command environment: Not usable outside of PowerShell
[2.838s] DEBUG:colcon.colcon_core.shell:Skip shell extension 'dsv' for command environment
[3.489s] DEBUG:colcon.colcon_core.event_handler.log_command:Invoked command in '/home/akariros/Akari_ros2_humble/build/akari_msgs' returned '0': CMAKE_PREFIX_PATH=${CMAKE_PREFIX_PATH}:/home/akariros/Akari_ros2_humble/install/servo_server:/home/akariros/Akari_ros2_humble/install/m5_server:/home/akariros/Akari_ros2_humble/install/akari_state_publisher:/home/akariros/Akari_ros2_humble/install/akari_setting_publisher:/home/akariros/Akari_ros2_humble/install/akari_launch:/home/akariros/Akari_ros2_humble/install/akari_client_example:/opt/ros/humble /usr/bin/cmake --build /home/akariros/Akari_ros2_humble/build/akari_msgs -- -j4 -l4
[4.177s] DEBUG:colcon.colcon_core.event_handler.log_command:Invoking command in '/home/akariros/Akari_ros2_humble/akari_launch': PYTHONPATH=/home/akariros/Akari_ros2_humble/build/akari_launch/prefix_override:/home/akariros/Akari_ros2_humble/install/akari_launch/lib/python3.10/site-packages:${PYTHONPATH} /usr/bin/python3 setup.py egg_info --egg-base ../build/akari_launch build --build-base /home/akariros/Akari_ros2_humble/build/akari_launch/build install --record /home/akariros/Akari_ros2_humble/build/akari_launch/install.log --single-version-externally-managed
[4.233s] DEBUG:colcon.colcon_core.event_handler.log_command:Invoking command in '/home/akariros/Akari_ros2_humble/akari_setting_publisher': PYTHONPATH=/home/akariros/Akari_ros2_humble/build/akari_setting_publisher/prefix_override:/home/akariros/Akari_ros2_humble/install/akari_setting_publisher/lib/python3.10/site-packages:${PYTHONPATH} /usr/bin/python3 setup.py egg_info --egg-base ../build/akari_setting_publisher build --build-base /home/akariros/Akari_ros2_humble/build/akari_setting_publisher/build install --record /home/akariros/Akari_ros2_humble/build/akari_setting_publisher/install.log --single-version-externally-managed
[4.382s] DEBUG:colcon.colcon_core.event_handler.log_command:Invoking command in '/home/akariros/Akari_ros2_humble/akari_client_example': PYTHONPATH=/home/akariros/Akari_ros2_humble/build/akari_client_example/prefix_override:/home/akariros/Akari_ros2_humble/install/akari_client_example/lib/python3.10/site-packages:${PYTHONPATH} /usr/bin/python3 setup.py egg_info --egg-base ../build/akari_client_example build --build-base /home/akariros/Akari_ros2_humble/build/akari_client_example/build install --record /home/akariros/Akari_ros2_humble/build/akari_client_example/install.log --single-version-externally-managed
[5.214s] DEBUG:colcon.colcon_core.event_handler.log_command:Invoked command in '/home/akariros/Akari_ros2_humble/akari_launch' returned '0': PYTHONPATH=/home/akariros/Akari_ros2_humble/build/akari_launch/prefix_override:/home/akariros/Akari_ros2_humble/install/akari_launch/lib/python3.10/site-packages:${PYTHONPATH} /usr/bin/python3 setup.py egg_info --egg-base ../build/akari_launch build --build-base /home/akariros/Akari_ros2_humble/build/akari_launch/build install --record /home/akariros/Akari_ros2_humble/build/akari_launch/install.log --single-version-externally-managed
[5.223s] Level 1:colcon.colcon_core.environment:checking '/home/akariros/Akari_ros2_humble/install/akari_launch' for CMake module files
[5.224s] Level 1:colcon.colcon_core.environment:checking '/home/akariros/Akari_ros2_humble/install/akari_launch' for CMake config files
[5.226s] Level 1:colcon.colcon_core.environment:checking '/home/akariros/Akari_ros2_humble/install/akari_launch/lib'
[5.226s] Level 1:colcon.colcon_core.environment:checking '/home/akariros/Akari_ros2_humble/install/akari_launch/bin'
[5.226s] Level 1:colcon.colcon_core.environment:checking '/home/akariros/Akari_ros2_humble/install/akari_launch/lib/pkgconfig/akari_launch.pc'
[5.227s] Level 1:colcon.colcon_core.environment:checking '/home/akariros/Akari_ros2_humble/install/akari_launch/lib/python3.10/site-packages'
[5.227s] Level 1:colcon.colcon_core.shell:create_environment_hook('akari_launch', 'pythonpath')
[5.232s] INFO:colcon.colcon_core.shell:Creating environment hook '/home/akariros/Akari_ros2_humble/install/akari_launch/share/akari_launch/hook/pythonpath.ps1'
[5.233s] INFO:colcon.colcon_core.shell:Creating environment descriptor '/home/akariros/Akari_ros2_humble/install/akari_launch/share/akari_launch/hook/pythonpath.dsv'
[5.234s] INFO:colcon.colcon_core.shell:Creating environment hook '/home/akariros/Akari_ros2_humble/install/akari_launch/share/akari_launch/hook/pythonpath.sh'
[5.235s] Level 1:colcon.colcon_core.environment:checking '/home/akariros/Akari_ros2_humble/install/akari_launch/bin'
[5.235s] Level 1:colcon.colcon_core.environment:create_environment_scripts_only(akari_launch)
[5.240s] INFO:colcon.colcon_core.shell:Creating package script '/home/akariros/Akari_ros2_humble/install/akari_launch/share/akari_launch/package.ps1'
[5.242s] INFO:colcon.colcon_core.shell:Creating package descriptor '/home/akariros/Akari_ros2_humble/install/akari_launch/share/akari_launch/package.dsv'
[5.244s] INFO:colcon.colcon_core.shell:Creating package script '/home/akariros/Akari_ros2_humble/install/akari_launch/share/akari_launch/package.sh'
[5.248s] INFO:colcon.colcon_core.shell:Creating package script '/home/akariros/Akari_ros2_humble/install/akari_launch/share/akari_launch/package.bash'
[5.251s] INFO:colcon.colcon_core.shell:Creating package script '/home/akariros/Akari_ros2_humble/install/akari_launch/share/akari_launch/package.zsh'
[5.253s] Level 1:colcon.colcon_core.environment:create_file_with_runtime_dependencies(/home/akariros/Akari_ros2_humble/install/akari_launch/share/colcon-core/packages/akari_launch)
[5.255s] INFO:colcon.colcon_ros.task.ament_python.build:Building ROS package in '/home/akariros/Akari_ros2_humble/akari_state_publisher' with build type 'ament_python'
[5.256s] Level 1:colcon.colcon_core.shell:create_environment_hook('akari_state_publisher', 'ament_prefix_path')
[5.260s] INFO:colcon.colcon_core.shell:Creating environment hook '/home/akariros/Akari_ros2_humble/install/akari_state_publisher/share/akari_state_publisher/hook/ament_prefix_path.ps1'
[5.263s] INFO:colcon.colcon_core.shell:Creating environment descriptor '/home/akariros/Akari_ros2_humble/install/akari_state_publisher/share/akari_state_publisher/hook/ament_prefix_path.dsv'
[5.264s] INFO:colcon.colcon_core.shell:Creating environment hook '/home/akariros/Akari_ros2_humble/install/akari_state_publisher/share/akari_state_publisher/hook/ament_prefix_path.sh'
[5.277s] INFO:colcon.colcon_core.shell:Skip shell extension 'powershell' for command environment: Not usable outside of PowerShell
[5.277s] DEBUG:colcon.colcon_core.shell:Skip shell extension 'dsv' for command environment
[5.327s] DEBUG:colcon.colcon_core.event_handler.log_command:Invoked command in '/home/akariros/Akari_ros2_humble/akari_setting_publisher' returned '0': PYTHONPATH=/home/akariros/Akari_ros2_humble/build/akari_setting_publisher/prefix_override:/home/akariros/Akari_ros2_humble/install/akari_setting_publisher/lib/python3.10/site-packages:${PYTHONPATH} /usr/bin/python3 setup.py egg_info --egg-base ../build/akari_setting_publisher build --build-base /home/akariros/Akari_ros2_humble/build/akari_setting_publisher/build install --record /home/akariros/Akari_ros2_humble/build/akari_setting_publisher/install.log --single-version-externally-managed
[5.330s] Level 1:colcon.colcon_core.environment:checking '/home/akariros/Akari_ros2_humble/install/akari_setting_publisher' for CMake module files
[5.332s] Level 1:colcon.colcon_core.environment:checking '/home/akariros/Akari_ros2_humble/install/akari_setting_publisher' for CMake config files
[5.334s] Level 1:colcon.colcon_core.environment:checking '/home/akariros/Akari_ros2_humble/install/akari_setting_publisher/lib'
[5.334s] Level 1:colcon.colcon_core.environment:checking '/home/akariros/Akari_ros2_humble/install/akari_setting_publisher/bin'
[5.334s] Level 1:colcon.colcon_core.environment:checking '/home/akariros/Akari_ros2_humble/install/akari_setting_publisher/lib/pkgconfig/akari_setting_publisher.pc'
[5.335s] Level 1:colcon.colcon_core.environment:checking '/home/akariros/Akari_ros2_humble/install/akari_setting_publisher/lib/python3.10/site-packages'
[5.335s] Level 1:colcon.colcon_core.shell:create_environment_hook('akari_setting_publisher', 'pythonpath')
[5.341s] INFO:colcon.colcon_core.shell:Creating environment hook '/home/akariros/Akari_ros2_humble/install/akari_setting_publisher/share/akari_setting_publisher/hook/pythonpath.ps1'
[5.342s] INFO:colcon.colcon_core.shell:Creating environment descriptor '/home/akariros/Akari_ros2_humble/install/akari_setting_publisher/share/akari_setting_publisher/hook/pythonpath.dsv'
[5.343s] INFO:colcon.colcon_core.shell:Creating environment hook '/home/akariros/Akari_ros2_humble/install/akari_setting_publisher/share/akari_setting_publisher/hook/pythonpath.sh'
[5.345s] Level 1:colcon.colcon_core.environment:checking '/home/akariros/Akari_ros2_humble/install/akari_setting_publisher/bin'
[5.345s] Level 1:colcon.colcon_core.environment:create_environment_scripts_only(akari_setting_publisher)
[5.351s] INFO:colcon.colcon_core.shell:Creating package script '/home/akariros/Akari_ros2_humble/install/akari_setting_publisher/share/akari_setting_publisher/package.ps1'
[5.352s] INFO:colcon.colcon_core.shell:Creating package descriptor '/home/akariros/Akari_ros2_humble/install/akari_setting_publisher/share/akari_setting_publisher/package.dsv'
[5.353s] INFO:colcon.colcon_core.shell:Creating package script '/home/akariros/Akari_ros2_humble/install/akari_setting_publisher/share/akari_setting_publisher/package.sh'
[5.355s] INFO:colcon.colcon_core.shell:Creating package script '/home/akariros/Akari_ros2_humble/install/akari_setting_publisher/share/akari_setting_publisher/package.bash'
[5.356s] INFO:colcon.colcon_core.shell:Creating package script '/home/akariros/Akari_ros2_humble/install/akari_setting_publisher/share/akari_setting_publisher/package.zsh'
[5.357s] Level 1:colcon.colcon_core.environment:create_file_with_runtime_dependencies(/home/akariros/Akari_ros2_humble/install/akari_setting_publisher/share/colcon-core/packages/akari_setting_publisher)
[5.360s] INFO:colcon.colcon_ros.task.ament_python.build:Building ROS package in '/home/akariros/Akari_ros2_humble/m5_server' with build type 'ament_python'
[5.361s] Level 1:colcon.colcon_core.shell:create_environment_hook('m5_server', 'ament_prefix_path')
[5.366s] INFO:colcon.colcon_core.shell:Creating environment hook '/home/akariros/Akari_ros2_humble/install/m5_server/share/m5_server/hook/ament_prefix_path.ps1'
[5.368s] INFO:colcon.colcon_core.shell:Creating environment descriptor '/home/akariros/Akari_ros2_humble/install/m5_server/share/m5_server/hook/ament_prefix_path.dsv'
[5.374s] INFO:colcon.colcon_core.shell:Creating environment hook '/home/akariros/Akari_ros2_humble/install/m5_server/share/m5_server/hook/ament_prefix_path.sh'
[5.381s] INFO:colcon.colcon_core.shell:Skip shell extension 'powershell' for command environment: Not usable outside of PowerShell
[5.381s] DEBUG:colcon.colcon_core.shell:Skip shell extension 'dsv' for command environment
[6.091s] INFO:colcon.colcon_core.task.python.build:Building Python package in '/home/akariros/Akari_ros2_humble/akari_state_publisher'
[6.094s] INFO:colcon.colcon_core.shell:Skip shell extension 'powershell' for command environment: Not usable outside of PowerShell
[6.094s] DEBUG:colcon.colcon_core.shell:Skip shell extension 'dsv' for command environment
[6.111s] Level 1:colcon.colcon_core.environment:checking '/home/akariros/Akari_ros2_humble/install/akari_client_example' for CMake module files
[6.112s] DEBUG:colcon.colcon_core.event_handler.log_command:Invoked command in '/home/akariros/Akari_ros2_humble/akari_client_example' returned '0': PYTHONPATH=/home/akariros/Akari_ros2_humble/build/akari_client_example/prefix_override:/home/akariros/Akari_ros2_humble/install/akari_client_example/lib/python3.10/site-packages:${PYTHONPATH} /usr/bin/python3 setup.py egg_info --egg-base ../build/akari_client_example build --build-base /home/akariros/Akari_ros2_humble/build/akari_client_example/build install --record /home/akariros/Akari_ros2_humble/build/akari_client_example/install.log --single-version-externally-managed
[6.114s] Level 1:colcon.colcon_core.environment:checking '/home/akariros/Akari_ros2_humble/install/akari_client_example' for CMake config files
[6.115s] Level 1:colcon.colcon_core.environment:checking '/home/akariros/Akari_ros2_humble/install/akari_client_example/lib'
[6.115s] Level 1:colcon.colcon_core.environment:checking '/home/akariros/Akari_ros2_humble/install/akari_client_example/bin'
[6.115s] Level 1:colcon.colcon_core.environment:checking '/home/akariros/Akari_ros2_humble/install/akari_client_example/lib/pkgconfig/akari_client_example.pc'
[6.116s] Level 1:colcon.colcon_core.environment:checking '/home/akariros/Akari_ros2_humble/install/akari_client_example/lib/python3.10/site-packages'
[6.116s] Level 1:colcon.colcon_core.shell:create_environment_hook('akari_client_example', 'pythonpath')
[6.121s] INFO:colcon.colcon_core.shell:Creating environment hook '/home/akariros/Akari_ros2_humble/install/akari_client_example/share/akari_client_example/hook/pythonpath.ps1'
[6.121s] INFO:colcon.colcon_core.shell:Creating environment descriptor '/home/akariros/Akari_ros2_humble/install/akari_client_example/share/akari_client_example/hook/pythonpath.dsv'
[6.122s] INFO:colcon.colcon_core.shell:Creating environment hook '/home/akariros/Akari_ros2_humble/install/akari_client_example/share/akari_client_example/hook/pythonpath.sh'
[6.123s] Level 1:colcon.colcon_core.environment:checking '/home/akariros/Akari_ros2_humble/install/akari_client_example/bin'
[6.123s] Level 1:colcon.colcon_core.environment:create_environment_scripts_only(akari_client_example)
[6.126s] INFO:colcon.colcon_core.shell:Creating package script '/home/akariros/Akari_ros2_humble/install/akari_client_example/share/akari_client_example/package.ps1'
[6.126s] INFO:colcon.colcon_core.shell:Creating package descriptor '/home/akariros/Akari_ros2_humble/install/akari_client_example/share/akari_client_example/package.dsv'
[6.127s] INFO:colcon.colcon_core.shell:Creating package script '/home/akariros/Akari_ros2_humble/install/akari_client_example/share/akari_client_example/package.sh'
[6.128s] INFO:colcon.colcon_core.shell:Creating package script '/home/akariros/Akari_ros2_humble/install/akari_client_example/share/akari_client_example/package.bash'
[6.129s] INFO:colcon.colcon_core.shell:Creating package script '/home/akariros/Akari_ros2_humble/install/akari_client_example/share/akari_client_example/package.zsh'
[6.130s] Level 1:colcon.colcon_core.environment:create_file_with_runtime_dependencies(/home/akariros/Akari_ros2_humble/install/akari_client_example/share/colcon-core/packages/akari_client_example)
[6.149s] DEBUG:colcon.colcon_core.event_handler.log_command:Invoking command in '/home/akariros/Akari_ros2_humble/build/akari_msgs': CMAKE_PREFIX_PATH=${CMAKE_PREFIX_PATH}:/home/akariros/Akari_ros2_humble/install/servo_server:/home/akariros/Akari_ros2_humble/install/m5_server:/home/akariros/Akari_ros2_humble/install/akari_state_publisher:/home/akariros/Akari_ros2_humble/install/akari_setting_publisher:/home/akariros/Akari_ros2_humble/install/akari_launch:/home/akariros/Akari_ros2_humble/install/akari_client_example:/opt/ros/humble /usr/bin/cmake --install /home/akariros/Akari_ros2_humble/build/akari_msgs
[6.783s] INFO:colcon.colcon_core.task.python.build:Building Python package in '/home/akariros/Akari_ros2_humble/m5_server'
[6.785s] INFO:colcon.colcon_core.shell:Skip shell extension 'powershell' for command environment: Not usable outside of PowerShell
[6.785s] DEBUG:colcon.colcon_core.shell:Skip shell extension 'dsv' for command environment
[6.793s] INFO:colcon.colcon_ros.task.ament_python.build:Building ROS package in '/home/akariros/Akari_ros2_humble/servo_server' with build type 'ament_python'
[6.794s] Level 1:colcon.colcon_core.shell:create_environment_hook('servo_server', 'ament_prefix_path')
[6.798s] INFO:colcon.colcon_core.shell:Creating environment hook '/home/akariros/Akari_ros2_humble/install/servo_server/share/servo_server/hook/ament_prefix_path.ps1'
[6.799s] INFO:colcon.colcon_core.shell:Creating environment descriptor '/home/akariros/Akari_ros2_humble/install/servo_server/share/servo_server/hook/ament_prefix_path.dsv'
[6.799s] INFO:colcon.colcon_core.shell:Creating environment hook '/home/akariros/Akari_ros2_humble/install/servo_server/share/servo_server/hook/ament_prefix_path.sh'
[6.802s] INFO:colcon.colcon_core.shell:Skip shell extension 'powershell' for command environment: Not usable outside of PowerShell
[6.803s] DEBUG:colcon.colcon_core.shell:Skip shell extension 'dsv' for command environment
[7.732s] INFO:colcon.colcon_core.task.python.build:Building Python package in '/home/akariros/Akari_ros2_humble/servo_server'
[7.736s] INFO:colcon.colcon_core.shell:Skip shell extension 'powershell' for command environment: Not usable outside of PowerShell
[7.737s] DEBUG:colcon.colcon_core.shell:Skip shell extension 'dsv' for command environment
[7.752s] Level 1:colcon.colcon_core.environment:create_environment_scripts_only(akari_msgs)
[7.758s] Level 1:colcon.colcon_core.environment:checking '/home/akariros/Akari_ros2_humble/install/akari_msgs' for CMake module files
[7.759s] DEBUG:colcon.colcon_core.event_handler.log_command:Invoked command in '/home/akariros/Akari_ros2_humble/build/akari_msgs' returned '0': CMAKE_PREFIX_PATH=${CMAKE_PREFIX_PATH}:/home/akariros/Akari_ros2_humble/install/servo_server:/home/akariros/Akari_ros2_humble/install/m5_server:/home/akariros/Akari_ros2_humble/install/akari_state_publisher:/home/akariros/Akari_ros2_humble/install/akari_setting_publisher:/home/akariros/Akari_ros2_humble/install/akari_launch:/home/akariros/Akari_ros2_humble/install/akari_client_example:/opt/ros/humble /usr/bin/cmake --install /home/akariros/Akari_ros2_humble/build/akari_msgs
[7.761s] Level 1:colcon.colcon_core.environment:checking '/home/akariros/Akari_ros2_humble/install/akari_msgs' for CMake config files
[7.762s] Level 1:colcon.colcon_core.shell:create_environment_hook('akari_msgs', 'cmake_prefix_path')
[7.769s] INFO:colcon.colcon_core.shell:Creating environment hook '/home/akariros/Akari_ros2_humble/install/akari_msgs/share/akari_msgs/hook/cmake_prefix_path.ps1'
[7.770s] INFO:colcon.colcon_core.shell:Creating environment descriptor '/home/akariros/Akari_ros2_humble/install/akari_msgs/share/akari_msgs/hook/cmake_prefix_path.dsv'
[7.772s] INFO:colcon.colcon_core.shell:Creating environment hook '/home/akariros/Akari_ros2_humble/install/akari_msgs/share/akari_msgs/hook/cmake_prefix_path.sh'
[7.773s] Level 1:colcon.colcon_core.environment:checking '/home/akariros/Akari_ros2_humble/install/akari_msgs/lib'
[7.774s] Level 1:colcon.colcon_core.shell:create_environment_hook('akari_msgs', 'ld_library_path_lib')
[7.778s] INFO:colcon.colcon_core.shell:Creating environment hook '/home/akariros/Akari_ros2_humble/install/akari_msgs/share/akari_msgs/hook/ld_library_path_lib.ps1'
[7.779s] INFO:colcon.colcon_core.shell:Creating environment descriptor '/home/akariros/Akari_ros2_humble/install/akari_msgs/share/akari_msgs/hook/ld_library_path_lib.dsv'
[7.780s] INFO:colcon.colcon_core.shell:Creating environment hook '/home/akariros/Akari_ros2_humble/install/akari_msgs/share/akari_msgs/hook/ld_library_path_lib.sh'
[7.781s] Level 1:colcon.colcon_core.environment:checking '/home/akariros/Akari_ros2_humble/install/akari_msgs/bin'
[7.781s] Level 1:colcon.colcon_core.environment:checking '/home/akariros/Akari_ros2_humble/install/akari_msgs/lib/pkgconfig/akari_msgs.pc'
[7.782s] Level 1:colcon.colcon_core.environment:checking '/home/akariros/Akari_ros2_humble/install/akari_msgs/lib/python3.10/site-packages'
[7.782s] Level 1:colcon.colcon_core.environment:checking '/home/akariros/Akari_ros2_humble/install/akari_msgs/bin'
[7.787s] INFO:colcon.colcon_core.shell:Creating package script '/home/akariros/Akari_ros2_humble/install/akari_msgs/share/akari_msgs/package.ps1'
[7.789s] INFO:colcon.colcon_core.shell:Creating package descriptor '/home/akariros/Akari_ros2_humble/install/akari_msgs/share/akari_msgs/package.dsv'
[7.790s] INFO:colcon.colcon_core.shell:Creating package script '/home/akariros/Akari_ros2_humble/install/akari_msgs/share/akari_msgs/package.sh'
[7.791s] INFO:colcon.colcon_core.shell:Creating package script '/home/akariros/Akari_ros2_humble/install/akari_msgs/share/akari_msgs/package.bash'
[7.792s] INFO:colcon.colcon_core.shell:Creating package script '/home/akariros/Akari_ros2_humble/install/akari_msgs/share/akari_msgs/package.zsh'
[7.793s] Level 1:colcon.colcon_core.environment:create_file_with_runtime_dependencies(/home/akariros/Akari_ros2_humble/install/akari_msgs/share/colcon-core/packages/akari_msgs)
[7.896s] DEBUG:colcon.colcon_core.event_handler.log_command:Invoking command in '/home/akariros/Akari_ros2_humble/akari_state_publisher': PYTHONPATH=/home/akariros/Akari_ros2_humble/build/akari_state_publisher/prefix_override:/home/akariros/Akari_ros2_humble/install/akari_state_publisher/lib/python3.10/site-packages:${PYTHONPATH} /usr/bin/python3 setup.py egg_info --egg-base ../build/akari_state_publisher build --build-base /home/akariros/Akari_ros2_humble/build/akari_state_publisher/build install --record /home/akariros/Akari_ros2_humble/build/akari_state_publisher/install.log --single-version-externally-managed
[8.259s] DEBUG:colcon.colcon_core.event_handler.log_command:Invoking command in '/home/akariros/Akari_ros2_humble/m5_server': PYTHONPATH=/home/akariros/Akari_ros2_humble/build/m5_server/prefix_override:/home/akariros/Akari_ros2_humble/install/m5_server/lib/python3.10/site-packages:${PYTHONPATH} /usr/bin/python3 setup.py egg_info --egg-base ../build/m5_server build --build-base /home/akariros/Akari_ros2_humble/build/m5_server/build install --record /home/akariros/Akari_ros2_humble/build/m5_server/install.log --single-version-externally-managed
[9.053s] Level 1:colcon.colcon_core.environment:checking '/home/akariros/Akari_ros2_humble/install/akari_state_publisher' for CMake module files
[9.054s] DEBUG:colcon.colcon_core.event_handler.log_command:Invoked command in '/home/akariros/Akari_ros2_humble/akari_state_publisher' returned '0': PYTHONPATH=/home/akariros/Akari_ros2_humble/build/akari_state_publisher/prefix_override:/home/akariros/Akari_ros2_humble/install/akari_state_publisher/lib/python3.10/site-packages:${PYTHONPATH} /usr/bin/python3 setup.py egg_info --egg-base ../build/akari_state_publisher build --build-base /home/akariros/Akari_ros2_humble/build/akari_state_publisher/build install --record /home/akariros/Akari_ros2_humble/build/akari_state_publisher/install.log --single-version-externally-managed
[9.055s] Level 1:colcon.colcon_core.environment:checking '/home/akariros/Akari_ros2_humble/install/akari_state_publisher' for CMake config files
[9.057s] Level 1:colcon.colcon_core.environment:checking '/home/akariros/Akari_ros2_humble/install/akari_state_publisher/lib'
[9.057s] Level 1:colcon.colcon_core.environment:checking '/home/akariros/Akari_ros2_humble/install/akari_state_publisher/bin'
[9.058s] Level 1:colcon.colcon_core.environment:checking '/home/akariros/Akari_ros2_humble/install/akari_state_publisher/lib/pkgconfig/akari_state_publisher.pc'
[9.058s] Level 1:colcon.colcon_core.environment:checking '/home/akariros/Akari_ros2_humble/install/akari_state_publisher/lib/python3.10/site-packages'
[9.058s] Level 1:colcon.colcon_core.shell:create_environment_hook('akari_state_publisher', 'pythonpath')
[9.065s] INFO:colcon.colcon_core.shell:Creating environment hook '/home/akariros/Akari_ros2_humble/install/akari_state_publisher/share/akari_state_publisher/hook/pythonpath.ps1'
[9.066s] INFO:colcon.colcon_core.shell:Creating environment descriptor '/home/akariros/Akari_ros2_humble/install/akari_state_publisher/share/akari_state_publisher/hook/pythonpath.dsv'
[9.067s] INFO:colcon.colcon_core.shell:Creating environment hook '/home/akariros/Akari_ros2_humble/install/akari_state_publisher/share/akari_state_publisher/hook/pythonpath.sh'
[9.069s] Level 1:colcon.colcon_core.environment:checking '/home/akariros/Akari_ros2_humble/install/akari_state_publisher/bin'
[9.069s] Level 1:colcon.colcon_core.environment:create_environment_scripts_only(akari_state_publisher)
[9.078s] INFO:colcon.colcon_core.shell:Creating package script '/home/akariros/Akari_ros2_humble/install/akari_state_publisher/share/akari_state_publisher/package.ps1'
[9.080s] INFO:colcon.colcon_core.shell:Creating package descriptor '/home/akariros/Akari_ros2_humble/install/akari_state_publisher/share/akari_state_publisher/package.dsv'
[9.081s] INFO:colcon.colcon_core.shell:Creating package script '/home/akariros/Akari_ros2_humble/install/akari_state_publisher/share/akari_state_publisher/package.sh'
[9.082s] INFO:colcon.colcon_core.shell:Creating package script '/home/akariros/Akari_ros2_humble/install/akari_state_publisher/share/akari_state_publisher/package.bash'
[9.084s] INFO:colcon.colcon_core.shell:Creating package script '/home/akariros/Akari_ros2_humble/install/akari_state_publisher/share/akari_state_publisher/package.zsh'
[9.085s] Level 1:colcon.colcon_core.environment:create_file_with_runtime_dependencies(/home/akariros/Akari_ros2_humble/install/akari_state_publisher/share/colcon-core/packages/akari_state_publisher)
[9.232s] DEBUG:colcon.colcon_core.event_handler.log_command:Invoking command in '/home/akariros/Akari_ros2_humble/servo_server': PYTHONPATH=/home/akariros/Akari_ros2_humble/build/servo_server/prefix_override:/home/akariros/Akari_ros2_humble/install/servo_server/lib/python3.10/site-packages:${PYTHONPATH} /usr/bin/python3 setup.py egg_info --egg-base ../build/servo_server build --build-base /home/akariros/Akari_ros2_humble/build/servo_server/build install --record /home/akariros/Akari_ros2_humble/build/servo_server/install.log --single-version-externally-managed
[9.321s] Level 1:colcon.colcon_core.environment:checking '/home/akariros/Akari_ros2_humble/install/m5_server' for CMake module files
[9.322s] DEBUG:colcon.colcon_core.event_handler.log_command:Invoked command in '/home/akariros/Akari_ros2_humble/m5_server' returned '0': PYTHONPATH=/home/akariros/Akari_ros2_humble/build/m5_server/prefix_override:/home/akariros/Akari_ros2_humble/install/m5_server/lib/python3.10/site-packages:${PYTHONPATH} /usr/bin/python3 setup.py egg_info --egg-base ../build/m5_server build --build-base /home/akariros/Akari_ros2_humble/build/m5_server/build install --record /home/akariros/Akari_ros2_humble/build/m5_server/install.log --single-version-externally-managed
[9.323s] Level 1:colcon.colcon_core.environment:checking '/home/akariros/Akari_ros2_humble/install/m5_server' for CMake config files
[9.324s] Level 1:colcon.colcon_core.environment:checking '/home/akariros/Akari_ros2_humble/install/m5_server/lib'
[9.325s] Level 1:colcon.colcon_core.environment:checking '/home/akariros/Akari_ros2_humble/install/m5_server/bin'
[9.325s] Level 1:colcon.colcon_core.environment:checking '/home/akariros/Akari_ros2_humble/install/m5_server/lib/pkgconfig/m5_server.pc'
[9.326s] Level 1:colcon.colcon_core.environment:checking '/home/akariros/Akari_ros2_humble/install/m5_server/lib/python3.10/site-packages'
[9.326s] Level 1:colcon.colcon_core.shell:create_environment_hook('m5_server', 'pythonpath')
[9.331s] INFO:colcon.colcon_core.shell:Creating environment hook '/home/akariros/Akari_ros2_humble/install/m5_server/share/m5_server/hook/pythonpath.ps1'
[9.332s] INFO:colcon.colcon_core.shell:Creating environment descriptor '/home/akariros/Akari_ros2_humble/install/m5_server/share/m5_server/hook/pythonpath.dsv'
[9.332s] INFO:colcon.colcon_core.shell:Creating environment hook '/home/akariros/Akari_ros2_humble/install/m5_server/share/m5_server/hook/pythonpath.sh'
[9.334s] Level 1:colcon.colcon_core.environment:checking '/home/akariros/Akari_ros2_humble/install/m5_server/bin'
[9.334s] Level 1:colcon.colcon_core.environment:create_environment_scripts_only(m5_server)
[9.338s] INFO:colcon.colcon_core.shell:Creating package script '/home/akariros/Akari_ros2_humble/install/m5_server/share/m5_server/package.ps1'
[9.344s] INFO:colcon.colcon_core.shell:Creating package descriptor '/home/akariros/Akari_ros2_humble/install/m5_server/share/m5_server/package.dsv'
[9.345s] INFO:colcon.colcon_core.shell:Creating package script '/home/akariros/Akari_ros2_humble/install/m5_server/share/m5_server/package.sh'
[9.346s] INFO:colcon.colcon_core.shell:Creating package script '/home/akariros/Akari_ros2_humble/install/m5_server/share/m5_server/package.bash'
[9.347s] INFO:colcon.colcon_core.shell:Creating package script '/home/akariros/Akari_ros2_humble/install/m5_server/share/m5_server/package.zsh'
[9.348s] Level 1:colcon.colcon_core.environment:create_file_with_runtime_dependencies(/home/akariros/Akari_ros2_humble/install/m5_server/share/colcon-core/packages/m5_server)
[9.402s] Level 1:colcon.colcon_core.environment:create_environment_scripts_only(akari_msgs)
[9.407s] Level 1:colcon.colcon_core.environment:checking '/home/akariros/Akari_ros2_humble/install/akari_msgs' for CMake module files
[9.408s] Level 1:colcon.colcon_core.environment:checking '/home/akariros/Akari_ros2_humble/install/akari_msgs' for CMake config files
[9.409s] Level 1:colcon.colcon_core.shell:create_environment_hook('akari_msgs', 'cmake_prefix_path')
[9.412s] INFO:colcon.colcon_core.shell:Creating environment hook '/home/akariros/Akari_ros2_humble/install/akari_msgs/share/akari_msgs/hook/cmake_prefix_path.ps1'
[9.413s] INFO:colcon.colcon_core.shell:Creating environment descriptor '/home/akariros/Akari_ros2_humble/install/akari_msgs/share/akari_msgs/hook/cmake_prefix_path.dsv'
[9.414s] INFO:colcon.colcon_core.shell:Creating environment hook '/home/akariros/Akari_ros2_humble/install/akari_msgs/share/akari_msgs/hook/cmake_prefix_path.sh'
[9.415s] Level 1:colcon.colcon_core.environment:checking '/home/akariros/Akari_ros2_humble/install/akari_msgs/lib'
[9.417s] Level 1:colcon.colcon_core.shell:create_environment_hook('akari_msgs', 'ld_library_path_lib')
[9.420s] INFO:colcon.colcon_core.shell:Creating environment hook '/home/akariros/Akari_ros2_humble/install/akari_msgs/share/akari_msgs/hook/ld_library_path_lib.ps1'
[9.421s] INFO:colcon.colcon_core.shell:Creating environment descriptor '/home/akariros/Akari_ros2_humble/install/akari_msgs/share/akari_msgs/hook/ld_library_path_lib.dsv'
[9.422s] INFO:colcon.colcon_core.shell:Creating environment hook '/home/akariros/Akari_ros2_humble/install/akari_msgs/share/akari_msgs/hook/ld_library_path_lib.sh'
[9.423s] Level 1:colcon.colcon_core.environment:checking '/home/akariros/Akari_ros2_humble/install/akari_msgs/bin'
[9.423s] Level 1:colcon.colcon_core.environment:checking '/home/akariros/Akari_ros2_humble/install/akari_msgs/lib/pkgconfig/akari_msgs.pc'
[9.423s] Level 1:colcon.colcon_core.environment:checking '/home/akariros/Akari_ros2_humble/install/akari_msgs/lib/python3.10/site-packages'
[9.424s] Level 1:colcon.colcon_core.environment:checking '/home/akariros/Akari_ros2_humble/install/akari_msgs/bin'
[9.428s] INFO:colcon.colcon_core.shell:Creating package script '/home/akariros/Akari_ros2_humble/install/akari_msgs/share/akari_msgs/package.ps1'
[9.430s] INFO:colcon.colcon_core.shell:Creating package descriptor '/home/akariros/Akari_ros2_humble/install/akari_msgs/share/akari_msgs/package.dsv'
[9.431s] INFO:colcon.colcon_core.shell:Creating package script '/home/akariros/Akari_ros2_humble/install/akari_msgs/share/akari_msgs/package.sh'
[9.432s] INFO:colcon.colcon_core.shell:Creating package script '/home/akariros/Akari_ros2_humble/install/akari_msgs/share/akari_msgs/package.bash'
[9.433s] INFO:colcon.colcon_core.shell:Creating package script '/home/akariros/Akari_ros2_humble/install/akari_msgs/share/akari_msgs/package.zsh'
[9.434s] Level 1:colcon.colcon_core.environment:create_file_with_runtime_dependencies(/home/akariros/Akari_ros2_humble/install/akari_msgs/share/colcon-core/packages/akari_msgs)
[9.886s] Level 1:colcon.colcon_core.environment:checking '/home/akariros/Akari_ros2_humble/install/servo_server' for CMake module files
[9.888s] DEBUG:colcon.colcon_core.event_handler.log_command:Invoked command in '/home/akariros/Akari_ros2_humble/servo_server' returned '0': PYTHONPATH=/home/akariros/Akari_ros2_humble/build/servo_server/prefix_override:/home/akariros/Akari_ros2_humble/install/servo_server/lib/python3.10/site-packages:${PYTHONPATH} /usr/bin/python3 setup.py egg_info --egg-base ../build/servo_server build --build-base /home/akariros/Akari_ros2_humble/build/servo_server/build install --record /home/akariros/Akari_ros2_humble/build/servo_server/install.log --single-version-externally-managed
[9.888s] Level 1:colcon.colcon_core.environment:checking '/home/akariros/Akari_ros2_humble/install/servo_server' for CMake config files
[9.889s] Level 1:colcon.colcon_core.environment:checking '/home/akariros/Akari_ros2_humble/install/servo_server/lib'
[9.889s] Level 1:colcon.colcon_core.environment:checking '/home/akariros/Akari_ros2_humble/install/servo_server/bin'
[9.890s] Level 1:colcon.colcon_core.environment:checking '/home/akariros/Akari_ros2_humble/install/servo_server/lib/pkgconfig/servo_server.pc'
[9.890s] Level 1:colcon.colcon_core.environment:checking '/home/akariros/Akari_ros2_humble/install/servo_server/lib/python3.10/site-packages'
[9.890s] Level 1:colcon.colcon_core.shell:create_environment_hook('servo_server', 'pythonpath')
[9.893s] INFO:colcon.colcon_core.shell:Creating environment hook '/home/akariros/Akari_ros2_humble/install/servo_server/share/servo_server/hook/pythonpath.ps1'
[9.894s] INFO:colcon.colcon_core.shell:Creating environment descriptor '/home/akariros/Akari_ros2_humble/install/servo_server/share/servo_server/hook/pythonpath.dsv'
[9.895s] INFO:colcon.colcon_core.shell:Creating environment hook '/home/akariros/Akari_ros2_humble/install/servo_server/share/servo_server/hook/pythonpath.sh'
[9.896s] Level 1:colcon.colcon_core.environment:checking '/home/akariros/Akari_ros2_humble/install/servo_server/bin'
[9.896s] Level 1:colcon.colcon_core.environment:create_environment_scripts_only(servo_server)
[9.899s] INFO:colcon.colcon_core.shell:Creating package script '/home/akariros/Akari_ros2_humble/install/servo_server/share/servo_server/package.ps1'
[9.901s] INFO:colcon.colcon_core.shell:Creating package descriptor '/home/akariros/Akari_ros2_humble/install/servo_server/share/servo_server/package.dsv'
[9.901s] INFO:colcon.colcon_core.shell:Creating package script '/home/akariros/Akari_ros2_humble/install/servo_server/share/servo_server/package.sh'
[9.902s] INFO:colcon.colcon_core.shell:Creating package script '/home/akariros/Akari_ros2_humble/install/servo_server/share/servo_server/package.bash'
[9.903s] INFO:colcon.colcon_core.shell:Creating package script '/home/akariros/Akari_ros2_humble/install/servo_server/share/servo_server/package.zsh'
[9.904s] Level 1:colcon.colcon_core.environment:create_file_with_runtime_dependencies(/home/akariros/Akari_ros2_humble/install/servo_server/share/colcon-core/packages/servo_server)
[9.904s] DEBUG:colcon.colcon_parallel_executor.executor.parallel:closing loop
[9.905s] DEBUG:colcon.colcon_parallel_executor.executor.parallel:loop closed
[9.905s] DEBUG:colcon.colcon_parallel_executor.executor.parallel:run_until_complete finished with '0'
[9.905s] DEBUG:colcon.colcon_core.event_reactor:joining thread
[9.920s] INFO:colcon.colcon_core.plugin_system:Skipping extension 'colcon_notification.desktop_notification.terminal_notifier': Not used on non-Darwin systems
[9.921s] INFO:colcon.colcon_core.plugin_system:Skipping extension 'colcon_notification.desktop_notification.win32': Not used on non-Windows systems
[9.921s] INFO:colcon.colcon_notification.desktop_notification:Sending desktop notification using 'notify2'
[9.943s] DEBUG:colcon.colcon_core.event_reactor:joined thread
[9.947s] INFO:colcon.colcon_core.shell:Creating prefix script '/home/akariros/Akari_ros2_humble/install/local_setup.ps1'
[9.949s] INFO:colcon.colcon_core.shell:Creating prefix util module '/home/akariros/Akari_ros2_humble/install/_local_setup_util_ps1.py'
[9.952s] INFO:colcon.colcon_core.shell:Creating prefix chain script '/home/akariros/Akari_ros2_humble/install/setup.ps1'
[9.956s] INFO:colcon.colcon_core.shell:Creating prefix script '/home/akariros/Akari_ros2_humble/install/local_setup.sh'
[9.958s] INFO:colcon.colcon_core.shell:Creating prefix util module '/home/akariros/Akari_ros2_humble/install/_local_setup_util_sh.py'
[9.959s] INFO:colcon.colcon_core.shell:Creating prefix chain script '/home/akariros/Akari_ros2_humble/install/setup.sh'
[9.963s] INFO:colcon.colcon_core.shell:Creating prefix script '/home/akariros/Akari_ros2_humble/install/local_setup.bash'
[9.964s] INFO:colcon.colcon_core.shell:Creating prefix chain script '/home/akariros/Akari_ros2_humble/install/setup.bash'
[9.968s] INFO:colcon.colcon_core.shell:Creating prefix script '/home/akariros/Akari_ros2_humble/install/local_setup.zsh'
[9.969s] INFO:colcon.colcon_core.shell:Creating prefix chain script '/home/akariros/Akari_ros2_humble/install/setup.zsh'
