[1.052s] Invoking command in '/home/akariros/Akari_ros2_humble/build/akari_msgs': CMAKE_PREFIX_PATH=/opt/ros/humble /usr/bin/cmake /home/akariros/Akari_ros2_humble/akari_msgs -DCMAKE_INSTALL_PREFIX=/home/akariros/Akari_ros2_humble/install/akari_msgs
[1.155s] -- The C compiler identification is GNU 11.4.0
[1.260s] -- The CXX compiler identification is GNU 11.4.0
[1.272s] -- Detecting C compiler ABI info
[1.401s] -- Detecting C compiler ABI info - done
[1.418s] -- Check for working C compiler: /usr/bin/cc - skipped
[1.418s] -- Detecting C compile features
[1.419s] -- Detecting C compile features - done
[1.426s] -- Detecting CXX compiler ABI info
[1.582s] -- Detecting CXX compiler ABI info - done
[1.598s] -- Check for working CXX compiler: /usr/bin/c++ - skipped
[1.599s] -- Detecting CXX compile features
[1.600s] -- Detecting CXX compile features - done
[1.605s] -- Found ament_cmake: 1.3.5 (/opt/ros/humble/share/ament_cmake/cmake)
[2.001s] -- Found Python3: /usr/bin/python3.10 (found version "3.10.12") found components: Interpreter 
[2.258s] -- Found geometry_msgs: 4.2.3 (/opt/ros/humble/share/geometry_msgs/cmake)
[2.418s] -- Found rosidl_generator_c: 3.1.5 (/opt/ros/humble/share/rosidl_generator_c/cmake)
[2.431s] -- Found rosidl_adapter: 3.1.5 (/opt/ros/humble/share/rosidl_adapter/cmake)
[2.451s] -- Found rosidl_generator_cpp: 3.1.5 (/opt/ros/humble/share/rosidl_generator_cpp/cmake)
[2.507s] -- Using all available rosidl_typesupport_c: rosidl_typesupport_fastrtps_c;rosidl_typesupport_introspection_c
[2.603s] -- Using all available rosidl_typesupport_cpp: rosidl_typesupport_fastrtps_cpp;rosidl_typesupport_introspection_cpp
[3.112s] -- Found rclpy: 3.3.9 (/opt/ros/humble/share/rclpy/cmake)
[3.115s] -- Found rosidl_default_generators: 1.2.0 (/opt/ros/humble/share/rosidl_default_generators/cmake)
[4.428s] -- Found ament_cmake_ros: 0.10.0 (/opt/ros/humble/share/ament_cmake_ros/cmake)
[5.510s] -- Using all available rosidl_typesupport_c: rosidl_typesupport_fastrtps_c;rosidl_typesupport_introspection_c
[6.223s] -- Using all available rosidl_typesupport_cpp: rosidl_typesupport_fastrtps_cpp;rosidl_typesupport_introspection_cpp
[6.272s] -- Found PythonInterp: /usr/bin/python3 (found suitable version "3.10.12", minimum required is "3.6") 
[6.275s] -- Found python_cmake_module: 0.10.0 (/opt/ros/humble/share/python_cmake_module/cmake)
[6.396s] -- Found PythonLibs: /usr/lib/x86_64-linux-gnu/libpython3.10.so (found suitable version "3.10.12", minimum required is "3.5") 
[6.396s] -- Using PYTHON_EXECUTABLE: /usr/bin/python3
[6.396s] -- Using PYTHON_INCLUDE_DIRS: /usr/include/python3.10
[6.397s] -- Using PYTHON_LIBRARIES: /usr/lib/x86_64-linux-gnu/libpython3.10.so
[6.490s] -- Found PythonExtra: .so  
[6.726s] -- Found ament_lint_auto: 0.12.7 (/opt/ros/humble/share/ament_lint_auto/cmake)
[6.860s] -- Added test 'lint_cmake' to check CMake code style
[6.865s] -- Added test 'xmllint' to check XML markup files
[6.873s] -- Configuring done
[7.049s] -- Generating done
[7.056s] -- Build files have been written to: /home/akariros/Akari_ros2_humble/build/akari_msgs
[7.082s] Invoked command in '/home/akariros/Akari_ros2_humble/build/akari_msgs' returned '0': CMAKE_PREFIX_PATH=/opt/ros/humble /usr/bin/cmake /home/akariros/Akari_ros2_humble/akari_msgs -DCMAKE_INSTALL_PREFIX=/home/akariros/Akari_ros2_humble/install/akari_msgs
[7.082s] Invoking command in '/home/akariros/Akari_ros2_humble/build/akari_msgs': CMAKE_PREFIX_PATH=/opt/ros/humble /usr/bin/cmake --build /home/akariros/Akari_ros2_humble/build/akari_msgs -- -j4 -l4
[7.345s] [  1%] [34m[1mGenerating C code for ROS interfaces[0m
[7.378s] [  1%] [34m[1mGenerating C++ code for ROS interfaces[0m
[7.491s] [  1%] Built target ament_cmake_python_copy_akari_msgs
[8.548s] running egg_info
[8.550s] creating akari_msgs.egg-info
[8.551s] writing akari_msgs.egg-info/PKG-INFO
[8.552s] writing dependency_links to akari_msgs.egg-info/dependency_links.txt
[8.552s] writing top-level names to akari_msgs.egg-info/top_level.txt
[8.554s] writing manifest file 'akari_msgs.egg-info/SOURCES.txt'
[8.561s] reading manifest file 'akari_msgs.egg-info/SOURCES.txt'
[8.563s] writing manifest file 'akari_msgs.egg-info/SOURCES.txt'
[8.620s] [  1%] Built target ament_cmake_python_build_akari_msgs_egg
[11.489s] [  1%] Built target akari_msgs__cpp
[11.497s] [  1%] [32mBuilding C object CMakeFiles/akari_msgs__rosidl_generator_c.dir/rosidl_generator_c/akari_msgs/srv/detail/set_display_color__functions.c.o[0m
[11.510s] [  2%] [32mBuilding C object CMakeFiles/akari_msgs__rosidl_generator_c.dir/rosidl_generator_c/akari_msgs/srv/detail/set_display_image__functions.c.o[0m
[11.518s] [  3%] [32mBuilding C object CMakeFiles/akari_msgs__rosidl_generator_c.dir/rosidl_generator_c/akari_msgs/srv/detail/set_display_text__functions.c.o[0m
[11.523s] [  4%] [32mBuilding C object CMakeFiles/akari_msgs__rosidl_generator_c.dir/rosidl_generator_c/akari_msgs/srv/detail/set_allout__functions.c.o[0m
[11.673s] [  5%] [32mBuilding C object CMakeFiles/akari_msgs__rosidl_generator_c.dir/rosidl_generator_c/akari_msgs/srv/detail/set_dout__functions.c.o[0m
[11.693s] [  6%] [32mBuilding C object CMakeFiles/akari_msgs__rosidl_generator_c.dir/rosidl_generator_c/akari_msgs/srv/detail/set_pwmout__functions.c.o[0m
[11.723s] [  6%] [32mBuilding C object CMakeFiles/akari_msgs__rosidl_generator_c.dir/rosidl_generator_c/akari_msgs/srv/detail/trigger__functions.c.o[0m
[11.784s] [  7%] [32mBuilding C object CMakeFiles/akari_msgs__rosidl_generator_c.dir/rosidl_generator_c/akari_msgs/srv/detail/set_servo_status__functions.c.o[0m
[11.867s] [  8%] [32mBuilding C object CMakeFiles/akari_msgs__rosidl_generator_c.dir/rosidl_generator_c/akari_msgs/srv/detail/set_joint_float__functions.c.o[0m
[11.870s] [ 10%] [32mBuilding C object CMakeFiles/akari_msgs__rosidl_generator_c.dir/rosidl_generator_c/akari_msgs/msg/detail/m5__functions.c.o[0m
[11.870s] [ 10%] [32mBuilding C object CMakeFiles/akari_msgs__rosidl_generator_c.dir/rosidl_generator_c/akari_msgs/srv/detail/set_joint_bool__functions.c.o[0m
[12.025s] [ 10%] [32mBuilding C object CMakeFiles/akari_msgs__rosidl_generator_c.dir/rosidl_generator_c/akari_msgs/msg/detail/akarisetting__functions.c.o[0m
[12.033s] [ 11%] [34m[1mGenerating C++ type support dispatch for ROS interfaces[0m
[12.037s] [ 12%] [34m[1mGenerating C++ type support for eProsima Fast-RTPS[0m
[12.118s] [ 13%] [32mBuilding C object CMakeFiles/akari_msgs__rosidl_generator_c.dir/rosidl_generator_c/akari_msgs/action/detail/move_joint__functions.c.o[0m
[12.204s] [ 13%] [34m[1mGenerating C++ introspection for ROS interfaces[0m
[12.694s] [ 14%] [32m[1mLinking C shared library libakari_msgs__rosidl_generator_c.so[0m
[12.951s] [ 14%] Built target akari_msgs__rosidl_generator_c
[13.040s] [ 15%] [34m[1mGenerating C type support for eProsima Fast-RTPS[0m
[15.415s] [ 16%] [32mBuilding CXX object CMakeFiles/akari_msgs__rosidl_typesupport_cpp.dir/rosidl_typesupport_cpp/akari_msgs/srv/set_allout__type_support.cpp.o[0m
[16.130s] [ 17%] [32mBuilding CXX object CMakeFiles/akari_msgs__rosidl_typesupport_cpp.dir/rosidl_typesupport_cpp/akari_msgs/srv/set_display_color__type_support.cpp.o[0m
[16.395s] [ 18%] [32mBuilding CXX object CMakeFiles/akari_msgs__rosidl_typesupport_introspection_cpp.dir/rosidl_typesupport_introspection_cpp/akari_msgs/srv/detail/set_allout__type_support.cpp.o[0m
[16.802s] [ 19%] [32mBuilding CXX object CMakeFiles/akari_msgs__rosidl_typesupport_fastrtps_cpp.dir/rosidl_typesupport_fastrtps_cpp/akari_msgs/srv/detail/dds_fastrtps/set_allout__type_support.cpp.o[0m
[17.082s] [ 19%] [32mBuilding CXX object CMakeFiles/akari_msgs__rosidl_typesupport_cpp.dir/rosidl_typesupport_cpp/akari_msgs/srv/set_display_image__type_support.cpp.o[0m
[17.801s] [ 20%] [32mBuilding CXX object CMakeFiles/akari_msgs__rosidl_typesupport_introspection_cpp.dir/rosidl_typesupport_introspection_cpp/akari_msgs/srv/detail/set_display_color__type_support.cpp.o[0m
[17.925s] [ 21%] [32mBuilding CXX object CMakeFiles/akari_msgs__rosidl_typesupport_cpp.dir/rosidl_typesupport_cpp/akari_msgs/srv/set_display_text__type_support.cpp.o[0m
[17.990s] [ 22%] [32mBuilding CXX object CMakeFiles/akari_msgs__rosidl_typesupport_fastrtps_c.dir/rosidl_typesupport_fastrtps_c/akari_msgs/srv/detail/set_allout__type_support_c.cpp.o[0m
[18.704s] [ 23%] [32mBuilding CXX object CMakeFiles/akari_msgs__rosidl_typesupport_fastrtps_cpp.dir/rosidl_typesupport_fastrtps_cpp/akari_msgs/srv/detail/dds_fastrtps/set_display_color__type_support.cpp.o[0m
[19.135s] [ 24%] [32mBuilding CXX object CMakeFiles/akari_msgs__rosidl_typesupport_introspection_cpp.dir/rosidl_typesupport_introspection_cpp/akari_msgs/srv/detail/set_display_image__type_support.cpp.o[0m
[19.207s] [ 25%] [32mBuilding CXX object CMakeFiles/akari_msgs__rosidl_typesupport_cpp.dir/rosidl_typesupport_cpp/akari_msgs/srv/set_dout__type_support.cpp.o[0m
[19.523s] [ 25%] [32mBuilding CXX object CMakeFiles/akari_msgs__rosidl_typesupport_fastrtps_c.dir/rosidl_typesupport_fastrtps_c/akari_msgs/srv/detail/set_display_color__type_support_c.cpp.o[0m
[20.247s] [ 26%] [32mBuilding CXX object CMakeFiles/akari_msgs__rosidl_typesupport_cpp.dir/rosidl_typesupport_cpp/akari_msgs/srv/set_pwmout__type_support.cpp.o[0m
[20.279s] [ 27%] [32mBuilding CXX object CMakeFiles/akari_msgs__rosidl_typesupport_fastrtps_cpp.dir/rosidl_typesupport_fastrtps_cpp/akari_msgs/srv/detail/dds_fastrtps/set_display_image__type_support.cpp.o[0m
[20.666s] [ 28%] [32mBuilding CXX object CMakeFiles/akari_msgs__rosidl_typesupport_introspection_cpp.dir/rosidl_typesupport_introspection_cpp/akari_msgs/srv/detail/set_display_text__type_support.cpp.o[0m
[20.813s] [ 29%] [32mBuilding CXX object CMakeFiles/akari_msgs__rosidl_typesupport_fastrtps_c.dir/rosidl_typesupport_fastrtps_c/akari_msgs/srv/detail/set_display_image__type_support_c.cpp.o[0m
[21.181s] [ 30%] [32mBuilding CXX object CMakeFiles/akari_msgs__rosidl_typesupport_cpp.dir/rosidl_typesupport_cpp/akari_msgs/srv/trigger__type_support.cpp.o[0m
[21.743s] [ 30%] [32mBuilding CXX object CMakeFiles/akari_msgs__rosidl_typesupport_fastrtps_cpp.dir/rosidl_typesupport_fastrtps_cpp/akari_msgs/srv/detail/dds_fastrtps/set_display_text__type_support.cpp.o[0m
[21.868s] [ 30%] [32mBuilding CXX object CMakeFiles/akari_msgs__rosidl_typesupport_introspection_cpp.dir/rosidl_typesupport_introspection_cpp/akari_msgs/srv/detail/set_dout__type_support.cpp.o[0m
[22.101s] [ 30%] [32mBuilding CXX object CMakeFiles/akari_msgs__rosidl_typesupport_cpp.dir/rosidl_typesupport_cpp/akari_msgs/srv/set_servo_status__type_support.cpp.o[0m
[22.441s] [ 31%] [32mBuilding CXX object CMakeFiles/akari_msgs__rosidl_typesupport_fastrtps_c.dir/rosidl_typesupport_fastrtps_c/akari_msgs/srv/detail/set_display_text__type_support_c.cpp.o[0m
[23.174s] [ 32%] [32mBuilding CXX object CMakeFiles/akari_msgs__rosidl_typesupport_cpp.dir/rosidl_typesupport_cpp/akari_msgs/srv/set_joint_float__type_support.cpp.o[0m
[23.225s] [ 33%] [32mBuilding CXX object CMakeFiles/akari_msgs__rosidl_typesupport_fastrtps_cpp.dir/rosidl_typesupport_fastrtps_cpp/akari_msgs/srv/detail/dds_fastrtps/set_dout__type_support.cpp.o[0m
[23.340s] [ 34%] [32mBuilding CXX object CMakeFiles/akari_msgs__rosidl_typesupport_introspection_cpp.dir/rosidl_typesupport_introspection_cpp/akari_msgs/srv/detail/set_pwmout__type_support.cpp.o[0m
[23.904s] [ 35%] [32mBuilding CXX object CMakeFiles/akari_msgs__rosidl_typesupport_fastrtps_c.dir/rosidl_typesupport_fastrtps_c/akari_msgs/srv/detail/set_dout__type_support_c.cpp.o[0m
[24.213s] [ 36%] [32mBuilding CXX object CMakeFiles/akari_msgs__rosidl_typesupport_cpp.dir/rosidl_typesupport_cpp/akari_msgs/srv/set_joint_bool__type_support.cpp.o[0m
[24.700s] [ 37%] [32mBuilding CXX object CMakeFiles/akari_msgs__rosidl_typesupport_fastrtps_cpp.dir/rosidl_typesupport_fastrtps_cpp/akari_msgs/srv/detail/dds_fastrtps/set_pwmout__type_support.cpp.o[0m
[24.900s] [ 38%] [32mBuilding CXX object CMakeFiles/akari_msgs__rosidl_typesupport_introspection_cpp.dir/rosidl_typesupport_introspection_cpp/akari_msgs/srv/detail/trigger__type_support.cpp.o[0m
[25.232s] [ 39%] [32mBuilding CXX object CMakeFiles/akari_msgs__rosidl_typesupport_cpp.dir/rosidl_typesupport_cpp/akari_msgs/msg/m5__type_support.cpp.o[0m
[25.318s] [ 40%] [32mBuilding CXX object CMakeFiles/akari_msgs__rosidl_typesupport_fastrtps_c.dir/rosidl_typesupport_fastrtps_c/akari_msgs/srv/detail/set_pwmout__type_support_c.cpp.o[0m
[26.207s] [ 41%] [32mBuilding CXX object CMakeFiles/akari_msgs__rosidl_typesupport_introspection_cpp.dir/rosidl_typesupport_introspection_cpp/akari_msgs/srv/detail/set_servo_status__type_support.cpp.o[0m
[26.222s] [ 42%] [32mBuilding CXX object CMakeFiles/akari_msgs__rosidl_typesupport_cpp.dir/rosidl_typesupport_cpp/akari_msgs/msg/akarisetting__type_support.cpp.o[0m
[26.348s] [ 43%] [32mBuilding CXX object CMakeFiles/akari_msgs__rosidl_typesupport_fastrtps_cpp.dir/rosidl_typesupport_fastrtps_cpp/akari_msgs/srv/detail/dds_fastrtps/trigger__type_support.cpp.o[0m
[26.609s] [ 43%] [32mBuilding CXX object CMakeFiles/akari_msgs__rosidl_typesupport_fastrtps_c.dir/rosidl_typesupport_fastrtps_c/akari_msgs/srv/detail/trigger__type_support_c.cpp.o[0m
[27.183s] [ 43%] [32mBuilding CXX object CMakeFiles/akari_msgs__rosidl_typesupport_cpp.dir/rosidl_typesupport_cpp/akari_msgs/action/move_joint__type_support.cpp.o[0m
[27.765s] [ 44%] [32mBuilding CXX object CMakeFiles/akari_msgs__rosidl_typesupport_fastrtps_c.dir/rosidl_typesupport_fastrtps_c/akari_msgs/srv/detail/set_servo_status__type_support_c.cpp.o[0m
[27.932s] [ 45%] [32mBuilding CXX object CMakeFiles/akari_msgs__rosidl_typesupport_fastrtps_cpp.dir/rosidl_typesupport_fastrtps_cpp/akari_msgs/srv/detail/dds_fastrtps/set_servo_status__type_support.cpp.o[0m
[28.409s] [ 46%] [32mBuilding CXX object CMakeFiles/akari_msgs__rosidl_typesupport_introspection_cpp.dir/rosidl_typesupport_introspection_cpp/akari_msgs/srv/detail/set_joint_float__type_support.cpp.o[0m
[28.701s] [ 47%] [32m[1mLinking CXX shared library libakari_msgs__rosidl_typesupport_cpp.so[0m
[28.991s] [ 47%] Built target akari_msgs__rosidl_typesupport_cpp
[29.050s] [ 48%] [32mBuilding CXX object CMakeFiles/akari_msgs__rosidl_typesupport_fastrtps_c.dir/rosidl_typesupport_fastrtps_c/akari_msgs/srv/detail/set_joint_float__type_support_c.cpp.o[0m
[29.097s] [ 49%] [32mBuilding CXX object CMakeFiles/akari_msgs__rosidl_typesupport_fastrtps_c.dir/rosidl_typesupport_fastrtps_c/akari_msgs/srv/detail/set_joint_bool__type_support_c.cpp.o[0m
[29.907s] [ 49%] [32mBuilding CXX object CMakeFiles/akari_msgs__rosidl_typesupport_fastrtps_cpp.dir/rosidl_typesupport_fastrtps_cpp/akari_msgs/srv/detail/dds_fastrtps/set_joint_float__type_support.cpp.o[0m
[30.213s] [ 49%] [32mBuilding CXX object CMakeFiles/akari_msgs__rosidl_typesupport_introspection_cpp.dir/rosidl_typesupport_introspection_cpp/akari_msgs/srv/detail/set_joint_bool__type_support.cpp.o[0m
[30.240s] [ 50%] [32mBuilding CXX object CMakeFiles/akari_msgs__rosidl_typesupport_fastrtps_c.dir/rosidl_typesupport_fastrtps_c/akari_msgs/msg/detail/m5__type_support_c.cpp.o[0m
[30.377s] [ 50%] [32mBuilding CXX object CMakeFiles/akari_msgs__rosidl_typesupport_fastrtps_c.dir/rosidl_typesupport_fastrtps_c/akari_msgs/msg/detail/akarisetting__type_support_c.cpp.o[0m
[31.551s] [ 51%] [32mBuilding CXX object CMakeFiles/akari_msgs__rosidl_typesupport_fastrtps_c.dir/rosidl_typesupport_fastrtps_c/akari_msgs/action/detail/move_joint__type_support_c.cpp.o[0m
[31.821s] [ 52%] [32mBuilding CXX object CMakeFiles/akari_msgs__rosidl_typesupport_introspection_cpp.dir/rosidl_typesupport_introspection_cpp/akari_msgs/msg/detail/m5__type_support.cpp.o[0m
[31.973s] [ 53%] [32mBuilding CXX object CMakeFiles/akari_msgs__rosidl_typesupport_fastrtps_cpp.dir/rosidl_typesupport_fastrtps_cpp/akari_msgs/srv/detail/dds_fastrtps/set_joint_bool__type_support.cpp.o[0m
[32.140s] [ 54%] [32mBuilding CXX object CMakeFiles/akari_msgs__rosidl_typesupport_introspection_cpp.dir/rosidl_typesupport_introspection_cpp/akari_msgs/msg/detail/akarisetting__type_support.cpp.o[0m
[32.753s] [ 55%] [32m[1mLinking CXX shared library libakari_msgs__rosidl_typesupport_fastrtps_c.so[0m
[33.024s] [ 55%] Built target akari_msgs__rosidl_typesupport_fastrtps_c
[33.056s] [ 56%] [34m[1mGenerating C introspection for ROS interfaces[0m
[33.183s] [ 57%] [32mBuilding CXX object CMakeFiles/akari_msgs__rosidl_typesupport_introspection_cpp.dir/rosidl_typesupport_introspection_cpp/akari_msgs/action/detail/move_joint__type_support.cpp.o[0m
[33.663s] [ 58%] [32mBuilding CXX object CMakeFiles/akari_msgs__rosidl_typesupport_fastrtps_cpp.dir/rosidl_typesupport_fastrtps_cpp/akari_msgs/msg/detail/dds_fastrtps/m5__type_support.cpp.o[0m
[34.285s] [ 59%] [32mBuilding CXX object CMakeFiles/akari_msgs__rosidl_typesupport_fastrtps_cpp.dir/rosidl_typesupport_fastrtps_cpp/akari_msgs/msg/detail/dds_fastrtps/akarisetting__type_support.cpp.o[0m
[35.217s] [ 60%] [32mBuilding CXX object CMakeFiles/akari_msgs__rosidl_typesupport_fastrtps_cpp.dir/rosidl_typesupport_fastrtps_cpp/akari_msgs/action/detail/dds_fastrtps/move_joint__type_support.cpp.o[0m
[35.443s] [ 61%] [32m[1mLinking CXX shared library libakari_msgs__rosidl_typesupport_introspection_cpp.so[0m
[35.981s] [ 61%] Built target akari_msgs__rosidl_typesupport_introspection_cpp
[36.011s] [ 62%] [34m[1mGenerating C type support dispatch for ROS interfaces[0m
[36.811s] [ 62%] [32m[1mLinking CXX shared library libakari_msgs__rosidl_typesupport_fastrtps_cpp.so[0m
[37.045s] [ 62%] Built target akari_msgs__rosidl_typesupport_fastrtps_cpp
[37.569s] [ 63%] [32mBuilding C object CMakeFiles/akari_msgs__rosidl_typesupport_introspection_c.dir/rosidl_typesupport_introspection_c/akari_msgs/srv/detail/set_display_color__type_support.c.o[0m
[37.569s] [ 64%] [32mBuilding C object CMakeFiles/akari_msgs__rosidl_typesupport_introspection_c.dir/rosidl_typesupport_introspection_c/akari_msgs/srv/detail/set_allout__type_support.c.o[0m
[37.602s] [ 64%] [32mBuilding C object CMakeFiles/akari_msgs__rosidl_typesupport_introspection_c.dir/rosidl_typesupport_introspection_c/akari_msgs/srv/detail/set_display_image__type_support.c.o[0m
[37.713s] [ 65%] [32mBuilding C object CMakeFiles/akari_msgs__rosidl_typesupport_introspection_c.dir/rosidl_typesupport_introspection_c/akari_msgs/srv/detail/set_display_text__type_support.c.o[0m
[37.723s] [ 66%] [32mBuilding C object CMakeFiles/akari_msgs__rosidl_typesupport_introspection_c.dir/rosidl_typesupport_introspection_c/akari_msgs/srv/detail/set_dout__type_support.c.o[0m
[37.734s] [ 67%] [32mBuilding C object CMakeFiles/akari_msgs__rosidl_typesupport_introspection_c.dir/rosidl_typesupport_introspection_c/akari_msgs/srv/detail/set_pwmout__type_support.c.o[0m
[37.838s] [ 68%] [32mBuilding C object CMakeFiles/akari_msgs__rosidl_typesupport_introspection_c.dir/rosidl_typesupport_introspection_c/akari_msgs/srv/detail/trigger__type_support.c.o[0m
[37.877s] [ 69%] [32mBuilding C object CMakeFiles/akari_msgs__rosidl_typesupport_introspection_c.dir/rosidl_typesupport_introspection_c/akari_msgs/srv/detail/set_joint_float__type_support.c.o[0m
[37.877s] [ 69%] [32mBuilding C object CMakeFiles/akari_msgs__rosidl_typesupport_introspection_c.dir/rosidl_typesupport_introspection_c/akari_msgs/srv/detail/set_servo_status__type_support.c.o[0m
[38.040s] [ 70%] [32mBuilding C object CMakeFiles/akari_msgs__rosidl_typesupport_introspection_c.dir/rosidl_typesupport_introspection_c/akari_msgs/srv/detail/set_joint_bool__type_support.c.o[0m
[38.061s] [ 71%] [32mBuilding C object CMakeFiles/akari_msgs__rosidl_typesupport_introspection_c.dir/rosidl_typesupport_introspection_c/akari_msgs/msg/detail/m5__type_support.c.o[0m
[38.111s] [ 72%] [32mBuilding C object CMakeFiles/akari_msgs__rosidl_typesupport_introspection_c.dir/rosidl_typesupport_introspection_c/akari_msgs/msg/detail/akarisetting__type_support.c.o[0m
[38.184s] [ 72%] [32mBuilding C object CMakeFiles/akari_msgs__rosidl_typesupport_introspection_c.dir/rosidl_typesupport_introspection_c/akari_msgs/action/detail/move_joint__type_support.c.o[0m
[38.301s] [ 73%] [32m[1mLinking C shared library libakari_msgs__rosidl_typesupport_introspection_c.so[0m
[38.367s] [ 73%] Built target akari_msgs__rosidl_typesupport_introspection_c
[38.829s] [ 73%] [32mBuilding CXX object CMakeFiles/akari_msgs__rosidl_typesupport_c.dir/rosidl_typesupport_c/akari_msgs/srv/set_allout__type_support.cpp.o[0m
[38.831s] [ 74%] [32mBuilding CXX object CMakeFiles/akari_msgs__rosidl_typesupport_c.dir/rosidl_typesupport_c/akari_msgs/srv/set_display_color__type_support.cpp.o[0m
[38.833s] [ 75%] [32mBuilding CXX object CMakeFiles/akari_msgs__rosidl_typesupport_c.dir/rosidl_typesupport_c/akari_msgs/srv/set_display_image__type_support.cpp.o[0m
[38.925s] [ 76%] [32mBuilding CXX object CMakeFiles/akari_msgs__rosidl_typesupport_c.dir/rosidl_typesupport_c/akari_msgs/srv/set_display_text__type_support.cpp.o[0m
[38.929s] [ 77%] [32mBuilding CXX object CMakeFiles/akari_msgs__rosidl_typesupport_c.dir/rosidl_typesupport_c/akari_msgs/srv/set_dout__type_support.cpp.o[0m
[38.930s] [ 77%] [32mBuilding CXX object CMakeFiles/akari_msgs__rosidl_typesupport_c.dir/rosidl_typesupport_c/akari_msgs/srv/set_pwmout__type_support.cpp.o[0m
[39.020s] [ 78%] [32mBuilding CXX object CMakeFiles/akari_msgs__rosidl_typesupport_c.dir/rosidl_typesupport_c/akari_msgs/srv/trigger__type_support.cpp.o[0m
[39.020s] [ 79%] [32mBuilding CXX object CMakeFiles/akari_msgs__rosidl_typesupport_c.dir/rosidl_typesupport_c/akari_msgs/srv/set_servo_status__type_support.cpp.o[0m
[39.035s] [ 80%] [32mBuilding CXX object CMakeFiles/akari_msgs__rosidl_typesupport_c.dir/rosidl_typesupport_c/akari_msgs/srv/set_joint_float__type_support.cpp.o[0m
[39.114s] [ 81%] [32mBuilding CXX object CMakeFiles/akari_msgs__rosidl_typesupport_c.dir/rosidl_typesupport_c/akari_msgs/srv/set_joint_bool__type_support.cpp.o[0m
[39.115s] [ 82%] [32mBuilding CXX object CMakeFiles/akari_msgs__rosidl_typesupport_c.dir/rosidl_typesupport_c/akari_msgs/msg/akarisetting__type_support.cpp.o[0m
[39.116s] [ 82%] [32mBuilding CXX object CMakeFiles/akari_msgs__rosidl_typesupport_c.dir/rosidl_typesupport_c/akari_msgs/msg/m5__type_support.cpp.o[0m
[39.203s] [ 83%] [32mBuilding CXX object CMakeFiles/akari_msgs__rosidl_typesupport_c.dir/rosidl_typesupport_c/akari_msgs/action/move_joint__type_support.cpp.o[0m
[39.303s] [ 84%] [32m[1mLinking CXX shared library libakari_msgs__rosidl_typesupport_c.so[0m
[39.385s] [ 84%] Built target akari_msgs__rosidl_typesupport_c
[39.426s] [ 84%] Built target akari_msgs
[39.462s] [ 85%] [34m[1mGenerating Python code for ROS interfaces[0m
[44.680s] [ 85%] Built target akari_msgs__py
[44.722s] [ 85%] [32mBuilding C object CMakeFiles/akari_msgs__rosidl_generator_py.dir/rosidl_generator_py/akari_msgs/srv/_set_display_color_s.c.o[0m
[44.722s] [ 86%] [32mBuilding C object CMakeFiles/akari_msgs__rosidl_generator_py.dir/rosidl_generator_py/akari_msgs/srv/_set_allout_s.c.o[0m
[44.723s] [ 87%] [32mBuilding C object CMakeFiles/akari_msgs__rosidl_generator_py.dir/rosidl_generator_py/akari_msgs/srv/_set_display_image_s.c.o[0m
[44.735s] [ 88%] [32mBuilding C object CMakeFiles/akari_msgs__rosidl_generator_py.dir/rosidl_generator_py/akari_msgs/srv/_set_display_text_s.c.o[0m
[45.114s] [ 89%] [32mBuilding C object CMakeFiles/akari_msgs__rosidl_generator_py.dir/rosidl_generator_py/akari_msgs/srv/_set_dout_s.c.o[0m
[45.130s] [ 90%] [32mBuilding C object CMakeFiles/akari_msgs__rosidl_generator_py.dir/rosidl_generator_py/akari_msgs/srv/_set_pwmout_s.c.o[0m
[45.153s] [ 90%] [32mBuilding C object CMakeFiles/akari_msgs__rosidl_generator_py.dir/rosidl_generator_py/akari_msgs/srv/_trigger_s.c.o[0m
[45.332s] [ 91%] [32mBuilding C object CMakeFiles/akari_msgs__rosidl_generator_py.dir/rosidl_generator_py/akari_msgs/srv/_set_servo_status_s.c.o[0m
[45.502s] [ 92%] [32mBuilding C object CMakeFiles/akari_msgs__rosidl_generator_py.dir/rosidl_generator_py/akari_msgs/srv/_set_joint_float_s.c.o[0m
[45.565s] [ 93%] [32mBuilding C object CMakeFiles/akari_msgs__rosidl_generator_py.dir/rosidl_generator_py/akari_msgs/srv/_set_joint_bool_s.c.o[0m
[45.621s] [ 94%] [32mBuilding C object CMakeFiles/akari_msgs__rosidl_generator_py.dir/rosidl_generator_py/akari_msgs/msg/_m5_s.c.o[0m
[45.902s] [ 94%] [32mBuilding C object CMakeFiles/akari_msgs__rosidl_generator_py.dir/rosidl_generator_py/akari_msgs/msg/_akarisetting_s.c.o[0m
[45.962s] [ 95%] [32mBuilding C object CMakeFiles/akari_msgs__rosidl_generator_py.dir/rosidl_generator_py/akari_msgs/action/_move_joint_s.c.o[0m
[46.334s] [ 96%] [32m[1mLinking C shared library rosidl_generator_py/akari_msgs/libakari_msgs__rosidl_generator_py.so[0m
[46.420s] [ 96%] Built target akari_msgs__rosidl_generator_py
[46.469s] [ 97%] [32mBuilding C object CMakeFiles/akari_msgs__rosidl_typesupport_fastrtps_c__pyext.dir/rosidl_generator_py/akari_msgs/_akari_msgs_s.ep.rosidl_typesupport_fastrtps_c.c.o[0m
[46.471s] [ 98%] [32mBuilding C object CMakeFiles/akari_msgs__rosidl_typesupport_introspection_c__pyext.dir/rosidl_generator_py/akari_msgs/_akari_msgs_s.ep.rosidl_typesupport_introspection_c.c.o[0m
[46.488s] [ 99%] [32mBuilding C object CMakeFiles/akari_msgs__rosidl_typesupport_c__pyext.dir/rosidl_generator_py/akari_msgs/_akari_msgs_s.ep.rosidl_typesupport_c.c.o[0m
[47.021s] [ 99%] [32m[1mLinking C shared library rosidl_generator_py/akari_msgs/akari_msgs_s__rosidl_typesupport_fastrtps_c.cpython-310-x86_64-linux-gnu.so[0m
[47.074s] [ 99%] [32m[1mLinking C shared library rosidl_generator_py/akari_msgs/akari_msgs_s__rosidl_typesupport_c.cpython-310-x86_64-linux-gnu.so[0m
[47.086s] [100%] [32m[1mLinking C shared library rosidl_generator_py/akari_msgs/akari_msgs_s__rosidl_typesupport_introspection_c.cpython-310-x86_64-linux-gnu.so[0m
[47.146s] [100%] Built target akari_msgs__rosidl_typesupport_fastrtps_c__pyext
[47.205s] [100%] Built target akari_msgs__rosidl_typesupport_introspection_c__pyext
[47.222s] [100%] Built target akari_msgs__rosidl_typesupport_c__pyext
[47.246s] Invoked command in '/home/akariros/Akari_ros2_humble/build/akari_msgs' returned '0': CMAKE_PREFIX_PATH=/opt/ros/humble /usr/bin/cmake --build /home/akariros/Akari_ros2_humble/build/akari_msgs -- -j4 -l4
[47.765s] Invoking command in '/home/akariros/Akari_ros2_humble/build/akari_msgs': CMAKE_PREFIX_PATH=/opt/ros/humble /usr/bin/cmake --install /home/akariros/Akari_ros2_humble/build/akari_msgs
[47.780s] -- Install configuration: ""
[47.780s] -- Installing: /home/akariros/Akari_ros2_humble/install/akari_msgs/share/ament_index/resource_index/rosidl_interfaces/akari_msgs
[47.780s] -- Installing: /home/akariros/Akari_ros2_humble/install/akari_msgs/include/akari_msgs/akari_msgs
[47.781s] -- Installing: /home/akariros/Akari_ros2_humble/install/akari_msgs/include/akari_msgs/akari_msgs/srv
[47.781s] -- Installing: /home/akariros/Akari_ros2_humble/install/akari_msgs/include/akari_msgs/akari_msgs/srv/set_pwmout.h
[47.781s] -- Installing: /home/akariros/Akari_ros2_humble/install/akari_msgs/include/akari_msgs/akari_msgs/srv/set_servo_status.h
[47.782s] -- Installing: /home/akariros/Akari_ros2_humble/install/akari_msgs/include/akari_msgs/akari_msgs/srv/detail
[47.782s] -- Installing: /home/akariros/Akari_ros2_humble/install/akari_msgs/include/akari_msgs/akari_msgs/srv/detail/set_joint_float__functions.h
[47.782s] -- Installing: /home/akariros/Akari_ros2_humble/install/akari_msgs/include/akari_msgs/akari_msgs/srv/detail/set_servo_status__functions.c
[47.782s] -- Installing: /home/akariros/Akari_ros2_humble/install/akari_msgs/include/akari_msgs/akari_msgs/srv/detail/trigger__type_support.h
[47.783s] -- Installing: /home/akariros/Akari_ros2_humble/install/akari_msgs/include/akari_msgs/akari_msgs/srv/detail/set_display_color__functions.c
[47.783s] -- Installing: /home/akariros/Akari_ros2_humble/install/akari_msgs/include/akari_msgs/akari_msgs/srv/detail/set_display_text__struct.h
[47.783s] -- Installing: /home/akariros/Akari_ros2_humble/install/akari_msgs/include/akari_msgs/akari_msgs/srv/detail/trigger__functions.c
[47.784s] -- Installing: /home/akariros/Akari_ros2_humble/install/akari_msgs/include/akari_msgs/akari_msgs/srv/detail/set_joint_float__type_support.h
[47.784s] -- Installing: /home/akariros/Akari_ros2_humble/install/akari_msgs/include/akari_msgs/akari_msgs/srv/detail/set_pwmout__struct.h
[47.784s] -- Installing: /home/akariros/Akari_ros2_humble/install/akari_msgs/include/akari_msgs/akari_msgs/srv/detail/set_pwmout__type_support.h
[47.784s] -- Installing: /home/akariros/Akari_ros2_humble/install/akari_msgs/include/akari_msgs/akari_msgs/srv/detail/set_dout__functions.c
[47.785s] -- Installing: /home/akariros/Akari_ros2_humble/install/akari_msgs/include/akari_msgs/akari_msgs/srv/detail/set_allout__type_support.h
[47.785s] -- Installing: /home/akariros/Akari_ros2_humble/install/akari_msgs/include/akari_msgs/akari_msgs/srv/detail/set_dout__functions.h
[47.785s] -- Installing: /home/akariros/Akari_ros2_humble/install/akari_msgs/include/akari_msgs/akari_msgs/srv/detail/set_display_color__functions.h
[47.785s] -- Installing: /home/akariros/Akari_ros2_humble/install/akari_msgs/include/akari_msgs/akari_msgs/srv/detail/trigger__struct.h
[47.786s] -- Installing: /home/akariros/Akari_ros2_humble/install/akari_msgs/include/akari_msgs/akari_msgs/srv/detail/set_servo_status__functions.h
[47.786s] -- Installing: /home/akariros/Akari_ros2_humble/install/akari_msgs/include/akari_msgs/akari_msgs/srv/detail/set_display_text__functions.h
[47.786s] -- Installing: /home/akariros/Akari_ros2_humble/install/akari_msgs/include/akari_msgs/akari_msgs/srv/detail/set_joint_float__struct.h
[47.786s] -- Installing: /home/akariros/Akari_ros2_humble/install/akari_msgs/include/akari_msgs/akari_msgs/srv/detail/set_pwmout__functions.h
[47.787s] -- Installing: /home/akariros/Akari_ros2_humble/install/akari_msgs/include/akari_msgs/akari_msgs/srv/detail/set_joint_bool__type_support.h
[47.787s] -- Installing: /home/akariros/Akari_ros2_humble/install/akari_msgs/include/akari_msgs/akari_msgs/srv/detail/set_display_image__functions.h
[47.787s] -- Installing: /home/akariros/Akari_ros2_humble/install/akari_msgs/include/akari_msgs/akari_msgs/srv/detail/set_joint_float__functions.c
[47.788s] -- Installing: /home/akariros/Akari_ros2_humble/install/akari_msgs/include/akari_msgs/akari_msgs/srv/detail/set_display_color__type_support.h
[47.788s] -- Installing: /home/akariros/Akari_ros2_humble/install/akari_msgs/include/akari_msgs/akari_msgs/srv/detail/set_servo_status__struct.h
[47.788s] -- Installing: /home/akariros/Akari_ros2_humble/install/akari_msgs/include/akari_msgs/akari_msgs/srv/detail/set_servo_status__type_support.h
[47.788s] -- Installing: /home/akariros/Akari_ros2_humble/install/akari_msgs/include/akari_msgs/akari_msgs/srv/detail/set_display_text__functions.c
[47.789s] -- Installing: /home/akariros/Akari_ros2_humble/install/akari_msgs/include/akari_msgs/akari_msgs/srv/detail/set_joint_bool__struct.h
[47.789s] -- Installing: /home/akariros/Akari_ros2_humble/install/akari_msgs/include/akari_msgs/akari_msgs/srv/detail/set_joint_bool__functions.c
[47.789s] -- Installing: /home/akariros/Akari_ros2_humble/install/akari_msgs/include/akari_msgs/akari_msgs/srv/detail/set_dout__struct.h
[47.789s] -- Installing: /home/akariros/Akari_ros2_humble/install/akari_msgs/include/akari_msgs/akari_msgs/srv/detail/set_display_image__type_support.h
[47.789s] -- Installing: /home/akariros/Akari_ros2_humble/install/akari_msgs/include/akari_msgs/akari_msgs/srv/detail/set_allout__struct.h
[47.790s] -- Installing: /home/akariros/Akari_ros2_humble/install/akari_msgs/include/akari_msgs/akari_msgs/srv/detail/set_dout__type_support.h
[47.790s] -- Installing: /home/akariros/Akari_ros2_humble/install/akari_msgs/include/akari_msgs/akari_msgs/srv/detail/set_allout__functions.h
[47.790s] -- Installing: /home/akariros/Akari_ros2_humble/install/akari_msgs/include/akari_msgs/akari_msgs/srv/detail/set_pwmout__functions.c
[47.790s] -- Installing: /home/akariros/Akari_ros2_humble/install/akari_msgs/include/akari_msgs/akari_msgs/srv/detail/set_display_image__struct.h
[47.791s] -- Installing: /home/akariros/Akari_ros2_humble/install/akari_msgs/include/akari_msgs/akari_msgs/srv/detail/set_display_text__type_support.h
[47.791s] -- Installing: /home/akariros/Akari_ros2_humble/install/akari_msgs/include/akari_msgs/akari_msgs/srv/detail/set_allout__functions.c
[47.791s] -- Installing: /home/akariros/Akari_ros2_humble/install/akari_msgs/include/akari_msgs/akari_msgs/srv/detail/set_display_color__struct.h
[47.791s] -- Installing: /home/akariros/Akari_ros2_humble/install/akari_msgs/include/akari_msgs/akari_msgs/srv/detail/set_display_image__functions.c
[47.791s] -- Installing: /home/akariros/Akari_ros2_humble/install/akari_msgs/include/akari_msgs/akari_msgs/srv/detail/set_joint_bool__functions.h
[47.792s] -- Installing: /home/akariros/Akari_ros2_humble/install/akari_msgs/include/akari_msgs/akari_msgs/srv/detail/trigger__functions.h
[47.792s] -- Installing: /home/akariros/Akari_ros2_humble/install/akari_msgs/include/akari_msgs/akari_msgs/srv/trigger.h
[47.793s] -- Installing: /home/akariros/Akari_ros2_humble/install/akari_msgs/include/akari_msgs/akari_msgs/srv/set_display_text.h
[47.794s] -- Installing: /home/akariros/Akari_ros2_humble/install/akari_msgs/include/akari_msgs/akari_msgs/srv/set_display_image.h
[47.794s] -- Installing: /home/akariros/Akari_ros2_humble/install/akari_msgs/include/akari_msgs/akari_msgs/srv/set_dout.h
[47.794s] -- Installing: /home/akariros/Akari_ros2_humble/install/akari_msgs/include/akari_msgs/akari_msgs/srv/set_display_color.h
[47.795s] -- Installing: /home/akariros/Akari_ros2_humble/install/akari_msgs/include/akari_msgs/akari_msgs/srv/set_allout.h
[47.795s] -- Installing: /home/akariros/Akari_ros2_humble/install/akari_msgs/include/akari_msgs/akari_msgs/srv/set_joint_float.h
[47.795s] -- Installing: /home/akariros/Akari_ros2_humble/install/akari_msgs/include/akari_msgs/akari_msgs/srv/set_joint_bool.h
[47.796s] -- Installing: /home/akariros/Akari_ros2_humble/install/akari_msgs/include/akari_msgs/akari_msgs/msg
[47.796s] -- Installing: /home/akariros/Akari_ros2_humble/install/akari_msgs/include/akari_msgs/akari_msgs/msg/rosidl_generator_c__visibility_control.h
[47.796s] -- Installing: /home/akariros/Akari_ros2_humble/install/akari_msgs/include/akari_msgs/akari_msgs/msg/detail
[47.797s] -- Installing: /home/akariros/Akari_ros2_humble/install/akari_msgs/include/akari_msgs/akari_msgs/msg/detail/m5__functions.c
[47.797s] -- Installing: /home/akariros/Akari_ros2_humble/install/akari_msgs/include/akari_msgs/akari_msgs/msg/detail/akarisetting__functions.h
[47.797s] -- Installing: /home/akariros/Akari_ros2_humble/install/akari_msgs/include/akari_msgs/akari_msgs/msg/detail/m5__struct.h
[47.798s] -- Installing: /home/akariros/Akari_ros2_humble/install/akari_msgs/include/akari_msgs/akari_msgs/msg/detail/m5__type_support.h
[47.798s] -- Installing: /home/akariros/Akari_ros2_humble/install/akari_msgs/include/akari_msgs/akari_msgs/msg/detail/m5__functions.h
[47.798s] -- Installing: /home/akariros/Akari_ros2_humble/install/akari_msgs/include/akari_msgs/akari_msgs/msg/detail/akarisetting__functions.c
[47.799s] -- Installing: /home/akariros/Akari_ros2_humble/install/akari_msgs/include/akari_msgs/akari_msgs/msg/detail/akarisetting__type_support.h
[47.799s] -- Installing: /home/akariros/Akari_ros2_humble/install/akari_msgs/include/akari_msgs/akari_msgs/msg/detail/akarisetting__struct.h
[47.799s] -- Installing: /home/akariros/Akari_ros2_humble/install/akari_msgs/include/akari_msgs/akari_msgs/msg/m5.h
[47.799s] -- Installing: /home/akariros/Akari_ros2_humble/install/akari_msgs/include/akari_msgs/akari_msgs/msg/akarisetting.h
[47.800s] -- Installing: /home/akariros/Akari_ros2_humble/install/akari_msgs/include/akari_msgs/akari_msgs/action
[47.800s] -- Installing: /home/akariros/Akari_ros2_humble/install/akari_msgs/include/akari_msgs/akari_msgs/action/move_joint.h
[47.800s] -- Installing: /home/akariros/Akari_ros2_humble/install/akari_msgs/include/akari_msgs/akari_msgs/action/detail
[47.801s] -- Installing: /home/akariros/Akari_ros2_humble/install/akari_msgs/include/akari_msgs/akari_msgs/action/detail/move_joint__functions.c
[47.801s] -- Installing: /home/akariros/Akari_ros2_humble/install/akari_msgs/include/akari_msgs/akari_msgs/action/detail/move_joint__functions.h
[47.801s] -- Installing: /home/akariros/Akari_ros2_humble/install/akari_msgs/include/akari_msgs/akari_msgs/action/detail/move_joint__struct.h
[47.801s] -- Installing: /home/akariros/Akari_ros2_humble/install/akari_msgs/include/akari_msgs/akari_msgs/action/detail/move_joint__type_support.h
[47.801s] -- Installing: /home/akariros/Akari_ros2_humble/install/akari_msgs/share/akari_msgs/environment/library_path.sh
[47.802s] -- Installing: /home/akariros/Akari_ros2_humble/install/akari_msgs/share/akari_msgs/environment/library_path.dsv
[47.802s] -- Installing: /home/akariros/Akari_ros2_humble/install/akari_msgs/lib/libakari_msgs__rosidl_generator_c.so
[47.803s] -- Set runtime path of "/home/akariros/Akari_ros2_humble/install/akari_msgs/lib/libakari_msgs__rosidl_generator_c.so" to ""
[47.803s] -- Up-to-date: /home/akariros/Akari_ros2_humble/install/akari_msgs/include/akari_msgs/akari_msgs
[47.803s] -- Up-to-date: /home/akariros/Akari_ros2_humble/install/akari_msgs/include/akari_msgs/akari_msgs/srv
[47.804s] -- Up-to-date: /home/akariros/Akari_ros2_humble/install/akari_msgs/include/akari_msgs/akari_msgs/srv/detail
[47.804s] -- Installing: /home/akariros/Akari_ros2_humble/install/akari_msgs/include/akari_msgs/akari_msgs/srv/detail/set_servo_status__rosidl_typesupport_fastrtps_c.h
[47.804s] -- Installing: /home/akariros/Akari_ros2_humble/install/akari_msgs/include/akari_msgs/akari_msgs/srv/detail/set_display_color__rosidl_typesupport_fastrtps_c.h
[47.805s] -- Installing: /home/akariros/Akari_ros2_humble/install/akari_msgs/include/akari_msgs/akari_msgs/srv/detail/set_allout__rosidl_typesupport_fastrtps_c.h
[47.805s] -- Installing: /home/akariros/Akari_ros2_humble/install/akari_msgs/include/akari_msgs/akari_msgs/srv/detail/set_display_image__rosidl_typesupport_fastrtps_c.h
[47.805s] -- Installing: /home/akariros/Akari_ros2_humble/install/akari_msgs/include/akari_msgs/akari_msgs/srv/detail/set_joint_bool__rosidl_typesupport_fastrtps_c.h
[47.806s] -- Installing: /home/akariros/Akari_ros2_humble/install/akari_msgs/include/akari_msgs/akari_msgs/srv/detail/set_pwmout__rosidl_typesupport_fastrtps_c.h
[47.806s] -- Installing: /home/akariros/Akari_ros2_humble/install/akari_msgs/include/akari_msgs/akari_msgs/srv/detail/trigger__rosidl_typesupport_fastrtps_c.h
[47.806s] -- Installing: /home/akariros/Akari_ros2_humble/install/akari_msgs/include/akari_msgs/akari_msgs/srv/detail/set_dout__rosidl_typesupport_fastrtps_c.h
[47.806s] -- Installing: /home/akariros/Akari_ros2_humble/install/akari_msgs/include/akari_msgs/akari_msgs/srv/detail/set_joint_float__rosidl_typesupport_fastrtps_c.h
[47.807s] -- Installing: /home/akariros/Akari_ros2_humble/install/akari_msgs/include/akari_msgs/akari_msgs/srv/detail/set_display_text__rosidl_typesupport_fastrtps_c.h
[47.807s] -- Up-to-date: /home/akariros/Akari_ros2_humble/install/akari_msgs/include/akari_msgs/akari_msgs/msg
[47.807s] -- Up-to-date: /home/akariros/Akari_ros2_humble/install/akari_msgs/include/akari_msgs/akari_msgs/msg/detail
[47.807s] -- Installing: /home/akariros/Akari_ros2_humble/install/akari_msgs/include/akari_msgs/akari_msgs/msg/detail/m5__rosidl_typesupport_fastrtps_c.h
[47.808s] -- Installing: /home/akariros/Akari_ros2_humble/install/akari_msgs/include/akari_msgs/akari_msgs/msg/detail/akarisetting__rosidl_typesupport_fastrtps_c.h
[47.808s] -- Installing: /home/akariros/Akari_ros2_humble/install/akari_msgs/include/akari_msgs/akari_msgs/msg/rosidl_typesupport_fastrtps_c__visibility_control.h
[47.808s] -- Up-to-date: /home/akariros/Akari_ros2_humble/install/akari_msgs/include/akari_msgs/akari_msgs/action
[47.809s] -- Up-to-date: /home/akariros/Akari_ros2_humble/install/akari_msgs/include/akari_msgs/akari_msgs/action/detail
[47.809s] -- Installing: /home/akariros/Akari_ros2_humble/install/akari_msgs/include/akari_msgs/akari_msgs/action/detail/move_joint__rosidl_typesupport_fastrtps_c.h
[47.809s] -- Installing: /home/akariros/Akari_ros2_humble/install/akari_msgs/lib/libakari_msgs__rosidl_typesupport_fastrtps_c.so
[47.810s] -- Set runtime path of "/home/akariros/Akari_ros2_humble/install/akari_msgs/lib/libakari_msgs__rosidl_typesupport_fastrtps_c.so" to ""
[47.810s] -- Up-to-date: /home/akariros/Akari_ros2_humble/install/akari_msgs/include/akari_msgs/akari_msgs
[47.811s] -- Up-to-date: /home/akariros/Akari_ros2_humble/install/akari_msgs/include/akari_msgs/akari_msgs/srv
[47.811s] -- Installing: /home/akariros/Akari_ros2_humble/install/akari_msgs/include/akari_msgs/akari_msgs/srv/set_display_text.hpp
[47.811s] -- Installing: /home/akariros/Akari_ros2_humble/install/akari_msgs/include/akari_msgs/akari_msgs/srv/set_display_image.hpp
[47.811s] -- Installing: /home/akariros/Akari_ros2_humble/install/akari_msgs/include/akari_msgs/akari_msgs/srv/set_joint_bool.hpp
[47.812s] -- Installing: /home/akariros/Akari_ros2_humble/install/akari_msgs/include/akari_msgs/akari_msgs/srv/set_allout.hpp
[47.812s] -- Up-to-date: /home/akariros/Akari_ros2_humble/install/akari_msgs/include/akari_msgs/akari_msgs/srv/detail
[47.812s] -- Installing: /home/akariros/Akari_ros2_humble/install/akari_msgs/include/akari_msgs/akari_msgs/srv/detail/trigger__struct.hpp
[47.813s] -- Installing: /home/akariros/Akari_ros2_humble/install/akari_msgs/include/akari_msgs/akari_msgs/srv/detail/set_display_text__traits.hpp
[47.813s] -- Installing: /home/akariros/Akari_ros2_humble/install/akari_msgs/include/akari_msgs/akari_msgs/srv/detail/set_display_text__builder.hpp
[47.813s] -- Installing: /home/akariros/Akari_ros2_humble/install/akari_msgs/include/akari_msgs/akari_msgs/srv/detail/trigger__builder.hpp
[47.814s] -- Installing: /home/akariros/Akari_ros2_humble/install/akari_msgs/include/akari_msgs/akari_msgs/srv/detail/set_allout__struct.hpp
[47.814s] -- Installing: /home/akariros/Akari_ros2_humble/install/akari_msgs/include/akari_msgs/akari_msgs/srv/detail/set_joint_float__builder.hpp
[47.814s] -- Installing: /home/akariros/Akari_ros2_humble/install/akari_msgs/include/akari_msgs/akari_msgs/srv/detail/set_display_color__struct.hpp
[47.814s] -- Installing: /home/akariros/Akari_ros2_humble/install/akari_msgs/include/akari_msgs/akari_msgs/srv/detail/set_display_text__struct.hpp
[47.815s] -- Installing: /home/akariros/Akari_ros2_humble/install/akari_msgs/include/akari_msgs/akari_msgs/srv/detail/set_dout__struct.hpp
[47.815s] -- Installing: /home/akariros/Akari_ros2_humble/install/akari_msgs/include/akari_msgs/akari_msgs/srv/detail/trigger__traits.hpp
[47.815s] -- Installing: /home/akariros/Akari_ros2_humble/install/akari_msgs/include/akari_msgs/akari_msgs/srv/detail/set_pwmout__struct.hpp
[47.816s] -- Installing: /home/akariros/Akari_ros2_humble/install/akari_msgs/include/akari_msgs/akari_msgs/srv/detail/set_allout__builder.hpp
[47.816s] -- Installing: /home/akariros/Akari_ros2_humble/install/akari_msgs/include/akari_msgs/akari_msgs/srv/detail/set_display_color__builder.hpp
[47.816s] -- Installing: /home/akariros/Akari_ros2_humble/install/akari_msgs/include/akari_msgs/akari_msgs/srv/detail/set_display_image__traits.hpp
[47.816s] -- Installing: /home/akariros/Akari_ros2_humble/install/akari_msgs/include/akari_msgs/akari_msgs/srv/detail/set_dout__builder.hpp
[47.817s] -- Installing: /home/akariros/Akari_ros2_humble/install/akari_msgs/include/akari_msgs/akari_msgs/srv/detail/set_display_color__traits.hpp
[47.817s] -- Installing: /home/akariros/Akari_ros2_humble/install/akari_msgs/include/akari_msgs/akari_msgs/srv/detail/set_display_image__struct.hpp
[47.817s] -- Installing: /home/akariros/Akari_ros2_humble/install/akari_msgs/include/akari_msgs/akari_msgs/srv/detail/set_joint_float__traits.hpp
[47.818s] -- Installing: /home/akariros/Akari_ros2_humble/install/akari_msgs/include/akari_msgs/akari_msgs/srv/detail/set_joint_bool__traits.hpp
[47.818s] -- Installing: /home/akariros/Akari_ros2_humble/install/akari_msgs/include/akari_msgs/akari_msgs/srv/detail/set_joint_bool__builder.hpp
[47.818s] -- Installing: /home/akariros/Akari_ros2_humble/install/akari_msgs/include/akari_msgs/akari_msgs/srv/detail/set_joint_bool__struct.hpp
[47.819s] -- Installing: /home/akariros/Akari_ros2_humble/install/akari_msgs/include/akari_msgs/akari_msgs/srv/detail/set_pwmout__builder.hpp
[47.819s] -- Installing: /home/akariros/Akari_ros2_humble/install/akari_msgs/include/akari_msgs/akari_msgs/srv/detail/set_dout__traits.hpp
[47.819s] -- Installing: /home/akariros/Akari_ros2_humble/install/akari_msgs/include/akari_msgs/akari_msgs/srv/detail/set_servo_status__struct.hpp
[47.819s] -- Installing: /home/akariros/Akari_ros2_humble/install/akari_msgs/include/akari_msgs/akari_msgs/srv/detail/set_servo_status__traits.hpp
[47.820s] -- Installing: /home/akariros/Akari_ros2_humble/install/akari_msgs/include/akari_msgs/akari_msgs/srv/detail/set_allout__traits.hpp
[47.820s] -- Installing: /home/akariros/Akari_ros2_humble/install/akari_msgs/include/akari_msgs/akari_msgs/srv/detail/set_display_image__builder.hpp
[47.820s] -- Installing: /home/akariros/Akari_ros2_humble/install/akari_msgs/include/akari_msgs/akari_msgs/srv/detail/set_servo_status__builder.hpp
[47.821s] -- Installing: /home/akariros/Akari_ros2_humble/install/akari_msgs/include/akari_msgs/akari_msgs/srv/detail/set_joint_float__struct.hpp
[47.821s] -- Installing: /home/akariros/Akari_ros2_humble/install/akari_msgs/include/akari_msgs/akari_msgs/srv/detail/set_pwmout__traits.hpp
[47.821s] -- Installing: /home/akariros/Akari_ros2_humble/install/akari_msgs/include/akari_msgs/akari_msgs/srv/set_display_color.hpp
[47.822s] -- Installing: /home/akariros/Akari_ros2_humble/install/akari_msgs/include/akari_msgs/akari_msgs/srv/set_dout.hpp
[47.822s] -- Installing: /home/akariros/Akari_ros2_humble/install/akari_msgs/include/akari_msgs/akari_msgs/srv/trigger.hpp
[47.822s] -- Installing: /home/akariros/Akari_ros2_humble/install/akari_msgs/include/akari_msgs/akari_msgs/srv/set_pwmout.hpp
[47.823s] -- Installing: /home/akariros/Akari_ros2_humble/install/akari_msgs/include/akari_msgs/akari_msgs/srv/set_servo_status.hpp
[47.823s] -- Installing: /home/akariros/Akari_ros2_humble/install/akari_msgs/include/akari_msgs/akari_msgs/srv/set_joint_float.hpp
[47.823s] -- Up-to-date: /home/akariros/Akari_ros2_humble/install/akari_msgs/include/akari_msgs/akari_msgs/msg
[47.824s] -- Installing: /home/akariros/Akari_ros2_humble/install/akari_msgs/include/akari_msgs/akari_msgs/msg/akarisetting.hpp
[47.824s] -- Up-to-date: /home/akariros/Akari_ros2_humble/install/akari_msgs/include/akari_msgs/akari_msgs/msg/detail
[47.824s] -- Installing: /home/akariros/Akari_ros2_humble/install/akari_msgs/include/akari_msgs/akari_msgs/msg/detail/m5__traits.hpp
[47.825s] -- Installing: /home/akariros/Akari_ros2_humble/install/akari_msgs/include/akari_msgs/akari_msgs/msg/detail/m5__struct.hpp
[47.825s] -- Installing: /home/akariros/Akari_ros2_humble/install/akari_msgs/include/akari_msgs/akari_msgs/msg/detail/m5__builder.hpp
[47.825s] -- Installing: /home/akariros/Akari_ros2_humble/install/akari_msgs/include/akari_msgs/akari_msgs/msg/detail/akarisetting__traits.hpp
[47.825s] -- Installing: /home/akariros/Akari_ros2_humble/install/akari_msgs/include/akari_msgs/akari_msgs/msg/detail/akarisetting__struct.hpp
[47.826s] -- Installing: /home/akariros/Akari_ros2_humble/install/akari_msgs/include/akari_msgs/akari_msgs/msg/detail/akarisetting__builder.hpp
[47.826s] -- Installing: /home/akariros/Akari_ros2_humble/install/akari_msgs/include/akari_msgs/akari_msgs/msg/m5.hpp
[47.826s] -- Up-to-date: /home/akariros/Akari_ros2_humble/install/akari_msgs/include/akari_msgs/akari_msgs/action
[47.827s] -- Up-to-date: /home/akariros/Akari_ros2_humble/install/akari_msgs/include/akari_msgs/akari_msgs/action/detail
[47.827s] -- Installing: /home/akariros/Akari_ros2_humble/install/akari_msgs/include/akari_msgs/akari_msgs/action/detail/move_joint__traits.hpp
[47.827s] -- Installing: /home/akariros/Akari_ros2_humble/install/akari_msgs/include/akari_msgs/akari_msgs/action/detail/move_joint__builder.hpp
[47.828s] -- Installing: /home/akariros/Akari_ros2_humble/install/akari_msgs/include/akari_msgs/akari_msgs/action/detail/move_joint__struct.hpp
[47.828s] -- Installing: /home/akariros/Akari_ros2_humble/install/akari_msgs/include/akari_msgs/akari_msgs/action/move_joint.hpp
[47.828s] -- Up-to-date: /home/akariros/Akari_ros2_humble/install/akari_msgs/include/akari_msgs/akari_msgs
[47.829s] -- Up-to-date: /home/akariros/Akari_ros2_humble/install/akari_msgs/include/akari_msgs/akari_msgs/srv
[47.829s] -- Up-to-date: /home/akariros/Akari_ros2_humble/install/akari_msgs/include/akari_msgs/akari_msgs/srv/detail
[47.829s] -- Installing: /home/akariros/Akari_ros2_humble/install/akari_msgs/include/akari_msgs/akari_msgs/srv/detail/dds_fastrtps
[47.829s] -- Installing: /home/akariros/Akari_ros2_humble/install/akari_msgs/include/akari_msgs/akari_msgs/srv/detail/set_pwmout__rosidl_typesupport_fastrtps_cpp.hpp
[47.830s] -- Installing: /home/akariros/Akari_ros2_humble/install/akari_msgs/include/akari_msgs/akari_msgs/srv/detail/set_display_text__rosidl_typesupport_fastrtps_cpp.hpp
[47.830s] -- Installing: /home/akariros/Akari_ros2_humble/install/akari_msgs/include/akari_msgs/akari_msgs/srv/detail/trigger__rosidl_typesupport_fastrtps_cpp.hpp
[47.830s] -- Installing: /home/akariros/Akari_ros2_humble/install/akari_msgs/include/akari_msgs/akari_msgs/srv/detail/set_dout__rosidl_typesupport_fastrtps_cpp.hpp
[47.830s] -- Installing: /home/akariros/Akari_ros2_humble/install/akari_msgs/include/akari_msgs/akari_msgs/srv/detail/set_joint_bool__rosidl_typesupport_fastrtps_cpp.hpp
[47.831s] -- Installing: /home/akariros/Akari_ros2_humble/install/akari_msgs/include/akari_msgs/akari_msgs/srv/detail/set_servo_status__rosidl_typesupport_fastrtps_cpp.hpp
[47.831s] -- Installing: /home/akariros/Akari_ros2_humble/install/akari_msgs/include/akari_msgs/akari_msgs/srv/detail/set_display_image__rosidl_typesupport_fastrtps_cpp.hpp
[47.832s] -- Installing: /home/akariros/Akari_ros2_humble/install/akari_msgs/include/akari_msgs/akari_msgs/srv/detail/set_allout__rosidl_typesupport_fastrtps_cpp.hpp
[47.832s] -- Installing: /home/akariros/Akari_ros2_humble/install/akari_msgs/include/akari_msgs/akari_msgs/srv/detail/set_display_color__rosidl_typesupport_fastrtps_cpp.hpp
[47.832s] -- Installing: /home/akariros/Akari_ros2_humble/install/akari_msgs/include/akari_msgs/akari_msgs/srv/detail/set_joint_float__rosidl_typesupport_fastrtps_cpp.hpp
[47.832s] -- Up-to-date: /home/akariros/Akari_ros2_humble/install/akari_msgs/include/akari_msgs/akari_msgs/msg
[47.833s] -- Installing: /home/akariros/Akari_ros2_humble/install/akari_msgs/include/akari_msgs/akari_msgs/msg/rosidl_typesupport_fastrtps_cpp__visibility_control.h
[47.833s] -- Up-to-date: /home/akariros/Akari_ros2_humble/install/akari_msgs/include/akari_msgs/akari_msgs/msg/detail
[47.833s] -- Installing: /home/akariros/Akari_ros2_humble/install/akari_msgs/include/akari_msgs/akari_msgs/msg/detail/dds_fastrtps
[47.834s] -- Installing: /home/akariros/Akari_ros2_humble/install/akari_msgs/include/akari_msgs/akari_msgs/msg/detail/akarisetting__rosidl_typesupport_fastrtps_cpp.hpp
[47.834s] -- Installing: /home/akariros/Akari_ros2_humble/install/akari_msgs/include/akari_msgs/akari_msgs/msg/detail/m5__rosidl_typesupport_fastrtps_cpp.hpp
[47.834s] -- Up-to-date: /home/akariros/Akari_ros2_humble/install/akari_msgs/include/akari_msgs/akari_msgs/action
[47.834s] -- Up-to-date: /home/akariros/Akari_ros2_humble/install/akari_msgs/include/akari_msgs/akari_msgs/action/detail
[47.835s] -- Installing: /home/akariros/Akari_ros2_humble/install/akari_msgs/include/akari_msgs/akari_msgs/action/detail/dds_fastrtps
[47.835s] -- Installing: /home/akariros/Akari_ros2_humble/install/akari_msgs/include/akari_msgs/akari_msgs/action/detail/move_joint__rosidl_typesupport_fastrtps_cpp.hpp
[47.835s] -- Installing: /home/akariros/Akari_ros2_humble/install/akari_msgs/lib/libakari_msgs__rosidl_typesupport_fastrtps_cpp.so
[47.836s] -- Set runtime path of "/home/akariros/Akari_ros2_humble/install/akari_msgs/lib/libakari_msgs__rosidl_typesupport_fastrtps_cpp.so" to ""
[47.836s] -- Up-to-date: /home/akariros/Akari_ros2_humble/install/akari_msgs/include/akari_msgs/akari_msgs
[47.836s] -- Up-to-date: /home/akariros/Akari_ros2_humble/install/akari_msgs/include/akari_msgs/akari_msgs/srv
[47.836s] -- Up-to-date: /home/akariros/Akari_ros2_humble/install/akari_msgs/include/akari_msgs/akari_msgs/srv/detail
[47.837s] -- Installing: /home/akariros/Akari_ros2_humble/install/akari_msgs/include/akari_msgs/akari_msgs/srv/detail/set_allout__rosidl_typesupport_introspection_c.h
[47.837s] -- Installing: /home/akariros/Akari_ros2_humble/install/akari_msgs/include/akari_msgs/akari_msgs/srv/detail/set_servo_status__type_support.c
[47.837s] -- Installing: /home/akariros/Akari_ros2_humble/install/akari_msgs/include/akari_msgs/akari_msgs/srv/detail/set_display_image__type_support.c
[47.838s] -- Installing: /home/akariros/Akari_ros2_humble/install/akari_msgs/include/akari_msgs/akari_msgs/srv/detail/set_joint_bool__type_support.c
[47.838s] -- Installing: /home/akariros/Akari_ros2_humble/install/akari_msgs/include/akari_msgs/akari_msgs/srv/detail/set_joint_float__rosidl_typesupport_introspection_c.h
[47.838s] -- Installing: /home/akariros/Akari_ros2_humble/install/akari_msgs/include/akari_msgs/akari_msgs/srv/detail/trigger__type_support.c
[47.839s] -- Installing: /home/akariros/Akari_ros2_humble/install/akari_msgs/include/akari_msgs/akari_msgs/srv/detail/set_pwmout__type_support.c
[47.839s] -- Installing: /home/akariros/Akari_ros2_humble/install/akari_msgs/include/akari_msgs/akari_msgs/srv/detail/set_pwmout__rosidl_typesupport_introspection_c.h
[47.839s] -- Installing: /home/akariros/Akari_ros2_humble/install/akari_msgs/include/akari_msgs/akari_msgs/srv/detail/set_display_text__rosidl_typesupport_introspection_c.h
[47.840s] -- Installing: /home/akariros/Akari_ros2_humble/install/akari_msgs/include/akari_msgs/akari_msgs/srv/detail/set_display_color__rosidl_typesupport_introspection_c.h
[47.840s] -- Installing: /home/akariros/Akari_ros2_humble/install/akari_msgs/include/akari_msgs/akari_msgs/srv/detail/set_servo_status__rosidl_typesupport_introspection_c.h
[47.840s] -- Installing: /home/akariros/Akari_ros2_humble/install/akari_msgs/include/akari_msgs/akari_msgs/srv/detail/set_display_text__type_support.c
[47.840s] -- Installing: /home/akariros/Akari_ros2_humble/install/akari_msgs/include/akari_msgs/akari_msgs/srv/detail/set_dout__type_support.c
[47.841s] -- Installing: /home/akariros/Akari_ros2_humble/install/akari_msgs/include/akari_msgs/akari_msgs/srv/detail/trigger__rosidl_typesupport_introspection_c.h
[47.841s] -- Installing: /home/akariros/Akari_ros2_humble/install/akari_msgs/include/akari_msgs/akari_msgs/srv/detail/set_dout__rosidl_typesupport_introspection_c.h
[47.841s] -- Installing: /home/akariros/Akari_ros2_humble/install/akari_msgs/include/akari_msgs/akari_msgs/srv/detail/set_joint_bool__rosidl_typesupport_introspection_c.h
[47.841s] -- Installing: /home/akariros/Akari_ros2_humble/install/akari_msgs/include/akari_msgs/akari_msgs/srv/detail/set_joint_float__type_support.c
[47.842s] -- Installing: /home/akariros/Akari_ros2_humble/install/akari_msgs/include/akari_msgs/akari_msgs/srv/detail/set_display_color__type_support.c
[47.842s] -- Installing: /home/akariros/Akari_ros2_humble/install/akari_msgs/include/akari_msgs/akari_msgs/srv/detail/set_allout__type_support.c
[47.842s] -- Installing: /home/akariros/Akari_ros2_humble/install/akari_msgs/include/akari_msgs/akari_msgs/srv/detail/set_display_image__rosidl_typesupport_introspection_c.h
[47.842s] -- Up-to-date: /home/akariros/Akari_ros2_humble/install/akari_msgs/include/akari_msgs/akari_msgs/msg
[47.843s] -- Installing: /home/akariros/Akari_ros2_humble/install/akari_msgs/include/akari_msgs/akari_msgs/msg/rosidl_typesupport_introspection_c__visibility_control.h
[47.843s] -- Up-to-date: /home/akariros/Akari_ros2_humble/install/akari_msgs/include/akari_msgs/akari_msgs/msg/detail
[47.843s] -- Installing: /home/akariros/Akari_ros2_humble/install/akari_msgs/include/akari_msgs/akari_msgs/msg/detail/m5__type_support.c
[47.844s] -- Installing: /home/akariros/Akari_ros2_humble/install/akari_msgs/include/akari_msgs/akari_msgs/msg/detail/akarisetting__type_support.c
[47.844s] -- Installing: /home/akariros/Akari_ros2_humble/install/akari_msgs/include/akari_msgs/akari_msgs/msg/detail/akarisetting__rosidl_typesupport_introspection_c.h
[47.844s] -- Installing: /home/akariros/Akari_ros2_humble/install/akari_msgs/include/akari_msgs/akari_msgs/msg/detail/m5__rosidl_typesupport_introspection_c.h
[47.845s] -- Up-to-date: /home/akariros/Akari_ros2_humble/install/akari_msgs/include/akari_msgs/akari_msgs/action
[47.845s] -- Up-to-date: /home/akariros/Akari_ros2_humble/install/akari_msgs/include/akari_msgs/akari_msgs/action/detail
[47.845s] -- Installing: /home/akariros/Akari_ros2_humble/install/akari_msgs/include/akari_msgs/akari_msgs/action/detail/move_joint__rosidl_typesupport_introspection_c.h
[47.846s] -- Installing: /home/akariros/Akari_ros2_humble/install/akari_msgs/include/akari_msgs/akari_msgs/action/detail/move_joint__type_support.c
[47.846s] -- Installing: /home/akariros/Akari_ros2_humble/install/akari_msgs/lib/libakari_msgs__rosidl_typesupport_introspection_c.so
[47.846s] -- Set runtime path of "/home/akariros/Akari_ros2_humble/install/akari_msgs/lib/libakari_msgs__rosidl_typesupport_introspection_c.so" to ""
[47.846s] -- Installing: /home/akariros/Akari_ros2_humble/install/akari_msgs/lib/libakari_msgs__rosidl_typesupport_c.so
[47.847s] -- Set runtime path of "/home/akariros/Akari_ros2_humble/install/akari_msgs/lib/libakari_msgs__rosidl_typesupport_c.so" to ""
[47.847s] -- Up-to-date: /home/akariros/Akari_ros2_humble/install/akari_msgs/include/akari_msgs/akari_msgs
[47.847s] -- Up-to-date: /home/akariros/Akari_ros2_humble/install/akari_msgs/include/akari_msgs/akari_msgs/srv
[47.848s] -- Up-to-date: /home/akariros/Akari_ros2_humble/install/akari_msgs/include/akari_msgs/akari_msgs/srv/detail
[47.848s] -- Installing: /home/akariros/Akari_ros2_humble/install/akari_msgs/include/akari_msgs/akari_msgs/srv/detail/set_display_color__type_support.cpp
[47.848s] -- Installing: /home/akariros/Akari_ros2_humble/install/akari_msgs/include/akari_msgs/akari_msgs/srv/detail/set_dout__type_support.cpp
[47.848s] -- Installing: /home/akariros/Akari_ros2_humble/install/akari_msgs/include/akari_msgs/akari_msgs/srv/detail/set_joint_bool__type_support.cpp
[47.849s] -- Installing: /home/akariros/Akari_ros2_humble/install/akari_msgs/include/akari_msgs/akari_msgs/srv/detail/set_allout__type_support.cpp
[47.849s] -- Installing: /home/akariros/Akari_ros2_humble/install/akari_msgs/include/akari_msgs/akari_msgs/srv/detail/set_servo_status__rosidl_typesupport_introspection_cpp.hpp
[47.850s] -- Installing: /home/akariros/Akari_ros2_humble/install/akari_msgs/include/akari_msgs/akari_msgs/srv/detail/set_dout__rosidl_typesupport_introspection_cpp.hpp
[47.850s] -- Installing: /home/akariros/Akari_ros2_humble/install/akari_msgs/include/akari_msgs/akari_msgs/srv/detail/set_pwmout__rosidl_typesupport_introspection_cpp.hpp
[47.850s] -- Installing: /home/akariros/Akari_ros2_humble/install/akari_msgs/include/akari_msgs/akari_msgs/srv/detail/set_display_image__rosidl_typesupport_introspection_cpp.hpp
[47.851s] -- Installing: /home/akariros/Akari_ros2_humble/install/akari_msgs/include/akari_msgs/akari_msgs/srv/detail/set_display_text__type_support.cpp
[47.851s] -- Installing: /home/akariros/Akari_ros2_humble/install/akari_msgs/include/akari_msgs/akari_msgs/srv/detail/set_display_image__type_support.cpp
[47.851s] -- Installing: /home/akariros/Akari_ros2_humble/install/akari_msgs/include/akari_msgs/akari_msgs/srv/detail/set_servo_status__type_support.cpp
[47.851s] -- Installing: /home/akariros/Akari_ros2_humble/install/akari_msgs/include/akari_msgs/akari_msgs/srv/detail/set_allout__rosidl_typesupport_introspection_cpp.hpp
[47.852s] -- Installing: /home/akariros/Akari_ros2_humble/install/akari_msgs/include/akari_msgs/akari_msgs/srv/detail/set_display_text__rosidl_typesupport_introspection_cpp.hpp
[47.852s] -- Installing: /home/akariros/Akari_ros2_humble/install/akari_msgs/include/akari_msgs/akari_msgs/srv/detail/set_joint_float__type_support.cpp
[47.852s] -- Installing: /home/akariros/Akari_ros2_humble/install/akari_msgs/include/akari_msgs/akari_msgs/srv/detail/set_joint_float__rosidl_typesupport_introspection_cpp.hpp
[47.852s] -- Installing: /home/akariros/Akari_ros2_humble/install/akari_msgs/include/akari_msgs/akari_msgs/srv/detail/set_pwmout__type_support.cpp
[47.852s] -- Installing: /home/akariros/Akari_ros2_humble/install/akari_msgs/include/akari_msgs/akari_msgs/srv/detail/set_display_color__rosidl_typesupport_introspection_cpp.hpp
[47.853s] -- Installing: /home/akariros/Akari_ros2_humble/install/akari_msgs/include/akari_msgs/akari_msgs/srv/detail/trigger__type_support.cpp
[47.853s] -- Installing: /home/akariros/Akari_ros2_humble/install/akari_msgs/include/akari_msgs/akari_msgs/srv/detail/set_joint_bool__rosidl_typesupport_introspection_cpp.hpp
[47.853s] -- Installing: /home/akariros/Akari_ros2_humble/install/akari_msgs/include/akari_msgs/akari_msgs/srv/detail/trigger__rosidl_typesupport_introspection_cpp.hpp
[47.854s] -- Up-to-date: /home/akariros/Akari_ros2_humble/install/akari_msgs/include/akari_msgs/akari_msgs/msg
[47.854s] -- Up-to-date: /home/akariros/Akari_ros2_humble/install/akari_msgs/include/akari_msgs/akari_msgs/msg/detail
[47.854s] -- Installing: /home/akariros/Akari_ros2_humble/install/akari_msgs/include/akari_msgs/akari_msgs/msg/detail/m5__type_support.cpp
[47.854s] -- Installing: /home/akariros/Akari_ros2_humble/install/akari_msgs/include/akari_msgs/akari_msgs/msg/detail/m5__rosidl_typesupport_introspection_cpp.hpp
[47.854s] -- Installing: /home/akariros/Akari_ros2_humble/install/akari_msgs/include/akari_msgs/akari_msgs/msg/detail/akarisetting__rosidl_typesupport_introspection_cpp.hpp
[47.854s] -- Installing: /home/akariros/Akari_ros2_humble/install/akari_msgs/include/akari_msgs/akari_msgs/msg/detail/akarisetting__type_support.cpp
[47.855s] -- Up-to-date: /home/akariros/Akari_ros2_humble/install/akari_msgs/include/akari_msgs/akari_msgs/action
[47.855s] -- Up-to-date: /home/akariros/Akari_ros2_humble/install/akari_msgs/include/akari_msgs/akari_msgs/action/detail
[47.855s] -- Installing: /home/akariros/Akari_ros2_humble/install/akari_msgs/include/akari_msgs/akari_msgs/action/detail/move_joint__type_support.cpp
[47.855s] -- Installing: /home/akariros/Akari_ros2_humble/install/akari_msgs/include/akari_msgs/akari_msgs/action/detail/move_joint__rosidl_typesupport_introspection_cpp.hpp
[47.855s] -- Installing: /home/akariros/Akari_ros2_humble/install/akari_msgs/lib/libakari_msgs__rosidl_typesupport_introspection_cpp.so
[47.856s] -- Set runtime path of "/home/akariros/Akari_ros2_humble/install/akari_msgs/lib/libakari_msgs__rosidl_typesupport_introspection_cpp.so" to ""
[47.856s] -- Installing: /home/akariros/Akari_ros2_humble/install/akari_msgs/lib/libakari_msgs__rosidl_typesupport_cpp.so
[47.856s] -- Set runtime path of "/home/akariros/Akari_ros2_humble/install/akari_msgs/lib/libakari_msgs__rosidl_typesupport_cpp.so" to ""
[47.856s] -- Installing: /home/akariros/Akari_ros2_humble/install/akari_msgs/share/akari_msgs/environment/pythonpath.sh
[47.857s] -- Installing: /home/akariros/Akari_ros2_humble/install/akari_msgs/share/akari_msgs/environment/pythonpath.dsv
[47.857s] -- Installing: /home/akariros/Akari_ros2_humble/install/akari_msgs/local/lib/python3.10/dist-packages/akari_msgs-0.0.0-py3.10.egg-info
[47.857s] -- Installing: /home/akariros/Akari_ros2_humble/install/akari_msgs/local/lib/python3.10/dist-packages/akari_msgs-0.0.0-py3.10.egg-info/SOURCES.txt
[47.857s] -- Installing: /home/akariros/Akari_ros2_humble/install/akari_msgs/local/lib/python3.10/dist-packages/akari_msgs-0.0.0-py3.10.egg-info/top_level.txt
[47.858s] -- Installing: /home/akariros/Akari_ros2_humble/install/akari_msgs/local/lib/python3.10/dist-packages/akari_msgs-0.0.0-py3.10.egg-info/dependency_links.txt
[47.858s] -- Installing: /home/akariros/Akari_ros2_humble/install/akari_msgs/local/lib/python3.10/dist-packages/akari_msgs-0.0.0-py3.10.egg-info/PKG-INFO
[47.858s] -- Installing: /home/akariros/Akari_ros2_humble/install/akari_msgs/local/lib/python3.10/dist-packages/akari_msgs
[47.858s] -- Installing: /home/akariros/Akari_ros2_humble/install/akari_msgs/local/lib/python3.10/dist-packages/akari_msgs/_akari_msgs_s.ep.rosidl_typesupport_fastrtps_c.c
[47.859s] -- Installing: /home/akariros/Akari_ros2_humble/install/akari_msgs/local/lib/python3.10/dist-packages/akari_msgs/srv
[47.859s] -- Installing: /home/akariros/Akari_ros2_humble/install/akari_msgs/local/lib/python3.10/dist-packages/akari_msgs/srv/_set_servo_status_s.c
[47.859s] -- Installing: /home/akariros/Akari_ros2_humble/install/akari_msgs/local/lib/python3.10/dist-packages/akari_msgs/srv/_set_display_image_s.c
[47.860s] -- Installing: /home/akariros/Akari_ros2_humble/install/akari_msgs/local/lib/python3.10/dist-packages/akari_msgs/srv/_set_servo_status.py
[47.860s] -- Installing: /home/akariros/Akari_ros2_humble/install/akari_msgs/local/lib/python3.10/dist-packages/akari_msgs/srv/__init__.py
[47.860s] -- Installing: /home/akariros/Akari_ros2_humble/install/akari_msgs/local/lib/python3.10/dist-packages/akari_msgs/srv/_set_display_text.py
[47.861s] -- Installing: /home/akariros/Akari_ros2_humble/install/akari_msgs/local/lib/python3.10/dist-packages/akari_msgs/srv/_set_pwmout_s.c
[47.861s] -- Installing: /home/akariros/Akari_ros2_humble/install/akari_msgs/local/lib/python3.10/dist-packages/akari_msgs/srv/_set_allout_s.c
[47.861s] -- Installing: /home/akariros/Akari_ros2_humble/install/akari_msgs/local/lib/python3.10/dist-packages/akari_msgs/srv/_set_joint_float_s.c
[47.861s] -- Installing: /home/akariros/Akari_ros2_humble/install/akari_msgs/local/lib/python3.10/dist-packages/akari_msgs/srv/_set_display_image.py
[47.862s] -- Installing: /home/akariros/Akari_ros2_humble/install/akari_msgs/local/lib/python3.10/dist-packages/akari_msgs/srv/_set_joint_bool_s.c
[47.862s] -- Installing: /home/akariros/Akari_ros2_humble/install/akari_msgs/local/lib/python3.10/dist-packages/akari_msgs/srv/_trigger.py
[47.862s] -- Installing: /home/akariros/Akari_ros2_humble/install/akari_msgs/local/lib/python3.10/dist-packages/akari_msgs/srv/_set_display_color.py
[47.862s] -- Installing: /home/akariros/Akari_ros2_humble/install/akari_msgs/local/lib/python3.10/dist-packages/akari_msgs/srv/_set_display_text_s.c
[47.863s] -- Installing: /home/akariros/Akari_ros2_humble/install/akari_msgs/local/lib/python3.10/dist-packages/akari_msgs/srv/_set_allout.py
[47.863s] -- Installing: /home/akariros/Akari_ros2_humble/install/akari_msgs/local/lib/python3.10/dist-packages/akari_msgs/srv/_set_joint_bool.py
[47.863s] -- Installing: /home/akariros/Akari_ros2_humble/install/akari_msgs/local/lib/python3.10/dist-packages/akari_msgs/srv/_set_dout_s.c
[47.864s] -- Installing: /home/akariros/Akari_ros2_humble/install/akari_msgs/local/lib/python3.10/dist-packages/akari_msgs/srv/_trigger_s.c
[47.864s] -- Installing: /home/akariros/Akari_ros2_humble/install/akari_msgs/local/lib/python3.10/dist-packages/akari_msgs/srv/_set_joint_float.py
[47.864s] -- Installing: /home/akariros/Akari_ros2_humble/install/akari_msgs/local/lib/python3.10/dist-packages/akari_msgs/srv/_set_display_color_s.c
[47.864s] -- Installing: /home/akariros/Akari_ros2_humble/install/akari_msgs/local/lib/python3.10/dist-packages/akari_msgs/srv/_set_pwmout.py
[47.865s] -- Installing: /home/akariros/Akari_ros2_humble/install/akari_msgs/local/lib/python3.10/dist-packages/akari_msgs/srv/_set_dout.py
[47.865s] -- Installing: /home/akariros/Akari_ros2_humble/install/akari_msgs/local/lib/python3.10/dist-packages/akari_msgs/akari_msgs_s__rosidl_typesupport_c.cpython-310-x86_64-linux-gnu.so
[47.865s] -- Installing: /home/akariros/Akari_ros2_humble/install/akari_msgs/local/lib/python3.10/dist-packages/akari_msgs/__init__.py
[47.865s] -- Installing: /home/akariros/Akari_ros2_humble/install/akari_msgs/local/lib/python3.10/dist-packages/akari_msgs/libakari_msgs__rosidl_generator_py.so
[47.865s] -- Installing: /home/akariros/Akari_ros2_humble/install/akari_msgs/local/lib/python3.10/dist-packages/akari_msgs/msg
[47.866s] -- Installing: /home/akariros/Akari_ros2_humble/install/akari_msgs/local/lib/python3.10/dist-packages/akari_msgs/msg/_m5_s.c
[47.866s] -- Installing: /home/akariros/Akari_ros2_humble/install/akari_msgs/local/lib/python3.10/dist-packages/akari_msgs/msg/_akarisetting.py
[47.867s] -- Installing: /home/akariros/Akari_ros2_humble/install/akari_msgs/local/lib/python3.10/dist-packages/akari_msgs/msg/__init__.py
[47.867s] -- Installing: /home/akariros/Akari_ros2_humble/install/akari_msgs/local/lib/python3.10/dist-packages/akari_msgs/msg/_m5.py
[47.867s] -- Installing: /home/akariros/Akari_ros2_humble/install/akari_msgs/local/lib/python3.10/dist-packages/akari_msgs/msg/_akarisetting_s.c
[47.867s] -- Installing: /home/akariros/Akari_ros2_humble/install/akari_msgs/local/lib/python3.10/dist-packages/akari_msgs/_akari_msgs_s.ep.rosidl_typesupport_introspection_c.c
[47.868s] -- Installing: /home/akariros/Akari_ros2_humble/install/akari_msgs/local/lib/python3.10/dist-packages/akari_msgs/akari_msgs_s__rosidl_typesupport_fastrtps_c.cpython-310-x86_64-linux-gnu.so
[47.868s] -- Installing: /home/akariros/Akari_ros2_humble/install/akari_msgs/local/lib/python3.10/dist-packages/akari_msgs/akari_msgs_s__rosidl_typesupport_introspection_c.cpython-310-x86_64-linux-gnu.so
[47.871s] -- Installing: /home/akariros/Akari_ros2_humble/install/akari_msgs/local/lib/python3.10/dist-packages/akari_msgs/action
[47.871s] -- Installing: /home/akariros/Akari_ros2_humble/install/akari_msgs/local/lib/python3.10/dist-packages/akari_msgs/action/_move_joint.py
[47.871s] -- Installing: /home/akariros/Akari_ros2_humble/install/akari_msgs/local/lib/python3.10/dist-packages/akari_msgs/action/__init__.py
[47.871s] -- Installing: /home/akariros/Akari_ros2_humble/install/akari_msgs/local/lib/python3.10/dist-packages/akari_msgs/action/_move_joint_s.c
[47.872s] -- Installing: /home/akariros/Akari_ros2_humble/install/akari_msgs/local/lib/python3.10/dist-packages/akari_msgs/_akari_msgs_s.ep.rosidl_typesupport_c.c
[47.968s] Listing '/home/akariros/Akari_ros2_humble/install/akari_msgs/local/lib/python3.10/dist-packages/akari_msgs'...
[47.968s] Compiling '/home/akariros/Akari_ros2_humble/install/akari_msgs/local/lib/python3.10/dist-packages/akari_msgs/__init__.py'...
[47.968s] Listing '/home/akariros/Akari_ros2_humble/install/akari_msgs/local/lib/python3.10/dist-packages/akari_msgs/action'...
[47.968s] Compiling '/home/akariros/Akari_ros2_humble/install/akari_msgs/local/lib/python3.10/dist-packages/akari_msgs/action/__init__.py'...
[47.968s] Compiling '/home/akariros/Akari_ros2_humble/install/akari_msgs/local/lib/python3.10/dist-packages/akari_msgs/action/_move_joint.py'...
[47.968s] Listing '/home/akariros/Akari_ros2_humble/install/akari_msgs/local/lib/python3.10/dist-packages/akari_msgs/msg'...
[47.969s] Compiling '/home/akariros/Akari_ros2_humble/install/akari_msgs/local/lib/python3.10/dist-packages/akari_msgs/msg/__init__.py'...
[47.969s] Compiling '/home/akariros/Akari_ros2_humble/install/akari_msgs/local/lib/python3.10/dist-packages/akari_msgs/msg/_akarisetting.py'...
[47.969s] Compiling '/home/akariros/Akari_ros2_humble/install/akari_msgs/local/lib/python3.10/dist-packages/akari_msgs/msg/_m5.py'...
[47.969s] Listing '/home/akariros/Akari_ros2_humble/install/akari_msgs/local/lib/python3.10/dist-packages/akari_msgs/srv'...
[47.969s] Compiling '/home/akariros/Akari_ros2_humble/install/akari_msgs/local/lib/python3.10/dist-packages/akari_msgs/srv/__init__.py'...
[47.969s] Compiling '/home/akariros/Akari_ros2_humble/install/akari_msgs/local/lib/python3.10/dist-packages/akari_msgs/srv/_set_allout.py'...
[47.969s] Compiling '/home/akariros/Akari_ros2_humble/install/akari_msgs/local/lib/python3.10/dist-packages/akari_msgs/srv/_set_display_color.py'...
[47.970s] Compiling '/home/akariros/Akari_ros2_humble/install/akari_msgs/local/lib/python3.10/dist-packages/akari_msgs/srv/_set_display_image.py'...
[47.970s] Compiling '/home/akariros/Akari_ros2_humble/install/akari_msgs/local/lib/python3.10/dist-packages/akari_msgs/srv/_set_display_text.py'...
[47.970s] Compiling '/home/akariros/Akari_ros2_humble/install/akari_msgs/local/lib/python3.10/dist-packages/akari_msgs/srv/_set_dout.py'...
[47.970s] Compiling '/home/akariros/Akari_ros2_humble/install/akari_msgs/local/lib/python3.10/dist-packages/akari_msgs/srv/_set_joint_bool.py'...
[47.970s] Compiling '/home/akariros/Akari_ros2_humble/install/akari_msgs/local/lib/python3.10/dist-packages/akari_msgs/srv/_set_joint_float.py'...
[47.970s] Compiling '/home/akariros/Akari_ros2_humble/install/akari_msgs/local/lib/python3.10/dist-packages/akari_msgs/srv/_set_pwmout.py'...
[47.970s] Compiling '/home/akariros/Akari_ros2_humble/install/akari_msgs/local/lib/python3.10/dist-packages/akari_msgs/srv/_set_servo_status.py'...
[47.971s] Compiling '/home/akariros/Akari_ros2_humble/install/akari_msgs/local/lib/python3.10/dist-packages/akari_msgs/srv/_trigger.py'...
[47.977s] -- Installing: /home/akariros/Akari_ros2_humble/install/akari_msgs/local/lib/python3.10/dist-packages/akari_msgs/akari_msgs_s__rosidl_typesupport_fastrtps_c.cpython-310-x86_64-linux-gnu.so
[47.978s] -- Set runtime path of "/home/akariros/Akari_ros2_humble/install/akari_msgs/local/lib/python3.10/dist-packages/akari_msgs/akari_msgs_s__rosidl_typesupport_fastrtps_c.cpython-310-x86_64-linux-gnu.so" to ""
[47.979s] -- Installing: /home/akariros/Akari_ros2_humble/install/akari_msgs/local/lib/python3.10/dist-packages/akari_msgs/akari_msgs_s__rosidl_typesupport_introspection_c.cpython-310-x86_64-linux-gnu.so
[47.980s] -- Set runtime path of "/home/akariros/Akari_ros2_humble/install/akari_msgs/local/lib/python3.10/dist-packages/akari_msgs/akari_msgs_s__rosidl_typesupport_introspection_c.cpython-310-x86_64-linux-gnu.so" to ""
[47.980s] -- Installing: /home/akariros/Akari_ros2_humble/install/akari_msgs/local/lib/python3.10/dist-packages/akari_msgs/akari_msgs_s__rosidl_typesupport_c.cpython-310-x86_64-linux-gnu.so
[47.981s] -- Set runtime path of "/home/akariros/Akari_ros2_humble/install/akari_msgs/local/lib/python3.10/dist-packages/akari_msgs/akari_msgs_s__rosidl_typesupport_c.cpython-310-x86_64-linux-gnu.so" to ""
[47.981s] -- Installing: /home/akariros/Akari_ros2_humble/install/akari_msgs/lib/libakari_msgs__rosidl_generator_py.so
[47.982s] -- Set runtime path of "/home/akariros/Akari_ros2_humble/install/akari_msgs/lib/libakari_msgs__rosidl_generator_py.so" to ""
[47.982s] -- Installing: /home/akariros/Akari_ros2_humble/install/akari_msgs/share/akari_msgs/srv/SetAllout.idl
[47.983s] -- Installing: /home/akariros/Akari_ros2_humble/install/akari_msgs/share/akari_msgs/srv/SetDisplayColor.idl
[47.983s] -- Installing: /home/akariros/Akari_ros2_humble/install/akari_msgs/share/akari_msgs/srv/SetDisplayImage.idl
[47.984s] -- Installing: /home/akariros/Akari_ros2_humble/install/akari_msgs/share/akari_msgs/srv/SetDisplayText.idl
[47.984s] -- Installing: /home/akariros/Akari_ros2_humble/install/akari_msgs/share/akari_msgs/srv/SetDout.idl
[47.984s] -- Installing: /home/akariros/Akari_ros2_humble/install/akari_msgs/share/akari_msgs/srv/SetPwmout.idl
[47.984s] -- Installing: /home/akariros/Akari_ros2_humble/install/akari_msgs/share/akari_msgs/srv/Trigger.idl
[47.985s] -- Installing: /home/akariros/Akari_ros2_humble/install/akari_msgs/share/akari_msgs/srv/SetServoStatus.idl
[47.985s] -- Installing: /home/akariros/Akari_ros2_humble/install/akari_msgs/share/akari_msgs/srv/SetJointFloat.idl
[47.985s] -- Installing: /home/akariros/Akari_ros2_humble/install/akari_msgs/share/akari_msgs/srv/SetJointBool.idl
[47.986s] -- Installing: /home/akariros/Akari_ros2_humble/install/akari_msgs/share/akari_msgs/msg/M5.idl
[47.986s] -- Installing: /home/akariros/Akari_ros2_humble/install/akari_msgs/share/akari_msgs/msg/Akarisetting.idl
[47.987s] -- Installing: /home/akariros/Akari_ros2_humble/install/akari_msgs/share/akari_msgs/action/MoveJoint.idl
[47.987s] -- Installing: /home/akariros/Akari_ros2_humble/install/akari_msgs/share/akari_msgs/srv/SetAllout.srv
[47.987s] -- Installing: /home/akariros/Akari_ros2_humble/install/akari_msgs/share/akari_msgs/srv/SetAllout_Request.msg
[47.988s] -- Installing: /home/akariros/Akari_ros2_humble/install/akari_msgs/share/akari_msgs/srv/SetAllout_Response.msg
[47.988s] -- Installing: /home/akariros/Akari_ros2_humble/install/akari_msgs/share/akari_msgs/srv/SetDisplayColor.srv
[47.988s] -- Installing: /home/akariros/Akari_ros2_humble/install/akari_msgs/share/akari_msgs/srv/SetDisplayColor_Request.msg
[47.989s] -- Installing: /home/akariros/Akari_ros2_humble/install/akari_msgs/share/akari_msgs/srv/SetDisplayColor_Response.msg
[47.989s] -- Installing: /home/akariros/Akari_ros2_humble/install/akari_msgs/share/akari_msgs/srv/SetDisplayImage.srv
[47.990s] -- Installing: /home/akariros/Akari_ros2_humble/install/akari_msgs/share/akari_msgs/srv/SetDisplayImage_Request.msg
[47.990s] -- Installing: /home/akariros/Akari_ros2_humble/install/akari_msgs/share/akari_msgs/srv/SetDisplayImage_Response.msg
[47.990s] -- Installing: /home/akariros/Akari_ros2_humble/install/akari_msgs/share/akari_msgs/srv/SetDisplayText.srv
[47.990s] -- Installing: /home/akariros/Akari_ros2_humble/install/akari_msgs/share/akari_msgs/srv/SetDisplayText_Request.msg
[47.991s] -- Installing: /home/akariros/Akari_ros2_humble/install/akari_msgs/share/akari_msgs/srv/SetDisplayText_Response.msg
[47.991s] -- Installing: /home/akariros/Akari_ros2_humble/install/akari_msgs/share/akari_msgs/srv/SetDout.srv
[47.991s] -- Installing: /home/akariros/Akari_ros2_humble/install/akari_msgs/share/akari_msgs/srv/SetDout_Request.msg
[47.992s] -- Installing: /home/akariros/Akari_ros2_humble/install/akari_msgs/share/akari_msgs/srv/SetDout_Response.msg
[47.992s] -- Installing: /home/akariros/Akari_ros2_humble/install/akari_msgs/share/akari_msgs/srv/SetPwmout.srv
[47.992s] -- Installing: /home/akariros/Akari_ros2_humble/install/akari_msgs/share/akari_msgs/srv/SetPwmout_Request.msg
[47.993s] -- Installing: /home/akariros/Akari_ros2_humble/install/akari_msgs/share/akari_msgs/srv/SetPwmout_Response.msg
[47.995s] -- Installing: /home/akariros/Akari_ros2_humble/install/akari_msgs/share/akari_msgs/srv/Trigger.srv
[47.995s] -- Installing: /home/akariros/Akari_ros2_humble/install/akari_msgs/share/akari_msgs/srv/Trigger_Request.msg
[47.996s] -- Installing: /home/akariros/Akari_ros2_humble/install/akari_msgs/share/akari_msgs/srv/Trigger_Response.msg
[47.996s] -- Installing: /home/akariros/Akari_ros2_humble/install/akari_msgs/share/akari_msgs/srv/SetServoStatus.srv
[47.996s] -- Installing: /home/akariros/Akari_ros2_humble/install/akari_msgs/share/akari_msgs/srv/SetServoStatus_Request.msg
[47.996s] -- Installing: /home/akariros/Akari_ros2_humble/install/akari_msgs/share/akari_msgs/srv/SetServoStatus_Response.msg
[47.996s] -- Installing: /home/akariros/Akari_ros2_humble/install/akari_msgs/share/akari_msgs/srv/SetJointFloat.srv
[47.996s] -- Installing: /home/akariros/Akari_ros2_humble/install/akari_msgs/share/akari_msgs/srv/SetJointFloat_Request.msg
[47.997s] -- Installing: /home/akariros/Akari_ros2_humble/install/akari_msgs/share/akari_msgs/srv/SetJointFloat_Response.msg
[47.997s] -- Installing: /home/akariros/Akari_ros2_humble/install/akari_msgs/share/akari_msgs/srv/SetJointBool.srv
[48.000s] -- Installing: /home/akariros/Akari_ros2_humble/install/akari_msgs/share/akari_msgs/srv/SetJointBool_Request.msg
[48.004s] -- Installing: /home/akariros/Akari_ros2_humble/install/akari_msgs/share/akari_msgs/srv/SetJointBool_Response.msg
[48.005s] -- Installing: /home/akariros/Akari_ros2_humble/install/akari_msgs/share/akari_msgs/msg/M5.msg
[48.005s] -- Installing: /home/akariros/Akari_ros2_humble/install/akari_msgs/share/akari_msgs/msg/Akarisetting.msg
[48.005s] -- Installing: /home/akariros/Akari_ros2_humble/install/akari_msgs/share/akari_msgs/action/MoveJoint.action
[48.005s] -- Installing: /home/akariros/Akari_ros2_humble/install/akari_msgs/share/ament_index/resource_index/package_run_dependencies/akari_msgs
[48.006s] -- Installing: /home/akariros/Akari_ros2_humble/install/akari_msgs/share/ament_index/resource_index/parent_prefix_path/akari_msgs
[48.006s] -- Installing: /home/akariros/Akari_ros2_humble/install/akari_msgs/share/akari_msgs/environment/ament_prefix_path.sh
[48.006s] -- Installing: /home/akariros/Akari_ros2_humble/install/akari_msgs/share/akari_msgs/environment/ament_prefix_path.dsv
[48.006s] -- Installing: /home/akariros/Akari_ros2_humble/install/akari_msgs/share/akari_msgs/environment/path.sh
[48.007s] -- Installing: /home/akariros/Akari_ros2_humble/install/akari_msgs/share/akari_msgs/environment/path.dsv
[48.007s] -- Installing: /home/akariros/Akari_ros2_humble/install/akari_msgs/share/akari_msgs/local_setup.bash
[48.007s] -- Installing: /home/akariros/Akari_ros2_humble/install/akari_msgs/share/akari_msgs/local_setup.sh
[48.007s] -- Installing: /home/akariros/Akari_ros2_humble/install/akari_msgs/share/akari_msgs/local_setup.zsh
[48.008s] -- Installing: /home/akariros/Akari_ros2_humble/install/akari_msgs/share/akari_msgs/local_setup.dsv
[48.008s] -- Installing: /home/akariros/Akari_ros2_humble/install/akari_msgs/share/akari_msgs/package.dsv
[48.008s] -- Installing: /home/akariros/Akari_ros2_humble/install/akari_msgs/share/ament_index/resource_index/packages/akari_msgs
[48.008s] -- Installing: /home/akariros/Akari_ros2_humble/install/akari_msgs/share/akari_msgs/cmake/export_akari_msgs__rosidl_generator_cExport.cmake
[48.009s] -- Installing: /home/akariros/Akari_ros2_humble/install/akari_msgs/share/akari_msgs/cmake/export_akari_msgs__rosidl_generator_cExport-noconfig.cmake
[48.009s] -- Installing: /home/akariros/Akari_ros2_humble/install/akari_msgs/share/akari_msgs/cmake/export_akari_msgs__rosidl_typesupport_fastrtps_cExport.cmake
[48.009s] -- Installing: /home/akariros/Akari_ros2_humble/install/akari_msgs/share/akari_msgs/cmake/export_akari_msgs__rosidl_typesupport_fastrtps_cExport-noconfig.cmake
[48.009s] -- Installing: /home/akariros/Akari_ros2_humble/install/akari_msgs/share/akari_msgs/cmake/export_akari_msgs__rosidl_generator_cppExport.cmake
[48.010s] -- Installing: /home/akariros/Akari_ros2_humble/install/akari_msgs/share/akari_msgs/cmake/export_akari_msgs__rosidl_typesupport_fastrtps_cppExport.cmake
[48.010s] -- Installing: /home/akariros/Akari_ros2_humble/install/akari_msgs/share/akari_msgs/cmake/export_akari_msgs__rosidl_typesupport_fastrtps_cppExport-noconfig.cmake
[48.010s] -- Installing: /home/akariros/Akari_ros2_humble/install/akari_msgs/share/akari_msgs/cmake/akari_msgs__rosidl_typesupport_introspection_cExport.cmake
[48.011s] -- Installing: /home/akariros/Akari_ros2_humble/install/akari_msgs/share/akari_msgs/cmake/akari_msgs__rosidl_typesupport_introspection_cExport-noconfig.cmake
[48.011s] -- Installing: /home/akariros/Akari_ros2_humble/install/akari_msgs/share/akari_msgs/cmake/akari_msgs__rosidl_typesupport_cExport.cmake
[48.011s] -- Installing: /home/akariros/Akari_ros2_humble/install/akari_msgs/share/akari_msgs/cmake/akari_msgs__rosidl_typesupport_cExport-noconfig.cmake
[48.011s] -- Installing: /home/akariros/Akari_ros2_humble/install/akari_msgs/share/akari_msgs/cmake/akari_msgs__rosidl_typesupport_introspection_cppExport.cmake
[48.012s] -- Installing: /home/akariros/Akari_ros2_humble/install/akari_msgs/share/akari_msgs/cmake/akari_msgs__rosidl_typesupport_introspection_cppExport-noconfig.cmake
[48.012s] -- Installing: /home/akariros/Akari_ros2_humble/install/akari_msgs/share/akari_msgs/cmake/akari_msgs__rosidl_typesupport_cppExport.cmake
[48.012s] -- Installing: /home/akariros/Akari_ros2_humble/install/akari_msgs/share/akari_msgs/cmake/akari_msgs__rosidl_typesupport_cppExport-noconfig.cmake
[48.013s] -- Installing: /home/akariros/Akari_ros2_humble/install/akari_msgs/share/akari_msgs/cmake/export_akari_msgs__rosidl_generator_pyExport.cmake
[48.013s] -- Installing: /home/akariros/Akari_ros2_humble/install/akari_msgs/share/akari_msgs/cmake/export_akari_msgs__rosidl_generator_pyExport-noconfig.cmake
[48.013s] -- Installing: /home/akariros/Akari_ros2_humble/install/akari_msgs/share/akari_msgs/cmake/rosidl_cmake-extras.cmake
[48.013s] -- Installing: /home/akariros/Akari_ros2_humble/install/akari_msgs/share/akari_msgs/cmake/ament_cmake_export_dependencies-extras.cmake
[48.014s] -- Installing: /home/akariros/Akari_ros2_humble/install/akari_msgs/share/akari_msgs/cmake/ament_cmake_export_include_directories-extras.cmake
[48.014s] -- Installing: /home/akariros/Akari_ros2_humble/install/akari_msgs/share/akari_msgs/cmake/ament_cmake_export_libraries-extras.cmake
[48.014s] -- Installing: /home/akariros/Akari_ros2_humble/install/akari_msgs/share/akari_msgs/cmake/ament_cmake_export_targets-extras.cmake
[48.014s] -- Installing: /home/akariros/Akari_ros2_humble/install/akari_msgs/share/akari_msgs/cmake/rosidl_cmake_export_typesupport_targets-extras.cmake
[48.015s] -- Installing: /home/akariros/Akari_ros2_humble/install/akari_msgs/share/akari_msgs/cmake/rosidl_cmake_export_typesupport_libraries-extras.cmake
[48.015s] -- Installing: /home/akariros/Akari_ros2_humble/install/akari_msgs/share/akari_msgs/cmake/akari_msgsConfig.cmake
[48.015s] -- Installing: /home/akariros/Akari_ros2_humble/install/akari_msgs/share/akari_msgs/cmake/akari_msgsConfig-version.cmake
[48.016s] -- Installing: /home/akariros/Akari_ros2_humble/install/akari_msgs/share/akari_msgs/package.xml
[48.023s] Invoked command in '/home/akariros/Akari_ros2_humble/build/akari_msgs' returned '0': CMAKE_PREFIX_PATH=/opt/ros/humble /usr/bin/cmake --install /home/akariros/Akari_ros2_humble/build/akari_msgs
