[2.977s] Invoking command in '/home/akariros/Akari_ros2_humble/akari_launch': PYTHONPATH=/home/akariros/Akari_ros2_humble/build/akari_launch/prefix_override:/home/akariros/Akari_ros2_humble/install/akari_launch/lib/python3.10/site-packages:${PYTHONPATH} /usr/bin/python3 setup.py egg_info --egg-base ../build/akari_launch build --build-base /home/akariros/Akari_ros2_humble/build/akari_launch/build install --record /home/akariros/Akari_ros2_humble/build/akari_launch/install.log --single-version-externally-managed
[3.759s] running egg_info
[3.761s] writing ../build/akari_launch/akari_launch.egg-info/PKG-INFO
[3.761s] writing dependency_links to ../build/akari_launch/akari_launch.egg-info/dependency_links.txt
[3.762s] writing entry points to ../build/akari_launch/akari_launch.egg-info/entry_points.txt
[3.762s] writing requirements to ../build/akari_launch/akari_launch.egg-info/requires.txt
[3.762s] writing top-level names to ../build/akari_launch/akari_launch.egg-info/top_level.txt
[3.766s] reading manifest file '../build/akari_launch/akari_launch.egg-info/SOURCES.txt'
[3.768s] writing manifest file '../build/akari_launch/akari_launch.egg-info/SOURCES.txt'
[3.769s] running build
[3.769s] running build_py
[3.769s] running install
[3.770s] /usr/lib/python3/dist-packages/setuptools/command/install.py:34: SetuptoolsDeprecationWarning: setup.py install is deprecated. Use build and pip and other standards-based tools.
[3.770s]   warnings.warn(
[3.773s] running install_lib
[3.774s] running install_data
[3.776s] running install_egg_info
[3.791s] removing '/home/akariros/Akari_ros2_humble/install/akari_launch/lib/python3.10/site-packages/akari_launch-0.0.0-py3.10.egg-info' (and everything under it)
[3.791s] Copying ../build/akari_launch/akari_launch.egg-info to /home/akariros/Akari_ros2_humble/install/akari_launch/lib/python3.10/site-packages/akari_launch-0.0.0-py3.10.egg-info
[3.793s] running install_scripts
[3.856s] writing list of installed files to '/home/akariros/Akari_ros2_humble/build/akari_launch/install.log'
[3.938s] Invoked command in '/home/akariros/Akari_ros2_humble/akari_launch' returned '0': PYTHONPATH=/home/akariros/Akari_ros2_humble/build/akari_launch/prefix_override:/home/akariros/Akari_ros2_humble/install/akari_launch/lib/python3.10/site-packages:${PYTHONPATH} /usr/bin/python3 setup.py egg_info --egg-base ../build/akari_launch build --build-base /home/akariros/Akari_ros2_humble/build/akari_launch/build install --record /home/akariros/Akari_ros2_humble/build/akari_launch/install.log --single-version-externally-managed
