[3.217s] Invoking command in '/home/akariros/Akari_ros2_humble/akari_launch': PYTHONPATH=/home/akariros/Akari_ros2_humble/build/akari_launch/prefix_override:/home/akariros/Akari_ros2_humble/install/akari_launch/lib/python3.10/site-packages:${PYTHONPATH} /usr/bin/python3 setup.py egg_info --egg-base ../build/akari_launch build --build-base /home/akariros/Akari_ros2_humble/build/akari_launch/build install --record /home/akariros/Akari_ros2_humble/build/akari_launch/install.log --single-version-externally-managed
[3.953s] running egg_info
[3.954s] writing ../build/akari_launch/akari_launch.egg-info/PKG-INFO
[3.955s] writing dependency_links to ../build/akari_launch/akari_launch.egg-info/dependency_links.txt
[3.955s] writing entry points to ../build/akari_launch/akari_launch.egg-info/entry_points.txt
[3.956s] writing requirements to ../build/akari_launch/akari_launch.egg-info/requires.txt
[3.956s] writing top-level names to ../build/akari_launch/akari_launch.egg-info/top_level.txt
[3.960s] reading manifest file '../build/akari_launch/akari_launch.egg-info/SOURCES.txt'
[3.962s] writing manifest file '../build/akari_launch/akari_launch.egg-info/SOURCES.txt'
[3.962s] running build
[3.963s] running build_py
[3.963s] running install
[3.963s] /usr/lib/python3/dist-packages/setuptools/command/install.py:34: SetuptoolsDeprecationWarning: setup.py install is deprecated. Use build and pip and other standards-based tools.
[3.963s]   warnings.warn(
[3.964s] running install_lib
[3.968s] running install_data
[3.969s] running install_egg_info
[3.974s] removing '/home/akariros/Akari_ros2_humble/install/akari_launch/lib/python3.10/site-packages/akari_launch-0.0.0-py3.10.egg-info' (and everything under it)
[3.975s] Copying ../build/akari_launch/akari_launch.egg-info to /home/akariros/Akari_ros2_humble/install/akari_launch/lib/python3.10/site-packages/akari_launch-0.0.0-py3.10.egg-info
[3.977s] running install_scripts
[4.028s] writing list of installed files to '/home/akariros/Akari_ros2_humble/build/akari_launch/install.log'
[4.086s] Invoked command in '/home/akariros/Akari_ros2_humble/akari_launch' returned '0': PYTHONPATH=/home/akariros/Akari_ros2_humble/build/akari_launch/prefix_override:/home/akariros/Akari_ros2_humble/install/akari_launch/lib/python3.10/site-packages:${PYTHONPATH} /usr/bin/python3 setup.py egg_info --egg-base ../build/akari_launch build --build-base /home/akariros/Akari_ros2_humble/build/akari_launch/build install --record /home/akariros/Akari_ros2_humble/build/akari_launch/install.log --single-version-externally-managed
