running egg_info
creating ../build/py_m5serial/py_m5serial.egg-info
writing ../build/py_m5serial/py_m5serial.egg-info/PKG-INFO
writing dependency_links to ../build/py_m5serial/py_m5serial.egg-info/dependency_links.txt
writing entry points to ../build/py_m5serial/py_m5serial.egg-info/entry_points.txt
writing requirements to ../build/py_m5serial/py_m5serial.egg-info/requires.txt
writing top-level names to ../build/py_m5serial/py_m5serial.egg-info/top_level.txt
writing manifest file '../build/py_m5serial/py_m5serial.egg-info/SOURCES.txt'
reading manifest file '../build/py_m5serial/py_m5serial.egg-info/SOURCES.txt'
writing manifest file '../build/py_m5serial/py_m5serial.egg-info/SOURCES.txt'
running build
running build_py
creating /home/akariros/Akari_ros2_humble/build/py_m5serial/build
creating /home/akariros/Akari_ros2_humble/build/py_m5serial/build/lib
creating /home/akariros/Akari_ros2_humble/build/py_m5serial/build/lib/py_m5serial
copying py_m5serial/py_m5client_reset_allout.py -> /home/akariros/Akari_ros2_humble/build/py_m5serial/build/lib/py_m5serial
copying py_m5serial/py_m5client_set_dout.py -> /home/akariros/Akari_ros2_humble/build/py_m5serial/build/lib/py_m5serial
copying py_m5serial/__init__.py -> /home/akariros/Akari_ros2_humble/build/py_m5serial/build/lib/py_m5serial
copying py_m5serial/m5stack_publisher.py -> /home/akariros/Akari_ros2_humble/build/py_m5serial/build/lib/py_m5serial
copying py_m5serial/py_m5client_display_reset.py -> /home/akariros/Akari_ros2_humble/build/py_m5serial/build/lib/py_m5serial
copying py_m5serial/py_m5client_move_joints_actionclient.py -> /home/akariros/Akari_ros2_humble/build/py_m5serial/build/lib/py_m5serial
copying py_m5serial/py_m5server.py -> /home/akariros/Akari_ros2_humble/build/py_m5serial/build/lib/py_m5serial
copying py_m5serial/py_m5client_set_pwmout.py -> /home/akariros/Akari_ros2_humble/build/py_m5serial/build/lib/py_m5serial
copying py_m5serial/py_m5client_set_allout.py -> /home/akariros/Akari_ros2_humble/build/py_m5serial/build/lib/py_m5serial
copying py_m5serial/py_m5client_display_color.py -> /home/akariros/Akari_ros2_humble/build/py_m5serial/build/lib/py_m5serial
copying py_m5serial/py_m5client_display_image.py -> /home/akariros/Akari_ros2_humble/build/py_m5serial/build/lib/py_m5serial
copying py_m5serial/py_m5client_display_text.py -> /home/akariros/Akari_ros2_humble/build/py_m5serial/build/lib/py_m5serial
running install
running install_lib
creating /home/akariros/Akari_ros2_humble/install/py_m5serial/lib/python3.10/site-packages/py_m5serial
copying /home/akariros/Akari_ros2_humble/build/py_m5serial/build/lib/py_m5serial/py_m5client_reset_allout.py -> /home/akariros/Akari_ros2_humble/install/py_m5serial/lib/python3.10/site-packages/py_m5serial
copying /home/akariros/Akari_ros2_humble/build/py_m5serial/build/lib/py_m5serial/py_m5client_set_dout.py -> /home/akariros/Akari_ros2_humble/install/py_m5serial/lib/python3.10/site-packages/py_m5serial
copying /home/akariros/Akari_ros2_humble/build/py_m5serial/build/lib/py_m5serial/__init__.py -> /home/akariros/Akari_ros2_humble/install/py_m5serial/lib/python3.10/site-packages/py_m5serial
copying /home/akariros/Akari_ros2_humble/build/py_m5serial/build/lib/py_m5serial/m5stack_publisher.py -> /home/akariros/Akari_ros2_humble/install/py_m5serial/lib/python3.10/site-packages/py_m5serial
copying /home/akariros/Akari_ros2_humble/build/py_m5serial/build/lib/py_m5serial/py_m5client_display_reset.py -> /home/akariros/Akari_ros2_humble/install/py_m5serial/lib/python3.10/site-packages/py_m5serial
copying /home/akariros/Akari_ros2_humble/build/py_m5serial/build/lib/py_m5serial/py_m5client_move_joints_actionclient.py -> /home/akariros/Akari_ros2_humble/install/py_m5serial/lib/python3.10/site-packages/py_m5serial
copying /home/akariros/Akari_ros2_humble/build/py_m5serial/build/lib/py_m5serial/py_m5server.py -> /home/akariros/Akari_ros2_humble/install/py_m5serial/lib/python3.10/site-packages/py_m5serial
copying /home/akariros/Akari_ros2_humble/build/py_m5serial/build/lib/py_m5serial/py_m5client_set_pwmout.py -> /home/akariros/Akari_ros2_humble/install/py_m5serial/lib/python3.10/site-packages/py_m5serial
copying /home/akariros/Akari_ros2_humble/build/py_m5serial/build/lib/py_m5serial/py_m5client_set_allout.py -> /home/akariros/Akari_ros2_humble/install/py_m5serial/lib/python3.10/site-packages/py_m5serial
copying /home/akariros/Akari_ros2_humble/build/py_m5serial/build/lib/py_m5serial/py_m5client_display_color.py -> /home/akariros/Akari_ros2_humble/install/py_m5serial/lib/python3.10/site-packages/py_m5serial
copying /home/akariros/Akari_ros2_humble/build/py_m5serial/build/lib/py_m5serial/py_m5client_display_image.py -> /home/akariros/Akari_ros2_humble/install/py_m5serial/lib/python3.10/site-packages/py_m5serial
copying /home/akariros/Akari_ros2_humble/build/py_m5serial/build/lib/py_m5serial/py_m5client_display_text.py -> /home/akariros/Akari_ros2_humble/install/py_m5serial/lib/python3.10/site-packages/py_m5serial
byte-compiling /home/akariros/Akari_ros2_humble/install/py_m5serial/lib/python3.10/site-packages/py_m5serial/py_m5client_reset_allout.py to py_m5client_reset_allout.cpython-310.pyc
byte-compiling /home/akariros/Akari_ros2_humble/install/py_m5serial/lib/python3.10/site-packages/py_m5serial/py_m5client_set_dout.py to py_m5client_set_dout.cpython-310.pyc
byte-compiling /home/akariros/Akari_ros2_humble/install/py_m5serial/lib/python3.10/site-packages/py_m5serial/__init__.py to __init__.cpython-310.pyc
byte-compiling /home/akariros/Akari_ros2_humble/install/py_m5serial/lib/python3.10/site-packages/py_m5serial/m5stack_publisher.py to m5stack_publisher.cpython-310.pyc
byte-compiling /home/akariros/Akari_ros2_humble/install/py_m5serial/lib/python3.10/site-packages/py_m5serial/py_m5client_display_reset.py to py_m5client_display_reset.cpython-310.pyc
byte-compiling /home/akariros/Akari_ros2_humble/install/py_m5serial/lib/python3.10/site-packages/py_m5serial/py_m5client_move_joints_actionclient.py to py_m5client_move_joints_actionclient.cpython-310.pyc
byte-compiling /home/akariros/Akari_ros2_humble/install/py_m5serial/lib/python3.10/site-packages/py_m5serial/py_m5server.py to py_m5server.cpython-310.pyc
byte-compiling /home/akariros/Akari_ros2_humble/install/py_m5serial/lib/python3.10/site-packages/py_m5serial/py_m5client_set_pwmout.py to py_m5client_set_pwmout.cpython-310.pyc
byte-compiling /home/akariros/Akari_ros2_humble/install/py_m5serial/lib/python3.10/site-packages/py_m5serial/py_m5client_set_allout.py to py_m5client_set_allout.cpython-310.pyc
byte-compiling /home/akariros/Akari_ros2_humble/install/py_m5serial/lib/python3.10/site-packages/py_m5serial/py_m5client_display_color.py to py_m5client_display_color.cpython-310.pyc
byte-compiling /home/akariros/Akari_ros2_humble/install/py_m5serial/lib/python3.10/site-packages/py_m5serial/py_m5client_display_image.py to py_m5client_display_image.cpython-310.pyc
byte-compiling /home/akariros/Akari_ros2_humble/install/py_m5serial/lib/python3.10/site-packages/py_m5serial/py_m5client_display_text.py to py_m5client_display_text.cpython-310.pyc
running install_data
creating /home/akariros/Akari_ros2_humble/install/py_m5serial/share/ament_index
creating /home/akariros/Akari_ros2_humble/install/py_m5serial/share/ament_index/resource_index
creating /home/akariros/Akari_ros2_humble/install/py_m5serial/share/ament_index/resource_index/packages
copying resource/py_m5serial -> /home/akariros/Akari_ros2_humble/install/py_m5serial/share/ament_index/resource_index/packages
copying package.xml -> /home/akariros/Akari_ros2_humble/install/py_m5serial/share/py_m5serial
running install_egg_info
Copying ../build/py_m5serial/py_m5serial.egg-info to /home/akariros/Akari_ros2_humble/install/py_m5serial/lib/python3.10/site-packages/py_m5serial-0.0.0-py3.10.egg-info
running install_scripts
Installing m5client_display_color script to /home/akariros/Akari_ros2_humble/install/py_m5serial/lib/py_m5serial
Installing m5client_display_image script to /home/akariros/Akari_ros2_humble/install/py_m5serial/lib/py_m5serial
Installing m5client_display_reset script to /home/akariros/Akari_ros2_humble/install/py_m5serial/lib/py_m5serial
Installing m5client_display_text script to /home/akariros/Akari_ros2_humble/install/py_m5serial/lib/py_m5serial
Installing m5client_move_joints_actionclient script to /home/akariros/Akari_ros2_humble/install/py_m5serial/lib/py_m5serial
Installing m5client_reset_allout script to /home/akariros/Akari_ros2_humble/install/py_m5serial/lib/py_m5serial
Installing m5client_set_allout script to /home/akariros/Akari_ros2_humble/install/py_m5serial/lib/py_m5serial
Installing m5client_set_dout script to /home/akariros/Akari_ros2_humble/install/py_m5serial/lib/py_m5serial
Installing m5client_set_pwmout script to /home/akariros/Akari_ros2_humble/install/py_m5serial/lib/py_m5serial
Installing m5publisher script to /home/akariros/Akari_ros2_humble/install/py_m5serial/lib/py_m5serial
Installing m5server script to /home/akariros/Akari_ros2_humble/install/py_m5serial/lib/py_m5serial
writing list of installed files to '/home/akariros/Akari_ros2_humble/build/py_m5serial/install.log'
