[2.293s] Invoking command in '/home/akariros/Akari_ros2_humble/akari_state_publisher': PYTHONPATH=/home/akariros/Akari_ros2_humble/build/akari_state_publisher/prefix_override:/home/akariros/Akari_ros2_humble/install/akari_state_publisher/lib/python3.10/site-packages:${PYTHONPATH} /usr/bin/python3 setup.py egg_info --egg-base ../build/akari_state_publisher build --build-base /home/akariros/Akari_ros2_humble/build/akari_state_publisher/build install --record /home/akariros/Akari_ros2_humble/build/akari_state_publisher/install.log --single-version-externally-managed
[2.927s] running egg_info
[2.929s] creating ../build/akari_state_publisher/akari_state_publisher.egg-info
[2.930s] writing ../build/akari_state_publisher/akari_state_publisher.egg-info/PKG-INFO
[2.931s] writing dependency_links to ../build/akari_state_publisher/akari_state_publisher.egg-info/dependency_links.txt
[2.931s] writing entry points to ../build/akari_state_publisher/akari_state_publisher.egg-info/entry_points.txt
[2.932s] writing requirements to ../build/akari_state_publisher/akari_state_publisher.egg-info/requires.txt
[2.932s] writing top-level names to ../build/akari_state_publisher/akari_state_publisher.egg-info/top_level.txt
[2.933s] writing manifest file '../build/akari_state_publisher/akari_state_publisher.egg-info/SOURCES.txt'
[2.938s] reading manifest file '../build/akari_state_publisher/akari_state_publisher.egg-info/SOURCES.txt'
[2.940s] writing manifest file '../build/akari_state_publisher/akari_state_publisher.egg-info/SOURCES.txt'
[2.941s] running build
[2.941s] running build_py
[2.942s] creating /home/akariros/Akari_ros2_humble/build/akari_state_publisher/build
[2.942s] creating /home/akariros/Akari_ros2_humble/build/akari_state_publisher/build/lib
[2.943s] creating /home/akariros/Akari_ros2_humble/build/akari_state_publisher/build/lib/akari_state_publisher
[2.944s] copying akari_state_publisher/__init__.py -> /home/akariros/Akari_ros2_humble/build/akari_state_publisher/build/lib/akari_state_publisher
[2.945s] copying akari_state_publisher/joint_state_publisher.py -> /home/akariros/Akari_ros2_humble/build/akari_state_publisher/build/lib/akari_state_publisher
[2.946s] running install
[2.947s] /usr/lib/python3/dist-packages/setuptools/command/install.py:34: SetuptoolsDeprecationWarning: setup.py install is deprecated. Use build and pip and other standards-based tools.
[2.947s]   warnings.warn(
[2.949s] running install_lib
[2.953s] creating /home/akariros/Akari_ros2_humble/install/akari_state_publisher/lib/python3.10/site-packages/akari_state_publisher
[2.954s] copying /home/akariros/Akari_ros2_humble/build/akari_state_publisher/build/lib/akari_state_publisher/__init__.py -> /home/akariros/Akari_ros2_humble/install/akari_state_publisher/lib/python3.10/site-packages/akari_state_publisher
[2.960s] copying /home/akariros/Akari_ros2_humble/build/akari_state_publisher/build/lib/akari_state_publisher/joint_state_publisher.py -> /home/akariros/Akari_ros2_humble/install/akari_state_publisher/lib/python3.10/site-packages/akari_state_publisher
[2.961s] byte-compiling /home/akariros/Akari_ros2_humble/install/akari_state_publisher/lib/python3.10/site-packages/akari_state_publisher/__init__.py to __init__.cpython-310.pyc
[2.962s] byte-compiling /home/akariros/Akari_ros2_humble/install/akari_state_publisher/lib/python3.10/site-packages/akari_state_publisher/joint_state_publisher.py to joint_state_publisher.cpython-310.pyc
[2.967s] running install_data
[2.967s] creating /home/akariros/Akari_ros2_humble/install/akari_state_publisher/share/ament_index
[2.967s] creating /home/akariros/Akari_ros2_humble/install/akari_state_publisher/share/ament_index/resource_index
[2.967s] creating /home/akariros/Akari_ros2_humble/install/akari_state_publisher/share/ament_index/resource_index/packages
[2.967s] copying resource/akari_state_publisher -> /home/akariros/Akari_ros2_humble/install/akari_state_publisher/share/ament_index/resource_index/packages
[2.968s] copying package.xml -> /home/akariros/Akari_ros2_humble/install/akari_state_publisher/share/akari_state_publisher
[2.968s] running install_egg_info
[2.979s] Copying ../build/akari_state_publisher/akari_state_publisher.egg-info to /home/akariros/Akari_ros2_humble/install/akari_state_publisher/lib/python3.10/site-packages/akari_state_publisher-0.0.0-py3.10.egg-info
[2.979s] running install_scripts
[3.026s] Installing joint_state_publisher script to /home/akariros/Akari_ros2_humble/install/akari_state_publisher/lib/akari_state_publisher
[3.028s] writing list of installed files to '/home/akariros/Akari_ros2_humble/build/akari_state_publisher/install.log'
[3.123s] Invoked command in '/home/akariros/Akari_ros2_humble/akari_state_publisher' returned '0': PYTHONPATH=/home/akariros/Akari_ros2_humble/build/akari_state_publisher/prefix_override:/home/akariros/Akari_ros2_humble/install/akari_state_publisher/lib/python3.10/site-packages:${PYTHONPATH} /usr/bin/python3 setup.py egg_info --egg-base ../build/akari_state_publisher build --build-base /home/akariros/Akari_ros2_humble/build/akari_state_publisher/build install --record /home/akariros/Akari_ros2_humble/build/akari_state_publisher/install.log --single-version-externally-managed
