[3.589s] Invoking command in '/home/akariros/Akari_ros2_humble/akari_launch': PYTHONPATH=/home/akariros/Akari_ros2_humble/build/akari_launch/prefix_override:/home/akariros/Akari_ros2_humble/install/akari_launch/lib/python3.10/site-packages:${PYTHONPATH} /usr/bin/python3 setup.py egg_info --egg-base ../build/akari_launch build --build-base /home/akariros/Akari_ros2_humble/build/akari_launch/build install --record /home/akariros/Akari_ros2_humble/build/akari_launch/install.log --single-version-externally-managed
[4.330s] running egg_info
[4.336s] writing ../build/akari_launch/akari_launch.egg-info/PKG-INFO
[4.340s] writing dependency_links to ../build/akari_launch/akari_launch.egg-info/dependency_links.txt
[4.341s] writing entry points to ../build/akari_launch/akari_launch.egg-info/entry_points.txt
[4.342s] writing requirements to ../build/akari_launch/akari_launch.egg-info/requires.txt
[4.342s] writing top-level names to ../build/akari_launch/akari_launch.egg-info/top_level.txt
[4.354s] reading manifest file '../build/akari_launch/akari_launch.egg-info/SOURCES.txt'
[4.364s] writing manifest file '../build/akari_launch/akari_launch.egg-info/SOURCES.txt'
[4.369s] running build
[4.370s] running build_py
[4.370s] running install
[4.370s] /usr/lib/python3/dist-packages/setuptools/command/install.py:34: SetuptoolsDeprecationWarning: setup.py install is deprecated. Use build and pip and other standards-based tools.
[4.370s]   warnings.warn(
[4.371s] running install_lib
[4.376s] running install_data
[4.392s] running install_egg_info
[4.399s] removing '/home/akariros/Akari_ros2_humble/install/akari_launch/lib/python3.10/site-packages/akari_launch-0.0.0-py3.10.egg-info' (and everything under it)
[4.400s] Copying ../build/akari_launch/akari_launch.egg-info to /home/akariros/Akari_ros2_humble/install/akari_launch/lib/python3.10/site-packages/akari_launch-0.0.0-py3.10.egg-info
[4.402s] running install_scripts
[4.516s] writing list of installed files to '/home/akariros/Akari_ros2_humble/build/akari_launch/install.log'
[5.251s] Invoked command in '/home/akariros/Akari_ros2_humble/akari_launch' returned '0': PYTHONPATH=/home/akariros/Akari_ros2_humble/build/akari_launch/prefix_override:/home/akariros/Akari_ros2_humble/install/akari_launch/lib/python3.10/site-packages:${PYTHONPATH} /usr/bin/python3 setup.py egg_info --egg-base ../build/akari_launch build --build-base /home/akariros/Akari_ros2_humble/build/akari_launch/build install --record /home/akariros/Akari_ros2_humble/build/akari_launch/install.log --single-version-externally-managed
