[2.253s] Invoking command in '/home/akariros/Akari_ros2_humble/servo_server': PYTHONPATH=/home/akariros/Akari_ros2_humble/build/servo_server/prefix_override:/home/akariros/Akari_ros2_humble/install/servo_server/lib/python3.10/site-packages:${PYTHONPATH} /usr/bin/python3 setup.py egg_info --egg-base ../build/servo_server build --build-base /home/akariros/Akari_ros2_humble/build/servo_server/build install --record /home/akariros/Akari_ros2_humble/build/servo_server/install.log --single-version-externally-managed
[2.908s] running egg_info
[2.909s] writing ../build/servo_server/servo_server.egg-info/PKG-INFO
[2.910s] writing dependency_links to ../build/servo_server/servo_server.egg-info/dependency_links.txt
[2.910s] writing entry points to ../build/servo_server/servo_server.egg-info/entry_points.txt
[2.911s] writing requirements to ../build/servo_server/servo_server.egg-info/requires.txt
[2.911s] writing top-level names to ../build/servo_server/servo_server.egg-info/top_level.txt
[2.915s] reading manifest file '../build/servo_server/servo_server.egg-info/SOURCES.txt'
[2.916s] writing manifest file '../build/servo_server/servo_server.egg-info/SOURCES.txt'
[2.916s] running build
[2.916s] running build_py
[2.917s] running install
[2.917s] /usr/lib/python3/dist-packages/setuptools/command/install.py:34: SetuptoolsDeprecationWarning: setup.py install is deprecated. Use build and pip and other standards-based tools.
[2.917s]   warnings.warn(
[2.918s] running install_lib
[2.922s] running install_data
[2.923s] running install_egg_info
[2.926s] removing '/home/akariros/Akari_ros2_humble/install/servo_server/lib/python3.10/site-packages/servo_server-0.0.0-py3.10.egg-info' (and everything under it)
[2.927s] Copying ../build/servo_server/servo_server.egg-info to /home/akariros/Akari_ros2_humble/install/servo_server/lib/python3.10/site-packages/servo_server-0.0.0-py3.10.egg-info
[2.929s] running install_scripts
[2.964s] Installing servo_server script to /home/akariros/Akari_ros2_humble/install/servo_server/lib/servo_server
[2.964s] writing list of installed files to '/home/akariros/Akari_ros2_humble/build/servo_server/install.log'
[3.014s] Invoked command in '/home/akariros/Akari_ros2_humble/servo_server' returned '0': PYTHONPATH=/home/akariros/Akari_ros2_humble/build/servo_server/prefix_override:/home/akariros/Akari_ros2_humble/install/servo_server/lib/python3.10/site-packages:${PYTHONPATH} /usr/bin/python3 setup.py egg_info --egg-base ../build/servo_server build --build-base /home/akariros/Akari_ros2_humble/build/servo_server/build install --record /home/akariros/Akari_ros2_humble/build/servo_server/install.log --single-version-externally-managed
