[2.777s] Invoking command in '/home/akariros/Akari_ros2_humble/akari_setting_publisher': PYTHONPATH=/home/akariros/Akari_ros2_humble/build/akari_setting_publisher/prefix_override:/home/akariros/Akari_ros2_humble/install/akari_setting_publisher/lib/python3.10/site-packages:${PYTHONPATH} /usr/bin/python3 setup.py egg_info --egg-base ../build/akari_setting_publisher build --build-base /home/akariros/Akari_ros2_humble/build/akari_setting_publisher/build install --record /home/akariros/Akari_ros2_humble/build/akari_setting_publisher/install.log --single-version-externally-managed
[3.567s] running egg_info
[3.584s] creating ../build/akari_setting_publisher/akari_setting_publisher.egg-info
[3.584s] writing ../build/akari_setting_publisher/akari_setting_publisher.egg-info/PKG-INFO
[3.585s] writing dependency_links to ../build/akari_setting_publisher/akari_setting_publisher.egg-info/dependency_links.txt
[3.585s] writing entry points to ../build/akari_setting_publisher/akari_setting_publisher.egg-info/entry_points.txt
[3.585s] writing requirements to ../build/akari_setting_publisher/akari_setting_publisher.egg-info/requires.txt
[3.586s] writing top-level names to ../build/akari_setting_publisher/akari_setting_publisher.egg-info/top_level.txt
[3.586s] writing manifest file '../build/akari_setting_publisher/akari_setting_publisher.egg-info/SOURCES.txt'
[3.590s] reading manifest file '../build/akari_setting_publisher/akari_setting_publisher.egg-info/SOURCES.txt'
[3.592s] writing manifest file '../build/akari_setting_publisher/akari_setting_publisher.egg-info/SOURCES.txt'
[3.595s] running build
[3.595s] running build_py
[3.596s] creating /home/akariros/Akari_ros2_humble/build/akari_setting_publisher/build
[3.596s] creating /home/akariros/Akari_ros2_humble/build/akari_setting_publisher/build/lib
[3.596s] creating /home/akariros/Akari_ros2_humble/build/akari_setting_publisher/build/lib/akari_setting_publisher
[3.596s] copying akari_setting_publisher/__init__.py -> /home/akariros/Akari_ros2_humble/build/akari_setting_publisher/build/lib/akari_setting_publisher
[3.596s] copying akari_setting_publisher/setting_publisher.py -> /home/akariros/Akari_ros2_humble/build/akari_setting_publisher/build/lib/akari_setting_publisher
[3.597s] running install
[3.597s] running install_lib
[3.599s] creating /home/akariros/Akari_ros2_humble/install/akari_setting_publisher/lib/python3.10/site-packages/akari_setting_publisher
[3.600s] copying /home/akariros/Akari_ros2_humble/build/akari_setting_publisher/build/lib/akari_setting_publisher/__init__.py -> /home/akariros/Akari_ros2_humble/install/akari_setting_publisher/lib/python3.10/site-packages/akari_setting_publisher
[3.600s] copying /home/akariros/Akari_ros2_humble/build/akari_setting_publisher/build/lib/akari_setting_publisher/setting_publisher.py -> /home/akariros/Akari_ros2_humble/install/akari_setting_publisher/lib/python3.10/site-packages/akari_setting_publisher
[3.601s] byte-compiling /home/akariros/Akari_ros2_humble/install/akari_setting_publisher/lib/python3.10/site-packages/akari_setting_publisher/__init__.py to __init__.cpython-310.pyc
[3.601s] byte-compiling /home/akariros/Akari_ros2_humble/install/akari_setting_publisher/lib/python3.10/site-packages/akari_setting_publisher/setting_publisher.py to setting_publisher.cpython-310.pyc
[3.602s] running install_data
[3.603s] /usr/lib/python3/dist-packages/setuptools/command/install.py:34: SetuptoolsDeprecationWarning: setup.py install is deprecated. Use build and pip and other standards-based tools.
[3.603s]   warnings.warn(
[3.616s] creating /home/akariros/Akari_ros2_humble/install/akari_setting_publisher/share/ament_index
[3.616s] creating /home/akariros/Akari_ros2_humble/install/akari_setting_publisher/share/ament_index/resource_index
[3.616s] creating /home/akariros/Akari_ros2_humble/install/akari_setting_publisher/share/ament_index/resource_index/packages
[3.616s] copying resource/akari_setting_publisher -> /home/akariros/Akari_ros2_humble/install/akari_setting_publisher/share/ament_index/resource_index/packages
[3.618s] copying package.xml -> /home/akariros/Akari_ros2_humble/install/akari_setting_publisher/share/akari_setting_publisher
[3.618s] creating /home/akariros/Akari_ros2_humble/install/akari_setting_publisher/share/akari_setting_publisher/launch
[3.618s] running install_egg_info
[3.623s] Copying ../build/akari_setting_publisher/akari_setting_publisher.egg-info to /home/akariros/Akari_ros2_humble/install/akari_setting_publisher/lib/python3.10/site-packages/akari_setting_publisher-0.0.0-py3.10.egg-info
[3.628s] running install_scripts
[3.708s] Installing setting_publisher script to /home/akariros/Akari_ros2_humble/install/akari_setting_publisher/lib/akari_setting_publisher
[3.709s] writing list of installed files to '/home/akariros/Akari_ros2_humble/build/akari_setting_publisher/install.log'
[3.767s] Invoked command in '/home/akariros/Akari_ros2_humble/akari_setting_publisher' returned '0': PYTHONPATH=/home/akariros/Akari_ros2_humble/build/akari_setting_publisher/prefix_override:/home/akariros/Akari_ros2_humble/install/akari_setting_publisher/lib/python3.10/site-packages:${PYTHONPATH} /usr/bin/python3 setup.py egg_info --egg-base ../build/akari_setting_publisher build --build-base /home/akariros/Akari_ros2_humble/build/akari_setting_publisher/build install --record /home/akariros/Akari_ros2_humble/build/akari_setting_publisher/install.log --single-version-externally-managed
