running egg_info
creating ../build/py_akari_pubsub/py_akari_pubsub.egg-info
writing ../build/py_akari_pubsub/py_akari_pubsub.egg-info/PKG-INFO
writing dependency_links to ../build/py_akari_pubsub/py_akari_pubsub.egg-info/dependency_links.txt
writing entry points to ../build/py_akari_pubsub/py_akari_pubsub.egg-info/entry_points.txt
writing requirements to ../build/py_akari_pubsub/py_akari_pubsub.egg-info/requires.txt
writing top-level names to ../build/py_akari_pubsub/py_akari_pubsub.egg-info/top_level.txt
writing manifest file '../build/py_akari_pubsub/py_akari_pubsub.egg-info/SOURCES.txt'
reading manifest file '../build/py_akari_pubsub/py_akari_pubsub.egg-info/SOURCES.txt'
writing manifest file '../build/py_akari_pubsub/py_akari_pubsub.egg-info/SOURCES.txt'
running build
running build_py
creating /home/akariros/Akari_ros2_humble/build/py_akari_pubsub/build
creating /home/akariros/Akari_ros2_humble/build/py_akari_pubsub/build/lib
creating /home/akariros/Akari_ros2_humble/build/py_akari_pubsub/build/lib/py_akari_pubsub
copying py_akari_pubsub/__init__.py -> /home/akariros/Akari_ros2_humble/build/py_akari_pubsub/build/lib/py_akari_pubsub
copying py_akari_pubsub/subscriber.py -> /home/akariros/Akari_ros2_humble/build/py_akari_pubsub/build/lib/py_akari_pubsub
copying py_akari_pubsub/publisher.py -> /home/akariros/Akari_ros2_humble/build/py_akari_pubsub/build/lib/py_akari_pubsub
copying py_akari_pubsub/akari.py -> /home/akariros/Akari_ros2_humble/build/py_akari_pubsub/build/lib/py_akari_pubsub
/usr/lib/python3/dist-packages/setuptools/command/install.py:34: SetuptoolsDeprecationWarning: setup.py install is deprecated. Use build and pip and other standards-based tools.
  warnings.warn(
running install
running install_lib
creating /home/akariros/Akari_ros2_humble/install/py_akari_pubsub/lib/python3.10/site-packages/py_akari_pubsub
copying /home/akariros/Akari_ros2_humble/build/py_akari_pubsub/build/lib/py_akari_pubsub/__init__.py -> /home/akariros/Akari_ros2_humble/install/py_akari_pubsub/lib/python3.10/site-packages/py_akari_pubsub
copying /home/akariros/Akari_ros2_humble/build/py_akari_pubsub/build/lib/py_akari_pubsub/subscriber.py -> /home/akariros/Akari_ros2_humble/install/py_akari_pubsub/lib/python3.10/site-packages/py_akari_pubsub
copying /home/akariros/Akari_ros2_humble/build/py_akari_pubsub/build/lib/py_akari_pubsub/publisher.py -> /home/akariros/Akari_ros2_humble/install/py_akari_pubsub/lib/python3.10/site-packages/py_akari_pubsub
copying /home/akariros/Akari_ros2_humble/build/py_akari_pubsub/build/lib/py_akari_pubsub/akari.py -> /home/akariros/Akari_ros2_humble/install/py_akari_pubsub/lib/python3.10/site-packages/py_akari_pubsub
byte-compiling /home/akariros/Akari_ros2_humble/install/py_akari_pubsub/lib/python3.10/site-packages/py_akari_pubsub/__init__.py to __init__.cpython-310.pyc
byte-compiling /home/akariros/Akari_ros2_humble/install/py_akari_pubsub/lib/python3.10/site-packages/py_akari_pubsub/subscriber.py to subscriber.cpython-310.pyc
byte-compiling /home/akariros/Akari_ros2_humble/install/py_akari_pubsub/lib/python3.10/site-packages/py_akari_pubsub/publisher.py to publisher.cpython-310.pyc
byte-compiling /home/akariros/Akari_ros2_humble/install/py_akari_pubsub/lib/python3.10/site-packages/py_akari_pubsub/akari.py to akari.cpython-310.pyc
running install_data
creating /home/akariros/Akari_ros2_humble/install/py_akari_pubsub/share/ament_index
creating /home/akariros/Akari_ros2_humble/install/py_akari_pubsub/share/ament_index/resource_index
creating /home/akariros/Akari_ros2_humble/install/py_akari_pubsub/share/ament_index/resource_index/packages
copying resource/py_akari_pubsub -> /home/akariros/Akari_ros2_humble/install/py_akari_pubsub/share/ament_index/resource_index/packages
copying package.xml -> /home/akariros/Akari_ros2_humble/install/py_akari_pubsub/share/py_akari_pubsub
running install_egg_info
Copying ../build/py_akari_pubsub/py_akari_pubsub.egg-info to /home/akariros/Akari_ros2_humble/install/py_akari_pubsub/lib/python3.10/site-packages/py_akari_pubsub-0.0.0-py3.10.egg-info
running install_scripts
Installing akari_listener script to /home/akariros/Akari_ros2_humble/install/py_akari_pubsub/lib/py_akari_pubsub
Installing akari_talker script to /home/akariros/Akari_ros2_humble/install/py_akari_pubsub/lib/py_akari_pubsub
writing list of installed files to '/home/akariros/Akari_ros2_humble/build/py_akari_pubsub/install.log'
