[0.738s] DEBUG:colcon:Command line arguments: ['/usr/bin/colcon', 'build']
[0.738s] DEBUG:colcon:Parsed command line arguments: Namespace(log_base=None, log_level=None, verb_name='build', build_base='build', install_base='install', merge_install=False, symlink_install=False, test_result_base=None, continue_on_error=False, executor='parallel', parallel_workers=4, event_handlers=None, ignore_user_meta=False, metas=['./colcon.meta'], base_paths=['.'], packages_ignore=None, packages_ignore_regex=None, paths=None, packages_up_to=None, packages_up_to_regex=None, packages_above=None, packages_above_and_dependencies=None, packages_above_depth=None, packages_select_by_dep=None, packages_skip_by_dep=None, packages_skip_up_to=None, packages_select_build_failed=False, packages_skip_build_finished=False, packages_select_test_failures=False, packages_skip_test_passed=False, packages_select=None, packages_skip=None, packages_select_regex=None, packages_skip_regex=None, packages_start=None, packages_end=None, allow_overriding=[], cmake_args=None, cmake_target=None, cmake_target_skip_unavailable=False, cmake_clean_cache=False, cmake_clean_first=False, cmake_force_configure=False, ament_cmake_args=None, catkin_cmake_args=None, catkin_skip_building_tests=False, verb_parser=<colcon_defaults.argument_parser.defaults.DefaultArgumentsDecorator object at 0x7fc7115f6560>, verb_extension=<colcon_core.verb.build.BuildVerb object at 0x7fc711d7ca90>, main=<bound method BuildVerb.main of <colcon_core.verb.build.BuildVerb object at 0x7fc711d7ca90>>)
[0.790s] Level 1:colcon.colcon_core.package_discovery:discover_packages(colcon_meta) check parameters
[0.790s] Level 1:colcon.colcon_core.package_discovery:discover_packages(recursive) check parameters
[0.790s] Level 1:colcon.colcon_core.package_discovery:discover_packages(ignore) check parameters
[0.790s] Level 1:colcon.colcon_core.package_discovery:discover_packages(path) check parameters
[0.790s] Level 1:colcon.colcon_core.package_discovery:discover_packages(colcon_meta) discover
[0.790s] Level 1:colcon.colcon_core.package_discovery:discover_packages(recursive) discover
[0.790s] INFO:colcon.colcon_core.package_discovery:Crawling recursively for packages in '/home/akariros/Akari_ros2_humble'
[0.791s] Level 1:colcon.colcon_core.package_identification:_identify(.) by extensions ['ignore', 'ignore_ament_install']
[0.791s] Level 1:colcon.colcon_core.package_identification:_identify(.) by extension 'ignore'
[0.791s] Level 1:colcon.colcon_core.package_identification:_identify(.) by extension 'ignore_ament_install'
[0.791s] Level 1:colcon.colcon_core.package_identification:_identify(.) by extensions ['colcon_pkg']
[0.791s] Level 1:colcon.colcon_core.package_identification:_identify(.) by extension 'colcon_pkg'
[0.791s] Level 1:colcon.colcon_core.package_identification:_identify(.) by extensions ['colcon_meta']
[0.791s] Level 1:colcon.colcon_core.package_identification:_identify(.) by extension 'colcon_meta'
[0.791s] Level 1:colcon.colcon_core.package_identification:_identify(.) by extensions ['ros']
[0.791s] Level 1:colcon.colcon_core.package_identification:_identify(.) by extension 'ros'
[0.814s] Level 1:colcon.colcon_core.package_identification:_identify(.) by extensions ['cmake', 'python']
[0.814s] Level 1:colcon.colcon_core.package_identification:_identify(.) by extension 'cmake'
[0.814s] Level 1:colcon.colcon_core.package_identification:_identify(.) by extension 'python'
[0.814s] Level 1:colcon.colcon_core.package_identification:_identify(.) by extensions ['python_setup_py']
[0.814s] Level 1:colcon.colcon_core.package_identification:_identify(.) by extension 'python_setup_py'
[0.814s] Level 1:colcon.colcon_core.package_identification:_identify(akari_client_example) by extensions ['ignore', 'ignore_ament_install']
[0.814s] Level 1:colcon.colcon_core.package_identification:_identify(akari_client_example) by extension 'ignore'
[0.815s] Level 1:colcon.colcon_core.package_identification:_identify(akari_client_example) by extension 'ignore_ament_install'
[0.815s] Level 1:colcon.colcon_core.package_identification:_identify(akari_client_example) by extensions ['colcon_pkg']
[0.815s] Level 1:colcon.colcon_core.package_identification:_identify(akari_client_example) by extension 'colcon_pkg'
[0.815s] Level 1:colcon.colcon_core.package_identification:_identify(akari_client_example) by extensions ['colcon_meta']
[0.815s] Level 1:colcon.colcon_core.package_identification:_identify(akari_client_example) by extension 'colcon_meta'
[0.815s] Level 1:colcon.colcon_core.package_identification:_identify(akari_client_example) by extensions ['ros']
[0.815s] Level 1:colcon.colcon_core.package_identification:_identify(akari_client_example) by extension 'ros'
[0.820s] DEBUG:colcon.colcon_core.package_identification:Package 'akari_client_example' with type 'ros.ament_python' and name 'akari_client_example'
[0.820s] Level 1:colcon.colcon_core.package_identification:_identify(akari_launch) by extensions ['ignore', 'ignore_ament_install']
[0.821s] Level 1:colcon.colcon_core.package_identification:_identify(akari_launch) by extension 'ignore'
[0.821s] Level 1:colcon.colcon_core.package_identification:_identify(akari_launch) by extension 'ignore_ament_install'
[0.821s] Level 1:colcon.colcon_core.package_identification:_identify(akari_launch) by extensions ['colcon_pkg']
[0.821s] Level 1:colcon.colcon_core.package_identification:_identify(akari_launch) by extension 'colcon_pkg'
[0.821s] Level 1:colcon.colcon_core.package_identification:_identify(akari_launch) by extensions ['colcon_meta']
[0.821s] Level 1:colcon.colcon_core.package_identification:_identify(akari_launch) by extension 'colcon_meta'
[0.821s] Level 1:colcon.colcon_core.package_identification:_identify(akari_launch) by extensions ['ros']
[0.821s] Level 1:colcon.colcon_core.package_identification:_identify(akari_launch) by extension 'ros'
[0.823s] DEBUG:colcon.colcon_core.package_identification:Package 'akari_launch' with type 'ros.ament_python' and name 'akari_launch'
[0.823s] Level 1:colcon.colcon_core.package_identification:_identify(akari_msgs) by extensions ['ignore', 'ignore_ament_install']
[0.823s] Level 1:colcon.colcon_core.package_identification:_identify(akari_msgs) by extension 'ignore'
[0.823s] Level 1:colcon.colcon_core.package_identification:_identify(akari_msgs) by extension 'ignore_ament_install'
[0.823s] Level 1:colcon.colcon_core.package_identification:_identify(akari_msgs) by extensions ['colcon_pkg']
[0.823s] Level 1:colcon.colcon_core.package_identification:_identify(akari_msgs) by extension 'colcon_pkg'
[0.823s] Level 1:colcon.colcon_core.package_identification:_identify(akari_msgs) by extensions ['colcon_meta']
[0.823s] Level 1:colcon.colcon_core.package_identification:_identify(akari_msgs) by extension 'colcon_meta'
[0.824s] Level 1:colcon.colcon_core.package_identification:_identify(akari_msgs) by extensions ['ros']
[0.824s] Level 1:colcon.colcon_core.package_identification:_identify(akari_msgs) by extension 'ros'
[0.825s] DEBUG:colcon.colcon_core.package_identification:Package 'akari_msgs' with type 'ros.ament_cmake' and name 'akari_msgs'
[0.825s] Level 1:colcon.colcon_core.package_identification:_identify(akari_setting_publisher) by extensions ['ignore', 'ignore_ament_install']
[0.825s] Level 1:colcon.colcon_core.package_identification:_identify(akari_setting_publisher) by extension 'ignore'
[0.825s] Level 1:colcon.colcon_core.package_identification:_identify(akari_setting_publisher) by extension 'ignore_ament_install'
[0.826s] Level 1:colcon.colcon_core.package_identification:_identify(akari_setting_publisher) by extensions ['colcon_pkg']
[0.826s] Level 1:colcon.colcon_core.package_identification:_identify(akari_setting_publisher) by extension 'colcon_pkg'
[0.826s] Level 1:colcon.colcon_core.package_identification:_identify(akari_setting_publisher) by extensions ['colcon_meta']
[0.826s] Level 1:colcon.colcon_core.package_identification:_identify(akari_setting_publisher) by extension 'colcon_meta'
[0.826s] Level 1:colcon.colcon_core.package_identification:_identify(akari_setting_publisher) by extensions ['ros']
[0.826s] Level 1:colcon.colcon_core.package_identification:_identify(akari_setting_publisher) by extension 'ros'
[0.828s] DEBUG:colcon.colcon_core.package_identification:Package 'akari_setting_publisher' with type 'ros.ament_python' and name 'akari_setting_publisher'
[0.828s] Level 1:colcon.colcon_core.package_identification:_identify(akari_state_publisher) by extensions ['ignore', 'ignore_ament_install']
[0.828s] Level 1:colcon.colcon_core.package_identification:_identify(akari_state_publisher) by extension 'ignore'
[0.828s] Level 1:colcon.colcon_core.package_identification:_identify(akari_state_publisher) by extension 'ignore_ament_install'
[0.828s] Level 1:colcon.colcon_core.package_identification:_identify(akari_state_publisher) by extensions ['colcon_pkg']
[0.829s] Level 1:colcon.colcon_core.package_identification:_identify(akari_state_publisher) by extension 'colcon_pkg'
[0.829s] Level 1:colcon.colcon_core.package_identification:_identify(akari_state_publisher) by extensions ['colcon_meta']
[0.829s] Level 1:colcon.colcon_core.package_identification:_identify(akari_state_publisher) by extension 'colcon_meta'
[0.829s] Level 1:colcon.colcon_core.package_identification:_identify(akari_state_publisher) by extensions ['ros']
[0.829s] Level 1:colcon.colcon_core.package_identification:_identify(akari_state_publisher) by extension 'ros'
[0.830s] DEBUG:colcon.colcon_core.package_identification:Package 'akari_state_publisher' with type 'ros.ament_python' and name 'akari_state_publisher'
[0.831s] Level 1:colcon.colcon_core.package_identification:_identify(build) by extensions ['ignore', 'ignore_ament_install']
[0.831s] Level 1:colcon.colcon_core.package_identification:_identify(build) by extension 'ignore'
[0.831s] Level 1:colcon.colcon_core.package_identification:_identify(build) ignored
[0.831s] Level 1:colcon.colcon_core.package_identification:_identify(install) by extensions ['ignore', 'ignore_ament_install']
[0.831s] Level 1:colcon.colcon_core.package_identification:_identify(install) by extension 'ignore'
[0.831s] Level 1:colcon.colcon_core.package_identification:_identify(install) ignored
[0.831s] Level 1:colcon.colcon_core.package_identification:_identify(log) by extensions ['ignore', 'ignore_ament_install']
[0.832s] Level 1:colcon.colcon_core.package_identification:_identify(log) by extension 'ignore'
[0.832s] Level 1:colcon.colcon_core.package_identification:_identify(log) ignored
[0.832s] Level 1:colcon.colcon_core.package_identification:_identify(m5_server) by extensions ['ignore', 'ignore_ament_install']
[0.832s] Level 1:colcon.colcon_core.package_identification:_identify(m5_server) by extension 'ignore'
[0.832s] Level 1:colcon.colcon_core.package_identification:_identify(m5_server) by extension 'ignore_ament_install'
[0.832s] Level 1:colcon.colcon_core.package_identification:_identify(m5_server) by extensions ['colcon_pkg']
[0.832s] Level 1:colcon.colcon_core.package_identification:_identify(m5_server) by extension 'colcon_pkg'
[0.832s] Level 1:colcon.colcon_core.package_identification:_identify(m5_server) by extensions ['colcon_meta']
[0.832s] Level 1:colcon.colcon_core.package_identification:_identify(m5_server) by extension 'colcon_meta'
[0.832s] Level 1:colcon.colcon_core.package_identification:_identify(m5_server) by extensions ['ros']
[0.832s] Level 1:colcon.colcon_core.package_identification:_identify(m5_server) by extension 'ros'
[0.834s] DEBUG:colcon.colcon_core.package_identification:Package 'm5_server' with type 'ros.ament_python' and name 'm5_server'
[0.834s] Level 1:colcon.colcon_core.package_identification:_identify(servo_server) by extensions ['ignore', 'ignore_ament_install']
[0.834s] Level 1:colcon.colcon_core.package_identification:_identify(servo_server) by extension 'ignore'
[0.835s] Level 1:colcon.colcon_core.package_identification:_identify(servo_server) by extension 'ignore_ament_install'
[0.835s] Level 1:colcon.colcon_core.package_identification:_identify(servo_server) by extensions ['colcon_pkg']
[0.835s] Level 1:colcon.colcon_core.package_identification:_identify(servo_server) by extension 'colcon_pkg'
[0.835s] Level 1:colcon.colcon_core.package_identification:_identify(servo_server) by extensions ['colcon_meta']
[0.835s] Level 1:colcon.colcon_core.package_identification:_identify(servo_server) by extension 'colcon_meta'
[0.835s] Level 1:colcon.colcon_core.package_identification:_identify(servo_server) by extensions ['ros']
[0.835s] Level 1:colcon.colcon_core.package_identification:_identify(servo_server) by extension 'ros'
[0.838s] DEBUG:colcon.colcon_core.package_identification:Package 'servo_server' with type 'ros.ament_python' and name 'servo_server'
[0.839s] Level 1:colcon.colcon_core.package_discovery:discover_packages(recursive) using defaults
[0.839s] Level 1:colcon.colcon_core.package_discovery:discover_packages(ignore) discover
[0.839s] Level 1:colcon.colcon_core.package_discovery:discover_packages(ignore) using defaults
[0.839s] Level 1:colcon.colcon_core.package_discovery:discover_packages(path) discover
[0.839s] Level 1:colcon.colcon_core.package_discovery:discover_packages(path) using defaults
[0.892s] Level 1:colcon.colcon_core.package_discovery:discover_packages(prefix_path) check parameters
[0.892s] Level 1:colcon.colcon_core.package_discovery:discover_packages(prefix_path) discover
[0.898s] DEBUG:colcon.colcon_installed_package_information.package_discovery:Found 7 installed packages in /home/akariros/Akari_ros2_humble/install
[0.902s] DEBUG:colcon.colcon_installed_package_information.package_discovery:Found 272 installed packages in /opt/ros/humble
[0.905s] Level 1:colcon.colcon_core.package_discovery:discover_packages(prefix_path) using defaults
[1.029s] Level 5:colcon.colcon_core.verb:set package 'akari_client_example' build argument 'cmake_args' from command line to 'None'
[1.029s] Level 5:colcon.colcon_core.verb:set package 'akari_client_example' build argument 'cmake_target' from command line to 'None'
[1.029s] Level 5:colcon.colcon_core.verb:set package 'akari_client_example' build argument 'cmake_target_skip_unavailable' from command line to 'False'
[1.029s] Level 5:colcon.colcon_core.verb:set package 'akari_client_example' build argument 'cmake_clean_cache' from command line to 'False'
[1.029s] Level 5:colcon.colcon_core.verb:set package 'akari_client_example' build argument 'cmake_clean_first' from command line to 'False'
[1.029s] Level 5:colcon.colcon_core.verb:set package 'akari_client_example' build argument 'cmake_force_configure' from command line to 'False'
[1.029s] Level 5:colcon.colcon_core.verb:set package 'akari_client_example' build argument 'ament_cmake_args' from command line to 'None'
[1.029s] Level 5:colcon.colcon_core.verb:set package 'akari_client_example' build argument 'catkin_cmake_args' from command line to 'None'
[1.029s] Level 5:colcon.colcon_core.verb:set package 'akari_client_example' build argument 'catkin_skip_building_tests' from command line to 'False'
[1.029s] DEBUG:colcon.colcon_core.verb:Building package 'akari_client_example' with the following arguments: {'ament_cmake_args': None, 'build_base': '/home/akariros/Akari_ros2_humble/build/akari_client_example', 'catkin_cmake_args': None, 'catkin_skip_building_tests': False, 'cmake_args': None, 'cmake_clean_cache': False, 'cmake_clean_first': False, 'cmake_force_configure': False, 'cmake_target': None, 'cmake_target_skip_unavailable': False, 'install_base': '/home/akariros/Akari_ros2_humble/install/akari_client_example', 'merge_install': False, 'path': '/home/akariros/Akari_ros2_humble/akari_client_example', 'symlink_install': False, 'test_result_base': None}
[1.031s] Level 5:colcon.colcon_core.verb:set package 'akari_launch' build argument 'cmake_args' from command line to 'None'
[1.031s] Level 5:colcon.colcon_core.verb:set package 'akari_launch' build argument 'cmake_target' from command line to 'None'
[1.031s] Level 5:colcon.colcon_core.verb:set package 'akari_launch' build argument 'cmake_target_skip_unavailable' from command line to 'False'
[1.031s] Level 5:colcon.colcon_core.verb:set package 'akari_launch' build argument 'cmake_clean_cache' from command line to 'False'
[1.031s] Level 5:colcon.colcon_core.verb:set package 'akari_launch' build argument 'cmake_clean_first' from command line to 'False'
[1.031s] Level 5:colcon.colcon_core.verb:set package 'akari_launch' build argument 'cmake_force_configure' from command line to 'False'
[1.031s] Level 5:colcon.colcon_core.verb:set package 'akari_launch' build argument 'ament_cmake_args' from command line to 'None'
[1.031s] Level 5:colcon.colcon_core.verb:set package 'akari_launch' build argument 'catkin_cmake_args' from command line to 'None'
[1.031s] Level 5:colcon.colcon_core.verb:set package 'akari_launch' build argument 'catkin_skip_building_tests' from command line to 'False'
[1.031s] DEBUG:colcon.colcon_core.verb:Building package 'akari_launch' with the following arguments: {'ament_cmake_args': None, 'build_base': '/home/akariros/Akari_ros2_humble/build/akari_launch', 'catkin_cmake_args': None, 'catkin_skip_building_tests': False, 'cmake_args': None, 'cmake_clean_cache': False, 'cmake_clean_first': False, 'cmake_force_configure': False, 'cmake_target': None, 'cmake_target_skip_unavailable': False, 'install_base': '/home/akariros/Akari_ros2_humble/install/akari_launch', 'merge_install': False, 'path': '/home/akariros/Akari_ros2_humble/akari_launch', 'symlink_install': False, 'test_result_base': None}
[1.032s] Level 5:colcon.colcon_core.verb:set package 'akari_msgs' build argument 'cmake_args' from command line to 'None'
[1.032s] Level 5:colcon.colcon_core.verb:set package 'akari_msgs' build argument 'cmake_target' from command line to 'None'
[1.032s] Level 5:colcon.colcon_core.verb:set package 'akari_msgs' build argument 'cmake_target_skip_unavailable' from command line to 'False'
[1.032s] Level 5:colcon.colcon_core.verb:set package 'akari_msgs' build argument 'cmake_clean_cache' from command line to 'False'
[1.032s] Level 5:colcon.colcon_core.verb:set package 'akari_msgs' build argument 'cmake_clean_first' from command line to 'False'
[1.032s] Level 5:colcon.colcon_core.verb:set package 'akari_msgs' build argument 'cmake_force_configure' from command line to 'False'
[1.032s] Level 5:colcon.colcon_core.verb:set package 'akari_msgs' build argument 'ament_cmake_args' from command line to 'None'
[1.032s] Level 5:colcon.colcon_core.verb:set package 'akari_msgs' build argument 'catkin_cmake_args' from command line to 'None'
[1.033s] Level 5:colcon.colcon_core.verb:set package 'akari_msgs' build argument 'catkin_skip_building_tests' from command line to 'False'
[1.033s] DEBUG:colcon.colcon_core.verb:Building package 'akari_msgs' with the following arguments: {'ament_cmake_args': None, 'build_base': '/home/akariros/Akari_ros2_humble/build/akari_msgs', 'catkin_cmake_args': None, 'catkin_skip_building_tests': False, 'cmake_args': None, 'cmake_clean_cache': False, 'cmake_clean_first': False, 'cmake_force_configure': False, 'cmake_target': None, 'cmake_target_skip_unavailable': False, 'install_base': '/home/akariros/Akari_ros2_humble/install/akari_msgs', 'merge_install': False, 'path': '/home/akariros/Akari_ros2_humble/akari_msgs', 'symlink_install': False, 'test_result_base': None}
[1.034s] Level 5:colcon.colcon_core.verb:set package 'akari_setting_publisher' build argument 'cmake_args' from command line to 'None'
[1.034s] Level 5:colcon.colcon_core.verb:set package 'akari_setting_publisher' build argument 'cmake_target' from command line to 'None'
[1.034s] Level 5:colcon.colcon_core.verb:set package 'akari_setting_publisher' build argument 'cmake_target_skip_unavailable' from command line to 'False'
[1.034s] Level 5:colcon.colcon_core.verb:set package 'akari_setting_publisher' build argument 'cmake_clean_cache' from command line to 'False'
[1.034s] Level 5:colcon.colcon_core.verb:set package 'akari_setting_publisher' build argument 'cmake_clean_first' from command line to 'False'
[1.035s] Level 5:colcon.colcon_core.verb:set package 'akari_setting_publisher' build argument 'cmake_force_configure' from command line to 'False'
[1.035s] Level 5:colcon.colcon_core.verb:set package 'akari_setting_publisher' build argument 'ament_cmake_args' from command line to 'None'
[1.035s] Level 5:colcon.colcon_core.verb:set package 'akari_setting_publisher' build argument 'catkin_cmake_args' from command line to 'None'
[1.035s] Level 5:colcon.colcon_core.verb:set package 'akari_setting_publisher' build argument 'catkin_skip_building_tests' from command line to 'False'
[1.035s] DEBUG:colcon.colcon_core.verb:Building package 'akari_setting_publisher' with the following arguments: {'ament_cmake_args': None, 'build_base': '/home/akariros/Akari_ros2_humble/build/akari_setting_publisher', 'catkin_cmake_args': None, 'catkin_skip_building_tests': False, 'cmake_args': None, 'cmake_clean_cache': False, 'cmake_clean_first': False, 'cmake_force_configure': False, 'cmake_target': None, 'cmake_target_skip_unavailable': False, 'install_base': '/home/akariros/Akari_ros2_humble/install/akari_setting_publisher', 'merge_install': False, 'path': '/home/akariros/Akari_ros2_humble/akari_setting_publisher', 'symlink_install': False, 'test_result_base': None}
[1.036s] Level 5:colcon.colcon_core.verb:set package 'akari_state_publisher' build argument 'cmake_args' from command line to 'None'
[1.036s] Level 5:colcon.colcon_core.verb:set package 'akari_state_publisher' build argument 'cmake_target' from command line to 'None'
[1.036s] Level 5:colcon.colcon_core.verb:set package 'akari_state_publisher' build argument 'cmake_target_skip_unavailable' from command line to 'False'
[1.036s] Level 5:colcon.colcon_core.verb:set package 'akari_state_publisher' build argument 'cmake_clean_cache' from command line to 'False'
[1.036s] Level 5:colcon.colcon_core.verb:set package 'akari_state_publisher' build argument 'cmake_clean_first' from command line to 'False'
[1.036s] Level 5:colcon.colcon_core.verb:set package 'akari_state_publisher' build argument 'cmake_force_configure' from command line to 'False'
[1.036s] Level 5:colcon.colcon_core.verb:set package 'akari_state_publisher' build argument 'ament_cmake_args' from command line to 'None'
[1.037s] Level 5:colcon.colcon_core.verb:set package 'akari_state_publisher' build argument 'catkin_cmake_args' from command line to 'None'
[1.037s] Level 5:colcon.colcon_core.verb:set package 'akari_state_publisher' build argument 'catkin_skip_building_tests' from command line to 'False'
[1.037s] DEBUG:colcon.colcon_core.verb:Building package 'akari_state_publisher' with the following arguments: {'ament_cmake_args': None, 'build_base': '/home/akariros/Akari_ros2_humble/build/akari_state_publisher', 'catkin_cmake_args': None, 'catkin_skip_building_tests': False, 'cmake_args': None, 'cmake_clean_cache': False, 'cmake_clean_first': False, 'cmake_force_configure': False, 'cmake_target': None, 'cmake_target_skip_unavailable': False, 'install_base': '/home/akariros/Akari_ros2_humble/install/akari_state_publisher', 'merge_install': False, 'path': '/home/akariros/Akari_ros2_humble/akari_state_publisher', 'symlink_install': False, 'test_result_base': None}
[1.038s] Level 5:colcon.colcon_core.verb:set package 'm5_server' build argument 'cmake_args' from command line to 'None'
[1.038s] Level 5:colcon.colcon_core.verb:set package 'm5_server' build argument 'cmake_target' from command line to 'None'
[1.038s] Level 5:colcon.colcon_core.verb:set package 'm5_server' build argument 'cmake_target_skip_unavailable' from command line to 'False'
[1.038s] Level 5:colcon.colcon_core.verb:set package 'm5_server' build argument 'cmake_clean_cache' from command line to 'False'
[1.038s] Level 5:colcon.colcon_core.verb:set package 'm5_server' build argument 'cmake_clean_first' from command line to 'False'
[1.038s] Level 5:colcon.colcon_core.verb:set package 'm5_server' build argument 'cmake_force_configure' from command line to 'False'
[1.038s] Level 5:colcon.colcon_core.verb:set package 'm5_server' build argument 'ament_cmake_args' from command line to 'None'
[1.038s] Level 5:colcon.colcon_core.verb:set package 'm5_server' build argument 'catkin_cmake_args' from command line to 'None'
[1.038s] Level 5:colcon.colcon_core.verb:set package 'm5_server' build argument 'catkin_skip_building_tests' from command line to 'False'
[1.038s] DEBUG:colcon.colcon_core.verb:Building package 'm5_server' with the following arguments: {'ament_cmake_args': None, 'build_base': '/home/akariros/Akari_ros2_humble/build/m5_server', 'catkin_cmake_args': None, 'catkin_skip_building_tests': False, 'cmake_args': None, 'cmake_clean_cache': False, 'cmake_clean_first': False, 'cmake_force_configure': False, 'cmake_target': None, 'cmake_target_skip_unavailable': False, 'install_base': '/home/akariros/Akari_ros2_humble/install/m5_server', 'merge_install': False, 'path': '/home/akariros/Akari_ros2_humble/m5_server', 'symlink_install': False, 'test_result_base': None}
[1.040s] Level 5:colcon.colcon_core.verb:set package 'servo_server' build argument 'cmake_args' from command line to 'None'
[1.040s] Level 5:colcon.colcon_core.verb:set package 'servo_server' build argument 'cmake_target' from command line to 'None'
[1.040s] Level 5:colcon.colcon_core.verb:set package 'servo_server' build argument 'cmake_target_skip_unavailable' from command line to 'False'
[1.040s] Level 5:colcon.colcon_core.verb:set package 'servo_server' build argument 'cmake_clean_cache' from command line to 'False'
[1.040s] Level 5:colcon.colcon_core.verb:set package 'servo_server' build argument 'cmake_clean_first' from command line to 'False'
[1.040s] Level 5:colcon.colcon_core.verb:set package 'servo_server' build argument 'cmake_force_configure' from command line to 'False'
[1.040s] Level 5:colcon.colcon_core.verb:set package 'servo_server' build argument 'ament_cmake_args' from command line to 'None'
[1.040s] Level 5:colcon.colcon_core.verb:set package 'servo_server' build argument 'catkin_cmake_args' from command line to 'None'
[1.040s] Level 5:colcon.colcon_core.verb:set package 'servo_server' build argument 'catkin_skip_building_tests' from command line to 'False'
[1.040s] DEBUG:colcon.colcon_core.verb:Building package 'servo_server' with the following arguments: {'ament_cmake_args': None, 'build_base': '/home/akariros/Akari_ros2_humble/build/servo_server', 'catkin_cmake_args': None, 'catkin_skip_building_tests': False, 'cmake_args': None, 'cmake_clean_cache': False, 'cmake_clean_first': False, 'cmake_force_configure': False, 'cmake_target': None, 'cmake_target_skip_unavailable': False, 'install_base': '/home/akariros/Akari_ros2_humble/install/servo_server', 'merge_install': False, 'path': '/home/akariros/Akari_ros2_humble/servo_server', 'symlink_install': False, 'test_result_base': None}
[1.041s] INFO:colcon.colcon_core.executor:Executing jobs using 'parallel' executor
[1.046s] DEBUG:colcon.colcon_parallel_executor.executor.parallel:run_until_complete
[1.046s] INFO:colcon.colcon_ros.task.ament_python.build:Building ROS package in '/home/akariros/Akari_ros2_humble/akari_client_example' with build type 'ament_python'
[1.047s] Level 1:colcon.colcon_core.shell:create_environment_hook('akari_client_example', 'ament_prefix_path')
[1.054s] INFO:colcon.colcon_core.plugin_system:Skipping extension 'colcon_core.shell.bat': Not used on non-Windows systems
[1.055s] INFO:colcon.colcon_core.shell:Creating environment hook '/home/akariros/Akari_ros2_humble/install/akari_client_example/share/akari_client_example/hook/ament_prefix_path.ps1'
[1.056s] INFO:colcon.colcon_core.shell:Creating environment descriptor '/home/akariros/Akari_ros2_humble/install/akari_client_example/share/akari_client_example/hook/ament_prefix_path.dsv'
[1.057s] INFO:colcon.colcon_core.shell:Creating environment hook '/home/akariros/Akari_ros2_humble/install/akari_client_example/share/akari_client_example/hook/ament_prefix_path.sh'
[1.059s] INFO:colcon.colcon_core.shell:Skip shell extension 'powershell' for command environment: Not usable outside of PowerShell
[1.060s] DEBUG:colcon.colcon_core.shell:Skip shell extension 'dsv' for command environment
[1.072s] INFO:colcon.colcon_ros.task.ament_python.build:Building ROS package in '/home/akariros/Akari_ros2_humble/akari_launch' with build type 'ament_python'
[1.072s] Level 1:colcon.colcon_core.shell:create_environment_hook('akari_launch', 'ament_prefix_path')
[1.075s] INFO:colcon.colcon_core.shell:Creating environment hook '/home/akariros/Akari_ros2_humble/install/akari_launch/share/akari_launch/hook/ament_prefix_path.ps1'
[1.076s] INFO:colcon.colcon_core.shell:Creating environment descriptor '/home/akariros/Akari_ros2_humble/install/akari_launch/share/akari_launch/hook/ament_prefix_path.dsv'
[1.076s] INFO:colcon.colcon_core.shell:Creating environment hook '/home/akariros/Akari_ros2_humble/install/akari_launch/share/akari_launch/hook/ament_prefix_path.sh'
[1.079s] INFO:colcon.colcon_core.shell:Skip shell extension 'powershell' for command environment: Not usable outside of PowerShell
[1.079s] DEBUG:colcon.colcon_core.shell:Skip shell extension 'dsv' for command environment
[1.087s] INFO:colcon.colcon_ros.task.ament_cmake.build:Building ROS package in '/home/akariros/Akari_ros2_humble/akari_msgs' with build type 'ament_cmake'
[1.088s] INFO:colcon.colcon_cmake.task.cmake.build:Building CMake package in '/home/akariros/Akari_ros2_humble/akari_msgs'
[1.091s] INFO:colcon.colcon_core.shell:Skip shell extension 'powershell' for command environment: Not usable outside of PowerShell
[1.091s] DEBUG:colcon.colcon_core.shell:Skip shell extension 'dsv' for command environment
[1.100s] INFO:colcon.colcon_ros.task.ament_python.build:Building ROS package in '/home/akariros/Akari_ros2_humble/akari_setting_publisher' with build type 'ament_python'
[1.101s] Level 1:colcon.colcon_core.shell:create_environment_hook('akari_setting_publisher', 'ament_prefix_path')
[1.105s] INFO:colcon.colcon_core.shell:Creating environment hook '/home/akariros/Akari_ros2_humble/install/akari_setting_publisher/share/akari_setting_publisher/hook/ament_prefix_path.ps1'
[1.107s] INFO:colcon.colcon_core.shell:Creating environment descriptor '/home/akariros/Akari_ros2_humble/install/akari_setting_publisher/share/akari_setting_publisher/hook/ament_prefix_path.dsv'
[1.107s] INFO:colcon.colcon_core.shell:Creating environment hook '/home/akariros/Akari_ros2_humble/install/akari_setting_publisher/share/akari_setting_publisher/hook/ament_prefix_path.sh'
[1.112s] INFO:colcon.colcon_core.shell:Skip shell extension 'powershell' for command environment: Not usable outside of PowerShell
[1.112s] DEBUG:colcon.colcon_core.shell:Skip shell extension 'dsv' for command environment
[1.708s] INFO:colcon.colcon_core.task.python.build:Building Python package in '/home/akariros/Akari_ros2_humble/akari_client_example'
[1.712s] INFO:colcon.colcon_core.shell:Skip shell extension 'powershell' for command environment: Not usable outside of PowerShell
[1.712s] DEBUG:colcon.colcon_core.shell:Skip shell extension 'dsv' for command environment
[2.330s] INFO:colcon.colcon_core.task.python.build:Building Python package in '/home/akariros/Akari_ros2_humble/akari_launch'
[2.332s] INFO:colcon.colcon_core.shell:Skip shell extension 'powershell' for command environment: Not usable outside of PowerShell
[2.332s] DEBUG:colcon.colcon_core.shell:Skip shell extension 'dsv' for command environment
[2.346s] DEBUG:colcon.colcon_core.event_handler.log_command:Invoking command in '/home/akariros/Akari_ros2_humble/build/akari_msgs': CMAKE_PREFIX_PATH=${CMAKE_PREFIX_PATH}:/home/akariros/Akari_ros2_humble/install/servo_server:/home/akariros/Akari_ros2_humble/install/m5_server:/home/akariros/Akari_ros2_humble/install/akari_state_publisher:/home/akariros/Akari_ros2_humble/install/akari_setting_publisher:/home/akariros/Akari_ros2_humble/install/akari_launch:/home/akariros/Akari_ros2_humble/install/akari_client_example:/opt/ros/humble /usr/bin/cmake --build /home/akariros/Akari_ros2_humble/build/akari_msgs -- -j4 -l4
[3.193s] INFO:colcon.colcon_core.task.python.build:Building Python package in '/home/akariros/Akari_ros2_humble/akari_setting_publisher'
[3.197s] INFO:colcon.colcon_core.shell:Skip shell extension 'powershell' for command environment: Not usable outside of PowerShell
[3.197s] DEBUG:colcon.colcon_core.shell:Skip shell extension 'dsv' for command environment
[3.848s] DEBUG:colcon.colcon_core.event_handler.log_command:Invoked command in '/home/akariros/Akari_ros2_humble/build/akari_msgs' returned '0': CMAKE_PREFIX_PATH=${CMAKE_PREFIX_PATH}:/home/akariros/Akari_ros2_humble/install/servo_server:/home/akariros/Akari_ros2_humble/install/m5_server:/home/akariros/Akari_ros2_humble/install/akari_state_publisher:/home/akariros/Akari_ros2_humble/install/akari_setting_publisher:/home/akariros/Akari_ros2_humble/install/akari_launch:/home/akariros/Akari_ros2_humble/install/akari_client_example:/opt/ros/humble /usr/bin/cmake --build /home/akariros/Akari_ros2_humble/build/akari_msgs -- -j4 -l4
[4.567s] DEBUG:colcon.colcon_core.event_handler.log_command:Invoking command in '/home/akariros/Akari_ros2_humble/akari_launch': PYTHONPATH=/home/akariros/Akari_ros2_humble/build/akari_launch/prefix_override:/home/akariros/Akari_ros2_humble/install/akari_launch/lib/python3.10/site-packages:${PYTHONPATH} /usr/bin/python3 setup.py egg_info --egg-base ../build/akari_launch build --build-base /home/akariros/Akari_ros2_humble/build/akari_launch/build install --record /home/akariros/Akari_ros2_humble/build/akari_launch/install.log --single-version-externally-managed
[4.761s] DEBUG:colcon.colcon_core.event_handler.log_command:Invoking command in '/home/akariros/Akari_ros2_humble/akari_client_example': PYTHONPATH=/home/akariros/Akari_ros2_humble/build/akari_client_example/prefix_override:/home/akariros/Akari_ros2_humble/install/akari_client_example/lib/python3.10/site-packages:${PYTHONPATH} /usr/bin/python3 setup.py egg_info --egg-base ../build/akari_client_example build --build-base /home/akariros/Akari_ros2_humble/build/akari_client_example/build install --record /home/akariros/Akari_ros2_humble/build/akari_client_example/install.log --single-version-externally-managed
[4.996s] DEBUG:colcon.colcon_core.event_handler.log_command:Invoking command in '/home/akariros/Akari_ros2_humble/akari_setting_publisher': PYTHONPATH=/home/akariros/Akari_ros2_humble/build/akari_setting_publisher/prefix_override:/home/akariros/Akari_ros2_humble/install/akari_setting_publisher/lib/python3.10/site-packages:${PYTHONPATH} /usr/bin/python3 setup.py egg_info --egg-base ../build/akari_setting_publisher build --build-base /home/akariros/Akari_ros2_humble/build/akari_setting_publisher/build install --record /home/akariros/Akari_ros2_humble/build/akari_setting_publisher/install.log --single-version-externally-managed
[5.652s] DEBUG:colcon.colcon_core.event_handler.log_command:Invoked command in '/home/akariros/Akari_ros2_humble/akari_launch' returned '0': PYTHONPATH=/home/akariros/Akari_ros2_humble/build/akari_launch/prefix_override:/home/akariros/Akari_ros2_humble/install/akari_launch/lib/python3.10/site-packages:${PYTHONPATH} /usr/bin/python3 setup.py egg_info --egg-base ../build/akari_launch build --build-base /home/akariros/Akari_ros2_humble/build/akari_launch/build install --record /home/akariros/Akari_ros2_humble/build/akari_launch/install.log --single-version-externally-managed
[5.667s] Level 1:colcon.colcon_core.environment:checking '/home/akariros/Akari_ros2_humble/install/akari_launch' for CMake module files
[5.668s] Level 1:colcon.colcon_core.environment:checking '/home/akariros/Akari_ros2_humble/install/akari_launch' for CMake config files
[5.669s] Level 1:colcon.colcon_core.environment:checking '/home/akariros/Akari_ros2_humble/install/akari_launch/lib'
[5.672s] Level 1:colcon.colcon_core.environment:checking '/home/akariros/Akari_ros2_humble/install/akari_launch/bin'
[5.674s] Level 1:colcon.colcon_core.environment:checking '/home/akariros/Akari_ros2_humble/install/akari_launch/lib/pkgconfig/akari_launch.pc'
[5.674s] Level 1:colcon.colcon_core.environment:checking '/home/akariros/Akari_ros2_humble/install/akari_launch/lib/python3.10/site-packages'
[5.675s] Level 1:colcon.colcon_core.shell:create_environment_hook('akari_launch', 'pythonpath')
[5.679s] INFO:colcon.colcon_core.shell:Creating environment hook '/home/akariros/Akari_ros2_humble/install/akari_launch/share/akari_launch/hook/pythonpath.ps1'
[5.683s] INFO:colcon.colcon_core.shell:Creating environment descriptor '/home/akariros/Akari_ros2_humble/install/akari_launch/share/akari_launch/hook/pythonpath.dsv'
[5.684s] INFO:colcon.colcon_core.shell:Creating environment hook '/home/akariros/Akari_ros2_humble/install/akari_launch/share/akari_launch/hook/pythonpath.sh'
[5.685s] Level 1:colcon.colcon_core.environment:checking '/home/akariros/Akari_ros2_humble/install/akari_launch/bin'
[5.685s] Level 1:colcon.colcon_core.environment:create_environment_scripts_only(akari_launch)
[5.690s] INFO:colcon.colcon_core.shell:Creating package script '/home/akariros/Akari_ros2_humble/install/akari_launch/share/akari_launch/package.ps1'
[5.697s] INFO:colcon.colcon_core.shell:Creating package descriptor '/home/akariros/Akari_ros2_humble/install/akari_launch/share/akari_launch/package.dsv'
[5.701s] INFO:colcon.colcon_core.shell:Creating package script '/home/akariros/Akari_ros2_humble/install/akari_launch/share/akari_launch/package.sh'
[5.706s] INFO:colcon.colcon_core.shell:Creating package script '/home/akariros/Akari_ros2_humble/install/akari_launch/share/akari_launch/package.bash'
[5.708s] INFO:colcon.colcon_core.shell:Creating package script '/home/akariros/Akari_ros2_humble/install/akari_launch/share/akari_launch/package.zsh'
[5.710s] Level 1:colcon.colcon_core.environment:create_file_with_runtime_dependencies(/home/akariros/Akari_ros2_humble/install/akari_launch/share/colcon-core/packages/akari_launch)
[5.712s] INFO:colcon.colcon_ros.task.ament_python.build:Building ROS package in '/home/akariros/Akari_ros2_humble/akari_state_publisher' with build type 'ament_python'
[5.713s] Level 1:colcon.colcon_core.shell:create_environment_hook('akari_state_publisher', 'ament_prefix_path')
[5.717s] INFO:colcon.colcon_core.shell:Creating environment hook '/home/akariros/Akari_ros2_humble/install/akari_state_publisher/share/akari_state_publisher/hook/ament_prefix_path.ps1'
[5.718s] INFO:colcon.colcon_core.shell:Creating environment descriptor '/home/akariros/Akari_ros2_humble/install/akari_state_publisher/share/akari_state_publisher/hook/ament_prefix_path.dsv'
[5.719s] INFO:colcon.colcon_core.shell:Creating environment hook '/home/akariros/Akari_ros2_humble/install/akari_state_publisher/share/akari_state_publisher/hook/ament_prefix_path.sh'
[5.724s] INFO:colcon.colcon_core.shell:Skip shell extension 'powershell' for command environment: Not usable outside of PowerShell
[5.724s] DEBUG:colcon.colcon_core.shell:Skip shell extension 'dsv' for command environment
[6.692s] INFO:colcon.colcon_core.task.python.build:Building Python package in '/home/akariros/Akari_ros2_humble/akari_state_publisher'
[6.695s] INFO:colcon.colcon_core.shell:Skip shell extension 'powershell' for command environment: Not usable outside of PowerShell
[6.695s] DEBUG:colcon.colcon_core.shell:Skip shell extension 'dsv' for command environment
[6.712s] DEBUG:colcon.colcon_core.event_handler.log_command:Invoked command in '/home/akariros/Akari_ros2_humble/akari_client_example' returned '0': PYTHONPATH=/home/akariros/Akari_ros2_humble/build/akari_client_example/prefix_override:/home/akariros/Akari_ros2_humble/install/akari_client_example/lib/python3.10/site-packages:${PYTHONPATH} /usr/bin/python3 setup.py egg_info --egg-base ../build/akari_client_example build --build-base /home/akariros/Akari_ros2_humble/build/akari_client_example/build install --record /home/akariros/Akari_ros2_humble/build/akari_client_example/install.log --single-version-externally-managed
[6.713s] Level 1:colcon.colcon_core.environment:checking '/home/akariros/Akari_ros2_humble/install/akari_client_example' for CMake module files
[6.715s] Level 1:colcon.colcon_core.environment:checking '/home/akariros/Akari_ros2_humble/install/akari_client_example' for CMake config files
[6.716s] Level 1:colcon.colcon_core.environment:checking '/home/akariros/Akari_ros2_humble/install/akari_client_example/lib'
[6.716s] Level 1:colcon.colcon_core.environment:checking '/home/akariros/Akari_ros2_humble/install/akari_client_example/bin'
[6.716s] Level 1:colcon.colcon_core.environment:checking '/home/akariros/Akari_ros2_humble/install/akari_client_example/lib/pkgconfig/akari_client_example.pc'
[6.717s] Level 1:colcon.colcon_core.environment:checking '/home/akariros/Akari_ros2_humble/install/akari_client_example/lib/python3.10/site-packages'
[6.717s] Level 1:colcon.colcon_core.shell:create_environment_hook('akari_client_example', 'pythonpath')
[6.720s] INFO:colcon.colcon_core.shell:Creating environment hook '/home/akariros/Akari_ros2_humble/install/akari_client_example/share/akari_client_example/hook/pythonpath.ps1'
[6.721s] INFO:colcon.colcon_core.shell:Creating environment descriptor '/home/akariros/Akari_ros2_humble/install/akari_client_example/share/akari_client_example/hook/pythonpath.dsv'
[6.722s] INFO:colcon.colcon_core.shell:Creating environment hook '/home/akariros/Akari_ros2_humble/install/akari_client_example/share/akari_client_example/hook/pythonpath.sh'
[6.723s] Level 1:colcon.colcon_core.environment:checking '/home/akariros/Akari_ros2_humble/install/akari_client_example/bin'
[6.723s] Level 1:colcon.colcon_core.environment:create_environment_scripts_only(akari_client_example)
[6.727s] INFO:colcon.colcon_core.shell:Creating package script '/home/akariros/Akari_ros2_humble/install/akari_client_example/share/akari_client_example/package.ps1'
[6.728s] INFO:colcon.colcon_core.shell:Creating package descriptor '/home/akariros/Akari_ros2_humble/install/akari_client_example/share/akari_client_example/package.dsv'
[6.729s] INFO:colcon.colcon_core.shell:Creating package script '/home/akariros/Akari_ros2_humble/install/akari_client_example/share/akari_client_example/package.sh'
[6.730s] INFO:colcon.colcon_core.shell:Creating package script '/home/akariros/Akari_ros2_humble/install/akari_client_example/share/akari_client_example/package.bash'
[6.731s] INFO:colcon.colcon_core.shell:Creating package script '/home/akariros/Akari_ros2_humble/install/akari_client_example/share/akari_client_example/package.zsh'
[6.731s] Level 1:colcon.colcon_core.environment:create_file_with_runtime_dependencies(/home/akariros/Akari_ros2_humble/install/akari_client_example/share/colcon-core/packages/akari_client_example)
[6.752s] DEBUG:colcon.colcon_core.event_handler.log_command:Invoking command in '/home/akariros/Akari_ros2_humble/build/akari_msgs': CMAKE_PREFIX_PATH=${CMAKE_PREFIX_PATH}:/home/akariros/Akari_ros2_humble/install/servo_server:/home/akariros/Akari_ros2_humble/install/m5_server:/home/akariros/Akari_ros2_humble/install/akari_state_publisher:/home/akariros/Akari_ros2_humble/install/akari_setting_publisher:/home/akariros/Akari_ros2_humble/install/akari_launch:/home/akariros/Akari_ros2_humble/install/akari_client_example:/opt/ros/humble /usr/bin/cmake --install /home/akariros/Akari_ros2_humble/build/akari_msgs
[6.753s] INFO:colcon.colcon_ros.task.ament_python.build:Building ROS package in '/home/akariros/Akari_ros2_humble/m5_server' with build type 'ament_python'
[6.753s] Level 1:colcon.colcon_core.shell:create_environment_hook('m5_server', 'ament_prefix_path')
[6.757s] INFO:colcon.colcon_core.shell:Creating environment hook '/home/akariros/Akari_ros2_humble/install/m5_server/share/m5_server/hook/ament_prefix_path.ps1'
[6.758s] INFO:colcon.colcon_core.shell:Creating environment descriptor '/home/akariros/Akari_ros2_humble/install/m5_server/share/m5_server/hook/ament_prefix_path.dsv'
[6.758s] INFO:colcon.colcon_core.shell:Creating environment hook '/home/akariros/Akari_ros2_humble/install/m5_server/share/m5_server/hook/ament_prefix_path.sh'
[6.762s] INFO:colcon.colcon_core.shell:Skip shell extension 'powershell' for command environment: Not usable outside of PowerShell
[6.762s] DEBUG:colcon.colcon_core.shell:Skip shell extension 'dsv' for command environment
[6.780s] DEBUG:colcon.colcon_core.event_handler.log_command:Invoked command in '/home/akariros/Akari_ros2_humble/akari_setting_publisher' returned '0': PYTHONPATH=/home/akariros/Akari_ros2_humble/build/akari_setting_publisher/prefix_override:/home/akariros/Akari_ros2_humble/install/akari_setting_publisher/lib/python3.10/site-packages:${PYTHONPATH} /usr/bin/python3 setup.py egg_info --egg-base ../build/akari_setting_publisher build --build-base /home/akariros/Akari_ros2_humble/build/akari_setting_publisher/build install --record /home/akariros/Akari_ros2_humble/build/akari_setting_publisher/install.log --single-version-externally-managed
[6.782s] Level 1:colcon.colcon_core.environment:checking '/home/akariros/Akari_ros2_humble/install/akari_setting_publisher' for CMake module files
[6.783s] Level 1:colcon.colcon_core.environment:checking '/home/akariros/Akari_ros2_humble/install/akari_setting_publisher' for CMake config files
[6.784s] Level 1:colcon.colcon_core.environment:checking '/home/akariros/Akari_ros2_humble/install/akari_setting_publisher/lib'
[6.785s] Level 1:colcon.colcon_core.environment:checking '/home/akariros/Akari_ros2_humble/install/akari_setting_publisher/bin'
[6.785s] Level 1:colcon.colcon_core.environment:checking '/home/akariros/Akari_ros2_humble/install/akari_setting_publisher/lib/pkgconfig/akari_setting_publisher.pc'
[6.785s] Level 1:colcon.colcon_core.environment:checking '/home/akariros/Akari_ros2_humble/install/akari_setting_publisher/lib/python3.10/site-packages'
[6.786s] Level 1:colcon.colcon_core.shell:create_environment_hook('akari_setting_publisher', 'pythonpath')
[6.790s] INFO:colcon.colcon_core.shell:Creating environment hook '/home/akariros/Akari_ros2_humble/install/akari_setting_publisher/share/akari_setting_publisher/hook/pythonpath.ps1'
[6.792s] INFO:colcon.colcon_core.shell:Creating environment descriptor '/home/akariros/Akari_ros2_humble/install/akari_setting_publisher/share/akari_setting_publisher/hook/pythonpath.dsv'
[6.793s] INFO:colcon.colcon_core.shell:Creating environment hook '/home/akariros/Akari_ros2_humble/install/akari_setting_publisher/share/akari_setting_publisher/hook/pythonpath.sh'
[6.794s] Level 1:colcon.colcon_core.environment:checking '/home/akariros/Akari_ros2_humble/install/akari_setting_publisher/bin'
[6.794s] Level 1:colcon.colcon_core.environment:create_environment_scripts_only(akari_setting_publisher)
[6.799s] INFO:colcon.colcon_core.shell:Creating package script '/home/akariros/Akari_ros2_humble/install/akari_setting_publisher/share/akari_setting_publisher/package.ps1'
[6.800s] INFO:colcon.colcon_core.shell:Creating package descriptor '/home/akariros/Akari_ros2_humble/install/akari_setting_publisher/share/akari_setting_publisher/package.dsv'
[6.801s] INFO:colcon.colcon_core.shell:Creating package script '/home/akariros/Akari_ros2_humble/install/akari_setting_publisher/share/akari_setting_publisher/package.sh'
[6.802s] INFO:colcon.colcon_core.shell:Creating package script '/home/akariros/Akari_ros2_humble/install/akari_setting_publisher/share/akari_setting_publisher/package.bash'
[6.803s] INFO:colcon.colcon_core.shell:Creating package script '/home/akariros/Akari_ros2_humble/install/akari_setting_publisher/share/akari_setting_publisher/package.zsh'
[6.804s] Level 1:colcon.colcon_core.environment:create_file_with_runtime_dependencies(/home/akariros/Akari_ros2_humble/install/akari_setting_publisher/share/colcon-core/packages/akari_setting_publisher)
[6.818s] INFO:colcon.colcon_ros.task.ament_python.build:Building ROS package in '/home/akariros/Akari_ros2_humble/servo_server' with build type 'ament_python'
[6.818s] Level 1:colcon.colcon_core.shell:create_environment_hook('servo_server', 'ament_prefix_path')
[6.823s] INFO:colcon.colcon_core.shell:Creating environment hook '/home/akariros/Akari_ros2_humble/install/servo_server/share/servo_server/hook/ament_prefix_path.ps1'
[6.826s] INFO:colcon.colcon_core.shell:Creating environment descriptor '/home/akariros/Akari_ros2_humble/install/servo_server/share/servo_server/hook/ament_prefix_path.dsv'
[6.836s] INFO:colcon.colcon_core.shell:Creating environment hook '/home/akariros/Akari_ros2_humble/install/servo_server/share/servo_server/hook/ament_prefix_path.sh'
[6.844s] INFO:colcon.colcon_core.shell:Skip shell extension 'powershell' for command environment: Not usable outside of PowerShell
[6.844s] DEBUG:colcon.colcon_core.shell:Skip shell extension 'dsv' for command environment
[7.678s] INFO:colcon.colcon_core.task.python.build:Building Python package in '/home/akariros/Akari_ros2_humble/m5_server'
[7.681s] INFO:colcon.colcon_core.shell:Skip shell extension 'powershell' for command environment: Not usable outside of PowerShell
[7.681s] DEBUG:colcon.colcon_core.shell:Skip shell extension 'dsv' for command environment
[8.314s] INFO:colcon.colcon_core.task.python.build:Building Python package in '/home/akariros/Akari_ros2_humble/servo_server'
[8.317s] INFO:colcon.colcon_core.shell:Skip shell extension 'powershell' for command environment: Not usable outside of PowerShell
[8.317s] DEBUG:colcon.colcon_core.shell:Skip shell extension 'dsv' for command environment
[8.329s] Level 1:colcon.colcon_core.environment:create_environment_scripts_only(akari_msgs)
[8.333s] Level 1:colcon.colcon_core.environment:checking '/home/akariros/Akari_ros2_humble/install/akari_msgs' for CMake module files
[8.334s] DEBUG:colcon.colcon_core.event_handler.log_command:Invoked command in '/home/akariros/Akari_ros2_humble/build/akari_msgs' returned '0': CMAKE_PREFIX_PATH=${CMAKE_PREFIX_PATH}:/home/akariros/Akari_ros2_humble/install/servo_server:/home/akariros/Akari_ros2_humble/install/m5_server:/home/akariros/Akari_ros2_humble/install/akari_state_publisher:/home/akariros/Akari_ros2_humble/install/akari_setting_publisher:/home/akariros/Akari_ros2_humble/install/akari_launch:/home/akariros/Akari_ros2_humble/install/akari_client_example:/opt/ros/humble /usr/bin/cmake --install /home/akariros/Akari_ros2_humble/build/akari_msgs
[8.336s] Level 1:colcon.colcon_core.environment:checking '/home/akariros/Akari_ros2_humble/install/akari_msgs' for CMake config files
[8.336s] Level 1:colcon.colcon_core.shell:create_environment_hook('akari_msgs', 'cmake_prefix_path')
[8.340s] INFO:colcon.colcon_core.shell:Creating environment hook '/home/akariros/Akari_ros2_humble/install/akari_msgs/share/akari_msgs/hook/cmake_prefix_path.ps1'
[8.341s] INFO:colcon.colcon_core.shell:Creating environment descriptor '/home/akariros/Akari_ros2_humble/install/akari_msgs/share/akari_msgs/hook/cmake_prefix_path.dsv'
[8.341s] INFO:colcon.colcon_core.shell:Creating environment hook '/home/akariros/Akari_ros2_humble/install/akari_msgs/share/akari_msgs/hook/cmake_prefix_path.sh'
[8.342s] Level 1:colcon.colcon_core.environment:checking '/home/akariros/Akari_ros2_humble/install/akari_msgs/lib'
[8.342s] Level 1:colcon.colcon_core.shell:create_environment_hook('akari_msgs', 'ld_library_path_lib')
[8.346s] INFO:colcon.colcon_core.shell:Creating environment hook '/home/akariros/Akari_ros2_humble/install/akari_msgs/share/akari_msgs/hook/ld_library_path_lib.ps1'
[8.347s] INFO:colcon.colcon_core.shell:Creating environment descriptor '/home/akariros/Akari_ros2_humble/install/akari_msgs/share/akari_msgs/hook/ld_library_path_lib.dsv'
[8.348s] INFO:colcon.colcon_core.shell:Creating environment hook '/home/akariros/Akari_ros2_humble/install/akari_msgs/share/akari_msgs/hook/ld_library_path_lib.sh'
[8.348s] Level 1:colcon.colcon_core.environment:checking '/home/akariros/Akari_ros2_humble/install/akari_msgs/bin'
[8.349s] Level 1:colcon.colcon_core.environment:checking '/home/akariros/Akari_ros2_humble/install/akari_msgs/lib/pkgconfig/akari_msgs.pc'
[8.349s] Level 1:colcon.colcon_core.environment:checking '/home/akariros/Akari_ros2_humble/install/akari_msgs/lib/python3.10/site-packages'
[8.350s] Level 1:colcon.colcon_core.environment:checking '/home/akariros/Akari_ros2_humble/install/akari_msgs/bin'
[8.352s] INFO:colcon.colcon_core.shell:Creating package script '/home/akariros/Akari_ros2_humble/install/akari_msgs/share/akari_msgs/package.ps1'
[8.353s] INFO:colcon.colcon_core.shell:Creating package descriptor '/home/akariros/Akari_ros2_humble/install/akari_msgs/share/akari_msgs/package.dsv'
[8.354s] INFO:colcon.colcon_core.shell:Creating package script '/home/akariros/Akari_ros2_humble/install/akari_msgs/share/akari_msgs/package.sh'
[8.355s] INFO:colcon.colcon_core.shell:Creating package script '/home/akariros/Akari_ros2_humble/install/akari_msgs/share/akari_msgs/package.bash'
[8.355s] INFO:colcon.colcon_core.shell:Creating package script '/home/akariros/Akari_ros2_humble/install/akari_msgs/share/akari_msgs/package.zsh'
[8.356s] Level 1:colcon.colcon_core.environment:create_file_with_runtime_dependencies(/home/akariros/Akari_ros2_humble/install/akari_msgs/share/colcon-core/packages/akari_msgs)
[8.367s] DEBUG:colcon.colcon_core.event_handler.log_command:Invoking command in '/home/akariros/Akari_ros2_humble/akari_state_publisher': PYTHONPATH=/home/akariros/Akari_ros2_humble/build/akari_state_publisher/prefix_override:/home/akariros/Akari_ros2_humble/install/akari_state_publisher/lib/python3.10/site-packages:${PYTHONPATH} /usr/bin/python3 setup.py egg_info --egg-base ../build/akari_state_publisher build --build-base /home/akariros/Akari_ros2_humble/build/akari_state_publisher/build install --record /home/akariros/Akari_ros2_humble/build/akari_state_publisher/install.log --single-version-externally-managed
[9.500s] DEBUG:colcon.colcon_core.event_handler.log_command:Invoking command in '/home/akariros/Akari_ros2_humble/m5_server': PYTHONPATH=/home/akariros/Akari_ros2_humble/build/m5_server/prefix_override:/home/akariros/Akari_ros2_humble/install/m5_server/lib/python3.10/site-packages:${PYTHONPATH} /usr/bin/python3 setup.py egg_info --egg-base ../build/m5_server build --build-base /home/akariros/Akari_ros2_humble/build/m5_server/build install --record /home/akariros/Akari_ros2_humble/build/m5_server/install.log --single-version-externally-managed
[9.560s] DEBUG:colcon.colcon_core.event_handler.log_command:Invoked command in '/home/akariros/Akari_ros2_humble/akari_state_publisher' returned '0': PYTHONPATH=/home/akariros/Akari_ros2_humble/build/akari_state_publisher/prefix_override:/home/akariros/Akari_ros2_humble/install/akari_state_publisher/lib/python3.10/site-packages:${PYTHONPATH} /usr/bin/python3 setup.py egg_info --egg-base ../build/akari_state_publisher build --build-base /home/akariros/Akari_ros2_humble/build/akari_state_publisher/build install --record /home/akariros/Akari_ros2_humble/build/akari_state_publisher/install.log --single-version-externally-managed
[9.563s] Level 1:colcon.colcon_core.environment:checking '/home/akariros/Akari_ros2_humble/install/akari_state_publisher' for CMake module files
[9.565s] Level 1:colcon.colcon_core.environment:checking '/home/akariros/Akari_ros2_humble/install/akari_state_publisher' for CMake config files
[9.572s] Level 1:colcon.colcon_core.environment:checking '/home/akariros/Akari_ros2_humble/install/akari_state_publisher/lib'
[9.572s] Level 1:colcon.colcon_core.environment:checking '/home/akariros/Akari_ros2_humble/install/akari_state_publisher/bin'
[9.572s] Level 1:colcon.colcon_core.environment:checking '/home/akariros/Akari_ros2_humble/install/akari_state_publisher/lib/pkgconfig/akari_state_publisher.pc'
[9.574s] Level 1:colcon.colcon_core.environment:checking '/home/akariros/Akari_ros2_humble/install/akari_state_publisher/lib/python3.10/site-packages'
[9.574s] Level 1:colcon.colcon_core.shell:create_environment_hook('akari_state_publisher', 'pythonpath')
[9.579s] INFO:colcon.colcon_core.shell:Creating environment hook '/home/akariros/Akari_ros2_humble/install/akari_state_publisher/share/akari_state_publisher/hook/pythonpath.ps1'
[9.582s] INFO:colcon.colcon_core.shell:Creating environment descriptor '/home/akariros/Akari_ros2_humble/install/akari_state_publisher/share/akari_state_publisher/hook/pythonpath.dsv'
[9.583s] INFO:colcon.colcon_core.shell:Creating environment hook '/home/akariros/Akari_ros2_humble/install/akari_state_publisher/share/akari_state_publisher/hook/pythonpath.sh'
[9.584s] Level 1:colcon.colcon_core.environment:checking '/home/akariros/Akari_ros2_humble/install/akari_state_publisher/bin'
[9.585s] Level 1:colcon.colcon_core.environment:create_environment_scripts_only(akari_state_publisher)
[9.590s] INFO:colcon.colcon_core.shell:Creating package script '/home/akariros/Akari_ros2_humble/install/akari_state_publisher/share/akari_state_publisher/package.ps1'
[9.592s] INFO:colcon.colcon_core.shell:Creating package descriptor '/home/akariros/Akari_ros2_humble/install/akari_state_publisher/share/akari_state_publisher/package.dsv'
[9.593s] INFO:colcon.colcon_core.shell:Creating package script '/home/akariros/Akari_ros2_humble/install/akari_state_publisher/share/akari_state_publisher/package.sh'
[9.596s] INFO:colcon.colcon_core.shell:Creating package script '/home/akariros/Akari_ros2_humble/install/akari_state_publisher/share/akari_state_publisher/package.bash'
[9.597s] INFO:colcon.colcon_core.shell:Creating package script '/home/akariros/Akari_ros2_humble/install/akari_state_publisher/share/akari_state_publisher/package.zsh'
[9.598s] Level 1:colcon.colcon_core.environment:create_file_with_runtime_dependencies(/home/akariros/Akari_ros2_humble/install/akari_state_publisher/share/colcon-core/packages/akari_state_publisher)
[9.813s] DEBUG:colcon.colcon_core.event_handler.log_command:Invoking command in '/home/akariros/Akari_ros2_humble/servo_server': PYTHONPATH=/home/akariros/Akari_ros2_humble/build/servo_server/prefix_override:/home/akariros/Akari_ros2_humble/install/servo_server/lib/python3.10/site-packages:${PYTHONPATH} /usr/bin/python3 setup.py egg_info --egg-base ../build/servo_server build --build-base /home/akariros/Akari_ros2_humble/build/servo_server/build install --record /home/akariros/Akari_ros2_humble/build/servo_server/install.log --single-version-externally-managed
[9.981s] Level 1:colcon.colcon_core.environment:create_environment_scripts_only(akari_msgs)
[9.986s] Level 1:colcon.colcon_core.environment:checking '/home/akariros/Akari_ros2_humble/install/akari_msgs' for CMake module files
[9.988s] Level 1:colcon.colcon_core.environment:checking '/home/akariros/Akari_ros2_humble/install/akari_msgs' for CMake config files
[9.989s] Level 1:colcon.colcon_core.shell:create_environment_hook('akari_msgs', 'cmake_prefix_path')
[9.995s] INFO:colcon.colcon_core.shell:Creating environment hook '/home/akariros/Akari_ros2_humble/install/akari_msgs/share/akari_msgs/hook/cmake_prefix_path.ps1'
[9.996s] INFO:colcon.colcon_core.shell:Creating environment descriptor '/home/akariros/Akari_ros2_humble/install/akari_msgs/share/akari_msgs/hook/cmake_prefix_path.dsv'
[9.997s] INFO:colcon.colcon_core.shell:Creating environment hook '/home/akariros/Akari_ros2_humble/install/akari_msgs/share/akari_msgs/hook/cmake_prefix_path.sh'
[9.998s] Level 1:colcon.colcon_core.environment:checking '/home/akariros/Akari_ros2_humble/install/akari_msgs/lib'
[9.998s] Level 1:colcon.colcon_core.shell:create_environment_hook('akari_msgs', 'ld_library_path_lib')
[10.001s] INFO:colcon.colcon_core.shell:Creating environment hook '/home/akariros/Akari_ros2_humble/install/akari_msgs/share/akari_msgs/hook/ld_library_path_lib.ps1'
[10.002s] INFO:colcon.colcon_core.shell:Creating environment descriptor '/home/akariros/Akari_ros2_humble/install/akari_msgs/share/akari_msgs/hook/ld_library_path_lib.dsv'
[10.003s] INFO:colcon.colcon_core.shell:Creating environment hook '/home/akariros/Akari_ros2_humble/install/akari_msgs/share/akari_msgs/hook/ld_library_path_lib.sh'
[10.003s] Level 1:colcon.colcon_core.environment:checking '/home/akariros/Akari_ros2_humble/install/akari_msgs/bin'
[10.004s] Level 1:colcon.colcon_core.environment:checking '/home/akariros/Akari_ros2_humble/install/akari_msgs/lib/pkgconfig/akari_msgs.pc'
[10.004s] Level 1:colcon.colcon_core.environment:checking '/home/akariros/Akari_ros2_humble/install/akari_msgs/lib/python3.10/site-packages'
[10.005s] Level 1:colcon.colcon_core.environment:checking '/home/akariros/Akari_ros2_humble/install/akari_msgs/bin'
[10.014s] INFO:colcon.colcon_core.shell:Creating package script '/home/akariros/Akari_ros2_humble/install/akari_msgs/share/akari_msgs/package.ps1'
[10.015s] INFO:colcon.colcon_core.shell:Creating package descriptor '/home/akariros/Akari_ros2_humble/install/akari_msgs/share/akari_msgs/package.dsv'
[10.016s] INFO:colcon.colcon_core.shell:Creating package script '/home/akariros/Akari_ros2_humble/install/akari_msgs/share/akari_msgs/package.sh'
[10.017s] INFO:colcon.colcon_core.shell:Creating package script '/home/akariros/Akari_ros2_humble/install/akari_msgs/share/akari_msgs/package.bash'
[10.018s] INFO:colcon.colcon_core.shell:Creating package script '/home/akariros/Akari_ros2_humble/install/akari_msgs/share/akari_msgs/package.zsh'
[10.019s] Level 1:colcon.colcon_core.environment:create_file_with_runtime_dependencies(/home/akariros/Akari_ros2_humble/install/akari_msgs/share/colcon-core/packages/akari_msgs)
[10.459s] Level 1:colcon.colcon_core.environment:checking '/home/akariros/Akari_ros2_humble/install/m5_server' for CMake module files
[10.460s] DEBUG:colcon.colcon_core.event_handler.log_command:Invoked command in '/home/akariros/Akari_ros2_humble/m5_server' returned '0': PYTHONPATH=/home/akariros/Akari_ros2_humble/build/m5_server/prefix_override:/home/akariros/Akari_ros2_humble/install/m5_server/lib/python3.10/site-packages:${PYTHONPATH} /usr/bin/python3 setup.py egg_info --egg-base ../build/m5_server build --build-base /home/akariros/Akari_ros2_humble/build/m5_server/build install --record /home/akariros/Akari_ros2_humble/build/m5_server/install.log --single-version-externally-managed
[10.461s] Level 1:colcon.colcon_core.environment:checking '/home/akariros/Akari_ros2_humble/install/m5_server' for CMake config files
[10.462s] Level 1:colcon.colcon_core.environment:checking '/home/akariros/Akari_ros2_humble/install/m5_server/lib'
[10.463s] Level 1:colcon.colcon_core.environment:checking '/home/akariros/Akari_ros2_humble/install/m5_server/bin'
[10.463s] Level 1:colcon.colcon_core.environment:checking '/home/akariros/Akari_ros2_humble/install/m5_server/lib/pkgconfig/m5_server.pc'
[10.464s] Level 1:colcon.colcon_core.environment:checking '/home/akariros/Akari_ros2_humble/install/m5_server/lib/python3.10/site-packages'
[10.464s] Level 1:colcon.colcon_core.shell:create_environment_hook('m5_server', 'pythonpath')
[10.466s] INFO:colcon.colcon_core.shell:Creating environment hook '/home/akariros/Akari_ros2_humble/install/m5_server/share/m5_server/hook/pythonpath.ps1'
[10.467s] INFO:colcon.colcon_core.shell:Creating environment descriptor '/home/akariros/Akari_ros2_humble/install/m5_server/share/m5_server/hook/pythonpath.dsv'
[10.467s] INFO:colcon.colcon_core.shell:Creating environment hook '/home/akariros/Akari_ros2_humble/install/m5_server/share/m5_server/hook/pythonpath.sh'
[10.468s] Level 1:colcon.colcon_core.environment:checking '/home/akariros/Akari_ros2_humble/install/m5_server/bin'
[10.469s] Level 1:colcon.colcon_core.environment:create_environment_scripts_only(m5_server)
[10.472s] INFO:colcon.colcon_core.shell:Creating package script '/home/akariros/Akari_ros2_humble/install/m5_server/share/m5_server/package.ps1'
[10.473s] INFO:colcon.colcon_core.shell:Creating package descriptor '/home/akariros/Akari_ros2_humble/install/m5_server/share/m5_server/package.dsv'
[10.473s] INFO:colcon.colcon_core.shell:Creating package script '/home/akariros/Akari_ros2_humble/install/m5_server/share/m5_server/package.sh'
[10.474s] INFO:colcon.colcon_core.shell:Creating package script '/home/akariros/Akari_ros2_humble/install/m5_server/share/m5_server/package.bash'
[10.475s] INFO:colcon.colcon_core.shell:Creating package script '/home/akariros/Akari_ros2_humble/install/m5_server/share/m5_server/package.zsh'
[10.475s] Level 1:colcon.colcon_core.environment:create_file_with_runtime_dependencies(/home/akariros/Akari_ros2_humble/install/m5_server/share/colcon-core/packages/m5_server)
[10.721s] Level 1:colcon.colcon_core.environment:checking '/home/akariros/Akari_ros2_humble/install/servo_server' for CMake module files
[10.722s] DEBUG:colcon.colcon_core.event_handler.log_command:Invoked command in '/home/akariros/Akari_ros2_humble/servo_server' returned '0': PYTHONPATH=/home/akariros/Akari_ros2_humble/build/servo_server/prefix_override:/home/akariros/Akari_ros2_humble/install/servo_server/lib/python3.10/site-packages:${PYTHONPATH} /usr/bin/python3 setup.py egg_info --egg-base ../build/servo_server build --build-base /home/akariros/Akari_ros2_humble/build/servo_server/build install --record /home/akariros/Akari_ros2_humble/build/servo_server/install.log --single-version-externally-managed
[10.722s] Level 1:colcon.colcon_core.environment:checking '/home/akariros/Akari_ros2_humble/install/servo_server' for CMake config files
[10.723s] Level 1:colcon.colcon_core.environment:checking '/home/akariros/Akari_ros2_humble/install/servo_server/lib'
[10.723s] Level 1:colcon.colcon_core.environment:checking '/home/akariros/Akari_ros2_humble/install/servo_server/bin'
[10.723s] Level 1:colcon.colcon_core.environment:checking '/home/akariros/Akari_ros2_humble/install/servo_server/lib/pkgconfig/servo_server.pc'
[10.724s] Level 1:colcon.colcon_core.environment:checking '/home/akariros/Akari_ros2_humble/install/servo_server/lib/python3.10/site-packages'
[10.724s] Level 1:colcon.colcon_core.shell:create_environment_hook('servo_server', 'pythonpath')
[10.726s] INFO:colcon.colcon_core.shell:Creating environment hook '/home/akariros/Akari_ros2_humble/install/servo_server/share/servo_server/hook/pythonpath.ps1'
[10.726s] INFO:colcon.colcon_core.shell:Creating environment descriptor '/home/akariros/Akari_ros2_humble/install/servo_server/share/servo_server/hook/pythonpath.dsv'
[10.727s] INFO:colcon.colcon_core.shell:Creating environment hook '/home/akariros/Akari_ros2_humble/install/servo_server/share/servo_server/hook/pythonpath.sh'
[10.728s] Level 1:colcon.colcon_core.environment:checking '/home/akariros/Akari_ros2_humble/install/servo_server/bin'
[10.728s] Level 1:colcon.colcon_core.environment:create_environment_scripts_only(servo_server)
[10.731s] INFO:colcon.colcon_core.shell:Creating package script '/home/akariros/Akari_ros2_humble/install/servo_server/share/servo_server/package.ps1'
[10.732s] INFO:colcon.colcon_core.shell:Creating package descriptor '/home/akariros/Akari_ros2_humble/install/servo_server/share/servo_server/package.dsv'
[10.732s] INFO:colcon.colcon_core.shell:Creating package script '/home/akariros/Akari_ros2_humble/install/servo_server/share/servo_server/package.sh'
[10.733s] INFO:colcon.colcon_core.shell:Creating package script '/home/akariros/Akari_ros2_humble/install/servo_server/share/servo_server/package.bash'
[10.734s] INFO:colcon.colcon_core.shell:Creating package script '/home/akariros/Akari_ros2_humble/install/servo_server/share/servo_server/package.zsh'
[10.734s] Level 1:colcon.colcon_core.environment:create_file_with_runtime_dependencies(/home/akariros/Akari_ros2_humble/install/servo_server/share/colcon-core/packages/servo_server)
[10.735s] DEBUG:colcon.colcon_parallel_executor.executor.parallel:closing loop
[10.736s] DEBUG:colcon.colcon_parallel_executor.executor.parallel:loop closed
[10.736s] DEBUG:colcon.colcon_parallel_executor.executor.parallel:run_until_complete finished with '0'
[10.736s] DEBUG:colcon.colcon_core.event_reactor:joining thread
[10.748s] INFO:colcon.colcon_core.plugin_system:Skipping extension 'colcon_notification.desktop_notification.terminal_notifier': Not used on non-Darwin systems
[10.749s] INFO:colcon.colcon_core.plugin_system:Skipping extension 'colcon_notification.desktop_notification.win32': Not used on non-Windows systems
[10.749s] INFO:colcon.colcon_notification.desktop_notification:Sending desktop notification using 'notify2'
[10.769s] DEBUG:colcon.colcon_core.event_reactor:joined thread
[10.773s] INFO:colcon.colcon_core.shell:Creating prefix script '/home/akariros/Akari_ros2_humble/install/local_setup.ps1'
[10.775s] INFO:colcon.colcon_core.shell:Creating prefix util module '/home/akariros/Akari_ros2_humble/install/_local_setup_util_ps1.py'
[10.778s] INFO:colcon.colcon_core.shell:Creating prefix chain script '/home/akariros/Akari_ros2_humble/install/setup.ps1'
[10.781s] INFO:colcon.colcon_core.shell:Creating prefix script '/home/akariros/Akari_ros2_humble/install/local_setup.sh'
[10.782s] INFO:colcon.colcon_core.shell:Creating prefix util module '/home/akariros/Akari_ros2_humble/install/_local_setup_util_sh.py'
[10.782s] INFO:colcon.colcon_core.shell:Creating prefix chain script '/home/akariros/Akari_ros2_humble/install/setup.sh'
[10.785s] INFO:colcon.colcon_core.shell:Creating prefix script '/home/akariros/Akari_ros2_humble/install/local_setup.bash'
[10.786s] INFO:colcon.colcon_core.shell:Creating prefix chain script '/home/akariros/Akari_ros2_humble/install/setup.bash'
[10.790s] INFO:colcon.colcon_core.shell:Creating prefix script '/home/akariros/Akari_ros2_humble/install/local_setup.zsh'
[10.791s] INFO:colcon.colcon_core.shell:Creating prefix chain script '/home/akariros/Akari_ros2_humble/install/setup.zsh'
