[1.779s] Invoking command in '/home/akariros/Akari_ros2_humble/py_akari_pubsub': PYTHONPATH=/home/akariros/Akari_ros2_humble/build/py_akari_pubsub/prefix_override:/home/akariros/Akari_ros2_humble/install/py_akari_pubsub/lib/python3.10/site-packages:${PYTHONPATH} /usr/bin/python3 setup.py egg_info --egg-base ../build/py_akari_pubsub build --build-base /home/akariros/Akari_ros2_humble/build/py_akari_pubsub/build install --record /home/akariros/Akari_ros2_humble/build/py_akari_pubsub/install.log --single-version-externally-managed
[2.389s] running egg_info
[2.390s] creating ../build/py_akari_pubsub/py_akari_pubsub.egg-info
[2.391s] writing ../build/py_akari_pubsub/py_akari_pubsub.egg-info/PKG-INFO
[2.391s] writing dependency_links to ../build/py_akari_pubsub/py_akari_pubsub.egg-info/dependency_links.txt
[2.391s] writing entry points to ../build/py_akari_pubsub/py_akari_pubsub.egg-info/entry_points.txt
[2.392s] writing requirements to ../build/py_akari_pubsub/py_akari_pubsub.egg-info/requires.txt
[2.392s] writing top-level names to ../build/py_akari_pubsub/py_akari_pubsub.egg-info/top_level.txt
[2.392s] writing manifest file '../build/py_akari_pubsub/py_akari_pubsub.egg-info/SOURCES.txt'
[2.396s] reading manifest file '../build/py_akari_pubsub/py_akari_pubsub.egg-info/SOURCES.txt'
[2.398s] writing manifest file '../build/py_akari_pubsub/py_akari_pubsub.egg-info/SOURCES.txt'
[2.398s] running build
[2.399s] running build_py
[2.399s] creating /home/akariros/Akari_ros2_humble/build/py_akari_pubsub/build
[2.399s] creating /home/akariros/Akari_ros2_humble/build/py_akari_pubsub/build/lib
[2.399s] creating /home/akariros/Akari_ros2_humble/build/py_akari_pubsub/build/lib/py_akari_pubsub
[2.400s] copying py_akari_pubsub/__init__.py -> /home/akariros/Akari_ros2_humble/build/py_akari_pubsub/build/lib/py_akari_pubsub
[2.400s] copying py_akari_pubsub/subscriber.py -> /home/akariros/Akari_ros2_humble/build/py_akari_pubsub/build/lib/py_akari_pubsub
[2.400s] copying py_akari_pubsub/publisher.py -> /home/akariros/Akari_ros2_humble/build/py_akari_pubsub/build/lib/py_akari_pubsub
[2.400s] copying py_akari_pubsub/akari.py -> /home/akariros/Akari_ros2_humble/build/py_akari_pubsub/build/lib/py_akari_pubsub
[2.400s] running install
[2.401s] /usr/lib/python3/dist-packages/setuptools/command/install.py:34: SetuptoolsDeprecationWarning: setup.py install is deprecated. Use build and pip and other standards-based tools.
[2.401s]   warnings.warn(
[2.401s] running install_lib
[2.403s] creating /home/akariros/Akari_ros2_humble/install/py_akari_pubsub/lib/python3.10/site-packages/py_akari_pubsub
[2.404s] copying /home/akariros/Akari_ros2_humble/build/py_akari_pubsub/build/lib/py_akari_pubsub/__init__.py -> /home/akariros/Akari_ros2_humble/install/py_akari_pubsub/lib/python3.10/site-packages/py_akari_pubsub
[2.404s] copying /home/akariros/Akari_ros2_humble/build/py_akari_pubsub/build/lib/py_akari_pubsub/subscriber.py -> /home/akariros/Akari_ros2_humble/install/py_akari_pubsub/lib/python3.10/site-packages/py_akari_pubsub
[2.404s] copying /home/akariros/Akari_ros2_humble/build/py_akari_pubsub/build/lib/py_akari_pubsub/publisher.py -> /home/akariros/Akari_ros2_humble/install/py_akari_pubsub/lib/python3.10/site-packages/py_akari_pubsub
[2.404s] copying /home/akariros/Akari_ros2_humble/build/py_akari_pubsub/build/lib/py_akari_pubsub/akari.py -> /home/akariros/Akari_ros2_humble/install/py_akari_pubsub/lib/python3.10/site-packages/py_akari_pubsub
[2.405s] byte-compiling /home/akariros/Akari_ros2_humble/install/py_akari_pubsub/lib/python3.10/site-packages/py_akari_pubsub/__init__.py to __init__.cpython-310.pyc
[2.405s] byte-compiling /home/akariros/Akari_ros2_humble/install/py_akari_pubsub/lib/python3.10/site-packages/py_akari_pubsub/subscriber.py to subscriber.cpython-310.pyc
[2.406s] byte-compiling /home/akariros/Akari_ros2_humble/install/py_akari_pubsub/lib/python3.10/site-packages/py_akari_pubsub/publisher.py to publisher.cpython-310.pyc
[2.408s] byte-compiling /home/akariros/Akari_ros2_humble/install/py_akari_pubsub/lib/python3.10/site-packages/py_akari_pubsub/akari.py to akari.cpython-310.pyc
[2.409s] running install_data
[2.410s] creating /home/akariros/Akari_ros2_humble/install/py_akari_pubsub/share/ament_index
[2.410s] creating /home/akariros/Akari_ros2_humble/install/py_akari_pubsub/share/ament_index/resource_index
[2.411s] creating /home/akariros/Akari_ros2_humble/install/py_akari_pubsub/share/ament_index/resource_index/packages
[2.411s] copying resource/py_akari_pubsub -> /home/akariros/Akari_ros2_humble/install/py_akari_pubsub/share/ament_index/resource_index/packages
[2.412s] copying package.xml -> /home/akariros/Akari_ros2_humble/install/py_akari_pubsub/share/py_akari_pubsub
[2.412s] running install_egg_info
[2.416s] Copying ../build/py_akari_pubsub/py_akari_pubsub.egg-info to /home/akariros/Akari_ros2_humble/install/py_akari_pubsub/lib/python3.10/site-packages/py_akari_pubsub-0.0.0-py3.10.egg-info
[2.419s] running install_scripts
[2.471s] Installing akari_listener script to /home/akariros/Akari_ros2_humble/install/py_akari_pubsub/lib/py_akari_pubsub
[2.471s] Installing akari_talker script to /home/akariros/Akari_ros2_humble/install/py_akari_pubsub/lib/py_akari_pubsub
[2.471s] writing list of installed files to '/home/akariros/Akari_ros2_humble/build/py_akari_pubsub/install.log'
[2.525s] Invoked command in '/home/akariros/Akari_ros2_humble/py_akari_pubsub' returned '0': PYTHONPATH=/home/akariros/Akari_ros2_humble/build/py_akari_pubsub/prefix_override:/home/akariros/Akari_ros2_humble/install/py_akari_pubsub/lib/python3.10/site-packages:${PYTHONPATH} /usr/bin/python3 setup.py egg_info --egg-base ../build/py_akari_pubsub build --build-base /home/akariros/Akari_ros2_humble/build/py_akari_pubsub/build install --record /home/akariros/Akari_ros2_humble/build/py_akari_pubsub/install.log --single-version-externally-managed
