[0.857s] Invoking command in '/home/akariros/Akari_ros2_humble/build/akari_msgs': CMAKE_PREFIX_PATH=/opt/ros/humble /usr/bin/cmake /home/akariros/Akari_ros2_humble/akari_msgs -DCMAKE_INSTALL_PREFIX=/home/akariros/Akari_ros2_humble/install/akari_msgs
[1.124s] -- The C compiler identification is GNU 11.4.0
[1.334s] -- The CXX compiler identification is GNU 11.4.0
[1.358s] -- Detecting C compiler ABI info
[1.530s] -- Detecting C compiler ABI info - done
[1.544s] -- Check for working C compiler: /usr/bin/cc - skipped
[1.567s] -- Detecting C compile features
[1.570s] -- Detecting C compile features - done
[1.577s] -- Detecting CXX compiler ABI info
[1.768s] -- Detecting CXX compiler ABI info - done
[1.784s] -- Check for working CXX compiler: /usr/bin/c++ - skipped
[1.786s] -- Detecting CXX compile features
[1.787s] -- Detecting CXX compile features - done
[1.815s] -- Found ament_cmake: 1.3.5 (/opt/ros/humble/share/ament_cmake/cmake)
[2.243s] -- Found Python3: /usr/bin/python3.10 (found version "3.10.12") found components: Interpreter 
[2.552s] -- Found geometry_msgs: 4.2.3 (/opt/ros/humble/share/geometry_msgs/cmake)
[2.676s] -- Found rosidl_generator_c: 3.1.5 (/opt/ros/humble/share/rosidl_generator_c/cmake)
[2.691s] -- Found rosidl_adapter: 3.1.5 (/opt/ros/humble/share/rosidl_adapter/cmake)
[2.719s] -- Found rosidl_generator_cpp: 3.1.5 (/opt/ros/humble/share/rosidl_generator_cpp/cmake)
[2.771s] -- Using all available rosidl_typesupport_c: rosidl_typesupport_fastrtps_c;rosidl_typesupport_introspection_c
[2.839s] -- Using all available rosidl_typesupport_cpp: rosidl_typesupport_fastrtps_cpp;rosidl_typesupport_introspection_cpp
[3.216s] -- Found rclpy: 3.3.9 (/opt/ros/humble/share/rclpy/cmake)
[3.223s] -- Found rosidl_default_generators: 1.2.0 (/opt/ros/humble/share/rosidl_default_generators/cmake)
[3.246s] -- Configuring incomplete, errors occurred!
[3.247s] See also "/home/akariros/Akari_ros2_humble/build/akari_msgs/CMakeFiles/CMakeOutput.log".
[3.247s] [31mCMake Error at /opt/ros/humble/share/rosidl_cmake/cmake/rosidl_generate_interfaces.cmake:93 (message):
[3.247s]   rosidl_generate_interfaces() the passed file 'srv/SetServoStatus.srv'
[3.247s]   doesn't exist relative to the CMAKE_CURRENT_SOURCE_DIR
[3.247s]   '/home/akariros/Akari_ros2_humble/akari_msgs'
[3.247s] Call Stack (most recent call first):
[3.248s]   CMakeLists.txt:42 (rosidl_generate_interfaces)
[3.248s] 
[3.248s] [0m
[3.665s] Invoked command in '/home/akariros/Akari_ros2_humble/build/akari_msgs' returned '1': CMAKE_PREFIX_PATH=/opt/ros/humble /usr/bin/cmake /home/akariros/Akari_ros2_humble/akari_msgs -DCMAKE_INSTALL_PREFIX=/home/akariros/Akari_ros2_humble/install/akari_msgs
