[1.460s] Invoking command in '/home/akariros/Akari_ros2_humble/servoserver': PYTHONPATH=/home/akariros/Akari_ros2_humble/build/servoserver/prefix_override:/home/akariros/Akari_ros2_humble/install/servoserver/lib/python3.10/site-packages:${PYTHONPATH} /usr/bin/python3 setup.py egg_info --egg-base ../build/servoserver build --build-base /home/akariros/Akari_ros2_humble/build/servoserver/build install --record /home/akariros/Akari_ros2_humble/build/servoserver/install.log --single-version-externally-managed
[1.861s] running egg_info
[1.862s] writing ../build/servoserver/servoserver.egg-info/PKG-INFO
[1.862s] writing dependency_links to ../build/servoserver/servoserver.egg-info/dependency_links.txt
[1.863s] writing entry points to ../build/servoserver/servoserver.egg-info/entry_points.txt
[1.863s] writing requirements to ../build/servoserver/servoserver.egg-info/requires.txt
[1.863s] writing top-level names to ../build/servoserver/servoserver.egg-info/top_level.txt
[1.865s] reading manifest file '../build/servoserver/servoserver.egg-info/SOURCES.txt'
[1.867s] writing manifest file '../build/servoserver/servoserver.egg-info/SOURCES.txt'
[1.867s] running build
[1.867s] running build_py
[1.867s] copying servoserver/py_servoserver.py -> /home/akariros/Akari_ros2_humble/build/servoserver/build/lib/servoserver
[1.867s] running install
[1.868s] /usr/lib/python3/dist-packages/setuptools/command/install.py:34: SetuptoolsDeprecationWarning: setup.py install is deprecated. Use build and pip and other standards-based tools.
[1.868s]   warnings.warn(
[1.868s] running install_lib
[1.869s] copying /home/akariros/Akari_ros2_humble/build/servoserver/build/lib/servoserver/py_servoserver.py -> /home/akariros/Akari_ros2_humble/install/servoserver/lib/python3.10/site-packages/servoserver
[1.871s] byte-compiling /home/akariros/Akari_ros2_humble/install/servoserver/lib/python3.10/site-packages/servoserver/py_servoserver.py to py_servoserver.cpython-310.pyc
[1.873s] running install_data
[1.874s] running install_egg_info
[1.876s] removing '/home/akariros/Akari_ros2_humble/install/servoserver/lib/python3.10/site-packages/servoserver-0.0.0-py3.10.egg-info' (and everything under it)
[1.877s] Copying ../build/servoserver/servoserver.egg-info to /home/akariros/Akari_ros2_humble/install/servoserver/lib/python3.10/site-packages/servoserver-0.0.0-py3.10.egg-info
[1.879s] running install_scripts
[1.911s] Installing m5servoserver script to /home/akariros/Akari_ros2_humble/install/servoserver/lib/servoserver
[1.911s] writing list of installed files to '/home/akariros/Akari_ros2_humble/build/servoserver/install.log'
[1.950s] Invoked command in '/home/akariros/Akari_ros2_humble/servoserver' returned '0': PYTHONPATH=/home/akariros/Akari_ros2_humble/build/servoserver/prefix_override:/home/akariros/Akari_ros2_humble/install/servoserver/lib/python3.10/site-packages:${PYTHONPATH} /usr/bin/python3 setup.py egg_info --egg-base ../build/servoserver build --build-base /home/akariros/Akari_ros2_humble/build/servoserver/build install --record /home/akariros/Akari_ros2_humble/build/servoserver/install.log --single-version-externally-managed
