running egg_info
writing ../build/servoserver/servoserver.egg-info/PKG-INFO
writing dependency_links to ../build/servoserver/servoserver.egg-info/dependency_links.txt
writing entry points to ../build/servoserver/servoserver.egg-info/entry_points.txt
writing requirements to ../build/servoserver/servoserver.egg-info/requires.txt
writing top-level names to ../build/servoserver/servoserver.egg-info/top_level.txt
reading manifest file '../build/servoserver/servoserver.egg-info/SOURCES.txt'
writing manifest file '../build/servoserver/servoserver.egg-info/SOURCES.txt'
running build
running build_py
running install
running install_lib
running install_data
copying launch/servoserver_launch.py -> /home/akariros/Akari_ros2_humble/install/servoserver/share/servoserver/launch
running install_egg_info
removing '/home/akariros/Akari_ros2_humble/install/servoserver/lib/python3.10/site-packages/servoserver-0.0.0-py3.10.egg-info' (and everything under it)
Copying ../build/servoserver/servoserver.egg-info to /home/akariros/Akari_ros2_humble/install/servoserver/lib/python3.10/site-packages/servoserver-0.0.0-py3.10.egg-info
running install_scripts
Installing m5servoserver script to /home/akariros/Akari_ros2_humble/install/servoserver/lib/servoserver
writing list of installed files to '/home/akariros/Akari_ros2_humble/build/servoserver/install.log'
