[2.526s] Invoking command in '/home/akariros/Akari_ros2_humble/m5_server': PYTHONPATH=/home/akariros/Akari_ros2_humble/build/m5_server/prefix_override:/home/akariros/Akari_ros2_humble/install/m5_server/lib/python3.10/site-packages:${PYTHONPATH} /usr/bin/python3 setup.py egg_info --egg-base ../build/m5_server build --build-base /home/akariros/Akari_ros2_humble/build/m5_server/build install --record /home/akariros/Akari_ros2_humble/build/m5_server/install.log --single-version-externally-managed
[3.494s] running egg_info
[3.495s] creating ../build/m5_server/m5_server.egg-info
[3.495s] writing ../build/m5_server/m5_server.egg-info/PKG-INFO
[3.496s] writing dependency_links to ../build/m5_server/m5_server.egg-info/dependency_links.txt
[3.496s] writing entry points to ../build/m5_server/m5_server.egg-info/entry_points.txt
[3.496s] writing requirements to ../build/m5_server/m5_server.egg-info/requires.txt
[3.496s] writing top-level names to ../build/m5_server/m5_server.egg-info/top_level.txt
[3.497s] writing manifest file '../build/m5_server/m5_server.egg-info/SOURCES.txt'
[3.516s] reading manifest file '../build/m5_server/m5_server.egg-info/SOURCES.txt'
[3.518s] writing manifest file '../build/m5_server/m5_server.egg-info/SOURCES.txt'
[3.518s] running build
[3.518s] running build_py
[3.519s] creating /home/akariros/Akari_ros2_humble/build/m5_server/build
[3.519s] creating /home/akariros/Akari_ros2_humble/build/m5_server/build/lib
[3.519s] creating /home/akariros/Akari_ros2_humble/build/m5_server/build/lib/m5_server
[3.519s] copying m5_server/__init__.py -> /home/akariros/Akari_ros2_humble/build/m5_server/build/lib/m5_server
[3.520s] copying m5_server/m5_server.py -> /home/akariros/Akari_ros2_humble/build/m5_server/build/lib/m5_server
[3.520s] /usr/lib/python3/dist-packages/setuptools/command/install.py:34: SetuptoolsDeprecationWarning: setup.py install is deprecated. Use build and pip and other standards-based tools.
[3.520s]   warnings.warn(
[3.521s] running install
[3.521s] running install_lib
[3.522s] creating /home/akariros/Akari_ros2_humble/install/m5_server/lib/python3.10/site-packages/m5_server
[3.522s] copying /home/akariros/Akari_ros2_humble/build/m5_server/build/lib/m5_server/__init__.py -> /home/akariros/Akari_ros2_humble/install/m5_server/lib/python3.10/site-packages/m5_server
[3.522s] copying /home/akariros/Akari_ros2_humble/build/m5_server/build/lib/m5_server/m5_server.py -> /home/akariros/Akari_ros2_humble/install/m5_server/lib/python3.10/site-packages/m5_server
[3.523s] byte-compiling /home/akariros/Akari_ros2_humble/install/m5_server/lib/python3.10/site-packages/m5_server/__init__.py to __init__.cpython-310.pyc
[3.524s] byte-compiling /home/akariros/Akari_ros2_humble/install/m5_server/lib/python3.10/site-packages/m5_server/m5_server.py to m5_server.cpython-310.pyc
[3.527s] running install_data
[3.529s] creating /home/akariros/Akari_ros2_humble/install/m5_server/share/ament_index
[3.529s] creating /home/akariros/Akari_ros2_humble/install/m5_server/share/ament_index/resource_index
[3.529s] creating /home/akariros/Akari_ros2_humble/install/m5_server/share/ament_index/resource_index/packages
[3.529s] copying resource/m5_server -> /home/akariros/Akari_ros2_humble/install/m5_server/share/ament_index/resource_index/packages
[3.530s] copying package.xml -> /home/akariros/Akari_ros2_humble/install/m5_server/share/m5_server
[3.530s] creating /home/akariros/Akari_ros2_humble/install/m5_server/share/m5_server/launch
[3.530s] running install_egg_info
[3.535s] Copying ../build/m5_server/m5_server.egg-info to /home/akariros/Akari_ros2_humble/install/m5_server/lib/python3.10/site-packages/m5_server-0.0.0-py3.10.egg-info
[3.537s] running install_scripts
[3.593s] Installing m5_server script to /home/akariros/Akari_ros2_humble/install/m5_server/lib/m5_server
[3.593s] writing list of installed files to '/home/akariros/Akari_ros2_humble/build/m5_server/install.log'
[3.668s] Invoked command in '/home/akariros/Akari_ros2_humble/m5_server' returned '0': PYTHONPATH=/home/akariros/Akari_ros2_humble/build/m5_server/prefix_override:/home/akariros/Akari_ros2_humble/install/m5_server/lib/python3.10/site-packages:${PYTHONPATH} /usr/bin/python3 setup.py egg_info --egg-base ../build/m5_server build --build-base /home/akariros/Akari_ros2_humble/build/m5_server/build install --record /home/akariros/Akari_ros2_humble/build/m5_server/install.log --single-version-externally-managed
