running egg_info
writing ../build/py_m5serial/py_m5serial.egg-info/PKG-INFO
writing dependency_links to ../build/py_m5serial/py_m5serial.egg-info/dependency_links.txt
writing entry points to ../build/py_m5serial/py_m5serial.egg-info/entry_points.txt
writing requirements to ../build/py_m5serial/py_m5serial.egg-info/requires.txt
writing top-level names to ../build/py_m5serial/py_m5serial.egg-info/top_level.txt
reading manifest file '../build/py_m5serial/py_m5serial.egg-info/SOURCES.txt'
writing manifest file '../build/py_m5serial/py_m5serial.egg-info/SOURCES.txt'
running build
running build_py
running install
running install_lib
/usr/lib/python3/dist-packages/setuptools/command/install.py:34: SetuptoolsDeprecationWarning: setup.py install is deprecated. Use build and pip and other standards-based tools.
  warnings.warn(
running install_data
running install_egg_info
removing '/home/akariros/Akari_ros2_humble/install/py_m5serial/lib/python3.10/site-packages/py_m5serial-0.0.0-py3.10.egg-info' (and everything under it)
Copying ../build/py_m5serial/py_m5serial.egg-info to /home/akariros/Akari_ros2_humble/install/py_m5serial/lib/python3.10/site-packages/py_m5serial-0.0.0-py3.10.egg-info
running install_scripts
Installing m5client_display_color script to /home/akariros/Akari_ros2_humble/install/py_m5serial/lib/py_m5serial
Installing m5client_display_image script to /home/akariros/Akari_ros2_humble/install/py_m5serial/lib/py_m5serial
Installing m5client_display_reset script to /home/akariros/Akari_ros2_humble/install/py_m5serial/lib/py_m5serial
Installing m5client_display_text script to /home/akariros/Akari_ros2_humble/install/py_m5serial/lib/py_m5serial
Installing m5client_move_joints_actionclient script to /home/akariros/Akari_ros2_humble/install/py_m5serial/lib/py_m5serial
Installing m5client_reset_allout script to /home/akariros/Akari_ros2_humble/install/py_m5serial/lib/py_m5serial
Installing m5client_set_allout script to /home/akariros/Akari_ros2_humble/install/py_m5serial/lib/py_m5serial
Installing m5client_set_dout script to /home/akariros/Akari_ros2_humble/install/py_m5serial/lib/py_m5serial
Installing m5client_set_pwmout script to /home/akariros/Akari_ros2_humble/install/py_m5serial/lib/py_m5serial
Installing m5publisher script to /home/akariros/Akari_ros2_humble/install/py_m5serial/lib/py_m5serial
Installing m5server script to /home/akariros/Akari_ros2_humble/install/py_m5serial/lib/py_m5serial
Installing m5servoserver script to /home/akariros/Akari_ros2_humble/install/py_m5serial/lib/py_m5serial
writing list of installed files to '/home/akariros/Akari_ros2_humble/build/py_m5serial/install.log'
