[2.404s] Invoking command in '/home/akariros/Akari_ros2_humble/akari_client_example': PYTHONPATH=/home/akariros/Akari_ros2_humble/build/akari_client_example/prefix_override:/home/akariros/Akari_ros2_humble/install/akari_client_example/lib/python3.10/site-packages:${PYTHONPATH} /usr/bin/python3 setup.py egg_info --egg-base ../build/akari_client_example build --build-base /home/akariros/Akari_ros2_humble/build/akari_client_example/build install --record /home/akariros/Akari_ros2_humble/build/akari_client_example/install.log --single-version-externally-managed
[3.041s] running egg_info
[3.043s] creating ../build/akari_client_example/akari_client_example.egg-info
[3.043s] writing ../build/akari_client_example/akari_client_example.egg-info/PKG-INFO
[3.044s] writing dependency_links to ../build/akari_client_example/akari_client_example.egg-info/dependency_links.txt
[3.045s] writing entry points to ../build/akari_client_example/akari_client_example.egg-info/entry_points.txt
[3.045s] writing requirements to ../build/akari_client_example/akari_client_example.egg-info/requires.txt
[3.046s] writing top-level names to ../build/akari_client_example/akari_client_example.egg-info/top_level.txt
[3.047s] writing manifest file '../build/akari_client_example/akari_client_example.egg-info/SOURCES.txt'
[3.073s] reading manifest file '../build/akari_client_example/akari_client_example.egg-info/SOURCES.txt'
[3.075s] writing manifest file '../build/akari_client_example/akari_client_example.egg-info/SOURCES.txt'
[3.076s] running build
[3.076s] running build_py
[3.076s] creating /home/akariros/Akari_ros2_humble/build/akari_client_example/build
[3.077s] creating /home/akariros/Akari_ros2_humble/build/akari_client_example/build/lib
[3.077s] creating /home/akariros/Akari_ros2_humble/build/akari_client_example/build/lib/akari_client_example
[3.077s] copying akari_client_example/reset_allout.py -> /home/akariros/Akari_ros2_humble/build/akari_client_example/build/lib/akari_client_example
[3.078s] copying akari_client_example/__init__.py -> /home/akariros/Akari_ros2_humble/build/akari_client_example/build/lib/akari_client_example
[3.078s] copying akari_client_example/m5stack_publisher.py -> /home/akariros/Akari_ros2_humble/build/akari_client_example/build/lib/akari_client_example
[3.078s] copying akari_client_example/set_allout.py -> /home/akariros/Akari_ros2_humble/build/akari_client_example/build/lib/akari_client_example
[3.080s] copying akari_client_example/display_reset.py -> /home/akariros/Akari_ros2_humble/build/akari_client_example/build/lib/akari_client_example
[3.082s] copying akari_client_example/display_image.py -> /home/akariros/Akari_ros2_humble/build/akari_client_example/build/lib/akari_client_example
[3.082s] copying akari_client_example/servo_acc_set_client.py -> /home/akariros/Akari_ros2_humble/build/akari_client_example/build/lib/akari_client_example
[3.083s] copying akari_client_example/display_text.py -> /home/akariros/Akari_ros2_humble/build/akari_client_example/build/lib/akari_client_example
[3.085s] copying akari_client_example/servo_enable_set_client.py -> /home/akariros/Akari_ros2_humble/build/akari_client_example/build/lib/akari_client_example
[3.085s] copying akari_client_example/move_joints_action_client.py -> /home/akariros/Akari_ros2_humble/build/akari_client_example/build/lib/akari_client_example
[3.086s] copying akari_client_example/set_pwmout.py -> /home/akariros/Akari_ros2_humble/build/akari_client_example/build/lib/akari_client_example
[3.086s] copying akari_client_example/display_color.py -> /home/akariros/Akari_ros2_humble/build/akari_client_example/build/lib/akari_client_example
[3.087s] copying akari_client_example/servo_vel_set_client.py -> /home/akariros/Akari_ros2_humble/build/akari_client_example/build/lib/akari_client_example
[3.087s] copying akari_client_example/set_dout.py -> /home/akariros/Akari_ros2_humble/build/akari_client_example/build/lib/akari_client_example
[3.089s] running install
[3.089s] /usr/lib/python3/dist-packages/setuptools/command/install.py:34: SetuptoolsDeprecationWarning: setup.py install is deprecated. Use build and pip and other standards-based tools.
[3.089s]   warnings.warn(
[3.090s] running install_lib
[3.093s] creating /home/akariros/Akari_ros2_humble/install/akari_client_example/lib/python3.10/site-packages/akari_client_example
[3.093s] copying /home/akariros/Akari_ros2_humble/build/akari_client_example/build/lib/akari_client_example/reset_allout.py -> /home/akariros/Akari_ros2_humble/install/akari_client_example/lib/python3.10/site-packages/akari_client_example
[3.094s] copying /home/akariros/Akari_ros2_humble/build/akari_client_example/build/lib/akari_client_example/__init__.py -> /home/akariros/Akari_ros2_humble/install/akari_client_example/lib/python3.10/site-packages/akari_client_example
[3.094s] copying /home/akariros/Akari_ros2_humble/build/akari_client_example/build/lib/akari_client_example/m5stack_publisher.py -> /home/akariros/Akari_ros2_humble/install/akari_client_example/lib/python3.10/site-packages/akari_client_example
[3.095s] copying /home/akariros/Akari_ros2_humble/build/akari_client_example/build/lib/akari_client_example/set_allout.py -> /home/akariros/Akari_ros2_humble/install/akari_client_example/lib/python3.10/site-packages/akari_client_example
[3.095s] copying /home/akariros/Akari_ros2_humble/build/akari_client_example/build/lib/akari_client_example/display_reset.py -> /home/akariros/Akari_ros2_humble/install/akari_client_example/lib/python3.10/site-packages/akari_client_example
[3.095s] copying /home/akariros/Akari_ros2_humble/build/akari_client_example/build/lib/akari_client_example/display_image.py -> /home/akariros/Akari_ros2_humble/install/akari_client_example/lib/python3.10/site-packages/akari_client_example
[3.095s] copying /home/akariros/Akari_ros2_humble/build/akari_client_example/build/lib/akari_client_example/servo_acc_set_client.py -> /home/akariros/Akari_ros2_humble/install/akari_client_example/lib/python3.10/site-packages/akari_client_example
[3.095s] copying /home/akariros/Akari_ros2_humble/build/akari_client_example/build/lib/akari_client_example/display_text.py -> /home/akariros/Akari_ros2_humble/install/akari_client_example/lib/python3.10/site-packages/akari_client_example
[3.096s] copying /home/akariros/Akari_ros2_humble/build/akari_client_example/build/lib/akari_client_example/servo_enable_set_client.py -> /home/akariros/Akari_ros2_humble/install/akari_client_example/lib/python3.10/site-packages/akari_client_example
[3.096s] copying /home/akariros/Akari_ros2_humble/build/akari_client_example/build/lib/akari_client_example/move_joints_action_client.py -> /home/akariros/Akari_ros2_humble/install/akari_client_example/lib/python3.10/site-packages/akari_client_example
[3.096s] copying /home/akariros/Akari_ros2_humble/build/akari_client_example/build/lib/akari_client_example/set_pwmout.py -> /home/akariros/Akari_ros2_humble/install/akari_client_example/lib/python3.10/site-packages/akari_client_example
[3.096s] copying /home/akariros/Akari_ros2_humble/build/akari_client_example/build/lib/akari_client_example/display_color.py -> /home/akariros/Akari_ros2_humble/install/akari_client_example/lib/python3.10/site-packages/akari_client_example
[3.097s] copying /home/akariros/Akari_ros2_humble/build/akari_client_example/build/lib/akari_client_example/servo_vel_set_client.py -> /home/akariros/Akari_ros2_humble/install/akari_client_example/lib/python3.10/site-packages/akari_client_example
[3.097s] copying /home/akariros/Akari_ros2_humble/build/akari_client_example/build/lib/akari_client_example/set_dout.py -> /home/akariros/Akari_ros2_humble/install/akari_client_example/lib/python3.10/site-packages/akari_client_example
[3.099s] byte-compiling /home/akariros/Akari_ros2_humble/install/akari_client_example/lib/python3.10/site-packages/akari_client_example/reset_allout.py to reset_allout.cpython-310.pyc
[3.099s] byte-compiling /home/akariros/Akari_ros2_humble/install/akari_client_example/lib/python3.10/site-packages/akari_client_example/__init__.py to __init__.cpython-310.pyc
[3.099s] byte-compiling /home/akariros/Akari_ros2_humble/install/akari_client_example/lib/python3.10/site-packages/akari_client_example/m5stack_publisher.py to m5stack_publisher.cpython-310.pyc
[3.099s] byte-compiling /home/akariros/Akari_ros2_humble/install/akari_client_example/lib/python3.10/site-packages/akari_client_example/set_allout.py to set_allout.cpython-310.pyc
[3.100s] byte-compiling /home/akariros/Akari_ros2_humble/install/akari_client_example/lib/python3.10/site-packages/akari_client_example/display_reset.py to display_reset.cpython-310.pyc
[3.100s] byte-compiling /home/akariros/Akari_ros2_humble/install/akari_client_example/lib/python3.10/site-packages/akari_client_example/display_image.py to display_image.cpython-310.pyc
[3.101s] byte-compiling /home/akariros/Akari_ros2_humble/install/akari_client_example/lib/python3.10/site-packages/akari_client_example/servo_acc_set_client.py to servo_acc_set_client.cpython-310.pyc
[3.102s] byte-compiling /home/akariros/Akari_ros2_humble/install/akari_client_example/lib/python3.10/site-packages/akari_client_example/display_text.py to display_text.cpython-310.pyc
[3.104s] byte-compiling /home/akariros/Akari_ros2_humble/install/akari_client_example/lib/python3.10/site-packages/akari_client_example/servo_enable_set_client.py to servo_enable_set_client.cpython-310.pyc
[3.106s] byte-compiling /home/akariros/Akari_ros2_humble/install/akari_client_example/lib/python3.10/site-packages/akari_client_example/move_joints_action_client.py to move_joints_action_client.cpython-310.pyc
[3.108s] byte-compiling /home/akariros/Akari_ros2_humble/install/akari_client_example/lib/python3.10/site-packages/akari_client_example/set_pwmout.py to set_pwmout.cpython-310.pyc
[3.109s] byte-compiling /home/akariros/Akari_ros2_humble/install/akari_client_example/lib/python3.10/site-packages/akari_client_example/display_color.py to display_color.cpython-310.pyc
[3.111s] byte-compiling /home/akariros/Akari_ros2_humble/install/akari_client_example/lib/python3.10/site-packages/akari_client_example/servo_vel_set_client.py to servo_vel_set_client.cpython-310.pyc
[3.112s] byte-compiling /home/akariros/Akari_ros2_humble/install/akari_client_example/lib/python3.10/site-packages/akari_client_example/set_dout.py to set_dout.cpython-310.pyc
[3.114s] running install_data
[3.115s] creating /home/akariros/Akari_ros2_humble/install/akari_client_example/share/ament_index
[3.116s] creating /home/akariros/Akari_ros2_humble/install/akari_client_example/share/ament_index/resource_index
[3.116s] creating /home/akariros/Akari_ros2_humble/install/akari_client_example/share/ament_index/resource_index/packages
[3.116s] copying resource/akari_client_example -> /home/akariros/Akari_ros2_humble/install/akari_client_example/share/ament_index/resource_index/packages
[3.117s] copying package.xml -> /home/akariros/Akari_ros2_humble/install/akari_client_example/share/akari_client_example
[3.118s] creating /home/akariros/Akari_ros2_humble/install/akari_client_example/share/akari_client_example/launch
[3.118s] running install_egg_info
[3.122s] Copying ../build/akari_client_example/akari_client_example.egg-info to /home/akariros/Akari_ros2_humble/install/akari_client_example/lib/python3.10/site-packages/akari_client_example-0.0.0-py3.10.egg-info
[3.124s] running install_scripts
[3.175s] Installing display_color script to /home/akariros/Akari_ros2_humble/install/akari_client_example/lib/akari_client_example
[3.176s] Installing display_image script to /home/akariros/Akari_ros2_humble/install/akari_client_example/lib/akari_client_example
[3.177s] Installing display_reset script to /home/akariros/Akari_ros2_humble/install/akari_client_example/lib/akari_client_example
[3.177s] Installing display_text script to /home/akariros/Akari_ros2_humble/install/akari_client_example/lib/akari_client_example
[3.178s] Installing m5publisher script to /home/akariros/Akari_ros2_humble/install/akari_client_example/lib/akari_client_example
[3.179s] Installing move_joints_action_client script to /home/akariros/Akari_ros2_humble/install/akari_client_example/lib/akari_client_example
[3.179s] Installing reset_allout script to /home/akariros/Akari_ros2_humble/install/akari_client_example/lib/akari_client_example
[3.180s] Installing servo_acc_set_client script to /home/akariros/Akari_ros2_humble/install/akari_client_example/lib/akari_client_example
[3.180s] Installing servo_enable_set_client script to /home/akariros/Akari_ros2_humble/install/akari_client_example/lib/akari_client_example
[3.181s] Installing servo_vel_set_client script to /home/akariros/Akari_ros2_humble/install/akari_client_example/lib/akari_client_example
[3.181s] Installing set_allout script to /home/akariros/Akari_ros2_humble/install/akari_client_example/lib/akari_client_example
[3.182s] Installing set_dout script to /home/akariros/Akari_ros2_humble/install/akari_client_example/lib/akari_client_example
[3.182s] Installing set_pwmout script to /home/akariros/Akari_ros2_humble/install/akari_client_example/lib/akari_client_example
[3.184s] writing list of installed files to '/home/akariros/Akari_ros2_humble/build/akari_client_example/install.log'
[3.303s] Invoked command in '/home/akariros/Akari_ros2_humble/akari_client_example' returned '0': PYTHONPATH=/home/akariros/Akari_ros2_humble/build/akari_client_example/prefix_override:/home/akariros/Akari_ros2_humble/install/akari_client_example/lib/python3.10/site-packages:${PYTHONPATH} /usr/bin/python3 setup.py egg_info --egg-base ../build/akari_client_example build --build-base /home/akariros/Akari_ros2_humble/build/akari_client_example/build install --record /home/akariros/Akari_ros2_humble/build/akari_client_example/install.log --single-version-externally-managed
