[3.193s] Invoking command in '/home/akariros/Akari_ros2_humble/akari_launch': PYTHONPATH=/home/akariros/Akari_ros2_humble/build/akari_launch/prefix_override:/home/akariros/Akari_ros2_humble/install/akari_launch/lib/python3.10/site-packages:${PYTHONPATH} /usr/bin/python3 setup.py egg_info --egg-base ../build/akari_launch build --build-base /home/akariros/Akari_ros2_humble/build/akari_launch/build install --record /home/akariros/Akari_ros2_humble/build/akari_launch/install.log --single-version-externally-managed
[4.070s] running egg_info
[4.088s] writing ../build/akari_launch/akari_launch.egg-info/PKG-INFO
[4.088s] writing dependency_links to ../build/akari_launch/akari_launch.egg-info/dependency_links.txt
[4.088s] writing entry points to ../build/akari_launch/akari_launch.egg-info/entry_points.txt
[4.088s] writing requirements to ../build/akari_launch/akari_launch.egg-info/requires.txt
[4.088s] writing top-level names to ../build/akari_launch/akari_launch.egg-info/top_level.txt
[4.103s] reading manifest file '../build/akari_launch/akari_launch.egg-info/SOURCES.txt'
[4.104s] writing manifest file '../build/akari_launch/akari_launch.egg-info/SOURCES.txt'
[4.104s] running build
[4.106s] running build_py
[4.107s] copying akari_launch/akari_launch.py -> /home/akariros/Akari_ros2_humble/build/akari_launch/build/lib/akari_launch
[4.109s] running install
[4.109s] /usr/lib/python3/dist-packages/setuptools/command/install.py:34: SetuptoolsDeprecationWarning: setup.py install is deprecated. Use build and pip and other standards-based tools.
[4.110s]   warnings.warn(
[4.110s] running install_lib
[4.112s] copying /home/akariros/Akari_ros2_humble/build/akari_launch/build/lib/akari_launch/akari_launch.py -> /home/akariros/Akari_ros2_humble/install/akari_launch/lib/python3.10/site-packages/akari_launch
[4.118s] byte-compiling /home/akariros/Akari_ros2_humble/install/akari_launch/lib/python3.10/site-packages/akari_launch/akari_launch.py to akari_launch.cpython-310.pyc
[4.119s] running install_data
[4.122s] copying akari_launch/akari_launch.py -> /home/akariros/Akari_ros2_humble/install/akari_launch/share/akari_launch/launch
[4.122s] running install_egg_info
[4.133s] removing '/home/akariros/Akari_ros2_humble/install/akari_launch/lib/python3.10/site-packages/akari_launch-0.0.0-py3.10.egg-info' (and everything under it)
[4.134s] Copying ../build/akari_launch/akari_launch.egg-info to /home/akariros/Akari_ros2_humble/install/akari_launch/lib/python3.10/site-packages/akari_launch-0.0.0-py3.10.egg-info
[4.135s] running install_scripts
[4.203s] writing list of installed files to '/home/akariros/Akari_ros2_humble/build/akari_launch/install.log'
[4.969s] Invoked command in '/home/akariros/Akari_ros2_humble/akari_launch' returned '0': PYTHONPATH=/home/akariros/Akari_ros2_humble/build/akari_launch/prefix_override:/home/akariros/Akari_ros2_humble/install/akari_launch/lib/python3.10/site-packages:${PYTHONPATH} /usr/bin/python3 setup.py egg_info --egg-base ../build/akari_launch build --build-base /home/akariros/Akari_ros2_humble/build/akari_launch/build install --record /home/akariros/Akari_ros2_humble/build/akari_launch/install.log --single-version-externally-managed
