[2.395s] Invoking command in '/home/akariros/Akari_ros2_humble/m5_server': PYTHONPATH=/home/akariros/Akari_ros2_humble/build/m5_server/prefix_override:/home/akariros/Akari_ros2_humble/install/m5_server/lib/python3.10/site-packages:${PYTHONPATH} /usr/bin/python3 setup.py egg_info --egg-base ../build/m5_server build --build-base /home/akariros/Akari_ros2_humble/build/m5_server/build install --record /home/akariros/Akari_ros2_humble/build/m5_server/install.log --single-version-externally-managed
[2.891s] running egg_info
[2.892s] writing ../build/m5_server/m5_server.egg-info/PKG-INFO
[2.893s] writing dependency_links to ../build/m5_server/m5_server.egg-info/dependency_links.txt
[2.893s] writing entry points to ../build/m5_server/m5_server.egg-info/entry_points.txt
[2.893s] writing requirements to ../build/m5_server/m5_server.egg-info/requires.txt
[2.894s] writing top-level names to ../build/m5_server/m5_server.egg-info/top_level.txt
[2.896s] reading manifest file '../build/m5_server/m5_server.egg-info/SOURCES.txt'
[2.897s] writing manifest file '../build/m5_server/m5_server.egg-info/SOURCES.txt'
[2.898s] running build
[2.898s] running build_py
[2.898s] running install
[2.899s] /usr/lib/python3/dist-packages/setuptools/command/install.py:34: SetuptoolsDeprecationWarning: setup.py install is deprecated. Use build and pip and other standards-based tools.
[2.899s]   warnings.warn(
[2.899s] running install_lib
[2.901s] running install_data
[2.902s] running install_egg_info
[2.906s] removing '/home/akariros/Akari_ros2_humble/install/m5_server/lib/python3.10/site-packages/m5_server-0.0.0-py3.10.egg-info' (and everything under it)
[2.907s] Copying ../build/m5_server/m5_server.egg-info to /home/akariros/Akari_ros2_humble/install/m5_server/lib/python3.10/site-packages/m5_server-0.0.0-py3.10.egg-info
[2.909s] running install_scripts
[2.955s] Installing m5_server script to /home/akariros/Akari_ros2_humble/install/m5_server/lib/m5_server
[2.956s] writing list of installed files to '/home/akariros/Akari_ros2_humble/build/m5_server/install.log'
[2.995s] Invoked command in '/home/akariros/Akari_ros2_humble/m5_server' returned '0': PYTHONPATH=/home/akariros/Akari_ros2_humble/build/m5_server/prefix_override:/home/akariros/Akari_ros2_humble/install/m5_server/lib/python3.10/site-packages:${PYTHONPATH} /usr/bin/python3 setup.py egg_info --egg-base ../build/m5_server build --build-base /home/akariros/Akari_ros2_humble/build/m5_server/build install --record /home/akariros/Akari_ros2_humble/build/m5_server/install.log --single-version-externally-managed
