[3.165s] Invoking command in '/home/akariros/Akari_ros2_humble/m5_server': PYTHONPATH=/home/akariros/Akari_ros2_humble/build/m5_server/prefix_override:/home/akariros/Akari_ros2_humble/install/m5_server/lib/python3.10/site-packages:${PYTHONPATH} /usr/bin/python3 setup.py egg_info --egg-base ../build/m5_server build --build-base /home/akariros/Akari_ros2_humble/build/m5_server/build install --record /home/akariros/Akari_ros2_humble/build/m5_server/install.log --single-version-externally-managed
[3.955s] running egg_info
[3.957s] writing ../build/m5_server/m5_server.egg-info/PKG-INFO
[3.957s] writing dependency_links to ../build/m5_server/m5_server.egg-info/dependency_links.txt
[3.958s] writing entry points to ../build/m5_server/m5_server.egg-info/entry_points.txt
[3.958s] writing requirements to ../build/m5_server/m5_server.egg-info/requires.txt
[3.959s] writing top-level names to ../build/m5_server/m5_server.egg-info/top_level.txt
[3.962s] reading manifest file '../build/m5_server/m5_server.egg-info/SOURCES.txt'
[3.963s] writing manifest file '../build/m5_server/m5_server.egg-info/SOURCES.txt'
[3.964s] running build
[3.964s] running build_py
[3.964s] copying m5_server/m5_server.py -> /home/akariros/Akari_ros2_humble/build/m5_server/build/lib/m5_server
[3.965s] running install
[3.965s] /usr/lib/python3/dist-packages/setuptools/command/install.py:34: SetuptoolsDeprecationWarning: setup.py install is deprecated. Use build and pip and other standards-based tools.
[3.965s]   warnings.warn(
[3.966s] running install_lib
[3.969s] copying /home/akariros/Akari_ros2_humble/build/m5_server/build/lib/m5_server/m5_server.py -> /home/akariros/Akari_ros2_humble/install/m5_server/lib/python3.10/site-packages/m5_server
[3.971s] byte-compiling /home/akariros/Akari_ros2_humble/install/m5_server/lib/python3.10/site-packages/m5_server/m5_server.py to m5_server.cpython-310.pyc
[3.974s] running install_data
[3.976s] running install_egg_info
[3.980s] removing '/home/akariros/Akari_ros2_humble/install/m5_server/lib/python3.10/site-packages/m5_server-0.0.0-py3.10.egg-info' (and everything under it)
[3.980s] Copying ../build/m5_server/m5_server.egg-info to /home/akariros/Akari_ros2_humble/install/m5_server/lib/python3.10/site-packages/m5_server-0.0.0-py3.10.egg-info
[3.982s] running install_scripts
[4.027s] Installing m5_server script to /home/akariros/Akari_ros2_humble/install/m5_server/lib/m5_server
[4.028s] writing list of installed files to '/home/akariros/Akari_ros2_humble/build/m5_server/install.log'
[4.087s] Invoked command in '/home/akariros/Akari_ros2_humble/m5_server' returned '0': PYTHONPATH=/home/akariros/Akari_ros2_humble/build/m5_server/prefix_override:/home/akariros/Akari_ros2_humble/install/m5_server/lib/python3.10/site-packages:${PYTHONPATH} /usr/bin/python3 setup.py egg_info --egg-base ../build/m5_server build --build-base /home/akariros/Akari_ros2_humble/build/m5_server/build install --record /home/akariros/Akari_ros2_humble/build/m5_server/install.log --single-version-externally-managed
