[3.187s] Invoking command in '/home/akariros/Akari_ros2_humble/akari_launch': PYTHONPATH=/home/akariros/Akari_ros2_humble/build/akari_launch/prefix_override:/home/akariros/Akari_ros2_humble/install/akari_launch/lib/python3.10/site-packages:${PYTHONPATH} /usr/bin/python3 setup.py egg_info --egg-base ../build/akari_launch build --build-base /home/akariros/Akari_ros2_humble/build/akari_launch/build install --record /home/akariros/Akari_ros2_humble/build/akari_launch/install.log --single-version-externally-managed
[3.938s] running egg_info
[3.940s] writing ../build/akari_launch/akari_launch.egg-info/PKG-INFO
[3.942s] writing dependency_links to ../build/akari_launch/akari_launch.egg-info/dependency_links.txt
[3.942s] writing entry points to ../build/akari_launch/akari_launch.egg-info/entry_points.txt
[3.942s] writing requirements to ../build/akari_launch/akari_launch.egg-info/requires.txt
[3.943s] writing top-level names to ../build/akari_launch/akari_launch.egg-info/top_level.txt
[3.948s] reading manifest file '../build/akari_launch/akari_launch.egg-info/SOURCES.txt'
[3.950s] writing manifest file '../build/akari_launch/akari_launch.egg-info/SOURCES.txt'
[3.950s] running build
[3.951s] running build_py
[3.952s] running install
[3.952s] /usr/lib/python3/dist-packages/setuptools/command/install.py:34: SetuptoolsDeprecationWarning: setup.py install is deprecated. Use build and pip and other standards-based tools.
[3.953s]   warnings.warn(
[3.953s] running install_lib
[3.959s] running install_data
[3.960s] running install_egg_info
[3.963s] removing '/home/akariros/Akari_ros2_humble/install/akari_launch/lib/python3.10/site-packages/akari_launch-0.0.0-py3.10.egg-info' (and everything under it)
[3.964s] Copying ../build/akari_launch/akari_launch.egg-info to /home/akariros/Akari_ros2_humble/install/akari_launch/lib/python3.10/site-packages/akari_launch-0.0.0-py3.10.egg-info
[3.966s] running install_scripts
[4.013s] writing list of installed files to '/home/akariros/Akari_ros2_humble/build/akari_launch/install.log'
[4.554s] Invoked command in '/home/akariros/Akari_ros2_humble/akari_launch' returned '0': PYTHONPATH=/home/akariros/Akari_ros2_humble/build/akari_launch/prefix_override:/home/akariros/Akari_ros2_humble/install/akari_launch/lib/python3.10/site-packages:${PYTHONPATH} /usr/bin/python3 setup.py egg_info --egg-base ../build/akari_launch build --build-base /home/akariros/Akari_ros2_humble/build/akari_launch/build install --record /home/akariros/Akari_ros2_humble/build/akari_launch/install.log --single-version-externally-managed
